#
# A fatal error has been detected by the Java Runtime Environment:
#
#  SIGSEGV (0xb) at pc=0xb5b6d034, pid=16701, tid=2999273344
#
# JRE version: OpenJDK Runtime Environment (7.0_79-b14) (build 1.7.0_79-b14)
# Java VM: OpenJDK Client VM (24.79-b02 mixed mode, sharing linux-x86 )
# Derivative: IcedTea 2.5.5
# Distribution: Ubuntu 14.10, package 7u79-2.5.5-0ubuntu0.14.10.2
# Problematic frame:
# C  [libmysqlclient.so.18+0x22034]  mysql_num_rows+0x4
#
# Failed to write core dump. Core dumps have been disabled. To enable core dumping, try "ulimit -c unlimited" before starting Java again
#
# If you would like to submit a bug report, please include
# instructions on how to reproduce the bug and visit:
#   http://icedtea.classpath.org/bugzilla
# The crash happened outside the Java Virtual Machine in native code.
# See problematic frame for where to report the bug.
#

---------------  T H R E A D  ---------------

Current thread (0x08e76000):  JavaThread "main" [_thread_in_native, id=16701, stack(0xbff8b000,0xbffdb000)]

siginfo:si_signo=SIGSEGV: si_errno=0, si_code=1 (SEGV_MAPERR), si_addr=0x00000004

Registers:
EAX=0x00000000, EBX=0x0958e8c8, ECX=0x00000000, EDX=0x00000001
ESP=0xbffdad1c, EBP=0xbffdada8, ESI=0x08049f2d, EDI=0x00000000
EIP=0xb5b6d034, EFLAGS=0x00010246, CR2=0x00000004

Top of Stack: (sp=0xbffdad1c)
0xbffdad1c:   080496ce 00000000 090074b4 090074b4
0xbffdad2c:   00000000 bffdad90 b584b508 bffdad30
0xbffdad3c:   0958e8c8 00000002 00000001 00000004
0xbffdad4c:   b587577d b59ed3c4 b778e4b0 00000000
0xbffdad5c:   b5875760 00000135 090074b4 0804c000
0xbffdad6c:   080499d4 080492b0 0804c195 0804c0b8
0xbffdad7c:   08049181 b7348100 00000002 0804c000
0xbffdad8c:   40518800 00000004 bffdae54 bffdadc0 

Instructions: (pc=0xb5b6d034)
0xb5b6d014:   6a 30 6a 0c e8 a3 de 01 00 83 c4 10 89 86 7c 03
0xb5b6d024:   00 00 e9 2b fe ff ff 90 8d 74 26 00 8b 44 24 04
0xb5b6d034:   8b 50 04 8b 00 c3 8d b6 00 00 00 00 8b 44 24 04
0xb5b6d044:   8b 40 48 c3 90 8d b4 26 00 00 00 00 8b 44 24 04 

Register to memory mapping:

EAX=0x00000000 is an unknown value
EBX=0x0958e8c8 is an unknown value
ECX=0x00000000 is an unknown value
EDX=0x00000001 is an unknown value
ESP=0xbffdad1c is pointing into the stack for thread: 0x08e76000
EBP=0xbffdada8 is pointing into the stack for thread: 0x08e76000
ESI=0x08049f2d: <offset 0x1f2d> in ./run-stocks at 0x08048000
EDI=0x00000000 is an unknown value


Stack: [0xbff8b000,0xbffdb000],  sp=0xbffdad1c,  free space=319k
Native frames: (J=compiled Java code, j=interpreted, Vv=VM code, C=native code)
C  [libmysqlclient.so.18+0x22034]  mysql_num_rows+0x4


---------------  P R O C E S S  ---------------

Java Threads: ( => current thread )
  0x09261000 JavaThread "main-SharedResourceRunner" daemon [_thread_blocked, id=16713, stack(0xaf2f3000,0xaf344000)]
  0x090b7c00 JavaThread "AWT-EventQueue-0" [_thread_blocked, id=16712, stack(0xaf504000,0xaf555000)]
  0x090b6400 JavaThread "AWT-Shutdown" [_thread_blocked, id=16711, stack(0xaf555000,0xaf5a6000)]
  0x090b4000 JavaThread "AWT-XAWT" daemon [_thread_in_native, id=16710, stack(0xaf5a6000,0xaf5f7000)]
  0x090a5c00 JavaThread "Java2D Disposer" daemon [_thread_blocked, id=16709, stack(0xaf609000,0xaf65a000)]
  0x08ed0800 JavaThread "Service Thread" daemon [_thread_blocked, id=16707, stack(0xaffaf000,0xb0000000)]
  0x08eb7c00 JavaThread "C1 CompilerThread0" daemon [_thread_blocked, id=16706, stack(0xb012e000,0xb01af000)]
  0x08eb6000 JavaThread "Attach Listener" daemon [_thread_blocked, id=16705, stack(0xb01af000,0xb0200000)]
  0x08eb0000 JavaThread "Finalizer" daemon [_thread_blocked, id=16704, stack(0xb0547000,0xb0598000)]
  0x08eae400 JavaThread "Reference Handler" daemon [_thread_blocked, id=16703, stack(0xb0598000,0xb05e9000)]
=>0x08e76000 JavaThread "main" [_thread_in_native, id=16701, stack(0xbff8b000,0xbffdb000)]

Other Threads:
  0x08eacc00 VMThread [stack: 0xb05e9000,0xb066a000] [id=16702]
  0x08ed3000 WatcherThread [stack: 0xaff2e000,0xaffaf000] [id=16708]

VM state:not at safepoint (normal execution)

VM Mutex/Monitor currently owned by a thread: None

Heap
 def new generation   total 4928K, used 3154K [0x7e800000, 0x7ed50000, 0x83d50000)
  eden space 4416K,  59% used [0x7e800000, 0x7ea94bc0, 0x7ec50000)
  from space 512K, 100% used [0x7ecd0000, 0x7ed50000, 0x7ed50000)
  to   space 512K,   0% used [0x7ec50000, 0x7ec50000, 0x7ecd0000)
 tenured generation   total 10944K, used 4355K [0x83d50000, 0x84800000, 0x8e800000)
   the space 10944K,  39% used [0x83d50000, 0x84190d58, 0x84190e00, 0x84800000)
 compacting perm gen  total 12288K, used 5965K [0x8e800000, 0x8f400000, 0x92800000)
   the space 12288K,  48% used [0x8e800000, 0x8edd3450, 0x8edd3600, 0x8f400000)
    ro space 10240K,  58% used [0x92800000, 0x92de1558, 0x92de1600, 0x93200000)
    rw space 12288K,  59% used [0x93200000, 0x939164e8, 0x93916600, 0x93e00000)

Card table byte_map: [0xb08db000,0xb0987000] byte_map_base: 0xb04e7000

Polling page: 0xb776f000

Code Cache  [0xb0a07000, 0xb0b1f000, 0xb2a07000)
 total_blobs=689 nmethods=264 adapters=362 free_code_cache=31672Kb largest_free_block=32432576

Compilation events (10 events):
Event: 0.523 Thread 0x08eb7c00  260             java.util.HashMap$HashIterator::<init> (63 bytes)
Event: 0.523 Thread 0x08eb7c00 nmethod 260 0xb0b17508 code [0xb0b17600, 0xb0b176f0]
Event: 0.524 Thread 0x08eb7c00  261             java.util.Vector::elementData (7 bytes)
Event: 0.524 Thread 0x08eb7c00 nmethod 261 0xb0b177c8 code [0xb0b178c0, 0xb0b17960]
Event: 0.525 Thread 0x08eb7c00  262             java.util.BitSet::wordIndex (5 bytes)
Event: 0.525 Thread 0x08eb7c00 nmethod 262 0xb0b17a08 code [0xb0b17b00, 0xb0b17b70]
Event: 0.525 Thread 0x08eb7c00  263             java.util.BitSet::checkInvariants (111 bytes)
Event: 0.525 Thread 0x08eb7c00 nmethod 263 0xb0b17bc8 code [0xb0b17cc0, 0xb0b17d40]
Event: 0.527 Thread 0x08eb7c00  264             java.util.BitSet::get (69 bytes)
Event: 0.527 Thread 0x08eb7c00 nmethod 264 0xb0b17d88 code [0xb0b17ef0, 0xb0b1822c]

GC Heap History (10 events):
Event: 0.131 GC heap before
{Heap before GC invocations=0 (full 0):
 def new generation   total 4928K, used 4416K [0x7e800000, 0x7ed50000, 0x83d50000)
  eden space 4416K, 100% used [0x7e800000, 0x7ec50000, 0x7ec50000)
  from space 512K,   0% used [0x7ec50000, 0x7ec50000, 0x7ecd0000)
  to   space 512K,   0% used [0x7ecd0000, 0x7ecd0000, 0x7ed50000)
 tenured generation   total 10944K, used 0K [0x83d50000, 0x84800000, 0x8e800000)
   the space 10944K,   0% used [0x83d50000, 0x83d50000, 0x83d50200, 0x84800000)
 compacting perm gen  total 12288K, used 1526K [0x8e800000, 0x8f400000, 0x92800000)
   the space 12288K,  12% used [0x8e800000, 0x8e97d8e8, 0x8e97da00, 0x8f400000)
    ro space 10240K,  58% used [0x92800000, 0x92de1558, 0x92de1600, 0x93200000)
    rw space 12288K,  59% used [0x93200000, 0x939164e8, 0x93916600, 0x93e00000)
Event: 0.134 GC heap after
Heap after GC invocations=1 (full 0):
 def new generation   total 4928K, used 512K [0x7e800000, 0x7ed50000, 0x83d50000)
  eden space 4416K,   0% used [0x7e800000, 0x7e800000, 0x7ec50000)
  from space 512K, 100% used [0x7ecd0000, 0x7ed50000, 0x7ed50000)
  to   space 512K,   0% used [0x7ec50000, 0x7ec50000, 0x7ecd0000)
 tenured generation   total 10944K, used 665K [0x83d50000, 0x84800000, 0x8e800000)
   the space 10944K,   6% used [0x83d50000, 0x83df6488, 0x83df6600, 0x84800000)
 compacting perm gen  total 12288K, used 1526K [0x8e800000, 0x8f400000, 0x92800000)
   the space 12288K,  12% used [0x8e800000, 0x8e97d8e8, 0x8e97da00, 0x8f400000)
    ro space 10240K,  58% used [0x92800000, 0x92de1558, 0x92de1600, 0x93200000)
    rw space 12288K,  59% used [0x93200000, 0x939164e8, 0x93916600, 0x93e00000)
}
Event: 0.199 GC heap before
{Heap before GC invocations=1 (full 0):
 def new generation   total 4928K, used 4928K [0x7e800000, 0x7ed50000, 0x83d50000)
  eden space 4416K, 100% used [0x7e800000, 0x7ec50000, 0x7ec50000)
  from space 512K, 100% used [0x7ecd0000, 0x7ed50000, 0x7ed50000)
  to   space 512K,   0% used [0x7ec50000, 0x7ec50000, 0x7ecd0000)
 tenured generation   total 10944K, used 665K [0x83d50000, 0x84800000, 0x8e800000)
   the space 10944K,   6% used [0x83d50000, 0x83df6488, 0x83df6600, 0x84800000)
 compacting perm gen  total 12288K, used 2399K [0x8e800000, 0x8f400000, 0x92800000)
   the space 12288K,  19% used [0x8e800000, 0x8ea57e58, 0x8ea58000, 0x8f400000)
    ro space 10240K,  58% used [0x92800000, 0x92de1558, 0x92de1600, 0x93200000)
    rw space 12288K,  59% used [0x93200000, 0x939164e8, 0x93916600, 0x93e00000)
Event: 0.203 GC heap after
Heap after GC invocations=2 (full 0):
 def new generation   total 4928K, used 512K [0x7e800000, 0x7ed50000, 0x83d50000)
  eden space 4416K,   0% used [0x7e800000, 0x7e800000, 0x7ec50000)
  from space 512K, 100% used [0x7ec50000, 0x7ecd0000, 0x7ecd0000)
  to   space 512K,   0% used [0x7ecd0000, 0x7ecd0000, 0x7ed50000)
 tenured generation   total 10944K, used 1645K [0x83d50000, 0x84800000, 0x8e800000)
   the space 10944K,  15% used [0x83d50000, 0x83eeb608, 0x83eeb800, 0x84800000)
 compacting perm gen  total 12288K, used 2399K [0x8e800000, 0x8f400000, 0x92800000)
   the space 12288K,  19% used [0x8e800000, 0x8ea57e58, 0x8ea58000, 0x8f400000)
    ro space 10240K,  58% used [0x92800000, 0x92de1558, 0x92de1600, 0x93200000)
    rw space 12288K,  59% used [0x93200000, 0x939164e8, 0x93916600, 0x93e00000)
}
Event: 0.363 GC heap before
{Heap before GC invocations=2 (full 0):
 def new generation   total 4928K, used 4928K [0x7e800000, 0x7ed50000, 0x83d50000)
  eden space 4416K, 100% used [0x7e800000, 0x7ec50000, 0x7ec50000)
  from space 512K, 100% used [0x7ec50000, 0x7ecd0000, 0x7ecd0000)
  to   space 512K,   0% used [0x7ecd0000, 0x7ecd0000, 0x7ed50000)
 tenured generation   total 10944K, used 1645K [0x83d50000, 0x84800000, 0x8e800000)
   the space 10944K,  15% used [0x83d50000, 0x83eeb608, 0x83eeb800, 0x84800000)
 compacting perm gen  total 12288K, used 4775K [0x8e800000, 0x8f400000, 0x92800000)
   the space 12288K,  38% used [0x8e800000, 0x8eca9df8, 0x8eca9e00, 0x8f400000)
    ro space 10240K,  58% used [0x92800000, 0x92de1558, 0x92de1600, 0x93200000)
    rw space 12288K,  59% used [0x93200000, 0x939164e8, 0x93916600, 0x93e00000)
Event: 0.365 GC heap after
Heap after GC invocations=3 (full 0):
 def new generation   total 4928K, used 458K [0x7e800000, 0x7ed50000, 0x83d50000)
  eden space 4416K,   0% used [0x7e800000, 0x7e800000, 0x7ec50000)
  from space 512K,  89% used [0x7ecd0000, 0x7ed42978, 0x7ed50000)
  to   space 512K,   0% used [0x7ec50000, 0x7ec50000, 0x7ecd0000)
 tenured generation   total 10944K, used 1856K [0x83d50000, 0x84800000, 0x8e800000)
   the space 10944K,  16% used [0x83d50000, 0x83f20228, 0x83f20400, 0x84800000)
 compacting perm gen  total 12288K, used 4775K [0x8e800000, 0x8f400000, 0x92800000)
   the space 12288K,  38% used [0x8e800000, 0x8eca9df8, 0x8eca9e00, 0x8f400000)
    ro space 10240K,  58% used [0x92800000, 0x92de1558, 0x92de1600, 0x93200000)
    rw space 12288K,  59% used [0x93200000, 0x939164e8, 0x93916600, 0x93e00000)
}
Event: 0.460 GC heap before
{Heap before GC invocations=3 (full 0):
 def new generation   total 4928K, used 4874K [0x7e800000, 0x7ed50000, 0x83d50000)
  eden space 4416K, 100% used [0x7e800000, 0x7ec50000, 0x7ec50000)
  from space 512K,  89% used [0x7ecd0000, 0x7ed42978, 0x7ed50000)
  to   space 512K,   0% used [0x7ec50000, 0x7ec50000, 0x7ecd0000)
 tenured generation   total 10944K, used 1856K [0x83d50000, 0x84800000, 0x8e800000)
   the space 10944K,  16% used [0x83d50000, 0x83f20228, 0x83f20400, 0x84800000)
 compacting perm gen  total 12288K, used 5253K [0x8e800000, 0x8f400000, 0x92800000)
   the space 12288K,  42% used [0x8e800000, 0x8ed215f8, 0x8ed21600, 0x8f400000)
    ro space 10240K,  58% used [0x92800000, 0x92de1558, 0x92de1600, 0x93200000)
    rw space 12288K,  59% used [0x93200000, 0x939164e8, 0x93916600, 0x93e00000)
Event: 0.464 GC heap after
Heap after GC invocations=4 (full 0):
 def new generation   total 4928K, used 512K [0x7e800000, 0x7ed50000, 0x83d50000)
  eden space 4416K,   0% used [0x7e800000, 0x7e800000, 0x7ec50000)
  from space 512K, 100% used [0x7ec50000, 0x7ecd0000, 0x7ecd0000)
  to   space 512K,   0% used [0x7ecd0000, 0x7ecd0000, 0x7ed50000)
 tenured generation   total 10944K, used 3184K [0x83d50000, 0x84800000, 0x8e800000)
   the space 10944K,  29% used [0x83d50000, 0x8406c0d0, 0x8406c200, 0x84800000)
 compacting perm gen  total 12288K, used 5253K [0x8e800000, 0x8f400000, 0x92800000)
   the space 12288K,  42% used [0x8e800000, 0x8ed215f8, 0x8ed21600, 0x8f400000)
    ro space 10240K,  58% used [0x92800000, 0x92de1558, 0x92de1600, 0x93200000)
    rw space 12288K,  59% used [0x93200000, 0x939164e8, 0x93916600, 0x93e00000)
}
Event: 0.503 GC heap before
{Heap before GC invocations=4 (full 0):
 def new generation   total 4928K, used 4928K [0x7e800000, 0x7ed50000, 0x83d50000)
  eden space 4416K, 100% used [0x7e800000, 0x7ec50000, 0x7ec50000)
  from space 512K, 100% used [0x7ec50000, 0x7ecd0000, 0x7ecd0000)
  to   space 512K,   0% used [0x7ecd0000, 0x7ecd0000, 0x7ed50000)
 tenured generation   total 10944K, used 3184K [0x83d50000, 0x84800000, 0x8e800000)
   the space 10944K,  29% used [0x83d50000, 0x8406c0d0, 0x8406c200, 0x84800000)
 compacting perm gen  total 12288K, used 5667K [0x8e800000, 0x8f400000, 0x92800000)
   the space 12288K,  46% used [0x8e800000, 0x8ed88e08, 0x8ed89000, 0x8f400000)
    ro space 10240K,  58% used [0x92800000, 0x92de1558, 0x92de1600, 0x93200000)
    rw space 12288K,  59% used [0x93200000, 0x939164e8, 0x93916600, 0x93e00000)
Event: 0.507 GC heap after
Heap after GC invocations=5 (full 0):
 def new generation   total 4928K, used 512K [0x7e800000, 0x7ed50000, 0x83d50000)
  eden space 4416K,   0% used [0x7e800000, 0x7e800000, 0x7ec50000)
  from space 512K, 100% used [0x7ecd0000, 0x7ed50000, 0x7ed50000)
  to   space 512K,   0% used [0x7ec50000, 0x7ec50000, 0x7ecd0000)
 tenured generation   total 10944K, used 4355K [0x83d50000, 0x84800000, 0x8e800000)
   the space 10944K,  39% used [0x83d50000, 0x84190d58, 0x84190e00, 0x84800000)
 compacting perm gen  total 12288K, used 5667K [0x8e800000, 0x8f400000, 0x92800000)
   the space 12288K,  46% used [0x8e800000, 0x8ed88e08, 0x8ed89000, 0x8f400000)
    ro space 10240K,  58% used [0x92800000, 0x92de1558, 0x92de1600, 0x93200000)
    rw space 12288K,  59% used [0x93200000, 0x939164e8, 0x93916600, 0x93e00000)
}

Deoptimization events (0 events):
No events

Internal exceptions (10 events):
Event: 0.534 Thread 0x08e76000 Threw 0x7ea22c40 at /build/buildd/openjdk-7-7u79-2.5.5/build/openjdk/hotspot/src/share/vm/prims/jvm.cpp:1284
Event: 0.534 Thread 0x08e76000 Threw 0x7ea2bf78 at /build/buildd/openjdk-7-7u79-2.5.5/build/openjdk/hotspot/src/share/vm/prims/jvm.cpp:1284
Event: 0.534 Thread 0x08e76000 Threw 0x7ea34528 at /build/buildd/openjdk-7-7u79-2.5.5/build/openjdk/hotspot/src/share/vm/prims/jvm.cpp:1284
Event: 0.534 Thread 0x08e76000 Threw 0x7ea3e258 at /build/buildd/openjdk-7-7u79-2.5.5/build/openjdk/hotspot/src/share/vm/prims/jvm.cpp:1284
Event: 0.536 Thread 0x08e76000 Threw 0x7ea57370 at /build/buildd/openjdk-7-7u79-2.5.5/build/openjdk/hotspot/src/share/vm/prims/jvm.cpp:1284
Event: 0.536 Thread 0x08e76000 Threw 0x7ea5e910 at /build/buildd/openjdk-7-7u79-2.5.5/build/openjdk/hotspot/src/share/vm/prims/jvm.cpp:1284
Event: 0.556 Thread 0x08e76000 Threw 0x7ea655b0 at /build/buildd/openjdk-7-7u79-2.5.5/build/openjdk/hotspot/src/share/vm/prims/jvm.cpp:1284
Event: 0.556 Thread 0x090b7c00 Threw 0x7e832d00 at /build/buildd/openjdk-7-7u79-2.5.5/build/openjdk/hotspot/src/share/vm/prims/jvm.cpp:1284
Event: 0.557 Thread 0x090b7c00 Threw 0x7ea81e30 at /build/buildd/openjdk-7-7u79-2.5.5/build/openjdk/hotspot/src/share/vm/prims/jvm.cpp:1284
Event: 0.557 Thread 0x090b7c00 Threw 0x7ea8dbb0 at /build/buildd/openjdk-7-7u79-2.5.5/build/openjdk/hotspot/src/share/vm/prims/jvm.cpp:1284

Events (10 events):
Event: 0.536 Thread 0x0957d000 Thread added: 0x0957d000
Event: 0.537 Thread 0x0957d000 Thread exited: 0x0957d000
Event: 0.556 loading class 0x090099a8
Event: 0.556 loading class 0x090099a8 done
Event: 0.556 loading class 0x09062380
Event: 0.556 loading class 0x09062380 done
Event: 0.557 loading class 0x090098f8
Event: 0.557 loading class 0x090098f8 done
Event: 0.557 loading class 0xafede070
Event: 0.557 loading class 0xafede070 done


Dynamic libraries:
08048000-0804b000 r-xp 00000000 08:16 2093444    /home/frederickerdraon/Documents/researchwork/Maths/run-stocks
0804b000-0804c000 r--p 00002000 08:16 2093444    /home/frederickerdraon/Documents/researchwork/Maths/run-stocks
0804c000-0804d000 rw-p 00003000 08:16 2093444    /home/frederickerdraon/Documents/researchwork/Maths/run-stocks
08e46000-09623000 rw-p 00000000 00:00 0          [heap]
7e800000-7ed50000 rw-p 00000000 00:00 0 
7ed50000-83d50000 rw-p 00000000 00:00 0 
83d50000-84800000 rw-p 00000000 00:00 0 
84800000-8e800000 rw-p 00000000 00:00 0 
8e800000-8f400000 rw-p 00000000 00:00 0 
8f400000-92800000 rw-p 00000000 00:00 0 
92800000-92de2000 r--p 00001000 08:16 534362     /usr/lib/jvm/java-7-openjdk-i386/jre/lib/i386/client/classes.jsa
92de2000-93200000 rw-p 00000000 00:00 0 
93200000-93917000 rw-p 005e3000 08:16 534362     /usr/lib/jvm/java-7-openjdk-i386/jre/lib/i386/client/classes.jsa
93917000-93e00000 rw-p 00000000 00:00 0 
93e00000-94112000 rw-p 00cfa000 08:16 534362     /usr/lib/jvm/java-7-openjdk-i386/jre/lib/i386/client/classes.jsa
94112000-94200000 rw-p 00000000 00:00 0 
94200000-94209000 r-xp 0100c000 08:16 534362     /usr/lib/jvm/java-7-openjdk-i386/jre/lib/i386/client/classes.jsa
94209000-94600000 rw-p 00000000 00:00 0 
a1d66000-a69b6000 rw-p 00000000 00:00 0 
a70ff000-a7100000 ---p 00000000 00:00 0 
a7100000-a7900000 rwxp 00000000 00:00 0 
a7900000-a79f4000 rw-p 00000000 00:00 0 
a79f4000-a7a00000 ---p 00000000 00:00 0 
a7b00000-a7bf6000 rw-p 00000000 00:00 0 
a7bf6000-a7c00000 ---p 00000000 00:00 0 
a7ca3000-a7ca6000 ---p 00000000 00:00 0 
a7ca6000-a7cf4000 rwxp 00000000 00:00 0 
a7cf4000-a7cf5000 ---p 00000000 00:00 0 
a7cf5000-a84f5000 rwxp 00000000 00:00 0          [stack:16721]
a84f5000-a84f6000 ---p 00000000 00:00 0 
a84f6000-a8cf6000 rwxp 00000000 00:00 0          [stack:16720]
a8cf6000-a8cf7000 ---p 00000000 00:00 0 
a8cf7000-a94f7000 rwxp 00000000 00:00 0          [stack:16719]
a94f7000-a94f8000 ---p 00000000 00:00 0 
a94f8000-a9cf8000 rwxp 00000000 00:00 0          [stack:16718]
a9cf8000-a9cfa000 r-xp 00000000 08:16 136932     /usr/lib/i386-linux-gnu/libXinerama.so.1.0.0
a9cfa000-a9cfb000 r--p 00001000 08:16 136932     /usr/lib/i386-linux-gnu/libXinerama.so.1.0.0
a9cfb000-a9cfc000 rw-p 00002000 08:16 136932     /usr/lib/i386-linux-gnu/libXinerama.so.1.0.0
a9cfc000-a9d31000 r-xp 00000000 08:16 137897     /usr/lib/i386-linux-gnu/libtxc_dxtn_s2tc.so.0.0.0
a9d31000-a9d32000 r--p 00034000 08:16 137897     /usr/lib/i386-linux-gnu/libtxc_dxtn_s2tc.so.0.0.0
a9d32000-a9d33000 rw-p 00035000 08:16 137897     /usr/lib/i386-linux-gnu/libtxc_dxtn_s2tc.so.0.0.0
a9d33000-a9d34000 ---p 00000000 00:00 0 
a9d34000-aa534000 rwxp 00000000 00:00 0          [stack:16717]
aa534000-aa535000 ---p 00000000 00:00 0 
aa535000-aad35000 rwxp 00000000 00:00 0          [stack:16716]
aad35000-aad36000 ---p 00000000 00:00 0 
aad36000-ab536000 rwxp 00000000 00:00 0          [stack:16715]
ab536000-ab537000 ---p 00000000 00:00 0 
ab537000-abd37000 rwxp 00000000 00:00 0          [stack:16714]
abd37000-ac541000 r-xp 00000000 08:16 135447     /usr/lib/i386-linux-gnu/dri/swrast_dri.so
ac541000-ac57e000 r--p 0080a000 08:16 135447     /usr/lib/i386-linux-gnu/dri/swrast_dri.so
ac57e000-ac586000 rw-p 00847000 08:16 135447     /usr/lib/i386-linux-gnu/dri/swrast_dri.so
ac586000-ac76b000 rw-p 00000000 00:00 0 
ac76b000-ac792000 r-xp 00000000 08:16 137177     /usr/lib/i386-linux-gnu/libedit.so.2.0.51
ac792000-ac794000 r--p 00027000 08:16 137177     /usr/lib/i386-linux-gnu/libedit.so.2.0.51
ac794000-ac795000 rw-p 00029000 08:16 137177     /usr/lib/i386-linux-gnu/libedit.so.2.0.51
ac795000-ac796000 rw-p 00000000 00:00 0 
ac796000-ae638000 r-xp 00000000 08:16 136784     /usr/lib/i386-linux-gnu/libLLVM-3.5.so.1
ae638000-ae778000 r--p 01ea1000 08:16 136784     /usr/lib/i386-linux-gnu/libLLVM-3.5.so.1
ae778000-ae77c000 rw-p 01fe1000 08:16 136784     /usr/lib/i386-linux-gnu/libLLVM-3.5.so.1
ae77c000-ae789000 rw-p 00000000 00:00 0 
ae789000-ae796000 r-xp 00000000 08:16 137173     /usr/lib/i386-linux-gnu/libdrm_radeon.so.1.0.1
ae796000-ae797000 r--p 0000c000 08:16 137173     /usr/lib/i386-linux-gnu/libdrm_radeon.so.1.0.1
ae797000-ae798000 rw-p 0000d000 08:16 137173     /usr/lib/i386-linux-gnu/libdrm_radeon.so.1.0.1
ae798000-ae7af000 r-xp 00000000 08:16 135413     /usr/lib/i386-linux-gnu/libelf-0.160.so
ae7af000-ae7b0000 r--p 00016000 08:16 135413     /usr/lib/i386-linux-gnu/libelf-0.160.so
ae7b0000-ae7b1000 rw-p 00017000 08:16 135413     /usr/lib/i386-linux-gnu/libelf-0.160.so
ae7b1000-ae7b7000 r-xp 00000000 08:16 137171     /usr/lib/i386-linux-gnu/libdrm_nouveau.so.2.0.0
ae7b7000-ae7b8000 r--p 00005000 08:16 137171     /usr/lib/i386-linux-gnu/libdrm_nouveau.so.2.0.0
ae7b8000-ae7b9000 rw-p 00006000 08:16 137171     /usr/lib/i386-linux-gnu/libdrm_nouveau.so.2.0.0
ae7b9000-ae7bd000 r-xp 00000000 08:16 135456     /usr/lib/i386-linux-gnu/mesa-egl/libOpenVG.so.1.0.0
ae7bd000-ae7be000 r--p 00004000 08:16 135456     /usr/lib/i386-linux-gnu/mesa-egl/libOpenVG.so.1.0.0
ae7be000-ae7bf000 rwxp 00005000 08:16 135456     /usr/lib/i386-linux-gnu/mesa-egl/libOpenVG.so.1.0.0
ae7bf000-ae7c0000 rwxp 00000000 00:00 0 
ae7c0000-af019000 r-xp 00000000 08:16 135441     /usr/lib/i386-linux-gnu/egl/egl_gallium.so
af019000-af058000 r--p 00858000 08:16 135441     /usr/lib/i386-linux-gnu/egl/egl_gallium.so
af058000-af060000 rw-p 00897000 08:16 135441     /usr/lib/i386-linux-gnu/egl/egl_gallium.so
af060000-af245000 rw-p 00000000 00:00 0 
af245000-af248000 r-xp 00000000 08:16 138648     /usr/lib/i386-linux-gnu/mesa-egl/libGLESv2.so.2.0.0
af248000-af249000 r--p 00003000 08:16 138648     /usr/lib/i386-linux-gnu/mesa-egl/libGLESv2.so.2.0.0
af249000-af24a000 rwxp 00004000 08:16 138648     /usr/lib/i386-linux-gnu/mesa-egl/libGLESv2.so.2.0.0
af24a000-af28e000 r-xp 00000000 08:16 263546     /usr/lib/jni/libjogl_mobile.so
af28e000-af28f000 r--p 00043000 08:16 263546     /usr/lib/jni/libjogl_mobile.so
af28f000-af290000 rw-p 00044000 08:16 263546     /usr/lib/jni/libjogl_mobile.so
af290000-af29d000 r-xp 00000000 08:16 131004     /usr/lib/i386-linux-gnu/libgbm.so.1.0.0
af29d000-af29f000 r--p 0000d000 08:16 131004     /usr/lib/i386-linux-gnu/libgbm.so.1.0.0
af29f000-af2a0000 rw-p 0000f000 08:16 131004     /usr/lib/i386-linux-gnu/libgbm.so.1.0.0
af2a0000-af2ad000 r-xp 00000000 08:16 137967     /usr/lib/i386-linux-gnu/libwayland-server.so.0.1.0
af2ad000-af2ae000 r--p 0000c000 08:16 137967     /usr/lib/i386-linux-gnu/libwayland-server.so.0.1.0
af2ae000-af2af000 rw-p 0000d000 08:16 137967     /usr/lib/i386-linux-gnu/libwayland-server.so.0.1.0
af2af000-af2b9000 r-xp 00000000 08:16 137961     /usr/lib/i386-linux-gnu/libwayland-client.so.0.2.0
af2b9000-af2ba000 r--p 00009000 08:16 137961     /usr/lib/i386-linux-gnu/libwayland-client.so.0.2.0
af2ba000-af2bb000 rw-p 0000a000 08:16 137961     /usr/lib/i386-linux-gnu/libwayland-client.so.0.2.0
af2bb000-af2c1000 r-xp 00000000 08:16 138017     /usr/lib/i386-linux-gnu/libxcb-xfixes.so.0.0.0
af2c1000-af2c2000 r--p 00005000 08:16 138017     /usr/lib/i386-linux-gnu/libxcb-xfixes.so.0.0.0
af2c2000-af2c3000 rw-p 00006000 08:16 138017     /usr/lib/i386-linux-gnu/libxcb-xfixes.so.0.0.0
af2c3000-af2f0000 r-xp 00000000 08:16 135444     /usr/lib/i386-linux-gnu/mesa-egl/libEGL.so.1.0.0
af2f0000-af2f2000 r--p 0002c000 08:16 135444     /usr/lib/i386-linux-gnu/mesa-egl/libEGL.so.1.0.0
af2f2000-af2f3000 rw-p 0002e000 08:16 135444     /usr/lib/i386-linux-gnu/mesa-egl/libEGL.so.1.0.0
af2f3000-af2f6000 ---p 00000000 00:00 0 
af2f6000-af344000 rwxp 00000000 00:00 0          [stack:16713]
af344000-af3e5000 r-xp 00000000 08:16 263568     /usr/lib/jni/libjogl_desktop.so
af3e5000-af3e6000 r--p 000a0000 08:16 263568     /usr/lib/jni/libjogl_desktop.so
af3e6000-af3e7000 rw-p 000a1000 08:16 263568     /usr/lib/jni/libjogl_desktop.so
af3e7000-af3f3000 r-xp 00000000 08:16 137167     /usr/lib/i386-linux-gnu/libdrm.so.2.4.0
af3f3000-af3f4000 r--p 0000b000 08:16 137167     /usr/lib/i386-linux-gnu/libdrm.so.2.4.0
af3f4000-af3f5000 rw-p 0000c000 08:16 137167     /usr/lib/i386-linux-gnu/libdrm.so.2.4.0
af3f5000-af3f6000 r-xp 00000000 08:16 138031     /usr/lib/i386-linux-gnu/libxshmfence.so.1.0.0
af3f6000-af3f7000 r--p 00000000 08:16 138031     /usr/lib/i386-linux-gnu/libxshmfence.so.1.0.0
af3f7000-af3f8000 rw-p 00001000 08:16 138031     /usr/lib/i386-linux-gnu/libxshmfence.so.1.0.0
af3f8000-af3fd000 r-xp 00000000 08:16 138013     /usr/lib/i386-linux-gnu/libxcb-sync.so.1.0.0
af3fd000-af3fe000 r--p 00004000 08:16 138013     /usr/lib/i386-linux-gnu/libxcb-sync.so.1.0.0
af3fe000-af3ff000 rw-p 00005000 08:16 138013     /usr/lib/i386-linux-gnu/libxcb-sync.so.1.0.0
af3ff000-af401000 r-xp 00000000 08:16 138001     /usr/lib/i386-linux-gnu/libxcb-present.so.0.0.0
af401000-af402000 r--p 00001000 08:16 138001     /usr/lib/i386-linux-gnu/libxcb-present.so.0.0.0
af402000-af403000 rw-p 00002000 08:16 138001     /usr/lib/i386-linux-gnu/libxcb-present.so.0.0.0
af403000-af419000 r-xp 00000000 08:16 137993     /usr/lib/i386-linux-gnu/libxcb-glx.so.0.0.0
af419000-af41a000 r--p 00016000 08:16 137993     /usr/lib/i386-linux-gnu/libxcb-glx.so.0.0.0
af41a000-af41b000 rw-p 00017000 08:16 137993     /usr/lib/i386-linux-gnu/libxcb-glx.so.0.0.0
af41b000-af42c000 r-xp 00000000 08:16 135452     /usr/lib/i386-linux-gnu/libglapi.so.0.0.0
af42c000-af42e000 r--p 00011000 08:16 135452     /usr/lib/i386-linux-gnu/libglapi.so.0.0.0
af42e000-af433000 rwxp 00013000 08:16 135452     /usr/lib/i386-linux-gnu/libglapi.so.0.0.0
af433000-af434000 rwxp 00000000 00:00 0 
af434000-af4d7000 r-xp 00000000 08:16 135450     /usr/lib/i386-linux-gnu/mesa/libGL.so.1.2.0
af4d7000-af4d9000 r--p 000a2000 08:16 135450     /usr/lib/i386-linux-gnu/mesa/libGL.so.1.2.0
af4d9000-af4de000 rwxp 000a4000 08:16 135450     /usr/lib/i386-linux-gnu/mesa/libGL.so.1.2.0
af4fd000-af504000 r--s 00000000 08:16 133954     /usr/lib/i386-linux-gnu/gconv/gconv-modules.cache
af504000-af507000 ---p 00000000 00:00 0 
af507000-af555000 rwxp 00000000 00:00 0          [stack:16712]
af555000-af558000 ---p 00000000 00:00 0 
af558000-af5a6000 rwxp 00000000 00:00 0          [stack:16711]
af5a6000-af5a9000 ---p 00000000 00:00 0 
af5a9000-af5f7000 rwxp 00000000 00:00 0          [stack:16710]
af5f7000-af5fc000 r-xp 00000000 08:16 136924     /usr/lib/i386-linux-gnu/libXfixes.so.3.1.0
af5fc000-af5fd000 r--p 00004000 08:16 136924     /usr/lib/i386-linux-gnu/libXfixes.so.3.1.0
af5fd000-af5fe000 rw-p 00005000 08:16 136924     /usr/lib/i386-linux-gnu/libXfixes.so.3.1.0
af5fe000-af607000 r-xp 00000000 08:16 136916     /usr/lib/i386-linux-gnu/libXcursor.so.1.0.2
af607000-af608000 r--p 00008000 08:16 136916     /usr/lib/i386-linux-gnu/libXcursor.so.1.0.2
af608000-af609000 rw-p 00009000 08:16 136916     /usr/lib/i386-linux-gnu/libXcursor.so.1.0.2
af609000-af60c000 ---p 00000000 00:00 0 
af60c000-af65a000 rwxp 00000000 00:00 0          [stack:16709]
af65a000-af6ad000 r-xp 00000000 08:16 1440110    /lib/i386-linux-gnu/libdbus-1.so.3.8.7
af6ad000-af6af000 r--p 00053000 08:16 1440110    /lib/i386-linux-gnu/libdbus-1.so.3.8.7
af6af000-af6b0000 rw-p 00055000 08:16 1440110    /lib/i386-linux-gnu/libdbus-1.so.3.8.7
af6b0000-af6d4000 r-xp 00000000 08:16 1440214    /lib/i386-linux-gnu/libselinux.so.1
af6d4000-af6d5000 r--p 00023000 08:16 1440214    /lib/i386-linux-gnu/libselinux.so.1
af6d5000-af6d6000 rw-p 00024000 08:16 1440214    /lib/i386-linux-gnu/libselinux.so.1
af6d6000-af6d7000 rw-p 00000000 00:00 0 
af6d7000-af7fc000 r-xp 00000000 08:16 1440202    /lib/i386-linux-gnu/libglib-2.0.so.0.4200.1
af7fc000-af7fd000 r--p 00124000 08:16 1440202    /lib/i386-linux-gnu/libglib-2.0.so.0.4200.1
af7fd000-af7fe000 rw-p 00125000 08:16 1440202    /lib/i386-linux-gnu/libglib-2.0.so.0.4200.1
af7fe000-af801000 r-xp 00000000 08:16 134146     /usr/lib/i386-linux-gnu/libgmodule-2.0.so.0.4200.1
af801000-af802000 r--p 00002000 08:16 134146     /usr/lib/i386-linux-gnu/libgmodule-2.0.so.0.4200.1
af802000-af803000 rw-p 00003000 08:16 134146     /usr/lib/i386-linux-gnu/libgmodule-2.0.so.0.4200.1
af803000-af815000 r-xp 00000000 08:16 137013     /usr/lib/i386-linux-gnu/libavahi-client.so.3.2.9
af815000-af816000 r--p 00011000 08:16 137013     /usr/lib/i386-linux-gnu/libavahi-client.so.3.2.9
af816000-af817000 rw-p 00012000 08:16 137013     /usr/lib/i386-linux-gnu/libavahi-client.so.3.2.9
af817000-af872000 r-xp 00000000 08:16 134149     /usr/lib/i386-linux-gnu/libgobject-2.0.so.0.4200.1
af872000-af873000 r--p 0005b000 08:16 134149     /usr/lib/i386-linux-gnu/libgobject-2.0.so.0.4200.1
af873000-af874000 rw-p 0005c000 08:16 134149     /usr/lib/i386-linux-gnu/libgobject-2.0.so.0.4200.1
af874000-afa25000 r-xp 00000000 08:16 134147     /usr/lib/i386-linux-gnu/libgio-2.0.so.0.4200.1
afa25000-afa28000 r--p 001b0000 08:16 134147     /usr/lib/i386-linux-gnu/libgio-2.0.so.0.4200.1
afa28000-afa29000 rw-p 001b3000 08:16 134147     /usr/lib/i386-linux-gnu/libgio-2.0.so.0.4200.1
afa29000-afa2a000 rw-p 00000000 00:00 0 
afa2a000-afa9f000 r-xp 00000000 08:16 130941     /usr/lib/i386-linux-gnu/libcups.so.2
afa9f000-afaa4000 r--p 00075000 08:16 130941     /usr/lib/i386-linux-gnu/libcups.so.2
afaa4000-afaa5000 rw-p 0007a000 08:16 130941     /usr/lib/i386-linux-gnu/libcups.so.2
afaa5000-afab5000 r-xp 00000000 08:16 136930     /usr/lib/i386-linux-gnu/libXi.so.6.1.0
afab5000-afab6000 r--p 00010000 08:16 136930     /usr/lib/i386-linux-gnu/libXi.so.6.1.0
afab6000-afab7000 rw-p 00011000 08:16 136930     /usr/lib/i386-linux-gnu/libXi.so.6.1.0
afab7000-afafc000 r-xp 00000000 08:16 542272     /usr/lib/jvm/java-7-openjdk-i386/jre/lib/i386/xawt/libmawt.so
afafc000-afafd000 r--p 00044000 08:16 542272     /usr/lib/jvm/java-7-openjdk-i386/jre/lib/i386/xawt/libmawt.so
afafd000-afaff000 rw-p 00045000 08:16 542272     /usr/lib/jvm/java-7-openjdk-i386/jre/lib/i386/xawt/libmawt.so
afaff000-afb00000 rw-p 00000000 00:00 0 
afb00000-afb21000 rw-p 00000000 00:00 0 
afb21000-afc00000 ---p 00000000 00:00 0 
afc00000-afc01000 rwxp 00000000 00:00 0 
afc01000-afc0d000 r-xp 00000000 08:16 137015     /usr/lib/i386-linux-gnu/libavahi-common.so.3.5.3
afc0d000-afc0e000 r--p 0000b000 08:16 137015     /usr/lib/i386-linux-gnu/libavahi-common.so.3.5.3
afc0e000-afc0f000 rw-p 0000c000 08:16 137015     /usr/lib/i386-linux-gnu/libavahi-common.so.3.5.3
afc0f000-afc14000 r-xp 00000000 08:16 136950     /usr/lib/i386-linux-gnu/libXtst.so.6.1.0
afc14000-afc15000 r--p 00004000 08:16 136950     /usr/lib/i386-linux-gnu/libXtst.so.6.1.0
afc15000-afc16000 rw-p 00005000 08:16 136950     /usr/lib/i386-linux-gnu/libXtst.so.6.1.0
afc16000-afc18000 r-xp 00000000 08:16 137991     /usr/lib/i386-linux-gnu/libxcb-dri3.so.0.0.0
afc18000-afc19000 r--p 00001000 08:16 137991     /usr/lib/i386-linux-gnu/libxcb-dri3.so.0.0.0
afc19000-afc1a000 rw-p 00002000 08:16 137991     /usr/lib/i386-linux-gnu/libxcb-dri3.so.0.0.0
afc1a000-afc1e000 r-xp 00000000 08:16 137989     /usr/lib/i386-linux-gnu/libxcb-dri2.so.0.0.0
afc1e000-afc1f000 r--p 00003000 08:16 137989     /usr/lib/i386-linux-gnu/libxcb-dri2.so.0.0.0
afc1f000-afc20000 rw-p 00004000 08:16 137989     /usr/lib/i386-linux-gnu/libxcb-dri2.so.0.0.0
afc20000-afc21000 r-xp 00000000 08:16 136903     /usr/lib/i386-linux-gnu/libX11-xcb.so.1.0.0
afc21000-afc22000 r--p 00000000 08:16 136903     /usr/lib/i386-linux-gnu/libX11-xcb.so.1.0.0
afc22000-afc23000 rw-p 00001000 08:16 136903     /usr/lib/i386-linux-gnu/libX11-xcb.so.1.0.0
afc23000-afc25000 r-xp 00000000 08:16 136918     /usr/lib/i386-linux-gnu/libXdamage.so.1.1.0
afc25000-afc26000 r--p 00001000 08:16 136918     /usr/lib/i386-linux-gnu/libXdamage.so.1.1.0
afc26000-afc27000 rw-p 00002000 08:16 136918     /usr/lib/i386-linux-gnu/libXdamage.so.1.1.0
afc27000-afc2b000 r-xp 00000000 08:16 136960     /usr/lib/i386-linux-gnu/libXxf86vm.so.1.0.0
afc2b000-afc2c000 r--p 00004000 08:16 136960     /usr/lib/i386-linux-gnu/libXxf86vm.so.1.0.0
afc2c000-afc2d000 rw-p 00005000 08:16 136960     /usr/lib/i386-linux-gnu/libXxf86vm.so.1.0.0
afc2d000-afc33000 r-xp 00000000 08:16 263549     /usr/lib/jni/libnativewindow_x11.so
afc33000-afc34000 r--p 00006000 08:16 263549     /usr/lib/jni/libnativewindow_x11.so
afc34000-afc35000 rw-p 00007000 08:16 263549     /usr/lib/jni/libnativewindow_x11.so
afc35000-afc36000 r-xp 00000000 08:16 263547     /usr/lib/jni/libnativewindow_awt.so
afc36000-afc37000 r--p 00001000 08:16 263547     /usr/lib/jni/libnativewindow_awt.so
afc37000-afc38000 rw-p 00002000 08:16 263547     /usr/lib/jni/libnativewindow_awt.so
afc38000-afc3a000 r-xp 00000000 08:16 263545     /usr/lib/jni/libgluegen2-rt.so
afc3a000-afc3b000 r--p 00001000 08:16 263545     /usr/lib/jni/libgluegen2-rt.so
afc3b000-afc3c000 rw-p 00002000 08:16 263545     /usr/lib/jni/libgluegen2-rt.so
afc3c000-afcca000 r-xp 00000000 08:16 548161     /usr/lib/jvm/java-7-openjdk-i386/jre/lib/i386/libawt.so
afcca000-afccb000 r--p 0008e000 08:16 548161     /usr/lib/jvm/java-7-openjdk-i386/jre/lib/i386/libawt.so
afccb000-afcd2000 rw-p 0008f000 08:16 548161     /usr/lib/jvm/java-7-openjdk-i386/jre/lib/i386/libawt.so
afcd2000-afcf6000 rw-p 00000000 00:00 0 
afcf6000-afd00000 r--s 000ae000 08:16 544014     /usr/lib/jvm/java-7-openjdk-i386/jre/lib/resources.jar
afd00000-afd21000 rw-p 00000000 00:00 0 
afd21000-afe00000 ---p 00000000 00:00 0 
afe00000-afee2000 rw-p 00000000 00:00 0 
afee2000-aff00000 ---p 00000000 00:00 0 
aff00000-aff01000 r-xp 00000000 08:16 549353     /usr/lib/jvm/java-7-openjdk-i386/jre/lib/i386/libjawt.so
aff01000-aff02000 r--p 00000000 08:16 549353     /usr/lib/jvm/java-7-openjdk-i386/jre/lib/i386/libjawt.so
aff02000-aff03000 rw-p 00001000 08:16 549353     /usr/lib/jvm/java-7-openjdk-i386/jre/lib/i386/libjawt.so
aff03000-aff05000 r--s 0000b000 08:16 1186867    /usr/share/scilab/modules/external_objects_java/jar/org.scilab.modules.external_objects_java.jar
aff05000-aff06000 r--s 00007000 08:16 797224     /usr/share/scilab/modules/history_browser/jar/org.scilab.modules.history_browser.jar
aff06000-aff0d000 r--s 00036000 08:16 952420     /usr/share/scilab/modules/ui_data/jar/org.scilab.modules.ui_data.jar
aff0d000-aff15000 r--s 00047000 08:16 953168     /usr/share/scilab/modules/graphic_objects/jar/org.scilab.modules.graphic_objects.jar
aff15000-aff2e000 r--s 000cb000 08:16 1072400    /usr/share/scilab/modules/gui/jar/org.scilab.modules.gui.jar
aff2e000-aff2f000 ---p 00000000 00:00 0 
aff2f000-affaf000 rwxp 00000000 00:00 0          [stack:16708]
affaf000-affb2000 ---p 00000000 00:00 0 
affb2000-b0000000 rwxp 00000000 00:00 0          [stack:16707]
b0000000-b00fd000 rw-p 00000000 00:00 0 
b00fd000-b0100000 ---p 00000000 00:00 0 
b0100000-b0102000 r--s 00002000 08:16 953718     /usr/share/scilab/modules/javasci/jar/org.scilab.modules.javasci.jar
b0102000-b0103000 r--p 00000000 08:16 544606     /usr/share/locale/en_US/LC_MESSAGES/scilab.mo
b0103000-b0105000 r--s 00007000 08:16 953870     /usr/share/scilab/modules/graphic_export/jar/org.scilab.modules.graphic_export.jar
b0105000-b010a000 r--s 00025000 08:16 797403     /usr/share/scilab/modules/renderer/jar/org.scilab.modules.renderer.jar
b010a000-b010d000 r--s 00015000 08:16 797255     /usr/share/scilab/modules/preferences/jar/org.scilab.modules.preferences.jar
b010d000-b012e000 r--s 002c7000 08:16 544100     /usr/share/java/jogl2.jar
b012e000-b0131000 ---p 00000000 00:00 0 
b0131000-b01af000 rwxp 00000000 00:00 0          [stack:16706]
b01af000-b01b2000 ---p 00000000 00:00 0 
b01b2000-b0200000 rwxp 00000000 00:00 0          [stack:16705]
b0200000-b0221000 rw-p 00000000 00:00 0 
b0221000-b0300000 ---p 00000000 00:00 0 
b0300000-b0321000 rw-p 00000000 00:00 0 
b0321000-b0400000 ---p 00000000 00:00 0 
b0400000-b0421000 rw-p 00000000 00:00 0 
b0421000-b0500000 ---p 00000000 00:00 0 
b0500000-b0501000 r--s 00002000 08:16 1072859    /usr/share/scilab/modules/core/jar/org.scilab.modules.core.jar
b0501000-b0502000 r--s 00002000 08:16 954120     /usr/share/scilab/modules/action_binding/jar/org.scilab.modules.action_binding.jar
b0502000-b0504000 r--s 00000000 08:16 1072642    /usr/share/scilab/modules/localization/jar/org.scilab.modules.localization.jar
b0504000-b0507000 r--s 0000f000 08:16 1187548    /usr/share/scilab/modules/console/jar/org.scilab.modules.console.jar
b0507000-b0509000 r--s 00000000 08:16 797234     /usr/share/scilab/modules/history_manager/jar/org.scilab.modules.history_manager.jar
b0509000-b050c000 r--s 0000a000 08:16 1074003    /usr/share/scilab/modules/commons/jar/org.scilab.modules.commons.jar
b050c000-b050e000 r--s 0000a000 08:16 954131     /usr/share/scilab/modules/types/jar/org.scilab.modules.types.jar
b050e000-b0514000 r--s 00041000 08:16 544979     /usr/share/java/gluegen2-2.1.5-rt.jar
b0514000-b051b000 r--s 0002a000 08:16 1187563    /usr/share/scilab/modules/scirenderer/jar/scirenderer.jar
b051b000-b0524000 r--s 0008e000 08:16 544810     /usr/share/java/jhall-2.0.05.ds1.jar
b0524000-b0527000 r--s 00010000 08:16 544701     /usr/share/java/avalon-framework-4.2.0.jar
b0527000-b0528000 r--s 0000d000 08:16 544718     /usr/share/java/commons-logging-1.2.jar
b0528000-b052a000 r--s 00006000 08:16 530448     /usr/share/java/jgoodies-common.jar
b052a000-b0533000 r--s 00057000 08:16 534333     /usr/share/java/jgoodies-looks.jar
b0533000-b0534000 r--s 00004000 08:16 544184     /usr/share/java/laf-plugin-1.0.jar
b0534000-b053a000 r--s 00044000 08:16 544205     /usr/share/java/skinlf-6.7.jar
b053a000-b0543000 r--s 00062000 08:16 544885     /usr/share/java/flexdock-1.2.4.jar
b0543000-b0547000 r--s 0003c000 08:16 558383     /usr/lib/jvm/java-7-openjdk-i386/jre/lib/ext/sunpkcs11.jar
b0547000-b054a000 ---p 00000000 00:00 0 
b054a000-b0598000 rwxp 00000000 00:00 0          [stack:16704]
b0598000-b059b000 ---p 00000000 00:00 0 
b059b000-b05e9000 rwxp 00000000 00:00 0          [stack:16703]
b05e9000-b05ea000 ---p 00000000 00:00 0 
b05ea000-b066a000 rwxp 00000000 00:00 0          [stack:16702]
b066a000-b06b3000 rw-p 00000000 00:00 0 
b06b3000-b0864000 r--s 01d27000 08:16 558362     /usr/lib/jvm/java-7-openjdk-i386/jre/lib/rt.jar
b0864000-b086b000 rw-p 00000000 00:00 0 
b086b000-b0885000 rw-p 00000000 00:00 0 
b0885000-b088b000 rw-p 00000000 00:00 0 
b088b000-b08db000 rw-p 00000000 00:00 0 
b08db000-b08de000 rw-p 00000000 00:00 0 
b08de000-b0905000 rw-p 00000000 00:00 0 
b0905000-b090b000 rw-p 00000000 00:00 0 
b090b000-b095b000 rw-p 00000000 00:00 0 
b095b000-b0961000 rw-p 00000000 00:00 0 
b0961000-b097b000 rw-p 00000000 00:00 0 
b097b000-b098c000 rw-p 00000000 00:00 0 
b098c000-b0a07000 rw-p 00000000 00:00 0 
b0a07000-b0b1f000 rwxp 00000000 00:00 0 
b0b1f000-b2a07000 rw-p 00000000 00:00 0 
b2a07000-b2a12000 r-xp 00000000 08:16 1448814    /lib/i386-linux-gnu/libnss_files-2.19.so
b2a12000-b2a13000 r--p 0000a000 08:16 1448814    /lib/i386-linux-gnu/libnss_files-2.19.so
b2a13000-b2a14000 rw-p 0000b000 08:16 1448814    /lib/i386-linux-gnu/libnss_files-2.19.so
b2a14000-b2a29000 r-xp 00000000 08:16 1448818    /lib/i386-linux-gnu/libnsl-2.19.so
b2a29000-b2a2a000 r--p 00015000 08:16 1448818    /lib/i386-linux-gnu/libnsl-2.19.so
b2a2a000-b2a2b000 rw-p 00016000 08:16 1448818    /lib/i386-linux-gnu/libnsl-2.19.so
b2a2b000-b2a2d000 rw-p 00000000 00:00 0 
b2a2d000-b2a2e000 r--s 00001000 08:16 1075689    /usr/share/scilab/modules/jvm/jar/org.scilab.modules.jvm.jar
b2a2e000-b2a30000 r--s 00012000 08:16 558370     /usr/lib/jvm/java-7-openjdk-i386/jre/lib/ext/zipfs.jar
b2a30000-b2a33000 r--s 00086000 08:16 558369     /usr/lib/jvm/java-7-openjdk-i386/jre/lib/ext/localedata.jar
b2a33000-b2a35000 r--s 00006000 08:16 544031     /usr/share/java/java-atk-wrapper.jar
b2a35000-b2a39000 r--s 00034000 08:16 558382     /usr/lib/jvm/java-7-openjdk-i386/jre/lib/ext/sunjce_provider.jar
b2a39000-b2a3c000 r--s 0000f000 08:16 558364     /usr/lib/jvm/java-7-openjdk-i386/jre/lib/ext/icedtea-sound.jar
b2a3c000-b2a49000 rw-p 00000000 00:00 0 
b2a49000-b2a51000 r-xp 00000000 08:16 544146     /usr/lib/jvm/java-7-openjdk-i386/jre/lib/i386/libzip.so
b2a51000-b2a52000 r--p 00007000 08:16 544146     /usr/lib/jvm/java-7-openjdk-i386/jre/lib/i386/libzip.so
b2a52000-b2a53000 rw-p 00008000 08:16 544146     /usr/lib/jvm/java-7-openjdk-i386/jre/lib/i386/libzip.so
b2a53000-b2c53000 r--p 00000000 08:16 140341     /usr/lib/locale/locale-archive
b2c53000-b2c5c000 rw-p 00000000 00:00 0 
b2c5c000-b2c64000 r-xp 00000000 08:16 1448833    /lib/i386-linux-gnu/libcrypt-2.19.so
b2c64000-b2c65000 r--p 00008000 08:16 1448833    /lib/i386-linux-gnu/libcrypt-2.19.so
b2c65000-b2c66000 rw-p 00009000 08:16 1448833    /lib/i386-linux-gnu/libcrypt-2.19.so
b2c66000-b2c8d000 rw-p 00000000 00:00 0 
b2c8d000-b2d5e000 r-xp 00000000 08:16 137845     /usr/lib/i386-linux-gnu/libsqlite3.so.0.8.6
b2d5e000-b2d61000 r--p 000d0000 08:16 137845     /usr/lib/i386-linux-gnu/libsqlite3.so.0.8.6
b2d61000-b2d63000 rw-p 000d3000 08:16 137845     /usr/lib/i386-linux-gnu/libsqlite3.so.0.8.6
b2d63000-b2d64000 rw-p 00000000 00:00 0 
b2d64000-b2da7000 r-xp 00000000 08:16 137485     /usr/lib/i386-linux-gnu/libhx509.so.5.0.0
b2da7000-b2da9000 r--p 00043000 08:16 137485     /usr/lib/i386-linux-gnu/libhx509.so.5.0.0
b2da9000-b2daa000 rw-p 00045000 08:16 137485     /usr/lib/i386-linux-gnu/libhx509.so.5.0.0
b2daa000-b2dab000 rw-p 00000000 00:00 0 
b2dab000-b2db8000 r-xp 00000000 08:16 137475     /usr/lib/i386-linux-gnu/libheimbase.so.1.0.0
b2db8000-b2db9000 r--p 0000c000 08:16 137475     /usr/lib/i386-linux-gnu/libheimbase.so.1.0.0
b2db9000-b2dba000 rw-p 0000d000 08:16 137475     /usr/lib/i386-linux-gnu/libheimbase.so.1.0.0
b2dba000-b2de1000 r-xp 00000000 08:16 137979     /usr/lib/i386-linux-gnu/libwind.so.0.0.0
b2de1000-b2de2000 r--p 00027000 08:16 137979     /usr/lib/i386-linux-gnu/libwind.so.0.0.0
b2de2000-b2de3000 rw-p 00028000 08:16 137979     /usr/lib/i386-linux-gnu/libwind.so.0.0.0
b2de3000-b2de9000 r-xp 00000000 08:16 137209     /usr/lib/i386-linux-gnu/libffi.so.6.0.2
b2de9000-b2deb000 r--p 00005000 08:16 137209     /usr/lib/i386-linux-gnu/libffi.so.6.0.2
b2deb000-b2dec000 rw-p 00007000 08:16 137209     /usr/lib/i386-linux-gnu/libffi.so.6.0.2
b2dec000-b2df0000 r-xp 00000000 08:16 1440113    /lib/i386-linux-gnu/libgpg-error.so.0.11.0
b2df0000-b2df1000 r--p 00003000 08:16 1440113    /lib/i386-linux-gnu/libgpg-error.so.0.11.0
b2df1000-b2df2000 rw-p 00004000 08:16 1440113    /lib/i386-linux-gnu/libgpg-error.so.0.11.0
b2df2000-b2df3000 rw-p 00000000 00:00 0 
b2df3000-b2e07000 r-xp 00000000 08:16 137765     /usr/lib/i386-linux-gnu/libroken.so.18.1.0
b2e07000-b2e08000 r--p 00013000 08:16 137765     /usr/lib/i386-linux-gnu/libroken.so.18.1.0
b2e08000-b2e09000 rw-p 00014000 08:16 137765     /usr/lib/i386-linux-gnu/libroken.so.18.1.0
b2e09000-b2e3b000 r-xp 00000000 08:16 137473     /usr/lib/i386-linux-gnu/libhcrypto.so.4.1.0
b2e3b000-b2e3c000 r--p 00031000 08:16 137473     /usr/lib/i386-linux-gnu/libhcrypto.so.4.1.0
b2e3c000-b2e3d000 rw-p 00032000 08:16 137473     /usr/lib/i386-linux-gnu/libhcrypto.so.4.1.0
b2e3d000-b2e3e000 rw-p 00000000 00:00 0 
b2e3e000-b2ee1000 r-xp 00000000 08:16 136989     /usr/lib/i386-linux-gnu/libasn1.so.8.0.0
b2ee1000-b2ee2000 r--p 000a3000 08:16 136989     /usr/lib/i386-linux-gnu/libasn1.so.8.0.0
b2ee2000-b2ee4000 rw-p 000a4000 08:16 136989     /usr/lib/i386-linux-gnu/libasn1.so.8.0.0
b2ee4000-b2f66000 r-xp 00000000 08:16 137540     /usr/lib/i386-linux-gnu/libkrb5.so.26.0.0
b2f66000-b2f68000 r--p 00081000 08:16 137540     /usr/lib/i386-linux-gnu/libkrb5.so.26.0.0
b2f68000-b2f6a000 rw-p 00083000 08:16 137540     /usr/lib/i386-linux-gnu/libkrb5.so.26.0.0
b2f6a000-b2f71000 r-xp 00000000 08:16 137477     /usr/lib/i386-linux-gnu/libheimntlm.so.0.1.0
b2f71000-b2f72000 r--p 00007000 08:16 137477     /usr/lib/i386-linux-gnu/libheimntlm.so.0.1.0
b2f72000-b2f73000 rw-p 00008000 08:16 137477     /usr/lib/i386-linux-gnu/libheimntlm.so.0.1.0
b2f73000-b2f74000 rw-p 00000000 00:00 0 
b2f74000-b2f77000 r-xp 00000000 08:16 1440123    /lib/i386-linux-gnu/libkeyutils.so.1.5
b2f77000-b2f78000 r--p 00002000 08:16 1440123    /lib/i386-linux-gnu/libkeyutils.so.1.5
b2f78000-b2f79000 rw-p 00003000 08:16 1440123    /lib/i386-linux-gnu/libkeyutils.so.1.5
b2f79000-b2f8b000 r-xp 00000000 08:16 131150     /usr/lib/i386-linux-gnu/libtasn1.so.6.3.0
b2f8b000-b2f8c000 r--p 00011000 08:16 131150     /usr/lib/i386-linux-gnu/libtasn1.so.6.3.0
b2f8c000-b2f8d000 rw-p 00012000 08:16 131150     /usr/lib/i386-linux-gnu/libtasn1.so.6.3.0
b2f8d000-b2fc4000 r-xp 00000000 08:16 137662     /usr/lib/i386-linux-gnu/libp11-kit.so.0.0.0
b2fc4000-b2fc8000 r--p 00037000 08:16 137662     /usr/lib/i386-linux-gnu/libp11-kit.so.0.0.0
b2fc8000-b2fc9000 rw-p 0003b000 08:16 137662     /usr/lib/i386-linux-gnu/libp11-kit.so.0.0.0
b2fc9000-b2ff3000 r-xp 00000000 08:16 1440199    /lib/i386-linux-gnu/libpng12.so.0.51.0
b2ff3000-b2ff4000 r--p 00029000 08:16 1440199    /lib/i386-linux-gnu/libpng12.so.0.51.0
b2ff4000-b2ff5000 rw-p 0002a000 08:16 1440199    /lib/i386-linux-gnu/libpng12.so.0.51.0
b2ff5000-b2fff000 r-xp 00000000 08:16 145545     /usr/lib/i386-linux-gnu/libccolamd.so.2.8.0
b2fff000-b3000000 r--p 00009000 08:16 145545     /usr/lib/i386-linux-gnu/libccolamd.so.2.8.0
b3000000-b3001000 rw-p 0000a000 08:16 145545     /usr/lib/i386-linux-gnu/libccolamd.so.2.8.0
b3001000-b3002000 rw-p 00000000 00:00 0 
b3002000-b300a000 r-xp 00000000 08:16 145544     /usr/lib/i386-linux-gnu/libcamd.so.2.3.1
b300a000-b300b000 r--p 00007000 08:16 145544     /usr/lib/i386-linux-gnu/libcamd.so.2.3.1
b300b000-b300c000 rw-p 00008000 08:16 145544     /usr/lib/i386-linux-gnu/libcamd.so.2.3.1
b300c000-b3012000 r-xp 00000000 08:16 137097     /usr/lib/i386-linux-gnu/libcolamd.so.2.8.0
b3012000-b3013000 r--p 00005000 08:16 137097     /usr/lib/i386-linux-gnu/libcolamd.so.2.8.0
b3013000-b3014000 rw-p 00006000 08:16 137097     /usr/lib/i386-linux-gnu/libcolamd.so.2.8.0
b3014000-b30c0000 r-xp 00000000 08:16 1440106    /lib/i386-linux-gnu/libgcrypt.so.20.0.1
b30c0000-b30c1000 r--p 000ab000 08:16 1440106    /lib/i386-linux-gnu/libgcrypt.so.20.0.1
b30c1000-b30c4000 rw-p 000ac000 08:16 1440106    /lib/i386-linux-gnu/libgcrypt.so.20.0.1
b30c4000-b30fd000 r-xp 00000000 08:16 137365     /usr/lib/i386-linux-gnu/libgssapi.so.3.0.0
b30fd000-b30ff000 r--p 00038000 08:16 137365     /usr/lib/i386-linux-gnu/libgssapi.so.3.0.0
b30ff000-b3100000 rw-p 0003a000 08:16 137365     /usr/lib/i386-linux-gnu/libgssapi.so.3.0.0
b3100000-b3101000 rw-p 00000000 00:00 0 
b3101000-b311a000 r-xp 00000000 08:16 137792     /usr/lib/i386-linux-gnu/libsasl2.so.2.0.25
b311a000-b311b000 r--p 00019000 08:16 137792     /usr/lib/i386-linux-gnu/libsasl2.so.2.0.25
b311b000-b311c000 rw-p 0001a000 08:16 137792     /usr/lib/i386-linux-gnu/libsasl2.so.2.0.25
b311c000-b311d000 rw-p 00000000 00:00 0 
b311d000-b3130000 r-xp 00000000 08:16 1448820    /lib/i386-linux-gnu/libresolv-2.19.so
b3130000-b3131000 r--p 00013000 08:16 1448820    /lib/i386-linux-gnu/libresolv-2.19.so
b3131000-b3132000 rw-p 00014000 08:16 1448820    /lib/i386-linux-gnu/libresolv-2.19.so
b3132000-b3134000 rw-p 00000000 00:00 0 
b3134000-b313f000 r-xp 00000000 08:16 134186     /usr/lib/i386-linux-gnu/libkrb5support.so.0.1
b313f000-b3140000 r--p 0000a000 08:16 134186     /usr/lib/i386-linux-gnu/libkrb5support.so.0.1
b3140000-b3141000 rw-p 0000b000 08:16 134186     /usr/lib/i386-linux-gnu/libkrb5support.so.0.1
b3141000-b3144000 r-xp 00000000 08:16 1440057    /lib/i386-linux-gnu/libcom_err.so.2.1
b3144000-b3145000 r--p 00002000 08:16 1440057    /lib/i386-linux-gnu/libcom_err.so.2.1
b3145000-b3146000 rw-p 00003000 08:16 1440057    /lib/i386-linux-gnu/libcom_err.so.2.1
b3146000-b3176000 r-xp 00000000 08:16 134180     /usr/lib/i386-linux-gnu/libk5crypto.so.3.1
b3176000-b3177000 r--p 0002f000 08:16 134180     /usr/lib/i386-linux-gnu/libk5crypto.so.3.1
b3177000-b3178000 rw-p 00030000 08:16 134180     /usr/lib/i386-linux-gnu/libk5crypto.so.3.1
b3178000-b3244000 r-xp 00000000 08:16 134184     /usr/lib/i386-linux-gnu/libkrb5.so.3.3
b3244000-b324b000 r--p 000cc000 08:16 134184     /usr/lib/i386-linux-gnu/libkrb5.so.3.3
b324b000-b324c000 rw-p 000d3000 08:16 134184     /usr/lib/i386-linux-gnu/libkrb5.so.3.3
b324c000-b324d000 rw-p 00000000 00:00 0 
b324d000-b32d6000 r-xp 00000000 08:16 137322     /usr/lib/i386-linux-gnu/libgmp.so.10.2.0
b32d6000-b32d7000 r--p 00088000 08:16 137322     /usr/lib/i386-linux-gnu/libgmp.so.10.2.0
b32d7000-b32d8000 rw-p 00089000 08:16 137322     /usr/lib/i386-linux-gnu/libgmp.so.10.2.0
b32d8000-b330a000 r-xp 00000000 08:16 137614     /usr/lib/i386-linux-gnu/libnettle.so.4.7
b330a000-b330c000 r--p 00031000 08:16 137614     /usr/lib/i386-linux-gnu/libnettle.so.4.7
b330c000-b330d000 rw-p 00033000 08:16 137614     /usr/lib/i386-linux-gnu/libnettle.so.4.7
b330d000-b333a000 r-xp 00000000 08:16 137479     /usr/lib/i386-linux-gnu/libhogweed.so.2.5
b333a000-b333b000 r--p 0002c000 08:16 137479     /usr/lib/i386-linux-gnu/libhogweed.so.2.5
b333b000-b333c000 rw-p 0002d000 08:16 137479     /usr/lib/i386-linux-gnu/libhogweed.so.2.5
b333c000-b3460000 r-xp 00000000 08:16 134178     /usr/lib/i386-linux-gnu/libgnutls-deb0.so.28.30.7
b3460000-b3467000 r--p 00123000 08:16 134178     /usr/lib/i386-linux-gnu/libgnutls-deb0.so.28.30.7
b3467000-b3468000 rw-p 0012a000 08:16 134178     /usr/lib/i386-linux-gnu/libgnutls-deb0.so.28.30.7
b3468000-b3469000 rw-p 00000000 00:00 0 
b3469000-b347c000 r-xp 00000000 08:16 131480     /usr/lib/i386-linux-gnu/libXext.so.6.4.0
b347c000-b347d000 r--p 00012000 08:16 131480     /usr/lib/i386-linux-gnu/libXext.so.6.4.0
b347d000-b347e000 rw-p 00013000 08:16 131480     /usr/lib/i386-linux-gnu/libXext.so.6.4.0
b347e000-b347f000 rw-p 00000000 00:00 0 
b347f000-b34a5000 r-xp 00000000 08:16 1440100    /lib/i386-linux-gnu/libexpat.so.1.6.0
b34a5000-b34a7000 r--p 00026000 08:16 1440100    /lib/i386-linux-gnu/libexpat.so.1.6.0
b34a7000-b34a8000 rw-p 00028000 08:16 1440100    /lib/i386-linux-gnu/libexpat.so.1.6.0
b34a8000-b34b2000 r-xp 00000000 08:16 137703     /usr/lib/i386-linux-gnu/libXrender.so.1.3.0
b34b2000-b34b3000 r--p 00009000 08:16 137703     /usr/lib/i386-linux-gnu/libXrender.so.1.3.0
b34b3000-b34b4000 rw-p 0000a000 08:16 137703     /usr/lib/i386-linux-gnu/libXrender.so.1.3.0
b34b4000-b355f000 r-xp 00000000 08:16 134163     /usr/lib/i386-linux-gnu/libfreetype.so.6.11.1
b355f000-b3563000 r--p 000ab000 08:16 134163     /usr/lib/i386-linux-gnu/libfreetype.so.6.11.1
b3563000-b3564000 rw-p 000af000 08:16 134163     /usr/lib/i386-linux-gnu/libfreetype.so.6.11.1
b3564000-b3569000 r-xp 00000000 08:16 136920     /usr/lib/i386-linux-gnu/libXdmcp.so.6.0.0
b3569000-b356a000 r--p 00004000 08:16 136920     /usr/lib/i386-linux-gnu/libXdmcp.so.6.0.0
b356a000-b356b000 rw-p 00005000 08:16 136920     /usr/lib/i386-linux-gnu/libXdmcp.so.6.0.0
b356b000-b356d000 r-xp 00000000 08:16 136909     /usr/lib/i386-linux-gnu/libXau.so.6.0.0
b356d000-b356e000 r--p 00001000 08:16 136909     /usr/lib/i386-linux-gnu/libXau.so.6.0.0
b356e000-b356f000 rw-p 00002000 08:16 136909     /usr/lib/i386-linux-gnu/libXau.so.6.0.0
b356f000-b3570000 rw-p 00000000 00:00 0 
b3570000-b3630000 r-xp 00000000 08:16 145548     /usr/lib/i386-linux-gnu/libcholmod.so.2.1.2
b3630000-b3631000 r--p 000bf000 08:16 145548     /usr/lib/i386-linux-gnu/libcholmod.so.2.1.2
b3631000-b3632000 rw-p 000c0000 08:16 145548     /usr/lib/i386-linux-gnu/libcholmod.so.2.1.2
b3632000-b3689000 r-xp 00000000 08:16 137551     /usr/lib/i386-linux-gnu/libldap_r-2.4.so.2.8.3
b3689000-b368a000 r--p 00057000 08:16 137551     /usr/lib/i386-linux-gnu/libldap_r-2.4.so.2.8.3
b368a000-b368b000 rw-p 00058000 08:16 137551     /usr/lib/i386-linux-gnu/libldap_r-2.4.so.2.8.3
b368b000-b368c000 rw-p 00000000 00:00 0 
b368c000-b369a000 r-xp 00000000 08:16 137546     /usr/lib/i386-linux-gnu/liblber-2.4.so.2.8.3
b369a000-b369b000 r--p 0000d000 08:16 137546     /usr/lib/i386-linux-gnu/liblber-2.4.so.2.8.3
b369b000-b369c000 rw-p 0000e000 08:16 137546     /usr/lib/i386-linux-gnu/liblber-2.4.so.2.8.3
b369c000-b369d000 rw-p 00000000 00:00 0 
b369d000-b36ea000 r-xp 00000000 08:16 134182     /usr/lib/i386-linux-gnu/libgssapi_krb5.so.2.2
b36ea000-b36ec000 r--p 0004d000 08:16 134182     /usr/lib/i386-linux-gnu/libgssapi_krb5.so.2.2
b36ec000-b36ed000 rw-p 0004f000 08:16 134182     /usr/lib/i386-linux-gnu/libgssapi_krb5.so.2.2
b36ed000-b38a6000 r-xp 00000000 08:16 1443558    /lib/i386-linux-gnu/libcrypto.so.1.0.0
b38a6000-b38b6000 r--p 001b8000 08:16 1443558    /lib/i386-linux-gnu/libcrypto.so.1.0.0
b38b6000-b38bd000 rw-p 001c8000 08:16 1443558    /lib/i386-linux-gnu/libcrypto.so.1.0.0
b38bd000-b38c0000 rw-p 00000000 00:00 0 
b38c0000-b391a000 r-xp 00000000 08:16 1440225    /lib/i386-linux-gnu/libssl.so.1.0.0
b391a000-b391c000 r--p 00059000 08:16 1440225    /lib/i386-linux-gnu/libssl.so.1.0.0
b391c000-b3920000 rw-p 0005b000 08:16 1440225    /lib/i386-linux-gnu/libssl.so.1.0.0
b3920000-b393b000 r-xp 00000000 08:16 137775     /usr/lib/i386-linux-gnu/librtmp.so.1
b393b000-b393c000 r--p 0001a000 08:16 137775     /usr/lib/i386-linux-gnu/librtmp.so.1
b393c000-b393d000 rw-p 0001b000 08:16 137775     /usr/lib/i386-linux-gnu/librtmp.so.1
b393d000-b396e000 r-xp 00000000 08:16 137505     /usr/lib/i386-linux-gnu/libidn.so.11.6.11
b396e000-b396f000 r--p 00030000 08:16 137505     /usr/lib/i386-linux-gnu/libidn.so.11.6.11
b396f000-b3970000 rw-p 00031000 08:16 137505     /usr/lib/i386-linux-gnu/libidn.so.11.6.11
b3970000-b3971000 rw-p 00000000 00:00 0 
b3971000-b3973000 r-xp 00000000 08:16 136946     /usr/lib/i386-linux-gnu/libXss.so.1.0.0
b3973000-b3974000 r--p 00001000 08:16 136946     /usr/lib/i386-linux-gnu/libXss.so.1.0.0
b3974000-b3975000 rw-p 00002000 08:16 136946     /usr/lib/i386-linux-gnu/libXss.so.1.0.0
b3975000-b39af000 r-xp 00000000 08:16 137223     /usr/lib/i386-linux-gnu/libfontconfig.so.1.8.0
b39af000-b39b0000 r--p 0003a000 08:16 137223     /usr/lib/i386-linux-gnu/libfontconfig.so.1.8.0
b39b0000-b39b1000 rw-p 0003b000 08:16 137223     /usr/lib/i386-linux-gnu/libfontconfig.so.1.8.0
b39b1000-b39c5000 r-xp 00000000 08:16 136928     /usr/lib/i386-linux-gnu/libXft.so.2.3.2
b39c5000-b39c6000 r--p 00013000 08:16 136928     /usr/lib/i386-linux-gnu/libXft.so.2.3.2
b39c6000-b39c7000 rw-p 00014000 08:16 136928     /usr/lib/i386-linux-gnu/libXft.so.2.3.2
b39c7000-b39e7000 r-xp 00000000 08:16 138021     /usr/lib/i386-linux-gnu/libxcb.so.1.1.0
b39e7000-b39e8000 r--p 0001f000 08:16 138021     /usr/lib/i386-linux-gnu/libxcb.so.1.1.0
b39e8000-b39e9000 rw-p 00020000 08:16 138021     /usr/lib/i386-linux-gnu/libxcb.so.1.1.0
b39e9000-b39ea000 rw-p 00000000 00:00 0 
b39ea000-b39f2000 r-xp 00000000 08:16 145532     /usr/lib/i386-linux-gnu/libamd.so.2.3.1
b39f2000-b39f3000 r--p 00007000 08:16 145532     /usr/lib/i386-linux-gnu/libamd.so.2.3.1
b39f3000-b39f4000 rw-p 00008000 08:16 145532     /usr/lib/i386-linux-gnu/libamd.so.2.3.1
b39f4000-b3a98000 r-xp 00000000 08:16 145568     /usr/lib/i386-linux-gnu/libumfpack.so.5.6.2
b3a98000-b3a99000 r--p 000a3000 08:16 145568     /usr/lib/i386-linux-gnu/libumfpack.so.5.6.2
b3a99000-b3a9a000 rw-p 000a4000 08:16 145568     /usr/lib/i386-linux-gnu/libumfpack.so.5.6.2
b3a9a000-b3aa1000 r-xp 00000000 08:16 1448813    /lib/i386-linux-gnu/librt-2.19.so
b3aa1000-b3aa2000 r--p 00006000 08:16 1448813    /lib/i386-linux-gnu/librt-2.19.so
b3aa2000-b3aa3000 rw-p 00007000 08:16 1448813    /lib/i386-linux-gnu/librt-2.19.so
b3aa3000-b3abb000 r-xp 00000000 08:16 137336     /usr/lib/i386-linux-gnu/libgomp.so.1.0.0
b3abb000-b3abc000 r--p 00017000 08:16 137336     /usr/lib/i386-linux-gnu/libgomp.so.1.0.0
b3abc000-b3abd000 rw-p 00018000 08:16 137336     /usr/lib/i386-linux-gnu/libgomp.so.1.0.0
b3abd000-b3abe000 rw-p 00000000 00:00 0 
b3abe000-b3aff000 r-xp 00000000 08:16 145562     /usr/lib/i386-linux-gnu/libmatio.so.2.0.2
b3aff000-b3b00000 r--p 00040000 08:16 145562     /usr/lib/i386-linux-gnu/libmatio.so.2.0.2
b3b00000-b3b01000 rw-p 00041000 08:16 145562     /usr/lib/i386-linux-gnu/libmatio.so.2.0.2
b3b01000-b3b8f000 r-xp 00000000 08:16 137743     /usr/lib/i386-linux-gnu/libquadmath.so.0.0.0
b3b8f000-b3b90000 r--p 0008d000 08:16 137743     /usr/lib/i386-linux-gnu/libquadmath.so.0.0.0
b3b90000-b3b91000 rw-p 0008e000 08:16 137743     /usr/lib/i386-linux-gnu/libquadmath.so.0.0.0
b3b91000-b3c9c000 r-xp 00000000 08:16 145546     /usr/lib/i386-linux-gnu/libgfortran.so.3.0.0
b3c9c000-b3c9d000 r--p 0010a000 08:16 145546     /usr/lib/i386-linux-gnu/libgfortran.so.3.0.0
b3c9d000-b3c9e000 rw-p 0010b000 08:16 145546     /usr/lib/i386-linux-gnu/libgfortran.so.3.0.0
b3c9e000-b3cea000 r-xp 00000000 08:16 145579     /usr/lib/libarpack.so.2.0.0
b3cea000-b3ceb000 r--p 0004b000 08:16 145579     /usr/lib/libarpack.so.2.0.0
b3ceb000-b3cec000 rw-p 0004c000 08:16 145579     /usr/lib/libarpack.so.2.0.0
b3cec000-b3ced000 rw-p 00000000 00:00 0 
b3ced000-b3d11000 r-xp 00000000 08:16 1440127    /lib/i386-linux-gnu/liblzma.so.5.0.0
b3d11000-b3d12000 r--p 00023000 08:16 1440127    /lib/i386-linux-gnu/liblzma.so.5.0.0
b3d12000-b3d13000 rw-p 00024000 08:16 1440127    /lib/i386-linux-gnu/liblzma.so.5.0.0
b3d13000-b3d94000 r-xp 00000000 08:16 544141     /usr/lib/libblas/libblas.so.3.0
b3d94000-b3d95000 r--p 00080000 08:16 544141     /usr/lib/libblas/libblas.so.3.0
b3d95000-b3d96000 rw-p 00081000 08:16 544141     /usr/lib/libblas/libblas.so.3.0
b3d96000-b433c000 r-xp 00000000 08:16 544152     /usr/lib/lapack/liblapack.so.3.0
b433c000-b433d000 r--p 005a5000 08:16 544152     /usr/lib/lapack/liblapack.so.3.0
b433d000-b4340000 rw-p 005a6000 08:16 544152     /usr/lib/lapack/liblapack.so.3.0
b4340000-b4341000 r-xp 00000000 08:16 263606     /usr/lib/scilab/libscicommons-disable.so.5.5.0
b4341000-b4342000 r--p 00000000 08:16 263606     /usr/lib/scilab/libscicommons-disable.so.5.5.0
b4342000-b4343000 rw-p 00001000 08:16 263606     /usr/lib/scilab/libscicommons-disable.so.5.5.0
b4343000-b4344000 rw-p 00000000 00:00 0 
b4344000-b4345000 r-xp 00000000 08:16 263591     /usr/lib/scilab/libscihistory_browser-disable.so.5.5.0
b4345000-b4346000 r--p 00000000 08:16 263591     /usr/lib/scilab/libscihistory_browser-disable.so.5.5.0
b4346000-b4347000 rw-p 00001000 08:16 263591     /usr/lib/scilab/libscihistory_browser-disable.so.5.5.0
b4347000-b4348000 r-xp 00000000 08:16 263598     /usr/lib/scilab/libsciui_data-disable.so.5.5.0
b4348000-b4349000 r--p 00000000 08:16 263598     /usr/lib/scilab/libsciui_data-disable.so.5.5.0
b4349000-b434a000 rw-p 00001000 08:16 263598     /usr/lib/scilab/libsciui_data-disable.so.5.5.0
b434a000-b434b000 r-xp 00000000 08:16 263588     /usr/lib/scilab/libsciscinotes-disable.so.5.5.0
b434b000-b434c000 r--p 00000000 08:16 263588     /usr/lib/scilab/libsciscinotes-disable.so.5.5.0
b434c000-b434d000 rw-p 00001000 08:16 263588     /usr/lib/scilab/libsciscinotes-disable.so.5.5.0
b434d000-b434e000 r-xp 00000000 08:16 263571     /usr/lib/scilab/libscigraphic_objects-disable.so.5.5.0
b434e000-b434f000 r--p 00000000 08:16 263571     /usr/lib/scilab/libscigraphic_objects-disable.so.5.5.0
b434f000-b4350000 rw-p 00001000 08:16 263571     /usr/lib/scilab/libscigraphic_objects-disable.so.5.5.0
b4350000-b4351000 r-xp 00000000 08:16 263572     /usr/lib/scilab/libscixcos-disable.so.5.5.0
b4351000-b4352000 r--p 00000000 08:16 263572     /usr/lib/scilab/libscixcos-disable.so.5.5.0
b4352000-b4353000 rw-p 00001000 08:16 263572     /usr/lib/scilab/libscixcos-disable.so.5.5.0
b4353000-b4354000 rw-p 00000000 00:00 0 
b4354000-b4355000 r-xp 00000000 08:16 263582     /usr/lib/scilab/libscijvm-disable.so.5.5.0
b4355000-b4356000 r--p 00000000 08:16 263582     /usr/lib/scilab/libscijvm-disable.so.5.5.0
b4356000-b4357000 rw-p 00001000 08:16 263582     /usr/lib/scilab/libscijvm-disable.so.5.5.0
b4357000-b4358000 r-xp 00000000 08:16 263581     /usr/lib/scilab/libsciaction_binding-disable.so.5.5.0
b4358000-b4359000 r--p 00000000 08:16 263581     /usr/lib/scilab/libsciaction_binding-disable.so.5.5.0
b4359000-b435a000 rw-p 00001000 08:16 263581     /usr/lib/scilab/libsciaction_binding-disable.so.5.5.0
b435a000-b435b000 r-xp 00000000 08:16 263593     /usr/lib/scilab/libscigraphic_export-disable.so.5.5.0
b435b000-b435c000 r--p 00000000 08:16 263593     /usr/lib/scilab/libscigraphic_export-disable.so.5.5.0
b435c000-b435d000 rw-p 00001000 08:16 263593     /usr/lib/scilab/libscigraphic_export-disable.so.5.5.0
b435d000-b435f000 r-xp 00000000 08:16 263605     /usr/lib/scilab/libscigraphics-disable.so.5.5.0
b435f000-b4360000 r--p 00001000 08:16 263605     /usr/lib/scilab/libscigraphics-disable.so.5.5.0
b4360000-b4361000 rw-p 00002000 08:16 263605     /usr/lib/scilab/libscigraphics-disable.so.5.5.0
b4361000-b4363000 r-xp 00000000 08:16 263602     /usr/lib/scilab/libscigui-disable.so.5.5.0
b4363000-b4364000 r--p 00001000 08:16 263602     /usr/lib/scilab/libscigui-disable.so.5.5.0
b4364000-b4365000 rw-p 00002000 08:16 263602     /usr/lib/scilab/libscigui-disable.so.5.5.0
b4365000-b4366000 rw-p 00000000 00:00 0 
b4366000-b4536000 r-xp 00000000 08:16 141550     /usr/lib/i386-linux-gnu/libfftw3.so.3.4.4
b4536000-b4542000 r--p 001cf000 08:16 141550     /usr/lib/i386-linux-gnu/libfftw3.so.3.4.4
b4542000-b4543000 rw-p 001db000 08:16 141550     /usr/lib/i386-linux-gnu/libfftw3.so.3.4.4
b4543000-b4563000 r-xp 00000000 08:16 145557     /usr/lib/i386-linux-gnu/libhdf5_hl.so.7.1.1
b4563000-b4564000 r--p 0001f000 08:16 145557     /usr/lib/i386-linux-gnu/libhdf5_hl.so.7.1.1
b4564000-b4565000 rw-p 00020000 08:16 145557     /usr/lib/i386-linux-gnu/libhdf5_hl.so.7.1.1
b4565000-b4576000 rw-p 00000000 00:00 0 
b4576000-b483b000 r-xp 00000000 08:16 145556     /usr/lib/i386-linux-gnu/libhdf5.so.7.1.1
b483b000-b483e000 r--p 002c4000 08:16 145556     /usr/lib/i386-linux-gnu/libhdf5.so.7.1.1
b483e000-b4841000 rw-p 002c7000 08:16 145556     /usr/lib/i386-linux-gnu/libhdf5.so.7.1.1
b4841000-b4842000 rw-p 00000000 00:00 0 
b4842000-b4844000 r-xp 00000000 08:16 137688     /usr/lib/i386-linux-gnu/libpcreposix.so.3.13.1
b4844000-b4845000 r--p 00001000 08:16 137688     /usr/lib/i386-linux-gnu/libpcreposix.so.3.13.1
b4845000-b4846000 rw-p 00002000 08:16 137688     /usr/lib/i386-linux-gnu/libpcreposix.so.3.13.1
b4846000-b48ba000 r-xp 00000000 08:16 135414     /usr/lib/i386-linux-gnu/libcurl.so.4.3.0
b48ba000-b48bc000 r--p 00074000 08:16 135414     /usr/lib/i386-linux-gnu/libcurl.so.4.3.0
b48bc000-b48bd000 rw-p 00076000 08:16 135414     /usr/lib/i386-linux-gnu/libcurl.so.4.3.0
b48bd000-b48be000 rw-p 00000000 00:00 0 
b48be000-b4fc7000 r-xp 00000000 08:16 548160     /usr/lib/jvm/java-7-openjdk-i386/jre/lib/i386/client/libjvm.so
b4fc7000-b4fdf000 r--p 00708000 08:16 548160     /usr/lib/jvm/java-7-openjdk-i386/jre/lib/i386/client/libjvm.so
b4fdf000-b4fee000 rw-p 00720000 08:16 548160     /usr/lib/jvm/java-7-openjdk-i386/jre/lib/i386/client/libjvm.so
b4fee000-b5408000 rw-p 00000000 00:00 0 
b5408000-b5416000 r-xp 00000000 08:16 548158     /usr/lib/jvm/java-7-openjdk-i386/jre/lib/i386/libverify.so
b5416000-b5418000 r--p 0000d000 08:16 548158     /usr/lib/jvm/java-7-openjdk-i386/jre/lib/i386/libverify.so
b5418000-b5419000 rw-p 0000f000 08:16 548158     /usr/lib/jvm/java-7-openjdk-i386/jre/lib/i386/libverify.so
b5419000-b543f000 r-xp 00000000 08:16 544018     /usr/lib/jvm/java-7-openjdk-i386/jre/lib/i386/libjava.so
b543f000-b5440000 r--p 00025000 08:16 544018     /usr/lib/jvm/java-7-openjdk-i386/jre/lib/i386/libjava.so
b5440000-b5441000 rw-p 00026000 08:16 544018     /usr/lib/jvm/java-7-openjdk-i386/jre/lib/i386/libjava.so
b5441000-b557f000 r-xp 00000000 08:16 145564     /usr/lib/i386-linux-gnu/libtcl8.5.so
b557f000-b5583000 r--p 0013d000 08:16 145564     /usr/lib/i386-linux-gnu/libtcl8.5.so
b5583000-b5587000 rw-p 00141000 08:16 145564     /usr/lib/i386-linux-gnu/libtcl8.5.so
b5587000-b5588000 rw-p 00000000 00:00 0 
b5588000-b56a9000 r-xp 00000000 08:16 145566     /usr/lib/i386-linux-gnu/libtk8.5.so
b56a9000-b56b1000 r--p 00121000 08:16 145566     /usr/lib/i386-linux-gnu/libtk8.5.so
b56b1000-b56ba000 rw-p 00129000 08:16 145566     /usr/lib/i386-linux-gnu/libtk8.5.so
b56ba000-b56bc000 rw-p 00000000 00:00 0 
b56bc000-b56d4000 r-xp 00000000 08:16 1448822    /lib/i386-linux-gnu/libpthread-2.19.so
b56d4000-b56d6000 r--p 00017000 08:16 1448822    /lib/i386-linux-gnu/libpthread-2.19.so
b56d6000-b56d7000 rw-p 00019000 08:16 1448822    /lib/i386-linux-gnu/libpthread-2.19.so
b56d7000-b56d9000 rw-p 00000000 00:00 0 
b56d9000-b5820000 r-xp 00000000 08:16 136905     /usr/lib/i386-linux-gnu/libX11.so.6.3.0
b5820000-b5821000 r--p 00146000 08:16 136905     /usr/lib/i386-linux-gnu/libX11.so.6.3.0
b5821000-b5823000 rw-p 00147000 08:16 136905     /usr/lib/i386-linux-gnu/libX11.so.6.3.0
b5823000-b5824000 rw-p 00000000 00:00 0 
b5824000-b5828000 r-xp 00000000 08:16 1443608    /lib/i386-linux-gnu/libuuid.so.1.3.0
b5828000-b5829000 r--p 00003000 08:16 1443608    /lib/i386-linux-gnu/libuuid.so.1.3.0
b5829000-b582a000 rw-p 00004000 08:16 1443608    /lib/i386-linux-gnu/libuuid.so.1.3.0
b582a000-b5840000 r-xp 00000000 08:16 136783     /usr/lib/i386-linux-gnu/libICE.so.6.3.0
b5840000-b5841000 r--p 00015000 08:16 136783     /usr/lib/i386-linux-gnu/libICE.so.6.3.0
b5841000-b5842000 rw-p 00016000 08:16 136783     /usr/lib/i386-linux-gnu/libICE.so.6.3.0
b5842000-b5844000 rw-p 00000000 00:00 0 
b5844000-b59eb000 r-xp 00000000 08:16 1448825    /lib/i386-linux-gnu/libc-2.19.so
b59eb000-b59ed000 r--p 001a7000 08:16 1448825    /lib/i386-linux-gnu/libc-2.19.so
b59ed000-b59ee000 rw-p 001a9000 08:16 1448825    /lib/i386-linux-gnu/libc-2.19.so
b59ee000-b59f2000 rw-p 00000000 00:00 0 
b59f2000-b5a0e000 r-xp 00000000 08:16 1440105    /lib/i386-linux-gnu/libgcc_s.so.1
b5a0e000-b5a0f000 r--p 0001b000 08:16 1440105    /lib/i386-linux-gnu/libgcc_s.so.1
b5a0f000-b5a10000 rw-p 0001c000 08:16 1440105    /lib/i386-linux-gnu/libgcc_s.so.1
b5a10000-b5a54000 r-xp 00000000 08:16 1448819    /lib/i386-linux-gnu/libm-2.19.so
b5a54000-b5a55000 r--p 00043000 08:16 1448819    /lib/i386-linux-gnu/libm-2.19.so
b5a55000-b5a56000 rw-p 00044000 08:16 1448819    /lib/i386-linux-gnu/libm-2.19.so
b5a56000-b5b3f000 r-xp 00000000 08:16 137855     /usr/lib/i386-linux-gnu/libstdc++.so.6.0.20
b5b3f000-b5b43000 r--p 000e9000 08:16 137855     /usr/lib/i386-linux-gnu/libstdc++.so.6.0.20
b5b43000-b5b44000 rw-p 000ed000 08:16 137855     /usr/lib/i386-linux-gnu/libstdc++.so.6.0.20
b5b44000-b5b4b000 rw-p 00000000 00:00 0 
b5b4b000-b5e02000 r-xp 00000000 08:16 145236     /usr/lib/i386-linux-gnu/libmysqlclient.so.18.0.0
b5e02000-b5e06000 r--p 002b7000 08:16 145236     /usr/lib/i386-linux-gnu/libmysqlclient.so.18.0.0
b5e06000-b5e7c000 rw-p 002bb000 08:16 145236     /usr/lib/i386-linux-gnu/libmysqlclient.so.18.0.0
b5e7c000-b5e7f000 rw-p 00000000 00:00 0 
b5e7f000-b5e97000 r-xp 00000000 08:16 1440109    /lib/i386-linux-gnu/libz.so.1.2.8_sav
b5e97000-b5e98000 r--p 00017000 08:16 1440109    /lib/i386-linux-gnu/libz.so.1.2.8_sav
b5e98000-b5e99000 rw-p 00018000 08:16 1440109    /lib/i386-linux-gnu/libz.so.1.2.8_sav
b5e99000-b5e9a000 rw-p 00000000 00:00 0 
b5e9a000-b5ed2000 r-xp 00000000 08:16 263590     /usr/lib/scilab/libscixml.so.5.5.0
b5ed2000-b5ed3000 r--p 00037000 08:16 263590     /usr/lib/scilab/libscixml.so.5.5.0
b5ed3000-b5ed4000 rw-p 00038000 08:16 263590     /usr/lib/scilab/libscixml.so.5.5.0
b5ed4000-b5ee3000 r-xp 00000000 08:16 263831     /usr/lib/scilab/libscixcos.so.5.5.0
b5ee3000-b5ee4000 r--p 0000e000 08:16 263831     /usr/lib/scilab/libscixcos.so.5.5.0
b5ee4000-b5ee5000 rw-p 0000f000 08:16 263831     /usr/lib/scilab/libscixcos.so.5.5.0
b5ee5000-b5ef6000 r-xp 00000000 08:16 263577     /usr/lib/scilab/libsciumfpack.so.5.5.0
b5ef6000-b5ef7000 r--p 00011000 08:16 263577     /usr/lib/scilab/libsciumfpack.so.5.5.0
b5ef7000-b5ef8000 rw-p 00012000 08:16 263577     /usr/lib/scilab/libsciumfpack.so.5.5.0
b5ef8000-b5f11000 r-xp 00000000 08:16 263826     /usr/lib/scilab/libsciui_data.so.5.5.0
b5f11000-b5f13000 r--p 00018000 08:16 263826     /usr/lib/scilab/libsciui_data.so.5.5.0
b5f13000-b5f14000 rw-p 0001a000 08:16 263826     /usr/lib/scilab/libsciui_data.so.5.5.0
b5f14000-b5f2e000 r-xp 00000000 08:16 263828     /usr/lib/scilab/libscitypes.so.5.5.0
b5f2e000-b5f2f000 r--p 00019000 08:16 263828     /usr/lib/scilab/libscitypes.so.5.5.0
b5f2f000-b5f30000 rw-p 0001a000 08:16 263828     /usr/lib/scilab/libscitypes.so.5.5.0
b5f30000-b5f31000 rw-p 00000000 00:00 0 
b5f31000-b5f3c000 r-xp 00000000 08:16 263595     /usr/lib/scilab/libscitclsci.so.5.5.0
b5f3c000-b5f3d000 r--p 0000a000 08:16 263595     /usr/lib/scilab/libscitclsci.so.5.5.0
b5f3d000-b5f3e000 rw-p 0000b000 08:16 263595     /usr/lib/scilab/libscitclsci.so.5.5.0
b5f3e000-b5f43000 r-xp 00000000 08:16 263601     /usr/lib/scilab/libscisymbolic.so.5.5.0
b5f43000-b5f44000 r--p 00004000 08:16 263601     /usr/lib/scilab/libscisymbolic.so.5.5.0
b5f44000-b5f45000 rw-p 00005000 08:16 263601     /usr/lib/scilab/libscisymbolic.so.5.5.0
b5f45000-b5fff000 rw-p 00000000 00:00 0 
b5fff000-b602c000 r-xp 00000000 08:16 263570     /usr/lib/scilab/libscisundials.so.5.5.0
b602c000-b602d000 r--p 0002c000 08:16 263570     /usr/lib/scilab/libscisundials.so.5.5.0
b602d000-b602e000 rw-p 0002d000 08:16 263570     /usr/lib/scilab/libscisundials.so.5.5.0
b602e000-b604b000 r-xp 00000000 08:16 263585     /usr/lib/scilab/libscistatistics.so.5.5.0
b604b000-b604c000 r--p 0001c000 08:16 263585     /usr/lib/scilab/libscistatistics.so.5.5.0
b604c000-b604d000 rw-p 0001d000 08:16 263585     /usr/lib/scilab/libscistatistics.so.5.5.0
b604d000-b6107000 rw-p 00000000 00:00 0 
b6107000-b6123000 r-xp 00000000 08:16 263587     /usr/lib/scilab/libscispreadsheet.so.5.5.0
b6123000-b6124000 r--p 0001b000 08:16 263587     /usr/lib/scilab/libscispreadsheet.so.5.5.0
b6124000-b6125000 rw-p 0001c000 08:16 263587     /usr/lib/scilab/libscispreadsheet.so.5.5.0
b6125000-b6126000 rw-p 00000000 00:00 0 
b6126000-b6145000 r-xp 00000000 08:16 263603     /usr/lib/scilab/libscispecial_functions.so.5.5.0
b6145000-b6146000 r--p 0001e000 08:16 263603     /usr/lib/scilab/libscispecial_functions.so.5.5.0
b6146000-b6147000 rw-p 0001f000 08:16 263603     /usr/lib/scilab/libscispecial_functions.so.5.5.0
b6147000-b6149000 r-xp 00000000 08:16 263578     /usr/lib/scilab/libscisound.so.5.5.0
b6149000-b614a000 r--p 00001000 08:16 263578     /usr/lib/scilab/libscisound.so.5.5.0
b614a000-b614b000 rw-p 00002000 08:16 263578     /usr/lib/scilab/libscisound.so.5.5.0
b614b000-b6167000 r-xp 00000000 08:16 263592     /usr/lib/scilab/libscisignal_processing.so.5.5.0
b6167000-b6168000 r--p 0001b000 08:16 263592     /usr/lib/scilab/libscisignal_processing.so.5.5.0
b6168000-b6169000 rw-p 0001c000 08:16 263592     /usr/lib/scilab/libscisignal_processing.so.5.5.0
b6169000-b6223000 rw-p 00000000 00:00 0 
b6223000-b622a000 r-xp 00000000 08:16 263838     /usr/lib/scilab/libsciscinotes.so.5.5.0
b622a000-b622b000 r--p 00006000 08:16 263838     /usr/lib/scilab/libsciscinotes.so.5.5.0
b622b000-b622c000 rw-p 00007000 08:16 263838     /usr/lib/scilab/libsciscinotes.so.5.5.0
b622c000-b627c000 r-xp 00000000 08:16 263844     /usr/lib/scilab/libsciscicos-cli.so.5.5.0
b627c000-b627e000 r--p 00050000 08:16 263844     /usr/lib/scilab/libsciscicos-cli.so.5.5.0
b627e000-b6280000 rw-p 00052000 08:16 263844     /usr/lib/scilab/libsciscicos-cli.so.5.5.0
b6280000-b633d000 rw-p 00000000 00:00 0 
b633d000-b638f000 r-xp 00000000 08:16 263836     /usr/lib/scilab/libsciscicos_blocks-cli.so.5.5.0
b638f000-b6390000 r--p 00051000 08:16 263836     /usr/lib/scilab/libsciscicos_blocks-cli.so.5.5.0
b6390000-b6391000 rw-p 00052000 08:16 263836     /usr/lib/scilab/libsciscicos_blocks-cli.so.5.5.0
b6391000-b644d000 rw-p 00000000 00:00 0 
b644d000-b64a1000 r-xp 00000000 08:16 263839     /usr/lib/scilab/libsciscicos_blocks.so.5.5.0
b64a1000-b64a2000 r--p 00053000 08:16 263839     /usr/lib/scilab/libsciscicos_blocks.so.5.5.0
b64a2000-b64a3000 rw-p 00054000 08:16 263839     /usr/lib/scilab/libsciscicos_blocks.so.5.5.0
b64a3000-b655f000 rw-p 00000000 00:00 0 
b655f000-b65af000 r-xp 00000000 08:16 263840     /usr/lib/scilab/libsciscicos.so.5.5.0
b65af000-b65b1000 r--p 00050000 08:16 263840     /usr/lib/scilab/libsciscicos.so.5.5.0
b65b1000-b65b3000 rw-p 00052000 08:16 263840     /usr/lib/scilab/libsciscicos.so.5.5.0
b65b3000-b666f000 rw-p 00000000 00:00 0 
b666f000-b6679000 r-xp 00000000 08:16 263835     /usr/lib/scilab/libscirenderer.so.5.5.0
b6679000-b667a000 r--p 00009000 08:16 263835     /usr/lib/scilab/libscirenderer.so.5.5.0
b667a000-b667b000 rw-p 0000a000 08:16 263835     /usr/lib/scilab/libscirenderer.so.5.5.0
b667b000-b668d000 r-xp 00000000 08:16 263573     /usr/lib/scilab/libscirandlib.so.5.5.0
b668d000-b668e000 r--p 00011000 08:16 263573     /usr/lib/scilab/libscirandlib.so.5.5.0
b668e000-b668f000 rw-p 00012000 08:16 263573     /usr/lib/scilab/libscirandlib.so.5.5.0
b668f000-b674c000 rw-p 00000000 00:00 0 
b674c000-b674e000 r-xp 00000000 08:16 263589     /usr/lib/scilab/libscipreferences-cli.so.5.5.0
b674e000-b674f000 r--p 00002000 08:16 263589     /usr/lib/scilab/libscipreferences-cli.so.5.5.0
b674f000-b6750000 rw-p 00003000 08:16 263589     /usr/lib/scilab/libscipreferences-cli.so.5.5.0
b6750000-b6756000 r-xp 00000000 08:16 263851     /usr/lib/scilab/libscipreferences.so.5.5.0
b6756000-b6757000 r--p 00005000 08:16 263851     /usr/lib/scilab/libscipreferences.so.5.5.0
b6757000-b6758000 rw-p 00006000 08:16 263851     /usr/lib/scilab/libscipreferences.so.5.5.0
b6758000-b675f000 r-xp 00000000 08:16 263580     /usr/lib/scilab/libsciparallel.so.5.5.0
b675f000-b6760000 r--p 00006000 08:16 263580     /usr/lib/scilab/libsciparallel.so.5.5.0
b6760000-b6761000 rw-p 00007000 08:16 263580     /usr/lib/scilab/libsciparallel.so.5.5.0
b6761000-b67bd000 r-xp 00000000 08:16 263575     /usr/lib/scilab/libscioptimization.so.5.5.0
b67bd000-b67be000 r--p 0005b000 08:16 263575     /usr/lib/scilab/libscioptimization.so.5.5.0
b67be000-b67bf000 rw-p 0005c000 08:16 263575     /usr/lib/scilab/libscioptimization.so.5.5.0
b67bf000-b6879000 rw-p 00000000 00:00 0 
b6879000-b6887000 r-xp 00000000 08:16 263599     /usr/lib/scilab/libscimatio.so.5.5.0
b6887000-b6888000 r--p 0000d000 08:16 263599     /usr/lib/scilab/libscimatio.so.5.5.0
b6888000-b6889000 rw-p 0000e000 08:16 263599     /usr/lib/scilab/libscimatio.so.5.5.0
b6889000-b688a000 rw-p 00000000 00:00 0 
b688a000-b6890000 r-xp 00000000 08:16 263597     /usr/lib/scilab/libscilocalization.so.5.5.0
b6890000-b6891000 r--p 00005000 08:16 263597     /usr/lib/scilab/libscilocalization.so.5.5.0
b6891000-b6898000 rw-p 00006000 08:16 263597     /usr/lib/scilab/libscilocalization.so.5.5.0
b6898000-b6d0a000 r-xp 00000000 08:16 263574     /usr/lib/scilab/libscilab-cli.so.0.0.0
b6d0a000-b6d0b000 r--p 00472000 08:16 263574     /usr/lib/scilab/libscilab-cli.so.0.0.0
b6d0b000-b6d13000 rw-p 00473000 08:16 263574     /usr/lib/scilab/libscilab-cli.so.0.0.0
b6d13000-b6e62000 rw-p 00000000 00:00 0 
b6e62000-b6e6b000 r-xp 00000000 08:16 263845     /usr/lib/scilab/libscijvm.so.5.5.0
b6e6b000-b6e6c000 r--p 00008000 08:16 263845     /usr/lib/scilab/libscijvm.so.5.5.0
b6e6c000-b6e6d000 rw-p 00009000 08:16 263845     /usr/lib/scilab/libscijvm.so.5.5.0
b6e6d000-b6e83000 r-xp 00000000 08:16 263594     /usr/lib/scilab/libsciinterpolation.so.5.5.0
b6e83000-b6e84000 r--p 00015000 08:16 263594     /usr/lib/scilab/libsciinterpolation.so.5.5.0
b6e84000-b6e85000 rw-p 00016000 08:16 263594     /usr/lib/scilab/libsciinterpolation.so.5.5.0
b6e85000-b6e95000 r-xp 00000000 08:16 263583     /usr/lib/scilab/libscihistory_manager.so.5.5.0
b6e95000-b6e96000 r--p 0000f000 08:16 263583     /usr/lib/scilab/libscihistory_manager.so.5.5.0
b6e96000-b6e97000 rw-p 00010000 08:16 263583     /usr/lib/scilab/libscihistory_manager.so.5.5.0
b6e97000-b6e98000 rw-p 00000000 00:00 0 
b6e98000-b6e9d000 r-xp 00000000 08:16 263834     /usr/lib/scilab/libscihistory_browser.so.5.5.0
b6e9d000-b6e9e000 r--p 00004000 08:16 263834     /usr/lib/scilab/libscihistory_browser.so.5.5.0
b6e9e000-b6e9f000 rw-p 00005000 08:16 263834     /usr/lib/scilab/libscihistory_browser.so.5.5.0
b6e9f000-b6ea8000 r-xp 00000000 08:16 263827     /usr/lib/scilab/libscihelptools.so.5.5.0
b6ea8000-b6ea9000 r--p 00008000 08:16 263827     /usr/lib/scilab/libscihelptools.so.5.5.0
b6ea9000-b6eaa000 rw-p 00009000 08:16 263827     /usr/lib/scilab/libscihelptools.so.5.5.0
b6eaa000-b6f6a000 r-xp 00000000 08:16 263579     /usr/lib/scilab/libscihdf5.so.5.5.0
b6f6a000-b6f6e000 r--p 000bf000 08:16 263579     /usr/lib/scilab/libscihdf5.so.5.5.0
b6f6e000-b6f6f000 rw-p 000c3000 08:16 263579     /usr/lib/scilab/libscihdf5.so.5.5.0
b6f6f000-b6fdb000 r-xp 00000000 08:16 263852     /usr/lib/scilab/libscigui.so.5.5.0
b6fdb000-b6fdc000 r--p 0006c000 08:16 263852     /usr/lib/scilab/libscigui.so.5.5.0
b6fdc000-b6fdd000 rw-p 0006d000 08:16 263852     /usr/lib/scilab/libscigui.so.5.5.0
b6fdd000-b7070000 r-xp 00000000 08:16 263850     /usr/lib/scilab/libscigraphics.so.5.5.0
b7070000-b7072000 r--p 00092000 08:16 263850     /usr/lib/scilab/libscigraphics.so.5.5.0
b7072000-b7074000 rw-p 00094000 08:16 263850     /usr/lib/scilab/libscigraphics.so.5.5.0
b7074000-b7075000 rw-p 00000000 00:00 0 
b7075000-b70f7000 r-xp 00000000 08:16 263837     /usr/lib/scilab/libscigraphic_objects.so.5.5.0
b70f7000-b70f9000 r--p 00081000 08:16 263837     /usr/lib/scilab/libscigraphic_objects.so.5.5.0
b70f9000-b70fa000 rw-p 00083000 08:16 263837     /usr/lib/scilab/libscigraphic_objects.so.5.5.0
b70fa000-b71b8000 rw-p 00000000 00:00 0 
b71b8000-b71c1000 r-xp 00000000 08:16 263833     /usr/lib/scilab/libscigraphic_export.so.5.5.0
b71c1000-b71c2000 r--p 00008000 08:16 263833     /usr/lib/scilab/libscigraphic_export.so.5.5.0
b71c2000-b71c3000 rw-p 00009000 08:16 263833     /usr/lib/scilab/libscigraphic_export.so.5.5.0
b71c3000-b71cd000 r-xp 00000000 08:16 263604     /usr/lib/scilab/libscifunctions.so.5.5.0
b71cd000-b71ce000 r--p 00009000 08:16 263604     /usr/lib/scilab/libscifunctions.so.5.5.0
b71ce000-b71cf000 rw-p 0000a000 08:16 263604     /usr/lib/scilab/libscifunctions.so.5.5.0
b71cf000-b7289000 rw-p 00000000 00:00 0 
b7289000-b72c2000 r-xp 00000000 08:16 263846     /usr/lib/scilab/libsciexternal_objects_java.so.5.5.0
b72c2000-b72c3000 r--p 00038000 08:16 263846     /usr/lib/scilab/libsciexternal_objects_java.so.5.5.0
b72c3000-b72c4000 rw-p 00039000 08:16 263846     /usr/lib/scilab/libsciexternal_objects_java.so.5.5.0
b72c4000-b72ed000 r-xp 00000000 08:16 263600     /usr/lib/scilab/libsciexternal_objects.so.5.5.0
b72ed000-b72ee000 r--p 00028000 08:16 263600     /usr/lib/scilab/libsciexternal_objects.so.5.5.0
b72ee000-b72ef000 rw-p 00029000 08:16 263600     /usr/lib/scilab/libsciexternal_objects.so.5.5.0
b72ef000-b72f0000 rw-p 00000000 00:00 0 
b72f0000-b72fb000 r-xp 00000000 08:16 263586     /usr/lib/scilab/libsciconsole-minimal.so.5.5.0
b72fb000-b72fc000 r--p 0000a000 08:16 263586     /usr/lib/scilab/libsciconsole-minimal.so.5.5.0
b72fc000-b72fd000 rw-p 0000b000 08:16 263586     /usr/lib/scilab/libsciconsole-minimal.so.5.5.0
b72fd000-b7306000 r-xp 00000000 08:16 263832     /usr/lib/scilab/libsciconsole.so.5.5.0
b7306000-b7307000 r--p 00008000 08:16 263832     /usr/lib/scilab/libsciconsole.so.5.5.0
b7307000-b7308000 rw-p 00009000 08:16 263832     /usr/lib/scilab/libsciconsole.so.5.5.0
b7308000-b7319000 r-xp 00000000 08:16 263576     /usr/lib/scilab/libscicompletion.so.5.5.0
b7319000-b731a000 r--p 00010000 08:16 263576     /usr/lib/scilab/libscicompletion.so.5.5.0
b731a000-b731b000 rw-p 00011000 08:16 263576     /usr/lib/scilab/libscicompletion.so.5.5.0
b731b000-b7324000 r-xp 00000000 08:16 263829     /usr/lib/scilab/libscicommons.so.5.5.0
b7324000-b7325000 r--p 00008000 08:16 263829     /usr/lib/scilab/libscicommons.so.5.5.0
b7325000-b7326000 rw-p 00009000 08:16 263829     /usr/lib/scilab/libscicommons.so.5.5.0
b7326000-b732a000 r-xp 00000000 08:16 263584     /usr/lib/scilab/libscicall_scilab.so.5.5.0
b732a000-b732b000 r--p 00003000 08:16 263584     /usr/lib/scilab/libscicall_scilab.so.5.5.0
b732b000-b732c000 rw-p 00004000 08:16 263584     /usr/lib/scilab/libscicall_scilab.so.5.5.0
b732c000-b732d000 rw-p 00000000 00:00 0 
b732d000-b7341000 r-xp 00000000 08:16 263596     /usr/lib/scilab/libsciarnoldi.so.5.5.0
b7341000-b7342000 r--p 00013000 08:16 263596     /usr/lib/scilab/libsciarnoldi.so.5.5.0
b7342000-b7343000 rw-p 00014000 08:16 263596     /usr/lib/scilab/libsciarnoldi.so.5.5.0
b7343000-b7347000 r-xp 00000000 08:16 263830     /usr/lib/scilab/libsciaction_binding.so.5.5.0
b7347000-b7348000 r--p 00003000 08:16 263830     /usr/lib/scilab/libsciaction_binding.so.5.5.0
b7348000-b7349000 rw-p 00004000 08:16 263830     /usr/lib/scilab/libsciaction_binding.so.5.5.0
b7349000-b73b8000 r-xp 00000000 08:16 1440187    /lib/i386-linux-gnu/libpcre.so.3.13.1
b73b8000-b73b9000 r--p 0006e000 08:16 1440187    /lib/i386-linux-gnu/libpcre.so.3.13.1
b73b9000-b73ba000 rw-p 0006f000 08:16 1440187    /lib/i386-linux-gnu/libpcre.so.3.13.1
b73ba000-b7533000 r-xp 00000000 08:16 138029     /usr/lib/i386-linux-gnu/libxml2.so.2.9.1
b7533000-b7539000 r--p 00179000 08:16 138029     /usr/lib/i386-linux-gnu/libxml2.so.2.9.1
b7539000-b753a000 rw-p 0017f000 08:16 138029     /usr/lib/i386-linux-gnu/libxml2.so.2.9.1
b753a000-b753b000 rw-p 00000000 00:00 0 
b753b000-b753c000 r-xp 00000000 08:16 263825     /usr/lib/scilab/libscilab.so.0.0.0
b753c000-b753d000 r--p 00000000 08:16 263825     /usr/lib/scilab/libscilab.so.0.0.0
b753d000-b753e000 rw-p 00001000 08:16 263825     /usr/lib/scilab/libscilab.so.0.0.0
b753e000-b753f000 rw-p 00000000 00:00 0 
b753f000-b7542000 r-xp 00000000 08:16 1448831    /lib/i386-linux-gnu/libdl-2.19.so
b7542000-b7543000 r--p 00002000 08:16 1448831    /lib/i386-linux-gnu/libdl-2.19.so
b7543000-b7544000 rw-p 00003000 08:16 1448831    /lib/i386-linux-gnu/libdl-2.19.so
b7544000-b7602000 r-xp 00000000 08:16 221633     /usr/lib/i386-linux-gnu/libtcl8.4.so
b7602000-b7603000 ---p 000be000 08:16 221633     /usr/lib/i386-linux-gnu/libtcl8.4.so
b7603000-b7605000 r--p 000be000 08:16 221633     /usr/lib/i386-linux-gnu/libtcl8.4.so
b7605000-b7609000 rw-p 000c0000 08:16 221633     /usr/lib/i386-linux-gnu/libtcl8.4.so
b7609000-b76ed000 r-xp 00000000 08:16 221635     /usr/lib/i386-linux-gnu/libtk8.4.so
b76ed000-b76f3000 r--p 000e3000 08:16 221635     /usr/lib/i386-linux-gnu/libtk8.4.so
b76f3000-b76f9000 rw-p 000e9000 08:16 221635     /usr/lib/i386-linux-gnu/libtk8.4.so
b76f9000-b76fa000 rw-p 00000000 00:00 0 
b76fa000-b771a000 r-xp 00000000 08:16 1440232    /lib/i386-linux-gnu/libtinfo.so.5.9
b771a000-b771c000 r--p 00020000 08:16 1440232    /lib/i386-linux-gnu/libtinfo.so.5.9
b771c000-b771d000 rw-p 00022000 08:16 1440232    /lib/i386-linux-gnu/libtinfo.so.5.9
b771d000-b7743000 r-xp 00000000 08:16 1440138    /lib/i386-linux-gnu/libncurses.so.5.9
b7743000-b7744000 r--p 00025000 08:16 1440138    /lib/i386-linux-gnu/libncurses.so.5.9
b7744000-b7745000 rw-p 00026000 08:16 1440138    /lib/i386-linux-gnu/libncurses.so.5.9
b7745000-b7746000 rw-p 00000000 00:00 0 
b7746000-b774d000 r-xp 00000000 08:16 136901     /usr/lib/i386-linux-gnu/libSM.so.6.0.1
b774d000-b774e000 r--p 00006000 08:16 136901     /usr/lib/i386-linux-gnu/libSM.so.6.0.1
b774e000-b774f000 rw-p 00007000 08:16 136901     /usr/lib/i386-linux-gnu/libSM.so.6.0.1
b774f000-b7750000 r--s 00002000 08:16 558363     /usr/lib/jvm/java-7-openjdk-i386/jre/lib/ext/dnsns.jar
b7750000-b7751000 r--p 00859000 08:16 140341     /usr/lib/locale/locale-archive
b7751000-b7759000 rw-s 00000000 08:16 1329600    /tmp/hsperfdata_frederickerdraon/16701
b7759000-b7763000 r-xp 00000000 08:16 1448812    /lib/i386-linux-gnu/libnss_nis-2.19.so
b7763000-b7764000 r--p 00009000 08:16 1448812    /lib/i386-linux-gnu/libnss_nis-2.19.so
b7764000-b7765000 rw-p 0000a000 08:16 1448812    /lib/i386-linux-gnu/libnss_nis-2.19.so
b7765000-b776c000 r-xp 00000000 08:16 1448826    /lib/i386-linux-gnu/libnss_compat-2.19.so
b776c000-b776d000 r--p 00006000 08:16 1448826    /lib/i386-linux-gnu/libnss_compat-2.19.so
b776d000-b776e000 rw-p 00007000 08:16 1448826    /lib/i386-linux-gnu/libnss_compat-2.19.so
b776e000-b776f000 rw-p 00000000 00:00 0 
b776f000-b7770000 r--p 00000000 00:00 0 
b7770000-b7771000 r--p 00855000 08:16 140341     /usr/lib/locale/locale-archive
b7771000-b7772000 rw-s 00000000 00:04 67208      /dev/zero (deleted)
b7772000-b7773000 rw-p 00000000 00:00 0 
b7773000-b7774000 rw-s 00000000 00:04 67207      /dev/zero (deleted)
b7774000-b7775000 rw-s 00000000 00:04 67206      /dev/zero (deleted)
b7775000-b7777000 rw-p 00000000 00:00 0 
b7777000-b7778000 r-xp 00000000 00:00 0          [vdso]
b7778000-b777a000 r--p 00000000 00:00 0          [vvar]
b777a000-b779a000 r-xp 00000000 08:16 1448817    /lib/i386-linux-gnu/ld-2.19.so
b779a000-b779b000 r--p 0001f000 08:16 1448817    /lib/i386-linux-gnu/ld-2.19.so
b779b000-b779c000 rw-p 00020000 08:16 1448817    /lib/i386-linux-gnu/ld-2.19.so
bff87000-bff88000 rwxp 00000000 00:00 0 
bff8b000-bff8e000 ---p 00000000 00:00 0 
bff8f000-bffdb000 rwxp 00000000 00:00 0          [stack]
bffdb000-bffdd000 rw-p 00000000 00:00 0 

VM Arguments:
jvm_args: -Djava.library.path= -Djava.util.logging.config.file=/usr/share/scilab/etc/logging.properties -Djava.compiler=JIT -Xmx256m -Xrs -Dawt.useSystemAAFontSettings=on -Djogamp.gluegen.UseTempJarCache=false 
java_command: <unknown>
Launcher Type: generic

Environment Variables:
JAVA_HOME=/usr/lib/jvm/java-7-openjdk-i386/
PATH=/usr/local/sbin:/usr/local/bin:/usr/sbin:/usr/bin:/sbin:/bin:/usr/games:/usr/local/games:/home/frederickerdraon/Downloads/jdk1.8.0_77/:/home/frederickerdraon/bin:/home/frederickerdraon/Downloads/jdk1.8.0_77/:/home/frederickerdraon/bin
LD_LIBRARY_PATH=:/usr/lib/scilab/:/usr/lib/jvm/java-7-openjdk-i386/jre/lib/i386/:/usr/lib/jvm/java-7-openjdk-i386/jre/lib/i386/client/:/usr/lib/scilab/:/usr/lib/jvm/java-7-openjdk-i386/jre/lib/i386/:/usr/lib/jvm/java-7-openjdk-i386/jre/lib/i386/client/
SHELL=/bin/bash
DISPLAY=:0
HOSTTYPE=i686-linux
OSTYPE=linux
MACHTYPE=i686

Signal Handlers:
SIGSEGV: [libjvm.so+0x4cf9a0], sa_mask[0]=0x7ffbfeff, sa_flags=0x10000004
SIGBUS: [libjvm.so+0x4cf9a0], sa_mask[0]=0x7ffbfeff, sa_flags=0x10000004
SIGFPE: [libjvm.so+0x3bc380], sa_mask[0]=0x7ffbfeff, sa_flags=0x10000004
SIGPIPE: SIG_IGN, sa_mask[0]=0x00001000, sa_flags=0x10000000
SIGXFSZ: [libjvm.so+0x3bc380], sa_mask[0]=0x7ffbfeff, sa_flags=0x10000004
SIGILL: [libjvm.so+0x3bc380], sa_mask[0]=0x7ffbfeff, sa_flags=0x10000004
SIGUSR1: SIG_DFL, sa_mask[0]=0x00000000, sa_flags=0x00000000
SIGUSR2: [libjvm.so+0x3bc1d0], sa_mask[0]=0x00000000, sa_flags=0x10000004
SIGHUP: SIG_DFL, sa_mask[0]=0x00000000, sa_flags=0x00000000
SIGINT: SIG_DFL, sa_mask[0]=0x00000000, sa_flags=0x00000000
SIGTERM: SIG_DFL, sa_mask[0]=0x00000000, sa_flags=0x00000000
SIGQUIT: SIG_DFL, sa_mask[0]=0x00000000, sa_flags=0x00000000
SIGTRAP: SIG_DFL, sa_mask[0]=0x00000000, sa_flags=0x00000000


---------------  S Y S T E M  ---------------

OS:Ubuntu 14.10 (utopic)
uname:Linux 3.16.0-37-generic #51-Ubuntu SMP Tue May 5 13:46:54 UTC 2015 i686
libc:glibc 2.19 NPTL 2.19 
rlimit: STACK 8192k, CORE 0k, NPROC 64071, NOFILE 4096, AS infinity
load average:0.58 0.91 0.97

/proc/meminfo:
MemTotal:        8221572 kB
MemFree:         5350660 kB
MemAvailable:    6459656 kB
Buffers:          202936 kB
Cached:          1184712 kB
SwapCached:            0 kB
Active:          2123064 kB
Inactive:         580616 kB
Active(anon):    1317232 kB
Inactive(anon):    30980 kB
Active(file):     805832 kB
Inactive(file):   549636 kB
Unevictable:          32 kB
Mlocked:              32 kB
HighTotal:       7395004 kB
HighFree:        5031500 kB
LowTotal:         826568 kB
LowFree:          319160 kB
SwapTotal:       2257096 kB
SwapFree:        2257096 kB
Dirty:               956 kB
Writeback:             0 kB
AnonPages:       1316196 kB
Mapped:           356996 kB
Shmem:             32192 kB
Slab:             105920 kB
SReclaimable:      82096 kB
SUnreclaim:        23824 kB
KernelStack:        4216 kB
PageTables:        12664 kB
NFS_Unstable:          0 kB
Bounce:                0 kB
WritebackTmp:          0 kB
CommitLimit:     6367880 kB
Committed_AS:    4859112 kB
VmallocTotal:     122880 kB
VmallocUsed:       13020 kB
VmallocChunk:     106336 kB
AnonHugePages:    505856 kB
HugePages_Total:       0
HugePages_Free:        0
HugePages_Rsvd:        0
HugePages_Surp:        0
Hugepagesize:       2048 kB
DirectMap4k:       28664 kB
DirectMap2M:      880640 kB


CPU:total 4 (2 cores per cpu, 2 threads per core) family 6 model 60 stepping 3, cmov, cx8, fxsr, mmx, sse, sse2, sse3, ssse3, sse4.1, sse4.2, popcnt, avx, avx2, aes, erms, ht, tsc, tscinvbit

/proc/cpuinfo:
processor	: 0
vendor_id	: GenuineIntel
cpu family	: 6
model		: 60
model name	: Intel(R) Core(TM) i5-4210H CPU @ 2.90GHz
stepping	: 3
microcode	: 0x1c
cpu MHz		: 3401.156
cache size	: 3072 KB
physical id	: 0
siblings	: 4
core id		: 0
cpu cores	: 2
apicid		: 0
initial apicid	: 0
fdiv_bug	: no
f00f_bug	: no
coma_bug	: no
fpu		: yes
fpu_exception	: yes
cpuid level	: 13
wp		: yes
flags		: fpu vme de pse tsc msr pae mce cx8 apic sep mtrr pge mca cmov pat pse36 clflush dts acpi mmx fxsr sse sse2 ss ht tm pbe nx pdpe1gb rdtscp lm constant_tsc arch_perfmon pebs bts xtopology nonstop_tsc aperfmperf eagerfpu pni pclmulqdq dtes64 monitor ds_cpl vmx est tm2 ssse3 fma cx16 xtpr pdcm pcid sse4_1 sse4_2 x2apic movbe popcnt tsc_deadline_timer aes xsave avx f16c rdrand lahf_lm abm ida arat epb xsaveopt pln pts dtherm tpr_shadow vnmi flexpriority ept vpid fsgsbase tsc_adjust bmi1 avx2 smep bmi2 erms invpcid
bogomips	: 5786.35
clflush size	: 64
cache_alignment	: 64
address sizes	: 39 bits physical, 48 bits virtual
power management:

processor	: 1
vendor_id	: GenuineIntel
cpu family	: 6
model		: 60
model name	: Intel(R) Core(TM) i5-4210H CPU @ 2.90GHz
stepping	: 3
microcode	: 0x1c
cpu MHz		: 3445.335
cache size	: 3072 KB
physical id	: 0
siblings	: 4
core id		: 1
cpu cores	: 2
apicid		: 2
initial apicid	: 2
fdiv_bug	: no
f00f_bug	: no
coma_bug	: no
fpu		: yes
fpu_exception	: yes
cpuid level	: 13
wp		: yes
flags		: fpu vme de pse tsc msr pae mce cx8 apic sep mtrr pge mca cmov pat pse36 clflush dts acpi mmx fxsr sse sse2 ss ht tm pbe nx pdpe1gb rdtscp lm constant_tsc arch_perfmon pebs bts xtopology nonstop_tsc aperfmperf eagerfpu pni pclmulqdq dtes64 monitor ds_cpl vmx est tm2 ssse3 fma cx16 xtpr pdcm pcid sse4_1 sse4_2 x2apic movbe popcnt tsc_deadline_timer aes xsave avx f16c rdrand lahf_lm abm ida arat epb xsaveopt pln pts dtherm tpr_shadow vnmi flexpriority ept vpid fsgsbase tsc_adjust bmi1 avx2 smep bmi2 erms invpcid
bogomips	: 5786.35
clflush size	: 64
cache_alignment	: 64
address sizes	: 39 bits physical, 48 bits virtual
power management:

processor	: 2
vendor_id	: GenuineIntel
cpu family	: 6
model		: 60
model name	: Intel(R) Core(TM) i5-4210H CPU @ 2.90GHz
stepping	: 3
microcode	: 0x1c
cpu MHz		: 3278.019
cache size	: 3072 KB
physical id	: 0
siblings	: 4
core id		: 0
cpu cores	: 2
apicid		: 1
initial apicid	: 1
fdiv_bug	: no
f00f_bug	: no
coma_bug	: no
fpu		: yes
fpu_exception	: yes
cpuid level	: 13
wp		: yes
flags		: fpu vme de pse tsc msr pae mce cx8 apic sep mtrr pge mca cmov pat pse36 clflush dts acpi mmx fxsr sse sse2 ss ht tm pbe nx pdpe1gb rdtscp lm constant_tsc arch_perfmon pebs bts xtopology nonstop_tsc aperfmperf eagerfpu pni pclmulqdq dtes64 monitor ds_cpl vmx est tm2 ssse3 fma cx16 xtpr pdcm pcid sse4_1 sse4_2 x2apic movbe popcnt tsc_deadline_timer aes xsave avx f16c rdrand lahf_lm abm ida arat epb xsaveopt pln pts dtherm tpr_shadow vnmi flexpriority ept vpid fsgsbase tsc_adjust bmi1 avx2 smep bmi2 erms invpcid
bogomips	: 5786.35
clflush size	: 64
cache_alignment	: 64
address sizes	: 39 bits physical, 48 bits virtual
power management:

processor	: 3
vendor_id	: GenuineIntel
cpu family	: 6
model		: 60
model name	: Intel(R) Core(TM) i5-4210H CPU @ 2.90GHz
stepping	: 3
microcode	: 0x1c
cpu MHz		: 3499.371
cache size	: 3072 KB
physical id	: 0
siblings	: 4
core id		: 1
cpu cores	: 2
apicid		: 3
initial apicid	: 3
fdiv_bug	: no
f00f_bug	: no
coma_bug	: no
fpu		: yes
fpu_exception	: yes
cpuid level	: 13
wp		: yes
flags		: fpu vme de pse tsc msr pae mce cx8 apic sep mtrr pge mca cmov pat pse36 clflush dts acpi mmx fxsr sse sse2 ss ht tm pbe nx pdpe1gb rdtscp lm constant_tsc arch_perfmon pebs bts xtopology nonstop_tsc aperfmperf eagerfpu pni pclmulqdq dtes64 monitor ds_cpl vmx est tm2 ssse3 fma cx16 xtpr pdcm pcid sse4_1 sse4_2 x2apic movbe popcnt tsc_deadline_timer aes xsave avx f16c rdrand lahf_lm abm ida arat epb xsaveopt pln pts dtherm tpr_shadow vnmi flexpriority ept vpid fsgsbase tsc_adjust bmi1 avx2 smep bmi2 erms invpcid
bogomips	: 5786.35
clflush size	: 64
cache_alignment	: 64
address sizes	: 39 bits physical, 48 bits virtual
power management:



Memory: 4k page, physical 8221572k(5350660k free), swap 2257096k(2257096k free)

vm_info: OpenJDK Client VM (24.79-b02) for linux-x86 JRE (1.7.0_79-b14), built on Apr 16 2015 08:36:30 by "buildd" with gcc 4.9.1

time: Sun Oct  9 20:56:46 2016
elapsed time: 0 seconds

