#
# A fatal error has been detected by the Java Runtime Environment:
#
#  SIGSEGV (0xb) at pc=0xb5b56034, pid=16232, tid=2999179136
#
# JRE version: OpenJDK Runtime Environment (7.0_79-b14) (build 1.7.0_79-b14)
# Java VM: OpenJDK Client VM (24.79-b02 mixed mode, sharing linux-x86 )
# Derivative: IcedTea 2.5.5
# Distribution: Ubuntu 14.10, package 7u79-2.5.5-0ubuntu0.14.10.2
# Problematic frame:
# C  [libmysqlclient.so.18+0x22034]  mysql_num_rows+0x4
#
# Failed to write core dump. Core dumps have been disabled. To enable core dumping, try "ulimit -c unlimited" before starting Java again
#
# If you would like to submit a bug report, please include
# instructions on how to reproduce the bug and visit:
#   http://icedtea.classpath.org/bugzilla
# The crash happened outside the Java Virtual Machine in native code.
# See problematic frame for where to report the bug.
#

---------------  T H R E A D  ---------------

Current thread (0x094cbc00):  JavaThread "main" [_thread_in_native, id=16232, stack(0xbfd7f000,0xbfdcf000)]

siginfo:si_signo=SIGSEGV: si_errno=0, si_code=1 (SEGV_MAPERR), si_addr=0x00000004

Registers:
EAX=0x00000000, EBX=0x09c00db8, ECX=0x00000000, EDX=0x00000001
ESP=0xbfdce6ec, EBP=0xbfdce778, ESI=0x08049e5c, EDI=0x00000000
EIP=0xb5b56034, EFLAGS=0x00010246, CR2=0x00000004

Top of Stack: (sp=0xbfdce6ec)
0xbfdce6ec:   080496ce 00000000 09c191a4 09c191a4
0xbfdce6fc:   00000000 bfdce760 b5834508 bfdce700
0xbfdce70c:   09c00db8 00000002 00000001 00000004
0xbfdce71c:   b585e77d b59d63c4 b77774b0 00000000
0xbfdce72c:   b585e760 00000135 09c191a4 0804c000
0xbfdce73c:   08049904 080492b0 0804c195 0804c0b8
0xbfdce74c:   08049181 b7331100 00000002 0804c000
0xbfdce75c:   d2f3a300 00000004 bfdce824 bfdce790 

Instructions: (pc=0xb5b56034)
0xb5b56014:   6a 30 6a 0c e8 a3 de 01 00 83 c4 10 89 86 7c 03
0xb5b56024:   00 00 e9 2b fe ff ff 90 8d 74 26 00 8b 44 24 04
0xb5b56034:   8b 50 04 8b 00 c3 8d b6 00 00 00 00 8b 44 24 04
0xb5b56044:   8b 40 48 c3 90 8d b4 26 00 00 00 00 8b 44 24 04 

Register to memory mapping:

EAX=0x00000000 is an unknown value
EBX=0x09c00db8 is an unknown value
ECX=0x00000000 is an unknown value
EDX=0x00000001 is an unknown value
ESP=0xbfdce6ec is pointing into the stack for thread: 0x094cbc00
EBP=0xbfdce778 is pointing into the stack for thread: 0x094cbc00
ESI=0x08049e5c: <offset 0x1e5c> in ./fredmain at 0x08048000
EDI=0x00000000 is an unknown value


Stack: [0xbfd7f000,0xbfdcf000],  sp=0xbfdce6ec,  free space=317k
Native frames: (J=compiled Java code, j=interpreted, Vv=VM code, C=native code)
C  [libmysqlclient.so.18+0x22034]  mysql_num_rows+0x4


---------------  P R O C E S S  ---------------

Java Threads: ( => current thread )
  0x098b6400 JavaThread "main-SharedResourceRunner" daemon [_thread_blocked, id=16244, stack(0xaf2dd000,0xaf32e000)]
  0x0970cc00 JavaThread "AWT-EventQueue-0" [_thread_blocked, id=16243, stack(0xaf4ef000,0xaf540000)]
  0x0970b400 JavaThread "AWT-Shutdown" [_thread_blocked, id=16242, stack(0xaf540000,0xaf591000)]
  0x09709000 JavaThread "AWT-XAWT" daemon [_thread_in_native, id=16241, stack(0xaf591000,0xaf5e2000)]
  0x096fb000 JavaThread "Java2D Disposer" daemon [_thread_blocked, id=16240, stack(0xaf5f4000,0xaf645000)]
  0x09525800 JavaThread "Service Thread" daemon [_thread_blocked, id=16238, stack(0xaffaf000,0xb0000000)]
  0x0950cc00 JavaThread "C1 CompilerThread0" daemon [_thread_blocked, id=16237, stack(0xb012e000,0xb01af000)]
  0x0950b000 JavaThread "Attach Listener" daemon [_thread_blocked, id=16236, stack(0xb01af000,0xb0200000)]
  0x09505000 JavaThread "Finalizer" daemon [_thread_blocked, id=16235, stack(0xb0530000,0xb0581000)]
  0x09503400 JavaThread "Reference Handler" daemon [_thread_blocked, id=16234, stack(0xb0581000,0xb05d2000)]
=>0x094cbc00 JavaThread "main" [_thread_in_native, id=16232, stack(0xbfd7f000,0xbfdcf000)]

Other Threads:
  0x09501c00 VMThread [stack: 0xb05d2000,0xb0653000] [id=16233]
  0x09528000 WatcherThread [stack: 0xaff2e000,0xaffaf000] [id=16239]

VM state:not at safepoint (normal execution)

VM Mutex/Monitor currently owned by a thread: None

Heap
 def new generation   total 4928K, used 3026K [0x7e800000, 0x7ed50000, 0x83d50000)
  eden space 4416K,  56% used [0x7e800000, 0x7ea74b20, 0x7ec50000)
  from space 512K, 100% used [0x7ecd0000, 0x7ed50000, 0x7ed50000)
  to   space 512K,   0% used [0x7ec50000, 0x7ec50000, 0x7ecd0000)
 tenured generation   total 10944K, used 4347K [0x83d50000, 0x84800000, 0x8e800000)
   the space 10944K,  39% used [0x83d50000, 0x8418ee68, 0x8418f000, 0x84800000)
 compacting perm gen  total 12288K, used 5965K [0x8e800000, 0x8f400000, 0x92800000)
   the space 12288K,  48% used [0x8e800000, 0x8edd3440, 0x8edd3600, 0x8f400000)
    ro space 10240K,  58% used [0x92800000, 0x92de1558, 0x92de1600, 0x93200000)
    rw space 12288K,  59% used [0x93200000, 0x939164e8, 0x93916600, 0x93e00000)

Card table byte_map: [0xb08c4000,0xb0970000] byte_map_base: 0xb04d0000

Polling page: 0xb7758000

Code Cache  [0xb09f0000, 0xb0b08000, 0xb29f0000)
 total_blobs=690 nmethods=265 adapters=362 free_code_cache=31671Kb largest_free_block=32431936

Compilation events (10 events):
Event: 0.528 Thread 0x0950cc00  261             java.util.HashMap$HashIterator::<init> (63 bytes)
Event: 0.528 Thread 0x0950cc00 nmethod 261 0xb0b00788 code [0xb0b00880, 0xb0b00970]
Event: 0.529 Thread 0x0950cc00  262             java.util.Vector::elementData (7 bytes)
Event: 0.529 Thread 0x0950cc00 nmethod 262 0xb0b00a48 code [0xb0b00b40, 0xb0b00be0]
Event: 0.530 Thread 0x0950cc00  263             java.util.BitSet::wordIndex (5 bytes)
Event: 0.530 Thread 0x0950cc00 nmethod 263 0xb0b00c88 code [0xb0b00d80, 0xb0b00df0]
Event: 0.530 Thread 0x0950cc00  264             java.util.BitSet::checkInvariants (111 bytes)
Event: 0.530 Thread 0x0950cc00 nmethod 264 0xb0b00e48 code [0xb0b00f40, 0xb0b00fc0]
Event: 0.532 Thread 0x0950cc00  265             java.util.BitSet::get (69 bytes)
Event: 0.532 Thread 0x0950cc00 nmethod 265 0xb0b01008 code [0xb0b01170, 0xb0b014ac]

GC Heap History (10 events):
Event: 0.144 GC heap before
{Heap before GC invocations=0 (full 0):
 def new generation   total 4928K, used 4416K [0x7e800000, 0x7ed50000, 0x83d50000)
  eden space 4416K, 100% used [0x7e800000, 0x7ec50000, 0x7ec50000)
  from space 512K,   0% used [0x7ec50000, 0x7ec50000, 0x7ecd0000)
  to   space 512K,   0% used [0x7ecd0000, 0x7ecd0000, 0x7ed50000)
 tenured generation   total 10944K, used 0K [0x83d50000, 0x84800000, 0x8e800000)
   the space 10944K,   0% used [0x83d50000, 0x83d50000, 0x83d50200, 0x84800000)
 compacting perm gen  total 12288K, used 1541K [0x8e800000, 0x8f400000, 0x92800000)
   the space 12288K,  12% used [0x8e800000, 0x8e981560, 0x8e981600, 0x8f400000)
    ro space 10240K,  58% used [0x92800000, 0x92de1558, 0x92de1600, 0x93200000)
    rw space 12288K,  59% used [0x93200000, 0x939164e8, 0x93916600, 0x93e00000)
Event: 0.147 GC heap after
Heap after GC invocations=1 (full 0):
 def new generation   total 4928K, used 512K [0x7e800000, 0x7ed50000, 0x83d50000)
  eden space 4416K,   0% used [0x7e800000, 0x7e800000, 0x7ec50000)
  from space 512K, 100% used [0x7ecd0000, 0x7ed50000, 0x7ed50000)
  to   space 512K,   0% used [0x7ec50000, 0x7ec50000, 0x7ecd0000)
 tenured generation   total 10944K, used 687K [0x83d50000, 0x84800000, 0x8e800000)
   the space 10944K,   6% used [0x83d50000, 0x83dfbc78, 0x83dfbe00, 0x84800000)
 compacting perm gen  total 12288K, used 1541K [0x8e800000, 0x8f400000, 0x92800000)
   the space 12288K,  12% used [0x8e800000, 0x8e981560, 0x8e981600, 0x8f400000)
    ro space 10240K,  58% used [0x92800000, 0x92de1558, 0x92de1600, 0x93200000)
    rw space 12288K,  59% used [0x93200000, 0x939164e8, 0x93916600, 0x93e00000)
}
Event: 0.215 GC heap before
{Heap before GC invocations=1 (full 0):
 def new generation   total 4928K, used 4928K [0x7e800000, 0x7ed50000, 0x83d50000)
  eden space 4416K, 100% used [0x7e800000, 0x7ec50000, 0x7ec50000)
  from space 512K, 100% used [0x7ecd0000, 0x7ed50000, 0x7ed50000)
  to   space 512K,   0% used [0x7ec50000, 0x7ec50000, 0x7ecd0000)
 tenured generation   total 10944K, used 687K [0x83d50000, 0x84800000, 0x8e800000)
   the space 10944K,   6% used [0x83d50000, 0x83dfbc78, 0x83dfbe00, 0x84800000)
 compacting perm gen  total 12288K, used 2564K [0x8e800000, 0x8f400000, 0x92800000)
   the space 12288K,  20% used [0x8e800000, 0x8ea811e0, 0x8ea81200, 0x8f400000)
    ro space 10240K,  58% used [0x92800000, 0x92de1558, 0x92de1600, 0x93200000)
    rw space 12288K,  59% used [0x93200000, 0x939164e8, 0x93916600, 0x93e00000)
Event: 0.219 GC heap after
Heap after GC invocations=2 (full 0):
 def new generation   total 4928K, used 512K [0x7e800000, 0x7ed50000, 0x83d50000)
  eden space 4416K,   0% used [0x7e800000, 0x7e800000, 0x7ec50000)
  from space 512K, 100% used [0x7ec50000, 0x7ecd0000, 0x7ecd0000)
  to   space 512K,   0% used [0x7ecd0000, 0x7ecd0000, 0x7ed50000)
 tenured generation   total 10944K, used 1691K [0x83d50000, 0x84800000, 0x8e800000)
   the space 10944K,  15% used [0x83d50000, 0x83ef6e80, 0x83ef7000, 0x84800000)
 compacting perm gen  total 12288K, used 2564K [0x8e800000, 0x8f400000, 0x92800000)
   the space 12288K,  20% used [0x8e800000, 0x8ea811e0, 0x8ea81200, 0x8f400000)
    ro space 10240K,  58% used [0x92800000, 0x92de1558, 0x92de1600, 0x93200000)
    rw space 12288K,  59% used [0x93200000, 0x939164e8, 0x93916600, 0x93e00000)
}
Event: 0.372 GC heap before
{Heap before GC invocations=2 (full 0):
 def new generation   total 4928K, used 4928K [0x7e800000, 0x7ed50000, 0x83d50000)
  eden space 4416K, 100% used [0x7e800000, 0x7ec50000, 0x7ec50000)
  from space 512K, 100% used [0x7ec50000, 0x7ecd0000, 0x7ecd0000)
  to   space 512K,   0% used [0x7ecd0000, 0x7ecd0000, 0x7ed50000)
 tenured generation   total 10944K, used 1691K [0x83d50000, 0x84800000, 0x8e800000)
   the space 10944K,  15% used [0x83d50000, 0x83ef6e80, 0x83ef7000, 0x84800000)
 compacting perm gen  total 12288K, used 4800K [0x8e800000, 0x8f400000, 0x92800000)
   the space 12288K,  39% used [0x8e800000, 0x8ecb0260, 0x8ecb0400, 0x8f400000)
    ro space 10240K,  58% used [0x92800000, 0x92de1558, 0x92de1600, 0x93200000)
    rw space 12288K,  59% used [0x93200000, 0x939164e8, 0x93916600, 0x93e00000)
Event: 0.375 GC heap after
Heap after GC invocations=3 (full 0):
 def new generation   total 4928K, used 418K [0x7e800000, 0x7ed50000, 0x83d50000)
  eden space 4416K,   0% used [0x7e800000, 0x7e800000, 0x7ec50000)
  from space 512K,  81% used [0x7ecd0000, 0x7ed38b00, 0x7ed50000)
  to   space 512K,   0% used [0x7ec50000, 0x7ec50000, 0x7ecd0000)
 tenured generation   total 10944K, used 1919K [0x83d50000, 0x84800000, 0x8e800000)
   the space 10944K,  17% used [0x83d50000, 0x83f2fc28, 0x83f2fe00, 0x84800000)
 compacting perm gen  total 12288K, used 4800K [0x8e800000, 0x8f400000, 0x92800000)
   the space 12288K,  39% used [0x8e800000, 0x8ecb0260, 0x8ecb0400, 0x8f400000)
    ro space 10240K,  58% used [0x92800000, 0x92de1558, 0x92de1600, 0x93200000)
    rw space 12288K,  59% used [0x93200000, 0x939164e8, 0x93916600, 0x93e00000)
}
Event: 0.466 GC heap before
{Heap before GC invocations=3 (full 0):
 def new generation   total 4928K, used 4834K [0x7e800000, 0x7ed50000, 0x83d50000)
  eden space 4416K, 100% used [0x7e800000, 0x7ec50000, 0x7ec50000)
  from space 512K,  81% used [0x7ecd0000, 0x7ed38b00, 0x7ed50000)
  to   space 512K,   0% used [0x7ec50000, 0x7ec50000, 0x7ecd0000)
 tenured generation   total 10944K, used 1919K [0x83d50000, 0x84800000, 0x8e800000)
   the space 10944K,  17% used [0x83d50000, 0x83f2fc28, 0x83f2fe00, 0x84800000)
 compacting perm gen  total 12288K, used 5253K [0x8e800000, 0x8f400000, 0x92800000)
   the space 12288K,  42% used [0x8e800000, 0x8ed215e8, 0x8ed21600, 0x8f400000)
    ro space 10240K,  58% used [0x92800000, 0x92de1558, 0x92de1600, 0x93200000)
    rw space 12288K,  59% used [0x93200000, 0x939164e8, 0x93916600, 0x93e00000)
Event: 0.470 GC heap after
Heap after GC invocations=4 (full 0):
 def new generation   total 4928K, used 512K [0x7e800000, 0x7ed50000, 0x83d50000)
  eden space 4416K,   0% used [0x7e800000, 0x7e800000, 0x7ec50000)
  from space 512K, 100% used [0x7ec50000, 0x7ecd0000, 0x7ecd0000)
  to   space 512K,   0% used [0x7ecd0000, 0x7ecd0000, 0x7ed50000)
 tenured generation   total 10944K, used 3294K [0x83d50000, 0x84800000, 0x8e800000)
   the space 10944K,  30% used [0x83d50000, 0x84087ab0, 0x84087c00, 0x84800000)
 compacting perm gen  total 12288K, used 5253K [0x8e800000, 0x8f400000, 0x92800000)
   the space 12288K,  42% used [0x8e800000, 0x8ed215e8, 0x8ed21600, 0x8f400000)
    ro space 10240K,  58% used [0x92800000, 0x92de1558, 0x92de1600, 0x93200000)
    rw space 12288K,  59% used [0x93200000, 0x939164e8, 0x93916600, 0x93e00000)
}
Event: 0.509 GC heap before
{Heap before GC invocations=4 (full 0):
 def new generation   total 4928K, used 4928K [0x7e800000, 0x7ed50000, 0x83d50000)
  eden space 4416K, 100% used [0x7e800000, 0x7ec50000, 0x7ec50000)
  from space 512K, 100% used [0x7ec50000, 0x7ecd0000, 0x7ecd0000)
  to   space 512K,   0% used [0x7ecd0000, 0x7ecd0000, 0x7ed50000)
 tenured generation   total 10944K, used 3294K [0x83d50000, 0x84800000, 0x8e800000)
   the space 10944K,  30% used [0x83d50000, 0x84087ab0, 0x84087c00, 0x84800000)
 compacting perm gen  total 12288K, used 5677K [0x8e800000, 0x8f400000, 0x92800000)
   the space 12288K,  46% used [0x8e800000, 0x8ed8b588, 0x8ed8b600, 0x8f400000)
    ro space 10240K,  58% used [0x92800000, 0x92de1558, 0x92de1600, 0x93200000)
    rw space 12288K,  59% used [0x93200000, 0x939164e8, 0x93916600, 0x93e00000)
Event: 0.513 GC heap after
Heap after GC invocations=5 (full 0):
 def new generation   total 4928K, used 512K [0x7e800000, 0x7ed50000, 0x83d50000)
  eden space 4416K,   0% used [0x7e800000, 0x7e800000, 0x7ec50000)
  from space 512K, 100% used [0x7ecd0000, 0x7ed50000, 0x7ed50000)
  to   space 512K,   0% used [0x7ec50000, 0x7ec50000, 0x7ecd0000)
 tenured generation   total 10944K, used 4347K [0x83d50000, 0x84800000, 0x8e800000)
   the space 10944K,  39% used [0x83d50000, 0x8418ee68, 0x8418f000, 0x84800000)
 compacting perm gen  total 12288K, used 5677K [0x8e800000, 0x8f400000, 0x92800000)
   the space 12288K,  46% used [0x8e800000, 0x8ed8b588, 0x8ed8b600, 0x8f400000)
    ro space 10240K,  58% used [0x92800000, 0x92de1558, 0x92de1600, 0x93200000)
    rw space 12288K,  59% used [0x93200000, 0x939164e8, 0x93916600, 0x93e00000)
}

Deoptimization events (0 events):
No events

Internal exceptions (10 events):
Event: 0.538 Thread 0x094cbc00 Threw 0x7ea01c58 at /build/buildd/openjdk-7-7u79-2.5.5/build/openjdk/hotspot/src/share/vm/prims/jvm.cpp:1284
Event: 0.539 Thread 0x094cbc00 Threw 0x7ea0af90 at /build/buildd/openjdk-7-7u79-2.5.5/build/openjdk/hotspot/src/share/vm/prims/jvm.cpp:1284
Event: 0.539 Thread 0x094cbc00 Threw 0x7ea135c8 at /build/buildd/openjdk-7-7u79-2.5.5/build/openjdk/hotspot/src/share/vm/prims/jvm.cpp:1284
Event: 0.539 Thread 0x094cbc00 Threw 0x7ea1d1a0 at /build/buildd/openjdk-7-7u79-2.5.5/build/openjdk/hotspot/src/share/vm/prims/jvm.cpp:1284
Event: 0.541 Thread 0x094cbc00 Threw 0x7ea362d8 at /build/buildd/openjdk-7-7u79-2.5.5/build/openjdk/hotspot/src/share/vm/prims/jvm.cpp:1284
Event: 0.541 Thread 0x094cbc00 Threw 0x7ea3d878 at /build/buildd/openjdk-7-7u79-2.5.5/build/openjdk/hotspot/src/share/vm/prims/jvm.cpp:1284
Event: 0.561 Thread 0x094cbc00 Threw 0x7ea444e0 at /build/buildd/openjdk-7-7u79-2.5.5/build/openjdk/hotspot/src/share/vm/prims/jvm.cpp:1284
Event: 0.562 Thread 0x0970cc00 Threw 0x7e814c00 at /build/buildd/openjdk-7-7u79-2.5.5/build/openjdk/hotspot/src/share/vm/prims/jvm.cpp:1284
Event: 0.562 Thread 0x0970cc00 Threw 0x7ea63358 at /build/buildd/openjdk-7-7u79-2.5.5/build/openjdk/hotspot/src/share/vm/prims/jvm.cpp:1284
Event: 0.562 Thread 0x0970cc00 Threw 0x7ea6f0e0 at /build/buildd/openjdk-7-7u79-2.5.5/build/openjdk/hotspot/src/share/vm/prims/jvm.cpp:1284

Events (10 events):
Event: 0.541 Thread 0x09bef000 Thread added: 0x09bef000
Event: 0.541 Thread 0x09bef000 Thread exited: 0x09bef000
Event: 0.561 loading class 0x09666ad0
Event: 0.561 loading class 0x09666ad0 done
Event: 0.562 loading class 0x096b7550
Event: 0.562 loading class 0x096b7550 done
Event: 0.562 loading class 0x09666a20
Event: 0.562 loading class 0x09666a20 done
Event: 0.562 loading class 0xafee16d8
Event: 0.562 loading class 0xafee16d8 done


Dynamic libraries:
08048000-0804b000 r-xp 00000000 08:16 2093770    /home/frederickerdraon/Documents/researchwork/Maths/fredmain
0804b000-0804c000 r--p 00002000 08:16 2093770    /home/frederickerdraon/Documents/researchwork/Maths/fredmain
0804c000-0804d000 rw-p 00003000 08:16 2093770    /home/frederickerdraon/Documents/researchwork/Maths/fredmain
0949b000-09c78000 rw-p 00000000 00:00 0          [heap]
7e800000-7ed50000 rw-p 00000000 00:00 0 
7ed50000-83d50000 rw-p 00000000 00:00 0 
83d50000-84800000 rw-p 00000000 00:00 0 
84800000-8e800000 rw-p 00000000 00:00 0 
8e800000-8f400000 rw-p 00000000 00:00 0 
8f400000-92800000 rw-p 00000000 00:00 0 
92800000-92de2000 r--p 00001000 08:16 534362     /usr/lib/jvm/java-7-openjdk-i386/jre/lib/i386/client/classes.jsa
92de2000-93200000 rw-p 00000000 00:00 0 
93200000-93917000 rw-p 005e3000 08:16 534362     /usr/lib/jvm/java-7-openjdk-i386/jre/lib/i386/client/classes.jsa
93917000-93e00000 rw-p 00000000 00:00 0 
93e00000-94112000 rw-p 00cfa000 08:16 534362     /usr/lib/jvm/java-7-openjdk-i386/jre/lib/i386/client/classes.jsa
94112000-94200000 rw-p 00000000 00:00 0 
94200000-94209000 r-xp 0100c000 08:16 534362     /usr/lib/jvm/java-7-openjdk-i386/jre/lib/i386/client/classes.jsa
94209000-94600000 rw-p 00000000 00:00 0 
a1d66000-a69b6000 rw-p 00000000 00:00 0 
a70ff000-a7100000 ---p 00000000 00:00 0 
a7100000-a7900000 rwxp 00000000 00:00 0 
a7900000-a79f5000 rw-p 00000000 00:00 0 
a79f5000-a7a00000 ---p 00000000 00:00 0 
a7b00000-a7bf5000 rw-p 00000000 00:00 0 
a7bf5000-a7c00000 ---p 00000000 00:00 0 
a7c91000-a7c94000 ---p 00000000 00:00 0 
a7c94000-a7ce2000 rwxp 00000000 00:00 0 
a7ce2000-a7ce3000 ---p 00000000 00:00 0 
a7ce3000-a84e3000 rwxp 00000000 00:00 0          [stack:16252]
a84e3000-a84e4000 ---p 00000000 00:00 0 
a84e4000-a8ce4000 rwxp 00000000 00:00 0          [stack:16251]
a8ce4000-a8ce5000 ---p 00000000 00:00 0 
a8ce5000-a94e5000 rwxp 00000000 00:00 0          [stack:16250]
a94e5000-a94e6000 ---p 00000000 00:00 0 
a94e6000-a9ce6000 rwxp 00000000 00:00 0          [stack:16249]
a9ce6000-a9d1b000 r-xp 00000000 08:16 137897     /usr/lib/i386-linux-gnu/libtxc_dxtn_s2tc.so.0.0.0
a9d1b000-a9d1c000 r--p 00034000 08:16 137897     /usr/lib/i386-linux-gnu/libtxc_dxtn_s2tc.so.0.0.0
a9d1c000-a9d1d000 rw-p 00035000 08:16 137897     /usr/lib/i386-linux-gnu/libtxc_dxtn_s2tc.so.0.0.0
a9d1d000-a9d1e000 ---p 00000000 00:00 0 
a9d1e000-aa51e000 rwxp 00000000 00:00 0          [stack:16248]
aa51e000-aa51f000 ---p 00000000 00:00 0 
aa51f000-aad1f000 rwxp 00000000 00:00 0          [stack:16247]
aad1f000-aad20000 ---p 00000000 00:00 0 
aad20000-ab520000 rwxp 00000000 00:00 0          [stack:16246]
ab520000-ab521000 ---p 00000000 00:00 0 
ab521000-abd21000 rwxp 00000000 00:00 0          [stack:16245]
abd21000-ac52b000 r-xp 00000000 08:16 135447     /usr/lib/i386-linux-gnu/dri/swrast_dri.so
ac52b000-ac568000 r--p 0080a000 08:16 135447     /usr/lib/i386-linux-gnu/dri/swrast_dri.so
ac568000-ac570000 rw-p 00847000 08:16 135447     /usr/lib/i386-linux-gnu/dri/swrast_dri.so
ac570000-ac755000 rw-p 00000000 00:00 0 
ac755000-ac77c000 r-xp 00000000 08:16 137177     /usr/lib/i386-linux-gnu/libedit.so.2.0.51
ac77c000-ac77e000 r--p 00027000 08:16 137177     /usr/lib/i386-linux-gnu/libedit.so.2.0.51
ac77e000-ac77f000 rw-p 00029000 08:16 137177     /usr/lib/i386-linux-gnu/libedit.so.2.0.51
ac77f000-ac780000 rw-p 00000000 00:00 0 
ac780000-ae622000 r-xp 00000000 08:16 136784     /usr/lib/i386-linux-gnu/libLLVM-3.5.so.1
ae622000-ae762000 r--p 01ea1000 08:16 136784     /usr/lib/i386-linux-gnu/libLLVM-3.5.so.1
ae762000-ae766000 rw-p 01fe1000 08:16 136784     /usr/lib/i386-linux-gnu/libLLVM-3.5.so.1
ae766000-ae773000 rw-p 00000000 00:00 0 
ae773000-ae780000 r-xp 00000000 08:16 137173     /usr/lib/i386-linux-gnu/libdrm_radeon.so.1.0.1
ae780000-ae781000 r--p 0000c000 08:16 137173     /usr/lib/i386-linux-gnu/libdrm_radeon.so.1.0.1
ae781000-ae782000 rw-p 0000d000 08:16 137173     /usr/lib/i386-linux-gnu/libdrm_radeon.so.1.0.1
ae782000-ae799000 r-xp 00000000 08:16 135413     /usr/lib/i386-linux-gnu/libelf-0.160.so
ae799000-ae79a000 r--p 00016000 08:16 135413     /usr/lib/i386-linux-gnu/libelf-0.160.so
ae79a000-ae79b000 rw-p 00017000 08:16 135413     /usr/lib/i386-linux-gnu/libelf-0.160.so
ae79b000-ae7a1000 r-xp 00000000 08:16 137171     /usr/lib/i386-linux-gnu/libdrm_nouveau.so.2.0.0
ae7a1000-ae7a2000 r--p 00005000 08:16 137171     /usr/lib/i386-linux-gnu/libdrm_nouveau.so.2.0.0
ae7a2000-ae7a3000 rw-p 00006000 08:16 137171     /usr/lib/i386-linux-gnu/libdrm_nouveau.so.2.0.0
ae7a3000-ae7a7000 r-xp 00000000 08:16 135456     /usr/lib/i386-linux-gnu/mesa-egl/libOpenVG.so.1.0.0
ae7a7000-ae7a8000 r--p 00004000 08:16 135456     /usr/lib/i386-linux-gnu/mesa-egl/libOpenVG.so.1.0.0
ae7a8000-ae7a9000 rwxp 00005000 08:16 135456     /usr/lib/i386-linux-gnu/mesa-egl/libOpenVG.so.1.0.0
ae7a9000-ae7aa000 rwxp 00000000 00:00 0 
ae7aa000-af003000 r-xp 00000000 08:16 135441     /usr/lib/i386-linux-gnu/egl/egl_gallium.so
af003000-af042000 r--p 00858000 08:16 135441     /usr/lib/i386-linux-gnu/egl/egl_gallium.so
af042000-af04a000 rw-p 00897000 08:16 135441     /usr/lib/i386-linux-gnu/egl/egl_gallium.so
af04a000-af22f000 rw-p 00000000 00:00 0 
af22f000-af232000 r-xp 00000000 08:16 138648     /usr/lib/i386-linux-gnu/mesa-egl/libGLESv2.so.2.0.0
af232000-af233000 r--p 00003000 08:16 138648     /usr/lib/i386-linux-gnu/mesa-egl/libGLESv2.so.2.0.0
af233000-af234000 rwxp 00004000 08:16 138648     /usr/lib/i386-linux-gnu/mesa-egl/libGLESv2.so.2.0.0
af234000-af278000 r-xp 00000000 08:16 263546     /usr/lib/jni/libjogl_mobile.so
af278000-af279000 r--p 00043000 08:16 263546     /usr/lib/jni/libjogl_mobile.so
af279000-af27a000 rw-p 00044000 08:16 263546     /usr/lib/jni/libjogl_mobile.so
af27a000-af287000 r-xp 00000000 08:16 131004     /usr/lib/i386-linux-gnu/libgbm.so.1.0.0
af287000-af289000 r--p 0000d000 08:16 131004     /usr/lib/i386-linux-gnu/libgbm.so.1.0.0
af289000-af28a000 rw-p 0000f000 08:16 131004     /usr/lib/i386-linux-gnu/libgbm.so.1.0.0
af28a000-af297000 r-xp 00000000 08:16 137967     /usr/lib/i386-linux-gnu/libwayland-server.so.0.1.0
af297000-af298000 r--p 0000c000 08:16 137967     /usr/lib/i386-linux-gnu/libwayland-server.so.0.1.0
af298000-af299000 rw-p 0000d000 08:16 137967     /usr/lib/i386-linux-gnu/libwayland-server.so.0.1.0
af299000-af2a3000 r-xp 00000000 08:16 137961     /usr/lib/i386-linux-gnu/libwayland-client.so.0.2.0
af2a3000-af2a4000 r--p 00009000 08:16 137961     /usr/lib/i386-linux-gnu/libwayland-client.so.0.2.0
af2a4000-af2a5000 rw-p 0000a000 08:16 137961     /usr/lib/i386-linux-gnu/libwayland-client.so.0.2.0
af2a5000-af2ab000 r-xp 00000000 08:16 138017     /usr/lib/i386-linux-gnu/libxcb-xfixes.so.0.0.0
af2ab000-af2ac000 r--p 00005000 08:16 138017     /usr/lib/i386-linux-gnu/libxcb-xfixes.so.0.0.0
af2ac000-af2ad000 rw-p 00006000 08:16 138017     /usr/lib/i386-linux-gnu/libxcb-xfixes.so.0.0.0
af2ad000-af2da000 r-xp 00000000 08:16 135444     /usr/lib/i386-linux-gnu/mesa-egl/libEGL.so.1.0.0
af2da000-af2dc000 r--p 0002c000 08:16 135444     /usr/lib/i386-linux-gnu/mesa-egl/libEGL.so.1.0.0
af2dc000-af2dd000 rw-p 0002e000 08:16 135444     /usr/lib/i386-linux-gnu/mesa-egl/libEGL.so.1.0.0
af2dd000-af2e0000 ---p 00000000 00:00 0 
af2e0000-af32e000 rwxp 00000000 00:00 0          [stack:16244]
af32e000-af3cf000 r-xp 00000000 08:16 263568     /usr/lib/jni/libjogl_desktop.so
af3cf000-af3d0000 r--p 000a0000 08:16 263568     /usr/lib/jni/libjogl_desktop.so
af3d0000-af3d1000 rw-p 000a1000 08:16 263568     /usr/lib/jni/libjogl_desktop.so
af3d1000-af3dd000 r-xp 00000000 08:16 137167     /usr/lib/i386-linux-gnu/libdrm.so.2.4.0
af3dd000-af3de000 r--p 0000b000 08:16 137167     /usr/lib/i386-linux-gnu/libdrm.so.2.4.0
af3de000-af3df000 rw-p 0000c000 08:16 137167     /usr/lib/i386-linux-gnu/libdrm.so.2.4.0
af3df000-af3e4000 r-xp 00000000 08:16 138013     /usr/lib/i386-linux-gnu/libxcb-sync.so.1.0.0
af3e4000-af3e5000 r--p 00004000 08:16 138013     /usr/lib/i386-linux-gnu/libxcb-sync.so.1.0.0
af3e5000-af3e6000 rw-p 00005000 08:16 138013     /usr/lib/i386-linux-gnu/libxcb-sync.so.1.0.0
af3e6000-af3e8000 r-xp 00000000 08:16 138001     /usr/lib/i386-linux-gnu/libxcb-present.so.0.0.0
af3e8000-af3e9000 r--p 00001000 08:16 138001     /usr/lib/i386-linux-gnu/libxcb-present.so.0.0.0
af3e9000-af3ea000 rw-p 00002000 08:16 138001     /usr/lib/i386-linux-gnu/libxcb-present.so.0.0.0
af3ea000-af3ec000 r-xp 00000000 08:16 137991     /usr/lib/i386-linux-gnu/libxcb-dri3.so.0.0.0
af3ec000-af3ed000 r--p 00001000 08:16 137991     /usr/lib/i386-linux-gnu/libxcb-dri3.so.0.0.0
af3ed000-af3ee000 rw-p 00002000 08:16 137991     /usr/lib/i386-linux-gnu/libxcb-dri3.so.0.0.0
af3ee000-af404000 r-xp 00000000 08:16 137993     /usr/lib/i386-linux-gnu/libxcb-glx.so.0.0.0
af404000-af405000 r--p 00016000 08:16 137993     /usr/lib/i386-linux-gnu/libxcb-glx.so.0.0.0
af405000-af406000 rw-p 00017000 08:16 137993     /usr/lib/i386-linux-gnu/libxcb-glx.so.0.0.0
af406000-af417000 r-xp 00000000 08:16 135452     /usr/lib/i386-linux-gnu/libglapi.so.0.0.0
af417000-af419000 r--p 00011000 08:16 135452     /usr/lib/i386-linux-gnu/libglapi.so.0.0.0
af419000-af41e000 rwxp 00013000 08:16 135452     /usr/lib/i386-linux-gnu/libglapi.so.0.0.0
af41e000-af41f000 rwxp 00000000 00:00 0 
af41f000-af4c2000 r-xp 00000000 08:16 135450     /usr/lib/i386-linux-gnu/mesa/libGL.so.1.2.0
af4c2000-af4c4000 r--p 000a2000 08:16 135450     /usr/lib/i386-linux-gnu/mesa/libGL.so.1.2.0
af4c4000-af4c9000 rwxp 000a4000 08:16 135450     /usr/lib/i386-linux-gnu/mesa/libGL.so.1.2.0
af4e3000-af4ea000 r--s 00000000 08:16 133954     /usr/lib/i386-linux-gnu/gconv/gconv-modules.cache
af4ea000-af4ec000 r-xp 00000000 08:16 136932     /usr/lib/i386-linux-gnu/libXinerama.so.1.0.0
af4ec000-af4ed000 r--p 00001000 08:16 136932     /usr/lib/i386-linux-gnu/libXinerama.so.1.0.0
af4ed000-af4ee000 rw-p 00002000 08:16 136932     /usr/lib/i386-linux-gnu/libXinerama.so.1.0.0
af4ee000-af4ef000 rwxp 00000000 00:00 0 
af4ef000-af4f2000 ---p 00000000 00:00 0 
af4f2000-af540000 rwxp 00000000 00:00 0          [stack:16243]
af540000-af543000 ---p 00000000 00:00 0 
af543000-af591000 rwxp 00000000 00:00 0          [stack:16242]
af591000-af594000 ---p 00000000 00:00 0 
af594000-af5e2000 rwxp 00000000 00:00 0          [stack:16241]
af5e2000-af5e7000 r-xp 00000000 08:16 136924     /usr/lib/i386-linux-gnu/libXfixes.so.3.1.0
af5e7000-af5e8000 r--p 00004000 08:16 136924     /usr/lib/i386-linux-gnu/libXfixes.so.3.1.0
af5e8000-af5e9000 rw-p 00005000 08:16 136924     /usr/lib/i386-linux-gnu/libXfixes.so.3.1.0
af5e9000-af5f2000 r-xp 00000000 08:16 136916     /usr/lib/i386-linux-gnu/libXcursor.so.1.0.2
af5f2000-af5f3000 r--p 00008000 08:16 136916     /usr/lib/i386-linux-gnu/libXcursor.so.1.0.2
af5f3000-af5f4000 rw-p 00009000 08:16 136916     /usr/lib/i386-linux-gnu/libXcursor.so.1.0.2
af5f4000-af5f7000 ---p 00000000 00:00 0 
af5f7000-af645000 rwxp 00000000 00:00 0          [stack:16240]
af645000-af698000 r-xp 00000000 08:16 1440110    /lib/i386-linux-gnu/libdbus-1.so.3.8.7
af698000-af69a000 r--p 00053000 08:16 1440110    /lib/i386-linux-gnu/libdbus-1.so.3.8.7
af69a000-af69b000 rw-p 00055000 08:16 1440110    /lib/i386-linux-gnu/libdbus-1.so.3.8.7
af69b000-af6bf000 r-xp 00000000 08:16 1440214    /lib/i386-linux-gnu/libselinux.so.1
af6bf000-af6c0000 r--p 00023000 08:16 1440214    /lib/i386-linux-gnu/libselinux.so.1
af6c0000-af6c1000 rw-p 00024000 08:16 1440214    /lib/i386-linux-gnu/libselinux.so.1
af6c1000-af6c2000 rw-p 00000000 00:00 0 
af6c2000-af7e7000 r-xp 00000000 08:16 1440202    /lib/i386-linux-gnu/libglib-2.0.so.0.4200.1
af7e7000-af7e8000 r--p 00124000 08:16 1440202    /lib/i386-linux-gnu/libglib-2.0.so.0.4200.1
af7e8000-af7e9000 rw-p 00125000 08:16 1440202    /lib/i386-linux-gnu/libglib-2.0.so.0.4200.1
af7e9000-af7ec000 r-xp 00000000 08:16 134146     /usr/lib/i386-linux-gnu/libgmodule-2.0.so.0.4200.1
af7ec000-af7ed000 r--p 00002000 08:16 134146     /usr/lib/i386-linux-gnu/libgmodule-2.0.so.0.4200.1
af7ed000-af7ee000 rw-p 00003000 08:16 134146     /usr/lib/i386-linux-gnu/libgmodule-2.0.so.0.4200.1
af7ee000-af800000 r-xp 00000000 08:16 137013     /usr/lib/i386-linux-gnu/libavahi-client.so.3.2.9
af800000-af801000 r--p 00011000 08:16 137013     /usr/lib/i386-linux-gnu/libavahi-client.so.3.2.9
af801000-af802000 rw-p 00012000 08:16 137013     /usr/lib/i386-linux-gnu/libavahi-client.so.3.2.9
af802000-af80e000 r-xp 00000000 08:16 137015     /usr/lib/i386-linux-gnu/libavahi-common.so.3.5.3
af80e000-af80f000 r--p 0000b000 08:16 137015     /usr/lib/i386-linux-gnu/libavahi-common.so.3.5.3
af80f000-af810000 rw-p 0000c000 08:16 137015     /usr/lib/i386-linux-gnu/libavahi-common.so.3.5.3
af810000-af86b000 r-xp 00000000 08:16 134149     /usr/lib/i386-linux-gnu/libgobject-2.0.so.0.4200.1
af86b000-af86c000 r--p 0005b000 08:16 134149     /usr/lib/i386-linux-gnu/libgobject-2.0.so.0.4200.1
af86c000-af86d000 rw-p 0005c000 08:16 134149     /usr/lib/i386-linux-gnu/libgobject-2.0.so.0.4200.1
af86d000-afa1e000 r-xp 00000000 08:16 134147     /usr/lib/i386-linux-gnu/libgio-2.0.so.0.4200.1
afa1e000-afa21000 r--p 001b0000 08:16 134147     /usr/lib/i386-linux-gnu/libgio-2.0.so.0.4200.1
afa21000-afa22000 rw-p 001b3000 08:16 134147     /usr/lib/i386-linux-gnu/libgio-2.0.so.0.4200.1
afa22000-afa23000 rw-p 00000000 00:00 0 
afa23000-afa98000 r-xp 00000000 08:16 130941     /usr/lib/i386-linux-gnu/libcups.so.2
afa98000-afa9d000 r--p 00075000 08:16 130941     /usr/lib/i386-linux-gnu/libcups.so.2
afa9d000-afa9e000 rw-p 0007a000 08:16 130941     /usr/lib/i386-linux-gnu/libcups.so.2
afa9e000-afaae000 r-xp 00000000 08:16 136930     /usr/lib/i386-linux-gnu/libXi.so.6.1.0
afaae000-afaaf000 r--p 00010000 08:16 136930     /usr/lib/i386-linux-gnu/libXi.so.6.1.0
afaaf000-afab0000 rw-p 00011000 08:16 136930     /usr/lib/i386-linux-gnu/libXi.so.6.1.0
afab0000-afab5000 r-xp 00000000 08:16 136950     /usr/lib/i386-linux-gnu/libXtst.so.6.1.0
afab5000-afab6000 r--p 00004000 08:16 136950     /usr/lib/i386-linux-gnu/libXtst.so.6.1.0
afab6000-afab7000 rw-p 00005000 08:16 136950     /usr/lib/i386-linux-gnu/libXtst.so.6.1.0
afab7000-afafc000 r-xp 00000000 08:16 542272     /usr/lib/jvm/java-7-openjdk-i386/jre/lib/i386/xawt/libmawt.so
afafc000-afafd000 r--p 00044000 08:16 542272     /usr/lib/jvm/java-7-openjdk-i386/jre/lib/i386/xawt/libmawt.so
afafd000-afaff000 rw-p 00045000 08:16 542272     /usr/lib/jvm/java-7-openjdk-i386/jre/lib/i386/xawt/libmawt.so
afaff000-afb00000 rw-p 00000000 00:00 0 
afb00000-afb21000 rw-p 00000000 00:00 0 
afb21000-afc00000 ---p 00000000 00:00 0 
afc00000-afc01000 r-xp 00000000 08:16 138031     /usr/lib/i386-linux-gnu/libxshmfence.so.1.0.0
afc01000-afc02000 r--p 00000000 08:16 138031     /usr/lib/i386-linux-gnu/libxshmfence.so.1.0.0
afc02000-afc03000 rw-p 00001000 08:16 138031     /usr/lib/i386-linux-gnu/libxshmfence.so.1.0.0
afc03000-afc07000 r-xp 00000000 08:16 137989     /usr/lib/i386-linux-gnu/libxcb-dri2.so.0.0.0
afc07000-afc08000 r--p 00003000 08:16 137989     /usr/lib/i386-linux-gnu/libxcb-dri2.so.0.0.0
afc08000-afc09000 rw-p 00004000 08:16 137989     /usr/lib/i386-linux-gnu/libxcb-dri2.so.0.0.0
afc09000-afc0a000 r-xp 00000000 08:16 136903     /usr/lib/i386-linux-gnu/libX11-xcb.so.1.0.0
afc0a000-afc0b000 r--p 00000000 08:16 136903     /usr/lib/i386-linux-gnu/libX11-xcb.so.1.0.0
afc0b000-afc0c000 rw-p 00001000 08:16 136903     /usr/lib/i386-linux-gnu/libX11-xcb.so.1.0.0
afc0c000-afc0e000 r-xp 00000000 08:16 136918     /usr/lib/i386-linux-gnu/libXdamage.so.1.1.0
afc0e000-afc0f000 r--p 00001000 08:16 136918     /usr/lib/i386-linux-gnu/libXdamage.so.1.1.0
afc0f000-afc10000 rw-p 00002000 08:16 136918     /usr/lib/i386-linux-gnu/libXdamage.so.1.1.0
afc10000-afc14000 r-xp 00000000 08:16 136960     /usr/lib/i386-linux-gnu/libXxf86vm.so.1.0.0
afc14000-afc15000 r--p 00004000 08:16 136960     /usr/lib/i386-linux-gnu/libXxf86vm.so.1.0.0
afc15000-afc16000 rw-p 00005000 08:16 136960     /usr/lib/i386-linux-gnu/libXxf86vm.so.1.0.0
afc16000-afc1c000 r-xp 00000000 08:16 263549     /usr/lib/jni/libnativewindow_x11.so
afc1c000-afc1d000 r--p 00006000 08:16 263549     /usr/lib/jni/libnativewindow_x11.so
afc1d000-afc1e000 rw-p 00007000 08:16 263549     /usr/lib/jni/libnativewindow_x11.so
afc1e000-afc1f000 r-xp 00000000 08:16 263547     /usr/lib/jni/libnativewindow_awt.so
afc1f000-afc20000 r--p 00001000 08:16 263547     /usr/lib/jni/libnativewindow_awt.so
afc20000-afc21000 rw-p 00002000 08:16 263547     /usr/lib/jni/libnativewindow_awt.so
afc21000-afc22000 r-xp 00000000 08:16 549353     /usr/lib/jvm/java-7-openjdk-i386/jre/lib/i386/libjawt.so
afc22000-afc23000 r--p 00000000 08:16 549353     /usr/lib/jvm/java-7-openjdk-i386/jre/lib/i386/libjawt.so
afc23000-afc24000 rw-p 00001000 08:16 549353     /usr/lib/jvm/java-7-openjdk-i386/jre/lib/i386/libjawt.so
afc24000-afc26000 r-xp 00000000 08:16 263545     /usr/lib/jni/libgluegen2-rt.so
afc26000-afc27000 r--p 00001000 08:16 263545     /usr/lib/jni/libgluegen2-rt.so
afc27000-afc28000 rw-p 00002000 08:16 263545     /usr/lib/jni/libgluegen2-rt.so
afc28000-afcb6000 r-xp 00000000 08:16 548161     /usr/lib/jvm/java-7-openjdk-i386/jre/lib/i386/libawt.so
afcb6000-afcb7000 r--p 0008e000 08:16 548161     /usr/lib/jvm/java-7-openjdk-i386/jre/lib/i386/libawt.so
afcb7000-afcbe000 rw-p 0008f000 08:16 548161     /usr/lib/jvm/java-7-openjdk-i386/jre/lib/i386/libawt.so
afcbe000-afce2000 rw-p 00000000 00:00 0 
afce2000-afcec000 r--s 000ae000 08:16 544014     /usr/lib/jvm/java-7-openjdk-i386/jre/lib/resources.jar
afcec000-afcee000 r--s 0000b000 08:16 1186867    /usr/share/scilab/modules/external_objects_java/jar/org.scilab.modules.external_objects_java.jar
afcee000-afcef000 r--s 00007000 08:16 797224     /usr/share/scilab/modules/history_browser/jar/org.scilab.modules.history_browser.jar
afcef000-afcf1000 r--s 00002000 08:16 953718     /usr/share/scilab/modules/javasci/jar/org.scilab.modules.javasci.jar
afcf1000-afcf8000 r--s 00036000 08:16 952420     /usr/share/scilab/modules/ui_data/jar/org.scilab.modules.ui_data.jar
afcf8000-afd00000 r--s 00047000 08:16 953168     /usr/share/scilab/modules/graphic_objects/jar/org.scilab.modules.graphic_objects.jar
afd00000-afd21000 rw-p 00000000 00:00 0 
afd21000-afe00000 ---p 00000000 00:00 0 
afe00000-afee5000 rw-p 00000000 00:00 0 
afee5000-aff00000 ---p 00000000 00:00 0 
aff00000-aff01000 r--p 00000000 08:16 544606     /usr/share/locale/en_US/LC_MESSAGES/scilab.mo
aff01000-aff02000 r--s 00002000 08:16 1072859    /usr/share/scilab/modules/core/jar/org.scilab.modules.core.jar
aff02000-aff04000 r--s 00007000 08:16 953870     /usr/share/scilab/modules/graphic_export/jar/org.scilab.modules.graphic_export.jar
aff04000-aff09000 r--s 00025000 08:16 797403     /usr/share/scilab/modules/renderer/jar/org.scilab.modules.renderer.jar
aff09000-aff0c000 r--s 00015000 08:16 797255     /usr/share/scilab/modules/preferences/jar/org.scilab.modules.preferences.jar
aff0c000-aff25000 r--s 000cb000 08:16 1072400    /usr/share/scilab/modules/gui/jar/org.scilab.modules.gui.jar
aff25000-aff26000 r--s 00002000 08:16 954120     /usr/share/scilab/modules/action_binding/jar/org.scilab.modules.action_binding.jar
aff26000-aff28000 r--s 00000000 08:16 1072642    /usr/share/scilab/modules/localization/jar/org.scilab.modules.localization.jar
aff28000-aff2b000 r--s 0000f000 08:16 1187548    /usr/share/scilab/modules/console/jar/org.scilab.modules.console.jar
aff2b000-aff2e000 r--s 0000a000 08:16 1074003    /usr/share/scilab/modules/commons/jar/org.scilab.modules.commons.jar
aff2e000-aff2f000 ---p 00000000 00:00 0 
aff2f000-affaf000 rwxp 00000000 00:00 0          [stack:16239]
affaf000-affb2000 ---p 00000000 00:00 0 
affb2000-b0000000 rwxp 00000000 00:00 0          [stack:16238]
b0000000-b00fd000 rw-p 00000000 00:00 0 
b00fd000-b0100000 ---p 00000000 00:00 0 
b0100000-b0106000 r--s 00041000 08:16 544979     /usr/share/java/gluegen2-2.1.5-rt.jar
b0106000-b0127000 r--s 002c7000 08:16 544100     /usr/share/java/jogl2.jar
b0127000-b012e000 r--s 0002a000 08:16 1187563    /usr/share/scilab/modules/scirenderer/jar/scirenderer.jar
b012e000-b0131000 ---p 00000000 00:00 0 
b0131000-b01af000 rwxp 00000000 00:00 0          [stack:16237]
b01af000-b01b2000 ---p 00000000 00:00 0 
b01b2000-b0200000 rwxp 00000000 00:00 0          [stack:16236]
b0200000-b0221000 rw-p 00000000 00:00 0 
b0221000-b0300000 ---p 00000000 00:00 0 
b0300000-b0321000 rw-p 00000000 00:00 0 
b0321000-b0400000 ---p 00000000 00:00 0 
b0400000-b0421000 rw-p 00000000 00:00 0 
b0421000-b0500000 ---p 00000000 00:00 0 
b0500000-b0502000 r--s 00000000 08:16 797234     /usr/share/scilab/modules/history_manager/jar/org.scilab.modules.history_manager.jar
b0502000-b0504000 r--s 0000a000 08:16 954131     /usr/share/scilab/modules/types/jar/org.scilab.modules.types.jar
b0504000-b050d000 r--s 0008e000 08:16 544810     /usr/share/java/jhall-2.0.05.ds1.jar
b050d000-b0510000 r--s 00010000 08:16 544701     /usr/share/java/avalon-framework-4.2.0.jar
b0510000-b0511000 r--s 0000d000 08:16 544718     /usr/share/java/commons-logging-1.2.jar
b0511000-b0513000 r--s 00006000 08:16 530448     /usr/share/java/jgoodies-common.jar
b0513000-b051c000 r--s 00057000 08:16 534333     /usr/share/java/jgoodies-looks.jar
b051c000-b051d000 r--s 00004000 08:16 544184     /usr/share/java/laf-plugin-1.0.jar
b051d000-b0523000 r--s 00044000 08:16 544205     /usr/share/java/skinlf-6.7.jar
b0523000-b052c000 r--s 00062000 08:16 544885     /usr/share/java/flexdock-1.2.4.jar
b052c000-b0530000 r--s 0003c000 08:16 558383     /usr/lib/jvm/java-7-openjdk-i386/jre/lib/ext/sunpkcs11.jar
b0530000-b0533000 ---p 00000000 00:00 0 
b0533000-b0581000 rwxp 00000000 00:00 0          [stack:16235]
b0581000-b0584000 ---p 00000000 00:00 0 
b0584000-b05d2000 rwxp 00000000 00:00 0          [stack:16234]
b05d2000-b05d3000 ---p 00000000 00:00 0 
b05d3000-b0653000 rwxp 00000000 00:00 0          [stack:16233]
b0653000-b069c000 rw-p 00000000 00:00 0 
b069c000-b084d000 r--s 01d27000 08:16 558362     /usr/lib/jvm/java-7-openjdk-i386/jre/lib/rt.jar
b084d000-b0854000 rw-p 00000000 00:00 0 
b0854000-b086e000 rw-p 00000000 00:00 0 
b086e000-b0874000 rw-p 00000000 00:00 0 
b0874000-b08c4000 rw-p 00000000 00:00 0 
b08c4000-b08c7000 rw-p 00000000 00:00 0 
b08c7000-b08ee000 rw-p 00000000 00:00 0 
b08ee000-b08f4000 rw-p 00000000 00:00 0 
b08f4000-b0944000 rw-p 00000000 00:00 0 
b0944000-b094a000 rw-p 00000000 00:00 0 
b094a000-b0964000 rw-p 00000000 00:00 0 
b0964000-b0975000 rw-p 00000000 00:00 0 
b0975000-b09f0000 rw-p 00000000 00:00 0 
b09f0000-b0b08000 rwxp 00000000 00:00 0 
b0b08000-b29f0000 rw-p 00000000 00:00 0 
b29f0000-b29fb000 r-xp 00000000 08:16 1448814    /lib/i386-linux-gnu/libnss_files-2.19.so
b29fb000-b29fc000 r--p 0000a000 08:16 1448814    /lib/i386-linux-gnu/libnss_files-2.19.so
b29fc000-b29fd000 rw-p 0000b000 08:16 1448814    /lib/i386-linux-gnu/libnss_files-2.19.so
b29fd000-b2a12000 r-xp 00000000 08:16 1448818    /lib/i386-linux-gnu/libnsl-2.19.so
b2a12000-b2a13000 r--p 00015000 08:16 1448818    /lib/i386-linux-gnu/libnsl-2.19.so
b2a13000-b2a14000 rw-p 00016000 08:16 1448818    /lib/i386-linux-gnu/libnsl-2.19.so
b2a14000-b2a16000 rw-p 00000000 00:00 0 
b2a16000-b2a17000 r--s 00001000 08:16 1075689    /usr/share/scilab/modules/jvm/jar/org.scilab.modules.jvm.jar
b2a17000-b2a19000 r--s 00012000 08:16 558370     /usr/lib/jvm/java-7-openjdk-i386/jre/lib/ext/zipfs.jar
b2a19000-b2a1c000 r--s 00086000 08:16 558369     /usr/lib/jvm/java-7-openjdk-i386/jre/lib/ext/localedata.jar
b2a1c000-b2a1e000 r--s 00006000 08:16 544031     /usr/share/java/java-atk-wrapper.jar
b2a1e000-b2a22000 r--s 00034000 08:16 558382     /usr/lib/jvm/java-7-openjdk-i386/jre/lib/ext/sunjce_provider.jar
b2a22000-b2a25000 r--s 0000f000 08:16 558364     /usr/lib/jvm/java-7-openjdk-i386/jre/lib/ext/icedtea-sound.jar
b2a25000-b2a32000 rw-p 00000000 00:00 0 
b2a32000-b2a3a000 r-xp 00000000 08:16 544146     /usr/lib/jvm/java-7-openjdk-i386/jre/lib/i386/libzip.so
b2a3a000-b2a3b000 r--p 00007000 08:16 544146     /usr/lib/jvm/java-7-openjdk-i386/jre/lib/i386/libzip.so
b2a3b000-b2a3c000 rw-p 00008000 08:16 544146     /usr/lib/jvm/java-7-openjdk-i386/jre/lib/i386/libzip.so
b2a3c000-b2c3c000 r--p 00000000 08:16 140341     /usr/lib/locale/locale-archive
b2c3c000-b2c45000 rw-p 00000000 00:00 0 
b2c45000-b2c4d000 r-xp 00000000 08:16 1448833    /lib/i386-linux-gnu/libcrypt-2.19.so
b2c4d000-b2c4e000 r--p 00008000 08:16 1448833    /lib/i386-linux-gnu/libcrypt-2.19.so
b2c4e000-b2c4f000 rw-p 00009000 08:16 1448833    /lib/i386-linux-gnu/libcrypt-2.19.so
b2c4f000-b2c76000 rw-p 00000000 00:00 0 
b2c76000-b2d47000 r-xp 00000000 08:16 137845     /usr/lib/i386-linux-gnu/libsqlite3.so.0.8.6
b2d47000-b2d4a000 r--p 000d0000 08:16 137845     /usr/lib/i386-linux-gnu/libsqlite3.so.0.8.6
b2d4a000-b2d4c000 rw-p 000d3000 08:16 137845     /usr/lib/i386-linux-gnu/libsqlite3.so.0.8.6
b2d4c000-b2d4d000 rw-p 00000000 00:00 0 
b2d4d000-b2d90000 r-xp 00000000 08:16 137485     /usr/lib/i386-linux-gnu/libhx509.so.5.0.0
b2d90000-b2d92000 r--p 00043000 08:16 137485     /usr/lib/i386-linux-gnu/libhx509.so.5.0.0
b2d92000-b2d93000 rw-p 00045000 08:16 137485     /usr/lib/i386-linux-gnu/libhx509.so.5.0.0
b2d93000-b2d94000 rw-p 00000000 00:00 0 
b2d94000-b2da1000 r-xp 00000000 08:16 137475     /usr/lib/i386-linux-gnu/libheimbase.so.1.0.0
b2da1000-b2da2000 r--p 0000c000 08:16 137475     /usr/lib/i386-linux-gnu/libheimbase.so.1.0.0
b2da2000-b2da3000 rw-p 0000d000 08:16 137475     /usr/lib/i386-linux-gnu/libheimbase.so.1.0.0
b2da3000-b2dca000 r-xp 00000000 08:16 137979     /usr/lib/i386-linux-gnu/libwind.so.0.0.0
b2dca000-b2dcb000 r--p 00027000 08:16 137979     /usr/lib/i386-linux-gnu/libwind.so.0.0.0
b2dcb000-b2dcc000 rw-p 00028000 08:16 137979     /usr/lib/i386-linux-gnu/libwind.so.0.0.0
b2dcc000-b2dd2000 r-xp 00000000 08:16 137209     /usr/lib/i386-linux-gnu/libffi.so.6.0.2
b2dd2000-b2dd4000 r--p 00005000 08:16 137209     /usr/lib/i386-linux-gnu/libffi.so.6.0.2
b2dd4000-b2dd5000 rw-p 00007000 08:16 137209     /usr/lib/i386-linux-gnu/libffi.so.6.0.2
b2dd5000-b2dd9000 r-xp 00000000 08:16 1440113    /lib/i386-linux-gnu/libgpg-error.so.0.11.0
b2dd9000-b2dda000 r--p 00003000 08:16 1440113    /lib/i386-linux-gnu/libgpg-error.so.0.11.0
b2dda000-b2ddb000 rw-p 00004000 08:16 1440113    /lib/i386-linux-gnu/libgpg-error.so.0.11.0
b2ddb000-b2ddc000 rw-p 00000000 00:00 0 
b2ddc000-b2df0000 r-xp 00000000 08:16 137765     /usr/lib/i386-linux-gnu/libroken.so.18.1.0
b2df0000-b2df1000 r--p 00013000 08:16 137765     /usr/lib/i386-linux-gnu/libroken.so.18.1.0
b2df1000-b2df2000 rw-p 00014000 08:16 137765     /usr/lib/i386-linux-gnu/libroken.so.18.1.0
b2df2000-b2e24000 r-xp 00000000 08:16 137473     /usr/lib/i386-linux-gnu/libhcrypto.so.4.1.0
b2e24000-b2e25000 r--p 00031000 08:16 137473     /usr/lib/i386-linux-gnu/libhcrypto.so.4.1.0
b2e25000-b2e26000 rw-p 00032000 08:16 137473     /usr/lib/i386-linux-gnu/libhcrypto.so.4.1.0
b2e26000-b2e27000 rw-p 00000000 00:00 0 
b2e27000-b2eca000 r-xp 00000000 08:16 136989     /usr/lib/i386-linux-gnu/libasn1.so.8.0.0
b2eca000-b2ecb000 r--p 000a3000 08:16 136989     /usr/lib/i386-linux-gnu/libasn1.so.8.0.0
b2ecb000-b2ecd000 rw-p 000a4000 08:16 136989     /usr/lib/i386-linux-gnu/libasn1.so.8.0.0
b2ecd000-b2f4f000 r-xp 00000000 08:16 137540     /usr/lib/i386-linux-gnu/libkrb5.so.26.0.0
b2f4f000-b2f51000 r--p 00081000 08:16 137540     /usr/lib/i386-linux-gnu/libkrb5.so.26.0.0
b2f51000-b2f53000 rw-p 00083000 08:16 137540     /usr/lib/i386-linux-gnu/libkrb5.so.26.0.0
b2f53000-b2f5a000 r-xp 00000000 08:16 137477     /usr/lib/i386-linux-gnu/libheimntlm.so.0.1.0
b2f5a000-b2f5b000 r--p 00007000 08:16 137477     /usr/lib/i386-linux-gnu/libheimntlm.so.0.1.0
b2f5b000-b2f5c000 rw-p 00008000 08:16 137477     /usr/lib/i386-linux-gnu/libheimntlm.so.0.1.0
b2f5c000-b2f5d000 rw-p 00000000 00:00 0 
b2f5d000-b2f60000 r-xp 00000000 08:16 1440123    /lib/i386-linux-gnu/libkeyutils.so.1.5
b2f60000-b2f61000 r--p 00002000 08:16 1440123    /lib/i386-linux-gnu/libkeyutils.so.1.5
b2f61000-b2f62000 rw-p 00003000 08:16 1440123    /lib/i386-linux-gnu/libkeyutils.so.1.5
b2f62000-b2f74000 r-xp 00000000 08:16 131150     /usr/lib/i386-linux-gnu/libtasn1.so.6.3.0
b2f74000-b2f75000 r--p 00011000 08:16 131150     /usr/lib/i386-linux-gnu/libtasn1.so.6.3.0
b2f75000-b2f76000 rw-p 00012000 08:16 131150     /usr/lib/i386-linux-gnu/libtasn1.so.6.3.0
b2f76000-b2fad000 r-xp 00000000 08:16 137662     /usr/lib/i386-linux-gnu/libp11-kit.so.0.0.0
b2fad000-b2fb1000 r--p 00037000 08:16 137662     /usr/lib/i386-linux-gnu/libp11-kit.so.0.0.0
b2fb1000-b2fb2000 rw-p 0003b000 08:16 137662     /usr/lib/i386-linux-gnu/libp11-kit.so.0.0.0
b2fb2000-b2fdc000 r-xp 00000000 08:16 1440199    /lib/i386-linux-gnu/libpng12.so.0.51.0
b2fdc000-b2fdd000 r--p 00029000 08:16 1440199    /lib/i386-linux-gnu/libpng12.so.0.51.0
b2fdd000-b2fde000 rw-p 0002a000 08:16 1440199    /lib/i386-linux-gnu/libpng12.so.0.51.0
b2fde000-b2fe8000 r-xp 00000000 08:16 145545     /usr/lib/i386-linux-gnu/libccolamd.so.2.8.0
b2fe8000-b2fe9000 r--p 00009000 08:16 145545     /usr/lib/i386-linux-gnu/libccolamd.so.2.8.0
b2fe9000-b2fea000 rw-p 0000a000 08:16 145545     /usr/lib/i386-linux-gnu/libccolamd.so.2.8.0
b2fea000-b2feb000 rw-p 00000000 00:00 0 
b2feb000-b2ff3000 r-xp 00000000 08:16 145544     /usr/lib/i386-linux-gnu/libcamd.so.2.3.1
b2ff3000-b2ff4000 r--p 00007000 08:16 145544     /usr/lib/i386-linux-gnu/libcamd.so.2.3.1
b2ff4000-b2ff5000 rw-p 00008000 08:16 145544     /usr/lib/i386-linux-gnu/libcamd.so.2.3.1
b2ff5000-b2ffb000 r-xp 00000000 08:16 137097     /usr/lib/i386-linux-gnu/libcolamd.so.2.8.0
b2ffb000-b2ffc000 r--p 00005000 08:16 137097     /usr/lib/i386-linux-gnu/libcolamd.so.2.8.0
b2ffc000-b2ffd000 rw-p 00006000 08:16 137097     /usr/lib/i386-linux-gnu/libcolamd.so.2.8.0
b2ffd000-b30a9000 r-xp 00000000 08:16 1440106    /lib/i386-linux-gnu/libgcrypt.so.20.0.1
b30a9000-b30aa000 r--p 000ab000 08:16 1440106    /lib/i386-linux-gnu/libgcrypt.so.20.0.1
b30aa000-b30ad000 rw-p 000ac000 08:16 1440106    /lib/i386-linux-gnu/libgcrypt.so.20.0.1
b30ad000-b30e6000 r-xp 00000000 08:16 137365     /usr/lib/i386-linux-gnu/libgssapi.so.3.0.0
b30e6000-b30e8000 r--p 00038000 08:16 137365     /usr/lib/i386-linux-gnu/libgssapi.so.3.0.0
b30e8000-b30e9000 rw-p 0003a000 08:16 137365     /usr/lib/i386-linux-gnu/libgssapi.so.3.0.0
b30e9000-b30ea000 rw-p 00000000 00:00 0 
b30ea000-b3103000 r-xp 00000000 08:16 137792     /usr/lib/i386-linux-gnu/libsasl2.so.2.0.25
b3103000-b3104000 r--p 00019000 08:16 137792     /usr/lib/i386-linux-gnu/libsasl2.so.2.0.25
b3104000-b3105000 rw-p 0001a000 08:16 137792     /usr/lib/i386-linux-gnu/libsasl2.so.2.0.25
b3105000-b3106000 rw-p 00000000 00:00 0 
b3106000-b3119000 r-xp 00000000 08:16 1448820    /lib/i386-linux-gnu/libresolv-2.19.so
b3119000-b311a000 r--p 00013000 08:16 1448820    /lib/i386-linux-gnu/libresolv-2.19.so
b311a000-b311b000 rw-p 00014000 08:16 1448820    /lib/i386-linux-gnu/libresolv-2.19.so
b311b000-b311d000 rw-p 00000000 00:00 0 
b311d000-b3128000 r-xp 00000000 08:16 134186     /usr/lib/i386-linux-gnu/libkrb5support.so.0.1
b3128000-b3129000 r--p 0000a000 08:16 134186     /usr/lib/i386-linux-gnu/libkrb5support.so.0.1
b3129000-b312a000 rw-p 0000b000 08:16 134186     /usr/lib/i386-linux-gnu/libkrb5support.so.0.1
b312a000-b312d000 r-xp 00000000 08:16 1440057    /lib/i386-linux-gnu/libcom_err.so.2.1
b312d000-b312e000 r--p 00002000 08:16 1440057    /lib/i386-linux-gnu/libcom_err.so.2.1
b312e000-b312f000 rw-p 00003000 08:16 1440057    /lib/i386-linux-gnu/libcom_err.so.2.1
b312f000-b315f000 r-xp 00000000 08:16 134180     /usr/lib/i386-linux-gnu/libk5crypto.so.3.1
b315f000-b3160000 r--p 0002f000 08:16 134180     /usr/lib/i386-linux-gnu/libk5crypto.so.3.1
b3160000-b3161000 rw-p 00030000 08:16 134180     /usr/lib/i386-linux-gnu/libk5crypto.so.3.1
b3161000-b322d000 r-xp 00000000 08:16 134184     /usr/lib/i386-linux-gnu/libkrb5.so.3.3
b322d000-b3234000 r--p 000cc000 08:16 134184     /usr/lib/i386-linux-gnu/libkrb5.so.3.3
b3234000-b3235000 rw-p 000d3000 08:16 134184     /usr/lib/i386-linux-gnu/libkrb5.so.3.3
b3235000-b3236000 rw-p 00000000 00:00 0 
b3236000-b32bf000 r-xp 00000000 08:16 137322     /usr/lib/i386-linux-gnu/libgmp.so.10.2.0
b32bf000-b32c0000 r--p 00088000 08:16 137322     /usr/lib/i386-linux-gnu/libgmp.so.10.2.0
b32c0000-b32c1000 rw-p 00089000 08:16 137322     /usr/lib/i386-linux-gnu/libgmp.so.10.2.0
b32c1000-b32f3000 r-xp 00000000 08:16 137614     /usr/lib/i386-linux-gnu/libnettle.so.4.7
b32f3000-b32f5000 r--p 00031000 08:16 137614     /usr/lib/i386-linux-gnu/libnettle.so.4.7
b32f5000-b32f6000 rw-p 00033000 08:16 137614     /usr/lib/i386-linux-gnu/libnettle.so.4.7
b32f6000-b3323000 r-xp 00000000 08:16 137479     /usr/lib/i386-linux-gnu/libhogweed.so.2.5
b3323000-b3324000 r--p 0002c000 08:16 137479     /usr/lib/i386-linux-gnu/libhogweed.so.2.5
b3324000-b3325000 rw-p 0002d000 08:16 137479     /usr/lib/i386-linux-gnu/libhogweed.so.2.5
b3325000-b3449000 r-xp 00000000 08:16 134178     /usr/lib/i386-linux-gnu/libgnutls-deb0.so.28.30.7
b3449000-b3450000 r--p 00123000 08:16 134178     /usr/lib/i386-linux-gnu/libgnutls-deb0.so.28.30.7
b3450000-b3451000 rw-p 0012a000 08:16 134178     /usr/lib/i386-linux-gnu/libgnutls-deb0.so.28.30.7
b3451000-b3452000 rw-p 00000000 00:00 0 
b3452000-b3465000 r-xp 00000000 08:16 131480     /usr/lib/i386-linux-gnu/libXext.so.6.4.0
b3465000-b3466000 r--p 00012000 08:16 131480     /usr/lib/i386-linux-gnu/libXext.so.6.4.0
b3466000-b3467000 rw-p 00013000 08:16 131480     /usr/lib/i386-linux-gnu/libXext.so.6.4.0
b3467000-b3468000 rw-p 00000000 00:00 0 
b3468000-b348e000 r-xp 00000000 08:16 1440100    /lib/i386-linux-gnu/libexpat.so.1.6.0
b348e000-b3490000 r--p 00026000 08:16 1440100    /lib/i386-linux-gnu/libexpat.so.1.6.0
b3490000-b3491000 rw-p 00028000 08:16 1440100    /lib/i386-linux-gnu/libexpat.so.1.6.0
b3491000-b349b000 r-xp 00000000 08:16 137703     /usr/lib/i386-linux-gnu/libXrender.so.1.3.0
b349b000-b349c000 r--p 00009000 08:16 137703     /usr/lib/i386-linux-gnu/libXrender.so.1.3.0
b349c000-b349d000 rw-p 0000a000 08:16 137703     /usr/lib/i386-linux-gnu/libXrender.so.1.3.0
b349d000-b3548000 r-xp 00000000 08:16 134163     /usr/lib/i386-linux-gnu/libfreetype.so.6.11.1
b3548000-b354c000 r--p 000ab000 08:16 134163     /usr/lib/i386-linux-gnu/libfreetype.so.6.11.1
b354c000-b354d000 rw-p 000af000 08:16 134163     /usr/lib/i386-linux-gnu/libfreetype.so.6.11.1
b354d000-b3552000 r-xp 00000000 08:16 136920     /usr/lib/i386-linux-gnu/libXdmcp.so.6.0.0
b3552000-b3553000 r--p 00004000 08:16 136920     /usr/lib/i386-linux-gnu/libXdmcp.so.6.0.0
b3553000-b3554000 rw-p 00005000 08:16 136920     /usr/lib/i386-linux-gnu/libXdmcp.so.6.0.0
b3554000-b3556000 r-xp 00000000 08:16 136909     /usr/lib/i386-linux-gnu/libXau.so.6.0.0
b3556000-b3557000 r--p 00001000 08:16 136909     /usr/lib/i386-linux-gnu/libXau.so.6.0.0
b3557000-b3558000 rw-p 00002000 08:16 136909     /usr/lib/i386-linux-gnu/libXau.so.6.0.0
b3558000-b3559000 rw-p 00000000 00:00 0 
b3559000-b3619000 r-xp 00000000 08:16 145548     /usr/lib/i386-linux-gnu/libcholmod.so.2.1.2
b3619000-b361a000 r--p 000bf000 08:16 145548     /usr/lib/i386-linux-gnu/libcholmod.so.2.1.2
b361a000-b361b000 rw-p 000c0000 08:16 145548     /usr/lib/i386-linux-gnu/libcholmod.so.2.1.2
b361b000-b3672000 r-xp 00000000 08:16 137551     /usr/lib/i386-linux-gnu/libldap_r-2.4.so.2.8.3
b3672000-b3673000 r--p 00057000 08:16 137551     /usr/lib/i386-linux-gnu/libldap_r-2.4.so.2.8.3
b3673000-b3674000 rw-p 00058000 08:16 137551     /usr/lib/i386-linux-gnu/libldap_r-2.4.so.2.8.3
b3674000-b3675000 rw-p 00000000 00:00 0 
b3675000-b3683000 r-xp 00000000 08:16 137546     /usr/lib/i386-linux-gnu/liblber-2.4.so.2.8.3
b3683000-b3684000 r--p 0000d000 08:16 137546     /usr/lib/i386-linux-gnu/liblber-2.4.so.2.8.3
b3684000-b3685000 rw-p 0000e000 08:16 137546     /usr/lib/i386-linux-gnu/liblber-2.4.so.2.8.3
b3685000-b3686000 rw-p 00000000 00:00 0 
b3686000-b36d3000 r-xp 00000000 08:16 134182     /usr/lib/i386-linux-gnu/libgssapi_krb5.so.2.2
b36d3000-b36d5000 r--p 0004d000 08:16 134182     /usr/lib/i386-linux-gnu/libgssapi_krb5.so.2.2
b36d5000-b36d6000 rw-p 0004f000 08:16 134182     /usr/lib/i386-linux-gnu/libgssapi_krb5.so.2.2
b36d6000-b388f000 r-xp 00000000 08:16 1443558    /lib/i386-linux-gnu/libcrypto.so.1.0.0
b388f000-b389f000 r--p 001b8000 08:16 1443558    /lib/i386-linux-gnu/libcrypto.so.1.0.0
b389f000-b38a6000 rw-p 001c8000 08:16 1443558    /lib/i386-linux-gnu/libcrypto.so.1.0.0
b38a6000-b38a9000 rw-p 00000000 00:00 0 
b38a9000-b3903000 r-xp 00000000 08:16 1440225    /lib/i386-linux-gnu/libssl.so.1.0.0
b3903000-b3905000 r--p 00059000 08:16 1440225    /lib/i386-linux-gnu/libssl.so.1.0.0
b3905000-b3909000 rw-p 0005b000 08:16 1440225    /lib/i386-linux-gnu/libssl.so.1.0.0
b3909000-b3924000 r-xp 00000000 08:16 137775     /usr/lib/i386-linux-gnu/librtmp.so.1
b3924000-b3925000 r--p 0001a000 08:16 137775     /usr/lib/i386-linux-gnu/librtmp.so.1
b3925000-b3926000 rw-p 0001b000 08:16 137775     /usr/lib/i386-linux-gnu/librtmp.so.1
b3926000-b3957000 r-xp 00000000 08:16 137505     /usr/lib/i386-linux-gnu/libidn.so.11.6.11
b3957000-b3958000 r--p 00030000 08:16 137505     /usr/lib/i386-linux-gnu/libidn.so.11.6.11
b3958000-b3959000 rw-p 00031000 08:16 137505     /usr/lib/i386-linux-gnu/libidn.so.11.6.11
b3959000-b395a000 rw-p 00000000 00:00 0 
b395a000-b395c000 r-xp 00000000 08:16 136946     /usr/lib/i386-linux-gnu/libXss.so.1.0.0
b395c000-b395d000 r--p 00001000 08:16 136946     /usr/lib/i386-linux-gnu/libXss.so.1.0.0
b395d000-b395e000 rw-p 00002000 08:16 136946     /usr/lib/i386-linux-gnu/libXss.so.1.0.0
b395e000-b3998000 r-xp 00000000 08:16 137223     /usr/lib/i386-linux-gnu/libfontconfig.so.1.8.0
b3998000-b3999000 r--p 0003a000 08:16 137223     /usr/lib/i386-linux-gnu/libfontconfig.so.1.8.0
b3999000-b399a000 rw-p 0003b000 08:16 137223     /usr/lib/i386-linux-gnu/libfontconfig.so.1.8.0
b399a000-b39ae000 r-xp 00000000 08:16 136928     /usr/lib/i386-linux-gnu/libXft.so.2.3.2
b39ae000-b39af000 r--p 00013000 08:16 136928     /usr/lib/i386-linux-gnu/libXft.so.2.3.2
b39af000-b39b0000 rw-p 00014000 08:16 136928     /usr/lib/i386-linux-gnu/libXft.so.2.3.2
b39b0000-b39d0000 r-xp 00000000 08:16 138021     /usr/lib/i386-linux-gnu/libxcb.so.1.1.0
b39d0000-b39d1000 r--p 0001f000 08:16 138021     /usr/lib/i386-linux-gnu/libxcb.so.1.1.0
b39d1000-b39d2000 rw-p 00020000 08:16 138021     /usr/lib/i386-linux-gnu/libxcb.so.1.1.0
b39d2000-b39d3000 rw-p 00000000 00:00 0 
b39d3000-b39db000 r-xp 00000000 08:16 145532     /usr/lib/i386-linux-gnu/libamd.so.2.3.1
b39db000-b39dc000 r--p 00007000 08:16 145532     /usr/lib/i386-linux-gnu/libamd.so.2.3.1
b39dc000-b39dd000 rw-p 00008000 08:16 145532     /usr/lib/i386-linux-gnu/libamd.so.2.3.1
b39dd000-b3a81000 r-xp 00000000 08:16 145568     /usr/lib/i386-linux-gnu/libumfpack.so.5.6.2
b3a81000-b3a82000 r--p 000a3000 08:16 145568     /usr/lib/i386-linux-gnu/libumfpack.so.5.6.2
b3a82000-b3a83000 rw-p 000a4000 08:16 145568     /usr/lib/i386-linux-gnu/libumfpack.so.5.6.2
b3a83000-b3a8a000 r-xp 00000000 08:16 1448813    /lib/i386-linux-gnu/librt-2.19.so
b3a8a000-b3a8b000 r--p 00006000 08:16 1448813    /lib/i386-linux-gnu/librt-2.19.so
b3a8b000-b3a8c000 rw-p 00007000 08:16 1448813    /lib/i386-linux-gnu/librt-2.19.so
b3a8c000-b3aa4000 r-xp 00000000 08:16 137336     /usr/lib/i386-linux-gnu/libgomp.so.1.0.0
b3aa4000-b3aa5000 r--p 00017000 08:16 137336     /usr/lib/i386-linux-gnu/libgomp.so.1.0.0
b3aa5000-b3aa6000 rw-p 00018000 08:16 137336     /usr/lib/i386-linux-gnu/libgomp.so.1.0.0
b3aa6000-b3aa7000 rw-p 00000000 00:00 0 
b3aa7000-b3ae8000 r-xp 00000000 08:16 145562     /usr/lib/i386-linux-gnu/libmatio.so.2.0.2
b3ae8000-b3ae9000 r--p 00040000 08:16 145562     /usr/lib/i386-linux-gnu/libmatio.so.2.0.2
b3ae9000-b3aea000 rw-p 00041000 08:16 145562     /usr/lib/i386-linux-gnu/libmatio.so.2.0.2
b3aea000-b3b78000 r-xp 00000000 08:16 137743     /usr/lib/i386-linux-gnu/libquadmath.so.0.0.0
b3b78000-b3b79000 r--p 0008d000 08:16 137743     /usr/lib/i386-linux-gnu/libquadmath.so.0.0.0
b3b79000-b3b7a000 rw-p 0008e000 08:16 137743     /usr/lib/i386-linux-gnu/libquadmath.so.0.0.0
b3b7a000-b3c85000 r-xp 00000000 08:16 145546     /usr/lib/i386-linux-gnu/libgfortran.so.3.0.0
b3c85000-b3c86000 r--p 0010a000 08:16 145546     /usr/lib/i386-linux-gnu/libgfortran.so.3.0.0
b3c86000-b3c87000 rw-p 0010b000 08:16 145546     /usr/lib/i386-linux-gnu/libgfortran.so.3.0.0
b3c87000-b3cd3000 r-xp 00000000 08:16 145579     /usr/lib/libarpack.so.2.0.0
b3cd3000-b3cd4000 r--p 0004b000 08:16 145579     /usr/lib/libarpack.so.2.0.0
b3cd4000-b3cd5000 rw-p 0004c000 08:16 145579     /usr/lib/libarpack.so.2.0.0
b3cd5000-b3cd6000 rw-p 00000000 00:00 0 
b3cd6000-b3cfa000 r-xp 00000000 08:16 1440127    /lib/i386-linux-gnu/liblzma.so.5.0.0
b3cfa000-b3cfb000 r--p 00023000 08:16 1440127    /lib/i386-linux-gnu/liblzma.so.5.0.0
b3cfb000-b3cfc000 rw-p 00024000 08:16 1440127    /lib/i386-linux-gnu/liblzma.so.5.0.0
b3cfc000-b3d7d000 r-xp 00000000 08:16 544141     /usr/lib/libblas/libblas.so.3.0
b3d7d000-b3d7e000 r--p 00080000 08:16 544141     /usr/lib/libblas/libblas.so.3.0
b3d7e000-b3d7f000 rw-p 00081000 08:16 544141     /usr/lib/libblas/libblas.so.3.0
b3d7f000-b4325000 r-xp 00000000 08:16 544152     /usr/lib/lapack/liblapack.so.3.0
b4325000-b4326000 r--p 005a5000 08:16 544152     /usr/lib/lapack/liblapack.so.3.0
b4326000-b4329000 rw-p 005a6000 08:16 544152     /usr/lib/lapack/liblapack.so.3.0
b4329000-b432a000 r-xp 00000000 08:16 263606     /usr/lib/scilab/libscicommons-disable.so.5.5.0
b432a000-b432b000 r--p 00000000 08:16 263606     /usr/lib/scilab/libscicommons-disable.so.5.5.0
b432b000-b432c000 rw-p 00001000 08:16 263606     /usr/lib/scilab/libscicommons-disable.so.5.5.0
b432c000-b432d000 rw-p 00000000 00:00 0 
b432d000-b432e000 r-xp 00000000 08:16 263591     /usr/lib/scilab/libscihistory_browser-disable.so.5.5.0
b432e000-b432f000 r--p 00000000 08:16 263591     /usr/lib/scilab/libscihistory_browser-disable.so.5.5.0
b432f000-b4330000 rw-p 00001000 08:16 263591     /usr/lib/scilab/libscihistory_browser-disable.so.5.5.0
b4330000-b4331000 r-xp 00000000 08:16 263598     /usr/lib/scilab/libsciui_data-disable.so.5.5.0
b4331000-b4332000 r--p 00000000 08:16 263598     /usr/lib/scilab/libsciui_data-disable.so.5.5.0
b4332000-b4333000 rw-p 00001000 08:16 263598     /usr/lib/scilab/libsciui_data-disable.so.5.5.0
b4333000-b4334000 r-xp 00000000 08:16 263588     /usr/lib/scilab/libsciscinotes-disable.so.5.5.0
b4334000-b4335000 r--p 00000000 08:16 263588     /usr/lib/scilab/libsciscinotes-disable.so.5.5.0
b4335000-b4336000 rw-p 00001000 08:16 263588     /usr/lib/scilab/libsciscinotes-disable.so.5.5.0
b4336000-b4337000 r-xp 00000000 08:16 263571     /usr/lib/scilab/libscigraphic_objects-disable.so.5.5.0
b4337000-b4338000 r--p 00000000 08:16 263571     /usr/lib/scilab/libscigraphic_objects-disable.so.5.5.0
b4338000-b4339000 rw-p 00001000 08:16 263571     /usr/lib/scilab/libscigraphic_objects-disable.so.5.5.0
b4339000-b433a000 r-xp 00000000 08:16 263572     /usr/lib/scilab/libscixcos-disable.so.5.5.0
b433a000-b433b000 r--p 00000000 08:16 263572     /usr/lib/scilab/libscixcos-disable.so.5.5.0
b433b000-b433c000 rw-p 00001000 08:16 263572     /usr/lib/scilab/libscixcos-disable.so.5.5.0
b433c000-b433d000 rw-p 00000000 00:00 0 
b433d000-b433e000 r-xp 00000000 08:16 263582     /usr/lib/scilab/libscijvm-disable.so.5.5.0
b433e000-b433f000 r--p 00000000 08:16 263582     /usr/lib/scilab/libscijvm-disable.so.5.5.0
b433f000-b4340000 rw-p 00001000 08:16 263582     /usr/lib/scilab/libscijvm-disable.so.5.5.0
b4340000-b4341000 r-xp 00000000 08:16 263581     /usr/lib/scilab/libsciaction_binding-disable.so.5.5.0
b4341000-b4342000 r--p 00000000 08:16 263581     /usr/lib/scilab/libsciaction_binding-disable.so.5.5.0
b4342000-b4343000 rw-p 00001000 08:16 263581     /usr/lib/scilab/libsciaction_binding-disable.so.5.5.0
b4343000-b4344000 r-xp 00000000 08:16 263593     /usr/lib/scilab/libscigraphic_export-disable.so.5.5.0
b4344000-b4345000 r--p 00000000 08:16 263593     /usr/lib/scilab/libscigraphic_export-disable.so.5.5.0
b4345000-b4346000 rw-p 00001000 08:16 263593     /usr/lib/scilab/libscigraphic_export-disable.so.5.5.0
b4346000-b4348000 r-xp 00000000 08:16 263605     /usr/lib/scilab/libscigraphics-disable.so.5.5.0
b4348000-b4349000 r--p 00001000 08:16 263605     /usr/lib/scilab/libscigraphics-disable.so.5.5.0
b4349000-b434a000 rw-p 00002000 08:16 263605     /usr/lib/scilab/libscigraphics-disable.so.5.5.0
b434a000-b434c000 r-xp 00000000 08:16 263602     /usr/lib/scilab/libscigui-disable.so.5.5.0
b434c000-b434d000 r--p 00001000 08:16 263602     /usr/lib/scilab/libscigui-disable.so.5.5.0
b434d000-b434e000 rw-p 00002000 08:16 263602     /usr/lib/scilab/libscigui-disable.so.5.5.0
b434e000-b434f000 rw-p 00000000 00:00 0 
b434f000-b451f000 r-xp 00000000 08:16 141550     /usr/lib/i386-linux-gnu/libfftw3.so.3.4.4
b451f000-b452b000 r--p 001cf000 08:16 141550     /usr/lib/i386-linux-gnu/libfftw3.so.3.4.4
b452b000-b452c000 rw-p 001db000 08:16 141550     /usr/lib/i386-linux-gnu/libfftw3.so.3.4.4
b452c000-b454c000 r-xp 00000000 08:16 145557     /usr/lib/i386-linux-gnu/libhdf5_hl.so.7.1.1
b454c000-b454d000 r--p 0001f000 08:16 145557     /usr/lib/i386-linux-gnu/libhdf5_hl.so.7.1.1
b454d000-b454e000 rw-p 00020000 08:16 145557     /usr/lib/i386-linux-gnu/libhdf5_hl.so.7.1.1
b454e000-b455f000 rw-p 00000000 00:00 0 
b455f000-b4824000 r-xp 00000000 08:16 145556     /usr/lib/i386-linux-gnu/libhdf5.so.7.1.1
b4824000-b4827000 r--p 002c4000 08:16 145556     /usr/lib/i386-linux-gnu/libhdf5.so.7.1.1
b4827000-b482a000 rw-p 002c7000 08:16 145556     /usr/lib/i386-linux-gnu/libhdf5.so.7.1.1
b482a000-b482b000 rw-p 00000000 00:00 0 
b482b000-b482d000 r-xp 00000000 08:16 137688     /usr/lib/i386-linux-gnu/libpcreposix.so.3.13.1
b482d000-b482e000 r--p 00001000 08:16 137688     /usr/lib/i386-linux-gnu/libpcreposix.so.3.13.1
b482e000-b482f000 rw-p 00002000 08:16 137688     /usr/lib/i386-linux-gnu/libpcreposix.so.3.13.1
b482f000-b48a3000 r-xp 00000000 08:16 135414     /usr/lib/i386-linux-gnu/libcurl.so.4.3.0
b48a3000-b48a5000 r--p 00074000 08:16 135414     /usr/lib/i386-linux-gnu/libcurl.so.4.3.0
b48a5000-b48a6000 rw-p 00076000 08:16 135414     /usr/lib/i386-linux-gnu/libcurl.so.4.3.0
b48a6000-b48a7000 rw-p 00000000 00:00 0 
b48a7000-b4fb0000 r-xp 00000000 08:16 548160     /usr/lib/jvm/java-7-openjdk-i386/jre/lib/i386/client/libjvm.so
b4fb0000-b4fc8000 r--p 00708000 08:16 548160     /usr/lib/jvm/java-7-openjdk-i386/jre/lib/i386/client/libjvm.so
b4fc8000-b4fd7000 rw-p 00720000 08:16 548160     /usr/lib/jvm/java-7-openjdk-i386/jre/lib/i386/client/libjvm.so
b4fd7000-b53f1000 rw-p 00000000 00:00 0 
b53f1000-b53ff000 r-xp 00000000 08:16 548158     /usr/lib/jvm/java-7-openjdk-i386/jre/lib/i386/libverify.so
b53ff000-b5401000 r--p 0000d000 08:16 548158     /usr/lib/jvm/java-7-openjdk-i386/jre/lib/i386/libverify.so
b5401000-b5402000 rw-p 0000f000 08:16 548158     /usr/lib/jvm/java-7-openjdk-i386/jre/lib/i386/libverify.so
b5402000-b5428000 r-xp 00000000 08:16 544018     /usr/lib/jvm/java-7-openjdk-i386/jre/lib/i386/libjava.so
b5428000-b5429000 r--p 00025000 08:16 544018     /usr/lib/jvm/java-7-openjdk-i386/jre/lib/i386/libjava.so
b5429000-b542a000 rw-p 00026000 08:16 544018     /usr/lib/jvm/java-7-openjdk-i386/jre/lib/i386/libjava.so
b542a000-b5568000 r-xp 00000000 08:16 145564     /usr/lib/i386-linux-gnu/libtcl8.5.so
b5568000-b556c000 r--p 0013d000 08:16 145564     /usr/lib/i386-linux-gnu/libtcl8.5.so
b556c000-b5570000 rw-p 00141000 08:16 145564     /usr/lib/i386-linux-gnu/libtcl8.5.so
b5570000-b5571000 rw-p 00000000 00:00 0 
b5571000-b5692000 r-xp 00000000 08:16 145566     /usr/lib/i386-linux-gnu/libtk8.5.so
b5692000-b569a000 r--p 00121000 08:16 145566     /usr/lib/i386-linux-gnu/libtk8.5.so
b569a000-b56a3000 rw-p 00129000 08:16 145566     /usr/lib/i386-linux-gnu/libtk8.5.so
b56a3000-b56a5000 rw-p 00000000 00:00 0 
b56a5000-b56bd000 r-xp 00000000 08:16 1448822    /lib/i386-linux-gnu/libpthread-2.19.so
b56bd000-b56bf000 r--p 00017000 08:16 1448822    /lib/i386-linux-gnu/libpthread-2.19.so
b56bf000-b56c0000 rw-p 00019000 08:16 1448822    /lib/i386-linux-gnu/libpthread-2.19.so
b56c0000-b56c2000 rw-p 00000000 00:00 0 
b56c2000-b5809000 r-xp 00000000 08:16 136905     /usr/lib/i386-linux-gnu/libX11.so.6.3.0
b5809000-b580a000 r--p 00146000 08:16 136905     /usr/lib/i386-linux-gnu/libX11.so.6.3.0
b580a000-b580c000 rw-p 00147000 08:16 136905     /usr/lib/i386-linux-gnu/libX11.so.6.3.0
b580c000-b580d000 rw-p 00000000 00:00 0 
b580d000-b5811000 r-xp 00000000 08:16 1443608    /lib/i386-linux-gnu/libuuid.so.1.3.0
b5811000-b5812000 r--p 00003000 08:16 1443608    /lib/i386-linux-gnu/libuuid.so.1.3.0
b5812000-b5813000 rw-p 00004000 08:16 1443608    /lib/i386-linux-gnu/libuuid.so.1.3.0
b5813000-b5829000 r-xp 00000000 08:16 136783     /usr/lib/i386-linux-gnu/libICE.so.6.3.0
b5829000-b582a000 r--p 00015000 08:16 136783     /usr/lib/i386-linux-gnu/libICE.so.6.3.0
b582a000-b582b000 rw-p 00016000 08:16 136783     /usr/lib/i386-linux-gnu/libICE.so.6.3.0
b582b000-b582d000 rw-p 00000000 00:00 0 
b582d000-b59d4000 r-xp 00000000 08:16 1448825    /lib/i386-linux-gnu/libc-2.19.so
b59d4000-b59d6000 r--p 001a7000 08:16 1448825    /lib/i386-linux-gnu/libc-2.19.so
b59d6000-b59d7000 rw-p 001a9000 08:16 1448825    /lib/i386-linux-gnu/libc-2.19.so
b59d7000-b59db000 rw-p 00000000 00:00 0 
b59db000-b59f7000 r-xp 00000000 08:16 1440105    /lib/i386-linux-gnu/libgcc_s.so.1
b59f7000-b59f8000 r--p 0001b000 08:16 1440105    /lib/i386-linux-gnu/libgcc_s.so.1
b59f8000-b59f9000 rw-p 0001c000 08:16 1440105    /lib/i386-linux-gnu/libgcc_s.so.1
b59f9000-b5a3d000 r-xp 00000000 08:16 1448819    /lib/i386-linux-gnu/libm-2.19.so
b5a3d000-b5a3e000 r--p 00043000 08:16 1448819    /lib/i386-linux-gnu/libm-2.19.so
b5a3e000-b5a3f000 rw-p 00044000 08:16 1448819    /lib/i386-linux-gnu/libm-2.19.so
b5a3f000-b5b28000 r-xp 00000000 08:16 137855     /usr/lib/i386-linux-gnu/libstdc++.so.6.0.20
b5b28000-b5b2c000 r--p 000e9000 08:16 137855     /usr/lib/i386-linux-gnu/libstdc++.so.6.0.20
b5b2c000-b5b2d000 rw-p 000ed000 08:16 137855     /usr/lib/i386-linux-gnu/libstdc++.so.6.0.20
b5b2d000-b5b34000 rw-p 00000000 00:00 0 
b5b34000-b5deb000 r-xp 00000000 08:16 145236     /usr/lib/i386-linux-gnu/libmysqlclient.so.18.0.0
b5deb000-b5def000 r--p 002b7000 08:16 145236     /usr/lib/i386-linux-gnu/libmysqlclient.so.18.0.0
b5def000-b5e65000 rw-p 002bb000 08:16 145236     /usr/lib/i386-linux-gnu/libmysqlclient.so.18.0.0
b5e65000-b5e68000 rw-p 00000000 00:00 0 
b5e68000-b5e80000 r-xp 00000000 08:16 1440109    /lib/i386-linux-gnu/libz.so.1.2.8_sav
b5e80000-b5e81000 r--p 00017000 08:16 1440109    /lib/i386-linux-gnu/libz.so.1.2.8_sav
b5e81000-b5e82000 rw-p 00018000 08:16 1440109    /lib/i386-linux-gnu/libz.so.1.2.8_sav
b5e82000-b5e83000 rw-p 00000000 00:00 0 
b5e83000-b5ebb000 r-xp 00000000 08:16 263590     /usr/lib/scilab/libscixml.so.5.5.0
b5ebb000-b5ebc000 r--p 00037000 08:16 263590     /usr/lib/scilab/libscixml.so.5.5.0
b5ebc000-b5ebd000 rw-p 00038000 08:16 263590     /usr/lib/scilab/libscixml.so.5.5.0
b5ebd000-b5ecc000 r-xp 00000000 08:16 263831     /usr/lib/scilab/libscixcos.so.5.5.0
b5ecc000-b5ecd000 r--p 0000e000 08:16 263831     /usr/lib/scilab/libscixcos.so.5.5.0
b5ecd000-b5ece000 rw-p 0000f000 08:16 263831     /usr/lib/scilab/libscixcos.so.5.5.0
b5ece000-b5edf000 r-xp 00000000 08:16 263577     /usr/lib/scilab/libsciumfpack.so.5.5.0
b5edf000-b5ee0000 r--p 00011000 08:16 263577     /usr/lib/scilab/libsciumfpack.so.5.5.0
b5ee0000-b5ee1000 rw-p 00012000 08:16 263577     /usr/lib/scilab/libsciumfpack.so.5.5.0
b5ee1000-b5efa000 r-xp 00000000 08:16 263826     /usr/lib/scilab/libsciui_data.so.5.5.0
b5efa000-b5efc000 r--p 00018000 08:16 263826     /usr/lib/scilab/libsciui_data.so.5.5.0
b5efc000-b5efd000 rw-p 0001a000 08:16 263826     /usr/lib/scilab/libsciui_data.so.5.5.0
b5efd000-b5f17000 r-xp 00000000 08:16 263828     /usr/lib/scilab/libscitypes.so.5.5.0
b5f17000-b5f18000 r--p 00019000 08:16 263828     /usr/lib/scilab/libscitypes.so.5.5.0
b5f18000-b5f19000 rw-p 0001a000 08:16 263828     /usr/lib/scilab/libscitypes.so.5.5.0
b5f19000-b5f1a000 rw-p 00000000 00:00 0 
b5f1a000-b5f25000 r-xp 00000000 08:16 263595     /usr/lib/scilab/libscitclsci.so.5.5.0
b5f25000-b5f26000 r--p 0000a000 08:16 263595     /usr/lib/scilab/libscitclsci.so.5.5.0
b5f26000-b5f27000 rw-p 0000b000 08:16 263595     /usr/lib/scilab/libscitclsci.so.5.5.0
b5f27000-b5f2c000 r-xp 00000000 08:16 263601     /usr/lib/scilab/libscisymbolic.so.5.5.0
b5f2c000-b5f2d000 r--p 00004000 08:16 263601     /usr/lib/scilab/libscisymbolic.so.5.5.0
b5f2d000-b5f2e000 rw-p 00005000 08:16 263601     /usr/lib/scilab/libscisymbolic.so.5.5.0
b5f2e000-b5fe8000 rw-p 00000000 00:00 0 
b5fe8000-b6015000 r-xp 00000000 08:16 263570     /usr/lib/scilab/libscisundials.so.5.5.0
b6015000-b6016000 r--p 0002c000 08:16 263570     /usr/lib/scilab/libscisundials.so.5.5.0
b6016000-b6017000 rw-p 0002d000 08:16 263570     /usr/lib/scilab/libscisundials.so.5.5.0
b6017000-b6034000 r-xp 00000000 08:16 263585     /usr/lib/scilab/libscistatistics.so.5.5.0
b6034000-b6035000 r--p 0001c000 08:16 263585     /usr/lib/scilab/libscistatistics.so.5.5.0
b6035000-b6036000 rw-p 0001d000 08:16 263585     /usr/lib/scilab/libscistatistics.so.5.5.0
b6036000-b60f0000 rw-p 00000000 00:00 0 
b60f0000-b610c000 r-xp 00000000 08:16 263587     /usr/lib/scilab/libscispreadsheet.so.5.5.0
b610c000-b610d000 r--p 0001b000 08:16 263587     /usr/lib/scilab/libscispreadsheet.so.5.5.0
b610d000-b610e000 rw-p 0001c000 08:16 263587     /usr/lib/scilab/libscispreadsheet.so.5.5.0
b610e000-b610f000 rw-p 00000000 00:00 0 
b610f000-b612e000 r-xp 00000000 08:16 263603     /usr/lib/scilab/libscispecial_functions.so.5.5.0
b612e000-b612f000 r--p 0001e000 08:16 263603     /usr/lib/scilab/libscispecial_functions.so.5.5.0
b612f000-b6130000 rw-p 0001f000 08:16 263603     /usr/lib/scilab/libscispecial_functions.so.5.5.0
b6130000-b6132000 r-xp 00000000 08:16 263578     /usr/lib/scilab/libscisound.so.5.5.0
b6132000-b6133000 r--p 00001000 08:16 263578     /usr/lib/scilab/libscisound.so.5.5.0
b6133000-b6134000 rw-p 00002000 08:16 263578     /usr/lib/scilab/libscisound.so.5.5.0
b6134000-b6150000 r-xp 00000000 08:16 263592     /usr/lib/scilab/libscisignal_processing.so.5.5.0
b6150000-b6151000 r--p 0001b000 08:16 263592     /usr/lib/scilab/libscisignal_processing.so.5.5.0
b6151000-b6152000 rw-p 0001c000 08:16 263592     /usr/lib/scilab/libscisignal_processing.so.5.5.0
b6152000-b620c000 rw-p 00000000 00:00 0 
b620c000-b6213000 r-xp 00000000 08:16 263838     /usr/lib/scilab/libsciscinotes.so.5.5.0
b6213000-b6214000 r--p 00006000 08:16 263838     /usr/lib/scilab/libsciscinotes.so.5.5.0
b6214000-b6215000 rw-p 00007000 08:16 263838     /usr/lib/scilab/libsciscinotes.so.5.5.0
b6215000-b6265000 r-xp 00000000 08:16 263844     /usr/lib/scilab/libsciscicos-cli.so.5.5.0
b6265000-b6267000 r--p 00050000 08:16 263844     /usr/lib/scilab/libsciscicos-cli.so.5.5.0
b6267000-b6269000 rw-p 00052000 08:16 263844     /usr/lib/scilab/libsciscicos-cli.so.5.5.0
b6269000-b6326000 rw-p 00000000 00:00 0 
b6326000-b6378000 r-xp 00000000 08:16 263836     /usr/lib/scilab/libsciscicos_blocks-cli.so.5.5.0
b6378000-b6379000 r--p 00051000 08:16 263836     /usr/lib/scilab/libsciscicos_blocks-cli.so.5.5.0
b6379000-b637a000 rw-p 00052000 08:16 263836     /usr/lib/scilab/libsciscicos_blocks-cli.so.5.5.0
b637a000-b6436000 rw-p 00000000 00:00 0 
b6436000-b648a000 r-xp 00000000 08:16 263839     /usr/lib/scilab/libsciscicos_blocks.so.5.5.0
b648a000-b648b000 r--p 00053000 08:16 263839     /usr/lib/scilab/libsciscicos_blocks.so.5.5.0
b648b000-b648c000 rw-p 00054000 08:16 263839     /usr/lib/scilab/libsciscicos_blocks.so.5.5.0
b648c000-b6548000 rw-p 00000000 00:00 0 
b6548000-b6598000 r-xp 00000000 08:16 263840     /usr/lib/scilab/libsciscicos.so.5.5.0
b6598000-b659a000 r--p 00050000 08:16 263840     /usr/lib/scilab/libsciscicos.so.5.5.0
b659a000-b659c000 rw-p 00052000 08:16 263840     /usr/lib/scilab/libsciscicos.so.5.5.0
b659c000-b6658000 rw-p 00000000 00:00 0 
b6658000-b6662000 r-xp 00000000 08:16 263835     /usr/lib/scilab/libscirenderer.so.5.5.0
b6662000-b6663000 r--p 00009000 08:16 263835     /usr/lib/scilab/libscirenderer.so.5.5.0
b6663000-b6664000 rw-p 0000a000 08:16 263835     /usr/lib/scilab/libscirenderer.so.5.5.0
b6664000-b6676000 r-xp 00000000 08:16 263573     /usr/lib/scilab/libscirandlib.so.5.5.0
b6676000-b6677000 r--p 00011000 08:16 263573     /usr/lib/scilab/libscirandlib.so.5.5.0
b6677000-b6678000 rw-p 00012000 08:16 263573     /usr/lib/scilab/libscirandlib.so.5.5.0
b6678000-b6735000 rw-p 00000000 00:00 0 
b6735000-b6737000 r-xp 00000000 08:16 263589     /usr/lib/scilab/libscipreferences-cli.so.5.5.0
b6737000-b6738000 r--p 00002000 08:16 263589     /usr/lib/scilab/libscipreferences-cli.so.5.5.0
b6738000-b6739000 rw-p 00003000 08:16 263589     /usr/lib/scilab/libscipreferences-cli.so.5.5.0
b6739000-b673f000 r-xp 00000000 08:16 263851     /usr/lib/scilab/libscipreferences.so.5.5.0
b673f000-b6740000 r--p 00005000 08:16 263851     /usr/lib/scilab/libscipreferences.so.5.5.0
b6740000-b6741000 rw-p 00006000 08:16 263851     /usr/lib/scilab/libscipreferences.so.5.5.0
b6741000-b6748000 r-xp 00000000 08:16 263580     /usr/lib/scilab/libsciparallel.so.5.5.0
b6748000-b6749000 r--p 00006000 08:16 263580     /usr/lib/scilab/libsciparallel.so.5.5.0
b6749000-b674a000 rw-p 00007000 08:16 263580     /usr/lib/scilab/libsciparallel.so.5.5.0
b674a000-b67a6000 r-xp 00000000 08:16 263575     /usr/lib/scilab/libscioptimization.so.5.5.0
b67a6000-b67a7000 r--p 0005b000 08:16 263575     /usr/lib/scilab/libscioptimization.so.5.5.0
b67a7000-b67a8000 rw-p 0005c000 08:16 263575     /usr/lib/scilab/libscioptimization.so.5.5.0
b67a8000-b6862000 rw-p 00000000 00:00 0 
b6862000-b6870000 r-xp 00000000 08:16 263599     /usr/lib/scilab/libscimatio.so.5.5.0
b6870000-b6871000 r--p 0000d000 08:16 263599     /usr/lib/scilab/libscimatio.so.5.5.0
b6871000-b6872000 rw-p 0000e000 08:16 263599     /usr/lib/scilab/libscimatio.so.5.5.0
b6872000-b6873000 rw-p 00000000 00:00 0 
b6873000-b6879000 r-xp 00000000 08:16 263597     /usr/lib/scilab/libscilocalization.so.5.5.0
b6879000-b687a000 r--p 00005000 08:16 263597     /usr/lib/scilab/libscilocalization.so.5.5.0
b687a000-b6881000 rw-p 00006000 08:16 263597     /usr/lib/scilab/libscilocalization.so.5.5.0
b6881000-b6cf3000 r-xp 00000000 08:16 263574     /usr/lib/scilab/libscilab-cli.so.0.0.0
b6cf3000-b6cf4000 r--p 00472000 08:16 263574     /usr/lib/scilab/libscilab-cli.so.0.0.0
b6cf4000-b6cfc000 rw-p 00473000 08:16 263574     /usr/lib/scilab/libscilab-cli.so.0.0.0
b6cfc000-b6e4b000 rw-p 00000000 00:00 0 
b6e4b000-b6e54000 r-xp 00000000 08:16 263845     /usr/lib/scilab/libscijvm.so.5.5.0
b6e54000-b6e55000 r--p 00008000 08:16 263845     /usr/lib/scilab/libscijvm.so.5.5.0
b6e55000-b6e56000 rw-p 00009000 08:16 263845     /usr/lib/scilab/libscijvm.so.5.5.0
b6e56000-b6e6c000 r-xp 00000000 08:16 263594     /usr/lib/scilab/libsciinterpolation.so.5.5.0
b6e6c000-b6e6d000 r--p 00015000 08:16 263594     /usr/lib/scilab/libsciinterpolation.so.5.5.0
b6e6d000-b6e6e000 rw-p 00016000 08:16 263594     /usr/lib/scilab/libsciinterpolation.so.5.5.0
b6e6e000-b6e7e000 r-xp 00000000 08:16 263583     /usr/lib/scilab/libscihistory_manager.so.5.5.0
b6e7e000-b6e7f000 r--p 0000f000 08:16 263583     /usr/lib/scilab/libscihistory_manager.so.5.5.0
b6e7f000-b6e80000 rw-p 00010000 08:16 263583     /usr/lib/scilab/libscihistory_manager.so.5.5.0
b6e80000-b6e81000 rw-p 00000000 00:00 0 
b6e81000-b6e86000 r-xp 00000000 08:16 263834     /usr/lib/scilab/libscihistory_browser.so.5.5.0
b6e86000-b6e87000 r--p 00004000 08:16 263834     /usr/lib/scilab/libscihistory_browser.so.5.5.0
b6e87000-b6e88000 rw-p 00005000 08:16 263834     /usr/lib/scilab/libscihistory_browser.so.5.5.0
b6e88000-b6e91000 r-xp 00000000 08:16 263827     /usr/lib/scilab/libscihelptools.so.5.5.0
b6e91000-b6e92000 r--p 00008000 08:16 263827     /usr/lib/scilab/libscihelptools.so.5.5.0
b6e92000-b6e93000 rw-p 00009000 08:16 263827     /usr/lib/scilab/libscihelptools.so.5.5.0
b6e93000-b6f53000 r-xp 00000000 08:16 263579     /usr/lib/scilab/libscihdf5.so.5.5.0
b6f53000-b6f57000 r--p 000bf000 08:16 263579     /usr/lib/scilab/libscihdf5.so.5.5.0
b6f57000-b6f58000 rw-p 000c3000 08:16 263579     /usr/lib/scilab/libscihdf5.so.5.5.0
b6f58000-b6fc4000 r-xp 00000000 08:16 263852     /usr/lib/scilab/libscigui.so.5.5.0
b6fc4000-b6fc5000 r--p 0006c000 08:16 263852     /usr/lib/scilab/libscigui.so.5.5.0
b6fc5000-b6fc6000 rw-p 0006d000 08:16 263852     /usr/lib/scilab/libscigui.so.5.5.0
b6fc6000-b7059000 r-xp 00000000 08:16 263850     /usr/lib/scilab/libscigraphics.so.5.5.0
b7059000-b705b000 r--p 00092000 08:16 263850     /usr/lib/scilab/libscigraphics.so.5.5.0
b705b000-b705d000 rw-p 00094000 08:16 263850     /usr/lib/scilab/libscigraphics.so.5.5.0
b705d000-b705e000 rw-p 00000000 00:00 0 
b705e000-b70e0000 r-xp 00000000 08:16 263837     /usr/lib/scilab/libscigraphic_objects.so.5.5.0
b70e0000-b70e2000 r--p 00081000 08:16 263837     /usr/lib/scilab/libscigraphic_objects.so.5.5.0
b70e2000-b70e3000 rw-p 00083000 08:16 263837     /usr/lib/scilab/libscigraphic_objects.so.5.5.0
b70e3000-b71a1000 rw-p 00000000 00:00 0 
b71a1000-b71aa000 r-xp 00000000 08:16 263833     /usr/lib/scilab/libscigraphic_export.so.5.5.0
b71aa000-b71ab000 r--p 00008000 08:16 263833     /usr/lib/scilab/libscigraphic_export.so.5.5.0
b71ab000-b71ac000 rw-p 00009000 08:16 263833     /usr/lib/scilab/libscigraphic_export.so.5.5.0
b71ac000-b71b6000 r-xp 00000000 08:16 263604     /usr/lib/scilab/libscifunctions.so.5.5.0
b71b6000-b71b7000 r--p 00009000 08:16 263604     /usr/lib/scilab/libscifunctions.so.5.5.0
b71b7000-b71b8000 rw-p 0000a000 08:16 263604     /usr/lib/scilab/libscifunctions.so.5.5.0
b71b8000-b7272000 rw-p 00000000 00:00 0 
b7272000-b72ab000 r-xp 00000000 08:16 263846     /usr/lib/scilab/libsciexternal_objects_java.so.5.5.0
b72ab000-b72ac000 r--p 00038000 08:16 263846     /usr/lib/scilab/libsciexternal_objects_java.so.5.5.0
b72ac000-b72ad000 rw-p 00039000 08:16 263846     /usr/lib/scilab/libsciexternal_objects_java.so.5.5.0
b72ad000-b72d6000 r-xp 00000000 08:16 263600     /usr/lib/scilab/libsciexternal_objects.so.5.5.0
b72d6000-b72d7000 r--p 00028000 08:16 263600     /usr/lib/scilab/libsciexternal_objects.so.5.5.0
b72d7000-b72d8000 rw-p 00029000 08:16 263600     /usr/lib/scilab/libsciexternal_objects.so.5.5.0
b72d8000-b72d9000 rw-p 00000000 00:00 0 
b72d9000-b72e4000 r-xp 00000000 08:16 263586     /usr/lib/scilab/libsciconsole-minimal.so.5.5.0
b72e4000-b72e5000 r--p 0000a000 08:16 263586     /usr/lib/scilab/libsciconsole-minimal.so.5.5.0
b72e5000-b72e6000 rw-p 0000b000 08:16 263586     /usr/lib/scilab/libsciconsole-minimal.so.5.5.0
b72e6000-b72ef000 r-xp 00000000 08:16 263832     /usr/lib/scilab/libsciconsole.so.5.5.0
b72ef000-b72f0000 r--p 00008000 08:16 263832     /usr/lib/scilab/libsciconsole.so.5.5.0
b72f0000-b72f1000 rw-p 00009000 08:16 263832     /usr/lib/scilab/libsciconsole.so.5.5.0
b72f1000-b7302000 r-xp 00000000 08:16 263576     /usr/lib/scilab/libscicompletion.so.5.5.0
b7302000-b7303000 r--p 00010000 08:16 263576     /usr/lib/scilab/libscicompletion.so.5.5.0
b7303000-b7304000 rw-p 00011000 08:16 263576     /usr/lib/scilab/libscicompletion.so.5.5.0
b7304000-b730d000 r-xp 00000000 08:16 263829     /usr/lib/scilab/libscicommons.so.5.5.0
b730d000-b730e000 r--p 00008000 08:16 263829     /usr/lib/scilab/libscicommons.so.5.5.0
b730e000-b730f000 rw-p 00009000 08:16 263829     /usr/lib/scilab/libscicommons.so.5.5.0
b730f000-b7313000 r-xp 00000000 08:16 263584     /usr/lib/scilab/libscicall_scilab.so.5.5.0
b7313000-b7314000 r--p 00003000 08:16 263584     /usr/lib/scilab/libscicall_scilab.so.5.5.0
b7314000-b7315000 rw-p 00004000 08:16 263584     /usr/lib/scilab/libscicall_scilab.so.5.5.0
b7315000-b7316000 rw-p 00000000 00:00 0 
b7316000-b732a000 r-xp 00000000 08:16 263596     /usr/lib/scilab/libsciarnoldi.so.5.5.0
b732a000-b732b000 r--p 00013000 08:16 263596     /usr/lib/scilab/libsciarnoldi.so.5.5.0
b732b000-b732c000 rw-p 00014000 08:16 263596     /usr/lib/scilab/libsciarnoldi.so.5.5.0
b732c000-b7330000 r-xp 00000000 08:16 263830     /usr/lib/scilab/libsciaction_binding.so.5.5.0
b7330000-b7331000 r--p 00003000 08:16 263830     /usr/lib/scilab/libsciaction_binding.so.5.5.0
b7331000-b7332000 rw-p 00004000 08:16 263830     /usr/lib/scilab/libsciaction_binding.so.5.5.0
b7332000-b73a1000 r-xp 00000000 08:16 1440187    /lib/i386-linux-gnu/libpcre.so.3.13.1
b73a1000-b73a2000 r--p 0006e000 08:16 1440187    /lib/i386-linux-gnu/libpcre.so.3.13.1
b73a2000-b73a3000 rw-p 0006f000 08:16 1440187    /lib/i386-linux-gnu/libpcre.so.3.13.1
b73a3000-b751c000 r-xp 00000000 08:16 138029     /usr/lib/i386-linux-gnu/libxml2.so.2.9.1
b751c000-b7522000 r--p 00179000 08:16 138029     /usr/lib/i386-linux-gnu/libxml2.so.2.9.1
b7522000-b7523000 rw-p 0017f000 08:16 138029     /usr/lib/i386-linux-gnu/libxml2.so.2.9.1
b7523000-b7524000 rw-p 00000000 00:00 0 
b7524000-b7525000 r-xp 00000000 08:16 263825     /usr/lib/scilab/libscilab.so.0.0.0
b7525000-b7526000 r--p 00000000 08:16 263825     /usr/lib/scilab/libscilab.so.0.0.0
b7526000-b7527000 rw-p 00001000 08:16 263825     /usr/lib/scilab/libscilab.so.0.0.0
b7527000-b7528000 rw-p 00000000 00:00 0 
b7528000-b752b000 r-xp 00000000 08:16 1448831    /lib/i386-linux-gnu/libdl-2.19.so
b752b000-b752c000 r--p 00002000 08:16 1448831    /lib/i386-linux-gnu/libdl-2.19.so
b752c000-b752d000 rw-p 00003000 08:16 1448831    /lib/i386-linux-gnu/libdl-2.19.so
b752d000-b75eb000 r-xp 00000000 08:16 221633     /usr/lib/i386-linux-gnu/libtcl8.4.so
b75eb000-b75ec000 ---p 000be000 08:16 221633     /usr/lib/i386-linux-gnu/libtcl8.4.so
b75ec000-b75ee000 r--p 000be000 08:16 221633     /usr/lib/i386-linux-gnu/libtcl8.4.so
b75ee000-b75f2000 rw-p 000c0000 08:16 221633     /usr/lib/i386-linux-gnu/libtcl8.4.so
b75f2000-b76d6000 r-xp 00000000 08:16 221635     /usr/lib/i386-linux-gnu/libtk8.4.so
b76d6000-b76dc000 r--p 000e3000 08:16 221635     /usr/lib/i386-linux-gnu/libtk8.4.so
b76dc000-b76e2000 rw-p 000e9000 08:16 221635     /usr/lib/i386-linux-gnu/libtk8.4.so
b76e2000-b76e3000 rw-p 00000000 00:00 0 
b76e3000-b7703000 r-xp 00000000 08:16 1440232    /lib/i386-linux-gnu/libtinfo.so.5.9
b7703000-b7705000 r--p 00020000 08:16 1440232    /lib/i386-linux-gnu/libtinfo.so.5.9
b7705000-b7706000 rw-p 00022000 08:16 1440232    /lib/i386-linux-gnu/libtinfo.so.5.9
b7706000-b772c000 r-xp 00000000 08:16 1440138    /lib/i386-linux-gnu/libncurses.so.5.9
b772c000-b772d000 r--p 00025000 08:16 1440138    /lib/i386-linux-gnu/libncurses.so.5.9
b772d000-b772e000 rw-p 00026000 08:16 1440138    /lib/i386-linux-gnu/libncurses.so.5.9
b772e000-b772f000 rw-p 00000000 00:00 0 
b772f000-b7736000 r-xp 00000000 08:16 136901     /usr/lib/i386-linux-gnu/libSM.so.6.0.1
b7736000-b7737000 r--p 00006000 08:16 136901     /usr/lib/i386-linux-gnu/libSM.so.6.0.1
b7737000-b7738000 rw-p 00007000 08:16 136901     /usr/lib/i386-linux-gnu/libSM.so.6.0.1
b7738000-b7739000 r--s 00002000 08:16 558363     /usr/lib/jvm/java-7-openjdk-i386/jre/lib/ext/dnsns.jar
b7739000-b773a000 r--p 00859000 08:16 140341     /usr/lib/locale/locale-archive
b773a000-b7742000 rw-s 00000000 08:16 1329600    /tmp/hsperfdata_frederickerdraon/16232
b7742000-b774c000 r-xp 00000000 08:16 1448812    /lib/i386-linux-gnu/libnss_nis-2.19.so
b774c000-b774d000 r--p 00009000 08:16 1448812    /lib/i386-linux-gnu/libnss_nis-2.19.so
b774d000-b774e000 rw-p 0000a000 08:16 1448812    /lib/i386-linux-gnu/libnss_nis-2.19.so
b774e000-b7755000 r-xp 00000000 08:16 1448826    /lib/i386-linux-gnu/libnss_compat-2.19.so
b7755000-b7756000 r--p 00006000 08:16 1448826    /lib/i386-linux-gnu/libnss_compat-2.19.so
b7756000-b7757000 rw-p 00007000 08:16 1448826    /lib/i386-linux-gnu/libnss_compat-2.19.so
b7757000-b7758000 rw-p 00000000 00:00 0 
b7758000-b7759000 r--p 00000000 00:00 0 
b7759000-b775a000 r--p 00855000 08:16 140341     /usr/lib/locale/locale-archive
b775a000-b775b000 rw-s 00000000 00:04 69009      /dev/zero (deleted)
b775b000-b775c000 rw-p 00000000 00:00 0 
b775c000-b775d000 rw-s 00000000 00:04 69008      /dev/zero (deleted)
b775d000-b775e000 rw-s 00000000 00:04 69007      /dev/zero (deleted)
b775e000-b7760000 rw-p 00000000 00:00 0 
b7760000-b7761000 r-xp 00000000 00:00 0          [vdso]
b7761000-b7763000 r--p 00000000 00:00 0          [vvar]
b7763000-b7783000 r-xp 00000000 08:16 1448817    /lib/i386-linux-gnu/ld-2.19.so
b7783000-b7784000 r--p 0001f000 08:16 1448817    /lib/i386-linux-gnu/ld-2.19.so
b7784000-b7785000 rw-p 00020000 08:16 1448817    /lib/i386-linux-gnu/ld-2.19.so
bfd7b000-bfd7c000 rwxp 00000000 00:00 0 
bfd7f000-bfd82000 ---p 00000000 00:00 0 
bfd83000-bfdcf000 rwxp 00000000 00:00 0          [stack]
bfdcf000-bfdd1000 rw-p 00000000 00:00 0 

VM Arguments:
jvm_args: -Djava.library.path= -Djava.util.logging.config.file=/usr/share/scilab/etc/logging.properties -Djava.compiler=JIT -Xmx256m -Xrs -Dawt.useSystemAAFontSettings=on -Djogamp.gluegen.UseTempJarCache=false 
java_command: <unknown>
Launcher Type: generic

Environment Variables:
JAVA_HOME=/usr/lib/jvm/java-7-openjdk-i386/
PATH=/usr/local/sbin:/usr/local/bin:/usr/sbin:/usr/bin:/sbin:/bin:/usr/games:/usr/local/games:/home/frederickerdraon/Downloads/jdk1.8.0_77/:/home/frederickerdraon/bin:/home/frederickerdraon/Downloads/jdk1.8.0_77/:/home/frederickerdraon/bin
LD_LIBRARY_PATH=:/usr/lib/scilab/:/usr/lib/jvm/java-7-openjdk-i386/jre/lib/i386/:/usr/lib/jvm/java-7-openjdk-i386/jre/lib/i386/client/:/usr/lib/scilab/:/usr/lib/jvm/java-7-openjdk-i386/jre/lib/i386/:/usr/lib/jvm/java-7-openjdk-i386/jre/lib/i386/client/
SHELL=/bin/bash
DISPLAY=:0
HOSTTYPE=i686-linux
OSTYPE=linux
MACHTYPE=i686

Signal Handlers:
SIGSEGV: [libjvm.so+0x4cf9a0], sa_mask[0]=0x7ffbfeff, sa_flags=0x10000004
SIGBUS: [libjvm.so+0x4cf9a0], sa_mask[0]=0x7ffbfeff, sa_flags=0x10000004
SIGFPE: [libjvm.so+0x3bc380], sa_mask[0]=0x7ffbfeff, sa_flags=0x10000004
SIGPIPE: SIG_IGN, sa_mask[0]=0x00001000, sa_flags=0x10000000
SIGXFSZ: [libjvm.so+0x3bc380], sa_mask[0]=0x7ffbfeff, sa_flags=0x10000004
SIGILL: [libjvm.so+0x3bc380], sa_mask[0]=0x7ffbfeff, sa_flags=0x10000004
SIGUSR1: SIG_DFL, sa_mask[0]=0x00000000, sa_flags=0x00000000
SIGUSR2: [libjvm.so+0x3bc1d0], sa_mask[0]=0x00000000, sa_flags=0x10000004
SIGHUP: SIG_DFL, sa_mask[0]=0x00000000, sa_flags=0x00000000
SIGINT: SIG_DFL, sa_mask[0]=0x00000000, sa_flags=0x00000000
SIGTERM: SIG_DFL, sa_mask[0]=0x00000000, sa_flags=0x00000000
SIGQUIT: SIG_DFL, sa_mask[0]=0x00000000, sa_flags=0x00000000
SIGTRAP: SIG_DFL, sa_mask[0]=0x00000000, sa_flags=0x00000000


---------------  S Y S T E M  ---------------

OS:Ubuntu 14.10 (utopic)
uname:Linux 3.16.0-37-generic #51-Ubuntu SMP Tue May 5 13:46:54 UTC 2015 i686
libc:glibc 2.19 NPTL 2.19 
rlimit: STACK 8192k, CORE 0k, NPROC 64071, NOFILE 4096, AS infinity
load average:1.01 1.15 1.05

/proc/meminfo:
MemTotal:        8221572 kB
MemFree:         5355624 kB
MemAvailable:    6460896 kB
Buffers:          202660 kB
Cached:          1181292 kB
SwapCached:            0 kB
Active:          2118044 kB
Inactive:         580932 kB
Active(anon):    1316224 kB
Inactive(anon):    30980 kB
Active(file):     801820 kB
Inactive(file):   549952 kB
Unevictable:          32 kB
Mlocked:              32 kB
HighTotal:       7395004 kB
HighFree:        5036072 kB
LowTotal:         826568 kB
LowFree:          319552 kB
SwapTotal:       2257096 kB
SwapFree:        2257096 kB
Dirty:               708 kB
Writeback:             0 kB
AnonPages:       1315080 kB
Mapped:           356952 kB
Shmem:             32192 kB
Slab:             105816 kB
SReclaimable:      82040 kB
SUnreclaim:        23776 kB
KernelStack:        4176 kB
PageTables:        12892 kB
NFS_Unstable:          0 kB
Bounce:                0 kB
WritebackTmp:          0 kB
CommitLimit:     6367880 kB
Committed_AS:    4845932 kB
VmallocTotal:     122880 kB
VmallocUsed:       13020 kB
VmallocChunk:     106336 kB
AnonHugePages:    518144 kB
HugePages_Total:       0
HugePages_Free:        0
HugePages_Rsvd:        0
HugePages_Surp:        0
Hugepagesize:       2048 kB
DirectMap4k:       28664 kB
DirectMap2M:      880640 kB


CPU:total 4 (2 cores per cpu, 2 threads per core) family 6 model 60 stepping 3, cmov, cx8, fxsr, mmx, sse, sse2, sse3, ssse3, sse4.1, sse4.2, popcnt, avx, avx2, aes, erms, ht, tsc, tscinvbit

/proc/cpuinfo:
processor	: 0
vendor_id	: GenuineIntel
cpu family	: 6
model		: 60
model name	: Intel(R) Core(TM) i5-4210H CPU @ 2.90GHz
stepping	: 3
microcode	: 0x1c
cpu MHz		: 3488.835
cache size	: 3072 KB
physical id	: 0
siblings	: 4
core id		: 0
cpu cores	: 2
apicid		: 0
initial apicid	: 0
fdiv_bug	: no
f00f_bug	: no
coma_bug	: no
fpu		: yes
fpu_exception	: yes
cpuid level	: 13
wp		: yes
flags		: fpu vme de pse tsc msr pae mce cx8 apic sep mtrr pge mca cmov pat pse36 clflush dts acpi mmx fxsr sse sse2 ss ht tm pbe nx pdpe1gb rdtscp lm constant_tsc arch_perfmon pebs bts xtopology nonstop_tsc aperfmperf eagerfpu pni pclmulqdq dtes64 monitor ds_cpl vmx est tm2 ssse3 fma cx16 xtpr pdcm pcid sse4_1 sse4_2 x2apic movbe popcnt tsc_deadline_timer aes xsave avx f16c rdrand lahf_lm abm ida arat epb xsaveopt pln pts dtherm tpr_shadow vnmi flexpriority ept vpid fsgsbase tsc_adjust bmi1 avx2 smep bmi2 erms invpcid
bogomips	: 5786.35
clflush size	: 64
cache_alignment	: 64
address sizes	: 39 bits physical, 48 bits virtual
power management:

processor	: 1
vendor_id	: GenuineIntel
cpu family	: 6
model		: 60
model name	: Intel(R) Core(TM) i5-4210H CPU @ 2.90GHz
stepping	: 3
microcode	: 0x1c
cpu MHz		: 3376.007
cache size	: 3072 KB
physical id	: 0
siblings	: 4
core id		: 1
cpu cores	: 2
apicid		: 2
initial apicid	: 2
fdiv_bug	: no
f00f_bug	: no
coma_bug	: no
fpu		: yes
fpu_exception	: yes
cpuid level	: 13
wp		: yes
flags		: fpu vme de pse tsc msr pae mce cx8 apic sep mtrr pge mca cmov pat pse36 clflush dts acpi mmx fxsr sse sse2 ss ht tm pbe nx pdpe1gb rdtscp lm constant_tsc arch_perfmon pebs bts xtopology nonstop_tsc aperfmperf eagerfpu pni pclmulqdq dtes64 monitor ds_cpl vmx est tm2 ssse3 fma cx16 xtpr pdcm pcid sse4_1 sse4_2 x2apic movbe popcnt tsc_deadline_timer aes xsave avx f16c rdrand lahf_lm abm ida arat epb xsaveopt pln pts dtherm tpr_shadow vnmi flexpriority ept vpid fsgsbase tsc_adjust bmi1 avx2 smep bmi2 erms invpcid
bogomips	: 5786.35
clflush size	: 64
cache_alignment	: 64
address sizes	: 39 bits physical, 48 bits virtual
power management:

processor	: 2
vendor_id	: GenuineIntel
cpu family	: 6
model		: 60
model name	: Intel(R) Core(TM) i5-4210H CPU @ 2.90GHz
stepping	: 3
microcode	: 0x1c
cpu MHz		: 3431.742
cache size	: 3072 KB
physical id	: 0
siblings	: 4
core id		: 0
cpu cores	: 2
apicid		: 1
initial apicid	: 1
fdiv_bug	: no
f00f_bug	: no
coma_bug	: no
fpu		: yes
fpu_exception	: yes
cpuid level	: 13
wp		: yes
flags		: fpu vme de pse tsc msr pae mce cx8 apic sep mtrr pge mca cmov pat pse36 clflush dts acpi mmx fxsr sse sse2 ss ht tm pbe nx pdpe1gb rdtscp lm constant_tsc arch_perfmon pebs bts xtopology nonstop_tsc aperfmperf eagerfpu pni pclmulqdq dtes64 monitor ds_cpl vmx est tm2 ssse3 fma cx16 xtpr pdcm pcid sse4_1 sse4_2 x2apic movbe popcnt tsc_deadline_timer aes xsave avx f16c rdrand lahf_lm abm ida arat epb xsaveopt pln pts dtherm tpr_shadow vnmi flexpriority ept vpid fsgsbase tsc_adjust bmi1 avx2 smep bmi2 erms invpcid
bogomips	: 5786.35
clflush size	: 64
cache_alignment	: 64
address sizes	: 39 bits physical, 48 bits virtual
power management:

processor	: 3
vendor_id	: GenuineIntel
cpu family	: 6
model		: 60
model name	: Intel(R) Core(TM) i5-4210H CPU @ 2.90GHz
stepping	: 3
microcode	: 0x1c
cpu MHz		: 3400.589
cache size	: 3072 KB
physical id	: 0
siblings	: 4
core id		: 1
cpu cores	: 2
apicid		: 3
initial apicid	: 3
fdiv_bug	: no
f00f_bug	: no
coma_bug	: no
fpu		: yes
fpu_exception	: yes
cpuid level	: 13
wp		: yes
flags		: fpu vme de pse tsc msr pae mce cx8 apic sep mtrr pge mca cmov pat pse36 clflush dts acpi mmx fxsr sse sse2 ss ht tm pbe nx pdpe1gb rdtscp lm constant_tsc arch_perfmon pebs bts xtopology nonstop_tsc aperfmperf eagerfpu pni pclmulqdq dtes64 monitor ds_cpl vmx est tm2 ssse3 fma cx16 xtpr pdcm pcid sse4_1 sse4_2 x2apic movbe popcnt tsc_deadline_timer aes xsave avx f16c rdrand lahf_lm abm ida arat epb xsaveopt pln pts dtherm tpr_shadow vnmi flexpriority ept vpid fsgsbase tsc_adjust bmi1 avx2 smep bmi2 erms invpcid
bogomips	: 5786.35
clflush size	: 64
cache_alignment	: 64
address sizes	: 39 bits physical, 48 bits virtual
power management:



Memory: 4k page, physical 8221572k(5355624k free), swap 2257096k(2257096k free)

vm_info: OpenJDK Client VM (24.79-b02) for linux-x86 JRE (1.7.0_79-b14), built on Apr 16 2015 08:36:30 by "buildd" with gcc 4.9.1

time: Sun Oct  9 20:54:09 2016
elapsed time: 0 seconds

