#
# A fatal error has been detected by the Java Runtime Environment:
#
#  SIGSEGV (0xb) at pc=0xb5b43034, pid=15652, tid=2999101312
#
# JRE version: OpenJDK Runtime Environment (7.0_79-b14) (build 1.7.0_79-b14)
# Java VM: OpenJDK Client VM (24.79-b02 mixed mode, sharing linux-x86 )
# Derivative: IcedTea 2.5.5
# Distribution: Ubuntu 14.10, package 7u79-2.5.5-0ubuntu0.14.10.2
# Problematic frame:
# C  [libmysqlclient.so.18+0x22034]  mysql_num_rows+0x4
#
# Failed to write core dump. Core dumps have been disabled. To enable core dumping, try "ulimit -c unlimited" before starting Java again
#
# If you would like to submit a bug report, please include
# instructions on how to reproduce the bug and visit:
#   http://icedtea.classpath.org/bugzilla
# The crash happened outside the Java Virtual Machine in native code.
# See problematic frame for where to report the bug.
#

---------------  T H R E A D  ---------------

Current thread (0x09162c00):  JavaThread "main" [_thread_in_native, id=15652, stack(0xbfbf5000,0xbfc45000)]

siginfo:si_signo=SIGSEGV: si_errno=0, si_code=1 (SEGV_MAPERR), si_addr=0x00000004

Registers:
EAX=0x00000000, EBX=0x099142c8, ECX=0x00000000, EDX=0x00000001
ESP=0xbfc44acc, EBP=0xbfc44b58, ESI=0x08049e62, EDI=0x00000000
EIP=0xb5b43034, EFLAGS=0x00010246, CR2=0x00000004

Top of Stack: (sp=0xbfc44acc)
0xbfc44acc:   080496ce 00000000 098a78b4 098a78b4
0xbfc44adc:   00000000 bfc44b40 b5821508 bfc44ae0
0xbfc44aec:   099142c8 00000002 00000001 00000004
0xbfc44afc:   b584b77d b59c33c4 b77644b0 00000000
0xbfc44b0c:   b584b760 00000135 098a78b4 0804c000
0xbfc44b1c:   080498f4 080492b0 0804c195 0804c0b8
0xbfc44b2c:   08049181 b731e100 00000002 0804c000
0xbfc44b3c:   34652f00 00000004 bfc44c04 bfc44b70 

Instructions: (pc=0xb5b43034)
0xb5b43014:   6a 30 6a 0c e8 a3 de 01 00 83 c4 10 89 86 7c 03
0xb5b43024:   00 00 e9 2b fe ff ff 90 8d 74 26 00 8b 44 24 04
0xb5b43034:   8b 50 04 8b 00 c3 8d b6 00 00 00 00 8b 44 24 04
0xb5b43044:   8b 40 48 c3 90 8d b4 26 00 00 00 00 8b 44 24 04 

Register to memory mapping:

EAX=0x00000000 is an unknown value
EBX=0x099142c8 is an unknown value
ECX=0x00000000 is an unknown value
EDX=0x00000001 is an unknown value
ESP=0xbfc44acc is pointing into the stack for thread: 0x09162c00
EBP=0xbfc44b58 is pointing into the stack for thread: 0x09162c00
ESI=0x08049e62: <offset 0x1e62> in ./run-cashBalance at 0x08048000
EDI=0x00000000 is an unknown value


Stack: [0xbfbf5000,0xbfc45000],  sp=0xbfc44acc,  free space=318k
Native frames: (J=compiled Java code, j=interpreted, Vv=VM code, C=native code)
C  [libmysqlclient.so.18+0x22034]  mysql_num_rows+0x4


---------------  P R O C E S S  ---------------

Java Threads: ( => current thread )
  0x0956e400 JavaThread "main-SharedResourceRunner" daemon [_thread_blocked, id=15664, stack(0xaf2c7000,0xaf318000)]
  0x093c4c00 JavaThread "AWT-EventQueue-0" [_thread_blocked, id=15663, stack(0xaf4dc000,0xaf52d000)]
  0x093c3400 JavaThread "AWT-Shutdown" [_thread_blocked, id=15662, stack(0xaf52d000,0xaf57e000)]
  0x093c1000 JavaThread "AWT-XAWT" daemon [_thread_in_native, id=15661, stack(0xaf57e000,0xaf5cf000)]
  0x093b3000 JavaThread "Java2D Disposer" daemon [_thread_blocked, id=15660, stack(0xaf5da000,0xaf62b000)]
  0x091c5800 JavaThread "Service Thread" daemon [_thread_blocked, id=15658, stack(0xaffaf000,0xb0000000)]
  0x091b2400 JavaThread "C1 CompilerThread0" daemon [_thread_blocked, id=15657, stack(0xb012e000,0xb01af000)]
  0x091b0800 JavaThread "Attach Listener" daemon [_thread_blocked, id=15656, stack(0xb01af000,0xb0200000)]
  0x091aa800 JavaThread "Finalizer" daemon [_thread_blocked, id=15655, stack(0xb051d000,0xb056e000)]
  0x091a8c00 JavaThread "Reference Handler" daemon [_thread_blocked, id=15654, stack(0xb056e000,0xb05bf000)]
=>0x09162c00 JavaThread "main" [_thread_in_native, id=15652, stack(0xbfbf5000,0xbfc45000)]

Other Threads:
  0x091a7400 VMThread [stack: 0xb05bf000,0xb0640000] [id=15653]
  0x091c8000 WatcherThread [stack: 0xaff2e000,0xaffaf000] [id=15659]

VM state:not at safepoint (normal execution)

VM Mutex/Monitor currently owned by a thread: None

Heap
 def new generation   total 4928K, used 3159K [0x7e800000, 0x7ed50000, 0x83d50000)
  eden space 4416K,  59% used [0x7e800000, 0x7ea95d80, 0x7ec50000)
  from space 512K, 100% used [0x7ecd0000, 0x7ed50000, 0x7ed50000)
  to   space 512K,   0% used [0x7ec50000, 0x7ec50000, 0x7ecd0000)
 tenured generation   total 10944K, used 4355K [0x83d50000, 0x84800000, 0x8e800000)
   the space 10944K,  39% used [0x83d50000, 0x84190d28, 0x84190e00, 0x84800000)
 compacting perm gen  total 12288K, used 5965K [0x8e800000, 0x8f400000, 0x92800000)
   the space 12288K,  48% used [0x8e800000, 0x8edd3440, 0x8edd3600, 0x8f400000)
    ro space 10240K,  58% used [0x92800000, 0x92de1558, 0x92de1600, 0x93200000)
    rw space 12288K,  59% used [0x93200000, 0x939164e8, 0x93916600, 0x93e00000)

Card table byte_map: [0xb08b1000,0xb095d000] byte_map_base: 0xb04bd000

Polling page: 0xb7745000

Code Cache  [0xb09dd000, 0xb0af5000, 0xb29dd000)
 total_blobs=691 nmethods=266 adapters=362 free_code_cache=31671Kb largest_free_block=32431424

Compilation events (10 events):
Event: 0.563 Thread 0x091b2400  262             java.util.HashMap$HashIterator::<init> (63 bytes)
Event: 0.563 Thread 0x091b2400 nmethod 262 0xb0aed988 code [0xb0aeda80, 0xb0aedb70]
Event: 0.564 Thread 0x091b2400  263             java.util.Vector::elementData (7 bytes)
Event: 0.564 Thread 0x091b2400 nmethod 263 0xb0aedc48 code [0xb0aedd40, 0xb0aedde0]
Event: 0.565 Thread 0x091b2400  264             java.util.BitSet::wordIndex (5 bytes)
Event: 0.565 Thread 0x091b2400 nmethod 264 0xb0aede88 code [0xb0aedf80, 0xb0aedff0]
Event: 0.566 Thread 0x091b2400  265             java.util.BitSet::checkInvariants (111 bytes)
Event: 0.566 Thread 0x091b2400 nmethod 265 0xb0aee048 code [0xb0aee140, 0xb0aee1c0]
Event: 0.567 Thread 0x091b2400  266             java.util.BitSet::get (69 bytes)
Event: 0.568 Thread 0x091b2400 nmethod 266 0xb0aee208 code [0xb0aee370, 0xb0aee6ac]

GC Heap History (10 events):
Event: 0.152 GC heap before
{Heap before GC invocations=0 (full 0):
 def new generation   total 4928K, used 4416K [0x7e800000, 0x7ed50000, 0x83d50000)
  eden space 4416K, 100% used [0x7e800000, 0x7ec50000, 0x7ec50000)
  from space 512K,   0% used [0x7ec50000, 0x7ec50000, 0x7ecd0000)
  to   space 512K,   0% used [0x7ecd0000, 0x7ecd0000, 0x7ed50000)
 tenured generation   total 10944K, used 0K [0x83d50000, 0x84800000, 0x8e800000)
   the space 10944K,   0% used [0x83d50000, 0x83d50000, 0x83d50200, 0x84800000)
 compacting perm gen  total 12288K, used 1526K [0x8e800000, 0x8f400000, 0x92800000)
   the space 12288K,  12% used [0x8e800000, 0x8e97d8d8, 0x8e97da00, 0x8f400000)
    ro space 10240K,  58% used [0x92800000, 0x92de1558, 0x92de1600, 0x93200000)
    rw space 12288K,  59% used [0x93200000, 0x939164e8, 0x93916600, 0x93e00000)
Event: 0.155 GC heap after
Heap after GC invocations=1 (full 0):
 def new generation   total 4928K, used 512K [0x7e800000, 0x7ed50000, 0x83d50000)
  eden space 4416K,   0% used [0x7e800000, 0x7e800000, 0x7ec50000)
  from space 512K, 100% used [0x7ecd0000, 0x7ed50000, 0x7ed50000)
  to   space 512K,   0% used [0x7ec50000, 0x7ec50000, 0x7ecd0000)
 tenured generation   total 10944K, used 665K [0x83d50000, 0x84800000, 0x8e800000)
   the space 10944K,   6% used [0x83d50000, 0x83df6438, 0x83df6600, 0x84800000)
 compacting perm gen  total 12288K, used 1526K [0x8e800000, 0x8f400000, 0x92800000)
   the space 12288K,  12% used [0x8e800000, 0x8e97d8d8, 0x8e97da00, 0x8f400000)
    ro space 10240K,  58% used [0x92800000, 0x92de1558, 0x92de1600, 0x93200000)
    rw space 12288K,  59% used [0x93200000, 0x939164e8, 0x93916600, 0x93e00000)
}
Event: 0.223 GC heap before
{Heap before GC invocations=1 (full 0):
 def new generation   total 4928K, used 4928K [0x7e800000, 0x7ed50000, 0x83d50000)
  eden space 4416K, 100% used [0x7e800000, 0x7ec50000, 0x7ec50000)
  from space 512K, 100% used [0x7ecd0000, 0x7ed50000, 0x7ed50000)
  to   space 512K,   0% used [0x7ec50000, 0x7ec50000, 0x7ecd0000)
 tenured generation   total 10944K, used 665K [0x83d50000, 0x84800000, 0x8e800000)
   the space 10944K,   6% used [0x83d50000, 0x83df6438, 0x83df6600, 0x84800000)
 compacting perm gen  total 12288K, used 2399K [0x8e800000, 0x8f400000, 0x92800000)
   the space 12288K,  19% used [0x8e800000, 0x8ea57e48, 0x8ea58000, 0x8f400000)
    ro space 10240K,  58% used [0x92800000, 0x92de1558, 0x92de1600, 0x93200000)
    rw space 12288K,  59% used [0x93200000, 0x939164e8, 0x93916600, 0x93e00000)
Event: 0.227 GC heap after
Heap after GC invocations=2 (full 0):
 def new generation   total 4928K, used 511K [0x7e800000, 0x7ed50000, 0x83d50000)
  eden space 4416K,   0% used [0x7e800000, 0x7e800000, 0x7ec50000)
  from space 512K,  99% used [0x7ec50000, 0x7eccfff8, 0x7ecd0000)
  to   space 512K,   0% used [0x7ecd0000, 0x7ecd0000, 0x7ed50000)
 tenured generation   total 10944K, used 1645K [0x83d50000, 0x84800000, 0x8e800000)
   the space 10944K,  15% used [0x83d50000, 0x83eeb588, 0x83eeb600, 0x84800000)
 compacting perm gen  total 12288K, used 2399K [0x8e800000, 0x8f400000, 0x92800000)
   the space 12288K,  19% used [0x8e800000, 0x8ea57e48, 0x8ea58000, 0x8f400000)
    ro space 10240K,  58% used [0x92800000, 0x92de1558, 0x92de1600, 0x93200000)
    rw space 12288K,  59% used [0x93200000, 0x939164e8, 0x93916600, 0x93e00000)
}
Event: 0.387 GC heap before
{Heap before GC invocations=2 (full 0):
 def new generation   total 4928K, used 4927K [0x7e800000, 0x7ed50000, 0x83d50000)
  eden space 4416K, 100% used [0x7e800000, 0x7ec50000, 0x7ec50000)
  from space 512K,  99% used [0x7ec50000, 0x7eccfff8, 0x7ecd0000)
  to   space 512K,   0% used [0x7ecd0000, 0x7ecd0000, 0x7ed50000)
 tenured generation   total 10944K, used 1645K [0x83d50000, 0x84800000, 0x8e800000)
   the space 10944K,  15% used [0x83d50000, 0x83eeb588, 0x83eeb600, 0x84800000)
 compacting perm gen  total 12288K, used 4775K [0x8e800000, 0x8f400000, 0x92800000)
   the space 12288K,  38% used [0x8e800000, 0x8eca9de8, 0x8eca9e00, 0x8f400000)
    ro space 10240K,  58% used [0x92800000, 0x92de1558, 0x92de1600, 0x93200000)
    rw space 12288K,  59% used [0x93200000, 0x939164e8, 0x93916600, 0x93e00000)
Event: 0.389 GC heap after
Heap after GC invocations=3 (full 0):
 def new generation   total 4928K, used 460K [0x7e800000, 0x7ed50000, 0x83d50000)
  eden space 4416K,   0% used [0x7e800000, 0x7e800000, 0x7ec50000)
  from space 512K,  89% used [0x7ecd0000, 0x7ed43178, 0x7ed50000)
  to   space 512K,   0% used [0x7ec50000, 0x7ec50000, 0x7ecd0000)
 tenured generation   total 10944K, used 1856K [0x83d50000, 0x84800000, 0x8e800000)
   the space 10944K,  16% used [0x83d50000, 0x83f201f8, 0x83f20200, 0x84800000)
 compacting perm gen  total 12288K, used 4775K [0x8e800000, 0x8f400000, 0x92800000)
   the space 12288K,  38% used [0x8e800000, 0x8eca9de8, 0x8eca9e00, 0x8f400000)
    ro space 10240K,  58% used [0x92800000, 0x92de1558, 0x92de1600, 0x93200000)
    rw space 12288K,  59% used [0x93200000, 0x939164e8, 0x93916600, 0x93e00000)
}
Event: 0.499 GC heap before
{Heap before GC invocations=3 (full 0):
 def new generation   total 4928K, used 4876K [0x7e800000, 0x7ed50000, 0x83d50000)
  eden space 4416K, 100% used [0x7e800000, 0x7ec50000, 0x7ec50000)
  from space 512K,  89% used [0x7ecd0000, 0x7ed43178, 0x7ed50000)
  to   space 512K,   0% used [0x7ec50000, 0x7ec50000, 0x7ecd0000)
 tenured generation   total 10944K, used 1856K [0x83d50000, 0x84800000, 0x8e800000)
   the space 10944K,  16% used [0x83d50000, 0x83f201f8, 0x83f20200, 0x84800000)
 compacting perm gen  total 12288K, used 5253K [0x8e800000, 0x8f400000, 0x92800000)
   the space 12288K,  42% used [0x8e800000, 0x8ed215e8, 0x8ed21600, 0x8f400000)
    ro space 10240K,  58% used [0x92800000, 0x92de1558, 0x92de1600, 0x93200000)
    rw space 12288K,  59% used [0x93200000, 0x939164e8, 0x93916600, 0x93e00000)
Event: 0.504 GC heap after
Heap after GC invocations=4 (full 0):
 def new generation   total 4928K, used 512K [0x7e800000, 0x7ed50000, 0x83d50000)
  eden space 4416K,   0% used [0x7e800000, 0x7e800000, 0x7ec50000)
  from space 512K, 100% used [0x7ec50000, 0x7ecd0000, 0x7ecd0000)
  to   space 512K,   0% used [0x7ecd0000, 0x7ecd0000, 0x7ed50000)
 tenured generation   total 10944K, used 3183K [0x83d50000, 0x84800000, 0x8e800000)
   the space 10944K,  29% used [0x83d50000, 0x8406bcc0, 0x8406be00, 0x84800000)
 compacting perm gen  total 12288K, used 5253K [0x8e800000, 0x8f400000, 0x92800000)
   the space 12288K,  42% used [0x8e800000, 0x8ed215e8, 0x8ed21600, 0x8f400000)
    ro space 10240K,  58% used [0x92800000, 0x92de1558, 0x92de1600, 0x93200000)
    rw space 12288K,  59% used [0x93200000, 0x939164e8, 0x93916600, 0x93e00000)
}
Event: 0.545 GC heap before
{Heap before GC invocations=4 (full 0):
 def new generation   total 4928K, used 4928K [0x7e800000, 0x7ed50000, 0x83d50000)
  eden space 4416K, 100% used [0x7e800000, 0x7ec50000, 0x7ec50000)
  from space 512K, 100% used [0x7ec50000, 0x7ecd0000, 0x7ecd0000)
  to   space 512K,   0% used [0x7ecd0000, 0x7ecd0000, 0x7ed50000)
 tenured generation   total 10944K, used 3183K [0x83d50000, 0x84800000, 0x8e800000)
   the space 10944K,  29% used [0x83d50000, 0x8406bcc0, 0x8406be00, 0x84800000)
 compacting perm gen  total 12288K, used 5667K [0x8e800000, 0x8f400000, 0x92800000)
   the space 12288K,  46% used [0x8e800000, 0x8ed88df8, 0x8ed88e00, 0x8f400000)
    ro space 10240K,  58% used [0x92800000, 0x92de1558, 0x92de1600, 0x93200000)
    rw space 12288K,  59% used [0x93200000, 0x939164e8, 0x93916600, 0x93e00000)
Event: 0.548 GC heap after
Heap after GC invocations=5 (full 0):
 def new generation   total 4928K, used 512K [0x7e800000, 0x7ed50000, 0x83d50000)
  eden space 4416K,   0% used [0x7e800000, 0x7e800000, 0x7ec50000)
  from space 512K, 100% used [0x7ecd0000, 0x7ed50000, 0x7ed50000)
  to   space 512K,   0% used [0x7ec50000, 0x7ec50000, 0x7ecd0000)
 tenured generation   total 10944K, used 4355K [0x83d50000, 0x84800000, 0x8e800000)
   the space 10944K,  39% used [0x83d50000, 0x84190d28, 0x84190e00, 0x84800000)
 compacting perm gen  total 12288K, used 5667K [0x8e800000, 0x8f400000, 0x92800000)
   the space 12288K,  46% used [0x8e800000, 0x8ed88df8, 0x8ed88e00, 0x8f400000)
    ro space 10240K,  58% used [0x92800000, 0x92de1558, 0x92de1600, 0x93200000)
    rw space 12288K,  59% used [0x93200000, 0x939164e8, 0x93916600, 0x93e00000)
}

Deoptimization events (0 events):
No events

Internal exceptions (10 events):
Event: 0.574 Thread 0x09162c00 Threw 0x7ea22ff8 at /build/buildd/openjdk-7-7u79-2.5.5/build/openjdk/hotspot/src/share/vm/prims/jvm.cpp:1284
Event: 0.574 Thread 0x09162c00 Threw 0x7ea2c330 at /build/buildd/openjdk-7-7u79-2.5.5/build/openjdk/hotspot/src/share/vm/prims/jvm.cpp:1284
Event: 0.574 Thread 0x09162c00 Threw 0x7ea34880 at /build/buildd/openjdk-7-7u79-2.5.5/build/openjdk/hotspot/src/share/vm/prims/jvm.cpp:1284
Event: 0.574 Thread 0x09162c00 Threw 0x7ea3e5d0 at /build/buildd/openjdk-7-7u79-2.5.5/build/openjdk/hotspot/src/share/vm/prims/jvm.cpp:1284
Event: 0.576 Thread 0x09162c00 Threw 0x7ea576e8 at /build/buildd/openjdk-7-7u79-2.5.5/build/openjdk/hotspot/src/share/vm/prims/jvm.cpp:1284
Event: 0.576 Thread 0x09162c00 Threw 0x7ea5ec88 at /build/buildd/openjdk-7-7u79-2.5.5/build/openjdk/hotspot/src/share/vm/prims/jvm.cpp:1284
Event: 0.596 Thread 0x09162c00 Threw 0x7ea658d8 at /build/buildd/openjdk-7-7u79-2.5.5/build/openjdk/hotspot/src/share/vm/prims/jvm.cpp:1284
Event: 0.597 Thread 0x093c4c00 Threw 0x7e833fb0 at /build/buildd/openjdk-7-7u79-2.5.5/build/openjdk/hotspot/src/share/vm/prims/jvm.cpp:1284
Event: 0.598 Thread 0x093c4c00 Threw 0x7ea82ff0 at /build/buildd/openjdk-7-7u79-2.5.5/build/openjdk/hotspot/src/share/vm/prims/jvm.cpp:1284
Event: 0.599 Thread 0x093c4c00 Threw 0x7ea8ed70 at /build/buildd/openjdk-7-7u79-2.5.5/build/openjdk/hotspot/src/share/vm/prims/jvm.cpp:1284

Events (10 events):
Event: 0.576 Thread 0x098a7c00 Thread added: 0x098a7c00
Event: 0.576 Thread 0x098a7c00 Thread exited: 0x098a7c00
Event: 0.596 loading class 0x0930ea40
Event: 0.596 loading class 0x0930ea40 done
Event: 0.597 loading class 0x0936f548
Event: 0.597 loading class 0x0936f548 done
Event: 0.598 loading class 0x0930e990
Event: 0.598 loading class 0x0930e990 done
Event: 0.599 loading class 0xafec9720
Event: 0.599 loading class 0xafec9720 done


Dynamic libraries:
08048000-0804b000 r-xp 00000000 08:16 2093806    /home/frederickerdraon/Documents/researchwork/Maths/run-cashBalance
0804b000-0804c000 r--p 00002000 08:16 2093806    /home/frederickerdraon/Documents/researchwork/Maths/run-cashBalance
0804c000-0804d000 rw-p 00003000 08:16 2093806    /home/frederickerdraon/Documents/researchwork/Maths/run-cashBalance
0913b000-09930000 rw-p 00000000 00:00 0          [heap]
7e800000-7ed50000 rw-p 00000000 00:00 0 
7ed50000-83d50000 rw-p 00000000 00:00 0 
83d50000-84800000 rw-p 00000000 00:00 0 
84800000-8e800000 rw-p 00000000 00:00 0 
8e800000-8f400000 rw-p 00000000 00:00 0 
8f400000-92800000 rw-p 00000000 00:00 0 
92800000-92de2000 r--p 00001000 08:16 534362     /usr/lib/jvm/java-7-openjdk-i386/jre/lib/i386/client/classes.jsa
92de2000-93200000 rw-p 00000000 00:00 0 
93200000-93917000 rw-p 005e3000 08:16 534362     /usr/lib/jvm/java-7-openjdk-i386/jre/lib/i386/client/classes.jsa
93917000-93e00000 rw-p 00000000 00:00 0 
93e00000-94112000 rw-p 00cfa000 08:16 534362     /usr/lib/jvm/java-7-openjdk-i386/jre/lib/i386/client/classes.jsa
94112000-94200000 rw-p 00000000 00:00 0 
94200000-94209000 r-xp 0100c000 08:16 534362     /usr/lib/jvm/java-7-openjdk-i386/jre/lib/i386/client/classes.jsa
94209000-94600000 rw-p 00000000 00:00 0 
a1d66000-a69b6000 rw-p 00000000 00:00 0 
a70ff000-a7100000 ---p 00000000 00:00 0 
a7100000-a7900000 rwxp 00000000 00:00 0 
a7900000-a79f5000 rw-p 00000000 00:00 0 
a79f5000-a7a00000 ---p 00000000 00:00 0 
a7b00000-a7bf6000 rw-p 00000000 00:00 0 
a7bf6000-a7c00000 ---p 00000000 00:00 0 
a7c77000-a7c7a000 ---p 00000000 00:00 0 
a7c7a000-a7cc8000 rwxp 00000000 00:00 0 
a7cc8000-a7cc9000 ---p 00000000 00:00 0 
a7cc9000-a84c9000 rwxp 00000000 00:00 0          [stack:15672]
a84c9000-a84ca000 ---p 00000000 00:00 0 
a84ca000-a8cca000 rwxp 00000000 00:00 0          [stack:15671]
a8cca000-a8ccb000 ---p 00000000 00:00 0 
a8ccb000-a94cb000 rwxp 00000000 00:00 0          [stack:15670]
a94cb000-a94cc000 ---p 00000000 00:00 0 
a94cc000-a9ccc000 rwxp 00000000 00:00 0          [stack:15669]
a9ccc000-a9cce000 r-xp 00000000 08:16 136932     /usr/lib/i386-linux-gnu/libXinerama.so.1.0.0
a9cce000-a9ccf000 r--p 00001000 08:16 136932     /usr/lib/i386-linux-gnu/libXinerama.so.1.0.0
a9ccf000-a9cd0000 rw-p 00002000 08:16 136932     /usr/lib/i386-linux-gnu/libXinerama.so.1.0.0
a9cd0000-a9d05000 r-xp 00000000 08:16 137897     /usr/lib/i386-linux-gnu/libtxc_dxtn_s2tc.so.0.0.0
a9d05000-a9d06000 r--p 00034000 08:16 137897     /usr/lib/i386-linux-gnu/libtxc_dxtn_s2tc.so.0.0.0
a9d06000-a9d07000 rw-p 00035000 08:16 137897     /usr/lib/i386-linux-gnu/libtxc_dxtn_s2tc.so.0.0.0
a9d07000-a9d08000 ---p 00000000 00:00 0 
a9d08000-aa508000 rwxp 00000000 00:00 0          [stack:15668]
aa508000-aa509000 ---p 00000000 00:00 0 
aa509000-aad09000 rwxp 00000000 00:00 0          [stack:15667]
aad09000-aad0a000 ---p 00000000 00:00 0 
aad0a000-ab50a000 rwxp 00000000 00:00 0          [stack:15666]
ab50a000-ab50b000 ---p 00000000 00:00 0 
ab50b000-abd0b000 rwxp 00000000 00:00 0          [stack:15665]
abd0b000-ac515000 r-xp 00000000 08:16 135447     /usr/lib/i386-linux-gnu/dri/swrast_dri.so
ac515000-ac552000 r--p 0080a000 08:16 135447     /usr/lib/i386-linux-gnu/dri/swrast_dri.so
ac552000-ac55a000 rw-p 00847000 08:16 135447     /usr/lib/i386-linux-gnu/dri/swrast_dri.so
ac55a000-ac73f000 rw-p 00000000 00:00 0 
ac73f000-ac766000 r-xp 00000000 08:16 137177     /usr/lib/i386-linux-gnu/libedit.so.2.0.51
ac766000-ac768000 r--p 00027000 08:16 137177     /usr/lib/i386-linux-gnu/libedit.so.2.0.51
ac768000-ac769000 rw-p 00029000 08:16 137177     /usr/lib/i386-linux-gnu/libedit.so.2.0.51
ac769000-ac76a000 rw-p 00000000 00:00 0 
ac76a000-ae60c000 r-xp 00000000 08:16 136784     /usr/lib/i386-linux-gnu/libLLVM-3.5.so.1
ae60c000-ae74c000 r--p 01ea1000 08:16 136784     /usr/lib/i386-linux-gnu/libLLVM-3.5.so.1
ae74c000-ae750000 rw-p 01fe1000 08:16 136784     /usr/lib/i386-linux-gnu/libLLVM-3.5.so.1
ae750000-ae75d000 rw-p 00000000 00:00 0 
ae75d000-ae76a000 r-xp 00000000 08:16 137173     /usr/lib/i386-linux-gnu/libdrm_radeon.so.1.0.1
ae76a000-ae76b000 r--p 0000c000 08:16 137173     /usr/lib/i386-linux-gnu/libdrm_radeon.so.1.0.1
ae76b000-ae76c000 rw-p 0000d000 08:16 137173     /usr/lib/i386-linux-gnu/libdrm_radeon.so.1.0.1
ae76c000-ae783000 r-xp 00000000 08:16 135413     /usr/lib/i386-linux-gnu/libelf-0.160.so
ae783000-ae784000 r--p 00016000 08:16 135413     /usr/lib/i386-linux-gnu/libelf-0.160.so
ae784000-ae785000 rw-p 00017000 08:16 135413     /usr/lib/i386-linux-gnu/libelf-0.160.so
ae785000-ae78b000 r-xp 00000000 08:16 137171     /usr/lib/i386-linux-gnu/libdrm_nouveau.so.2.0.0
ae78b000-ae78c000 r--p 00005000 08:16 137171     /usr/lib/i386-linux-gnu/libdrm_nouveau.so.2.0.0
ae78c000-ae78d000 rw-p 00006000 08:16 137171     /usr/lib/i386-linux-gnu/libdrm_nouveau.so.2.0.0
ae78d000-ae791000 r-xp 00000000 08:16 135456     /usr/lib/i386-linux-gnu/mesa-egl/libOpenVG.so.1.0.0
ae791000-ae792000 r--p 00004000 08:16 135456     /usr/lib/i386-linux-gnu/mesa-egl/libOpenVG.so.1.0.0
ae792000-ae793000 rwxp 00005000 08:16 135456     /usr/lib/i386-linux-gnu/mesa-egl/libOpenVG.so.1.0.0
ae793000-ae794000 rwxp 00000000 00:00 0 
ae794000-aefed000 r-xp 00000000 08:16 135441     /usr/lib/i386-linux-gnu/egl/egl_gallium.so
aefed000-af02c000 r--p 00858000 08:16 135441     /usr/lib/i386-linux-gnu/egl/egl_gallium.so
af02c000-af034000 rw-p 00897000 08:16 135441     /usr/lib/i386-linux-gnu/egl/egl_gallium.so
af034000-af219000 rw-p 00000000 00:00 0 
af219000-af21c000 r-xp 00000000 08:16 138648     /usr/lib/i386-linux-gnu/mesa-egl/libGLESv2.so.2.0.0
af21c000-af21d000 r--p 00003000 08:16 138648     /usr/lib/i386-linux-gnu/mesa-egl/libGLESv2.so.2.0.0
af21d000-af21e000 rwxp 00004000 08:16 138648     /usr/lib/i386-linux-gnu/mesa-egl/libGLESv2.so.2.0.0
af21e000-af262000 r-xp 00000000 08:16 263546     /usr/lib/jni/libjogl_mobile.so
af262000-af263000 r--p 00043000 08:16 263546     /usr/lib/jni/libjogl_mobile.so
af263000-af264000 rw-p 00044000 08:16 263546     /usr/lib/jni/libjogl_mobile.so
af264000-af271000 r-xp 00000000 08:16 131004     /usr/lib/i386-linux-gnu/libgbm.so.1.0.0
af271000-af273000 r--p 0000d000 08:16 131004     /usr/lib/i386-linux-gnu/libgbm.so.1.0.0
af273000-af274000 rw-p 0000f000 08:16 131004     /usr/lib/i386-linux-gnu/libgbm.so.1.0.0
af274000-af281000 r-xp 00000000 08:16 137967     /usr/lib/i386-linux-gnu/libwayland-server.so.0.1.0
af281000-af282000 r--p 0000c000 08:16 137967     /usr/lib/i386-linux-gnu/libwayland-server.so.0.1.0
af282000-af283000 rw-p 0000d000 08:16 137967     /usr/lib/i386-linux-gnu/libwayland-server.so.0.1.0
af283000-af28d000 r-xp 00000000 08:16 137961     /usr/lib/i386-linux-gnu/libwayland-client.so.0.2.0
af28d000-af28e000 r--p 00009000 08:16 137961     /usr/lib/i386-linux-gnu/libwayland-client.so.0.2.0
af28e000-af28f000 rw-p 0000a000 08:16 137961     /usr/lib/i386-linux-gnu/libwayland-client.so.0.2.0
af28f000-af295000 r-xp 00000000 08:16 138017     /usr/lib/i386-linux-gnu/libxcb-xfixes.so.0.0.0
af295000-af296000 r--p 00005000 08:16 138017     /usr/lib/i386-linux-gnu/libxcb-xfixes.so.0.0.0
af296000-af297000 rw-p 00006000 08:16 138017     /usr/lib/i386-linux-gnu/libxcb-xfixes.so.0.0.0
af297000-af2c4000 r-xp 00000000 08:16 135444     /usr/lib/i386-linux-gnu/mesa-egl/libEGL.so.1.0.0
af2c4000-af2c6000 r--p 0002c000 08:16 135444     /usr/lib/i386-linux-gnu/mesa-egl/libEGL.so.1.0.0
af2c6000-af2c7000 rw-p 0002e000 08:16 135444     /usr/lib/i386-linux-gnu/mesa-egl/libEGL.so.1.0.0
af2c7000-af2ca000 ---p 00000000 00:00 0 
af2ca000-af318000 rwxp 00000000 00:00 0          [stack:15664]
af318000-af3b9000 r-xp 00000000 08:16 263568     /usr/lib/jni/libjogl_desktop.so
af3b9000-af3ba000 r--p 000a0000 08:16 263568     /usr/lib/jni/libjogl_desktop.so
af3ba000-af3bb000 rw-p 000a1000 08:16 263568     /usr/lib/jni/libjogl_desktop.so
af3bb000-af3c7000 r-xp 00000000 08:16 137167     /usr/lib/i386-linux-gnu/libdrm.so.2.4.0
af3c7000-af3c8000 r--p 0000b000 08:16 137167     /usr/lib/i386-linux-gnu/libdrm.so.2.4.0
af3c8000-af3c9000 rw-p 0000c000 08:16 137167     /usr/lib/i386-linux-gnu/libdrm.so.2.4.0
af3c9000-af3ca000 r-xp 00000000 08:16 138031     /usr/lib/i386-linux-gnu/libxshmfence.so.1.0.0
af3ca000-af3cb000 r--p 00000000 08:16 138031     /usr/lib/i386-linux-gnu/libxshmfence.so.1.0.0
af3cb000-af3cc000 rw-p 00001000 08:16 138031     /usr/lib/i386-linux-gnu/libxshmfence.so.1.0.0
af3cc000-af3d1000 r-xp 00000000 08:16 138013     /usr/lib/i386-linux-gnu/libxcb-sync.so.1.0.0
af3d1000-af3d2000 r--p 00004000 08:16 138013     /usr/lib/i386-linux-gnu/libxcb-sync.so.1.0.0
af3d2000-af3d3000 rw-p 00005000 08:16 138013     /usr/lib/i386-linux-gnu/libxcb-sync.so.1.0.0
af3d3000-af3d5000 r-xp 00000000 08:16 138001     /usr/lib/i386-linux-gnu/libxcb-present.so.0.0.0
af3d5000-af3d6000 r--p 00001000 08:16 138001     /usr/lib/i386-linux-gnu/libxcb-present.so.0.0.0
af3d6000-af3d7000 rw-p 00002000 08:16 138001     /usr/lib/i386-linux-gnu/libxcb-present.so.0.0.0
af3d7000-af3d9000 r-xp 00000000 08:16 137991     /usr/lib/i386-linux-gnu/libxcb-dri3.so.0.0.0
af3d9000-af3da000 r--p 00001000 08:16 137991     /usr/lib/i386-linux-gnu/libxcb-dri3.so.0.0.0
af3da000-af3db000 rw-p 00002000 08:16 137991     /usr/lib/i386-linux-gnu/libxcb-dri3.so.0.0.0
af3db000-af3f1000 r-xp 00000000 08:16 137993     /usr/lib/i386-linux-gnu/libxcb-glx.so.0.0.0
af3f1000-af3f2000 r--p 00016000 08:16 137993     /usr/lib/i386-linux-gnu/libxcb-glx.so.0.0.0
af3f2000-af3f3000 rw-p 00017000 08:16 137993     /usr/lib/i386-linux-gnu/libxcb-glx.so.0.0.0
af3f3000-af404000 r-xp 00000000 08:16 135452     /usr/lib/i386-linux-gnu/libglapi.so.0.0.0
af404000-af406000 r--p 00011000 08:16 135452     /usr/lib/i386-linux-gnu/libglapi.so.0.0.0
af406000-af40b000 rwxp 00013000 08:16 135452     /usr/lib/i386-linux-gnu/libglapi.so.0.0.0
af40b000-af40c000 rwxp 00000000 00:00 0 
af40c000-af4af000 r-xp 00000000 08:16 135450     /usr/lib/i386-linux-gnu/mesa/libGL.so.1.2.0
af4af000-af4b1000 r--p 000a2000 08:16 135450     /usr/lib/i386-linux-gnu/mesa/libGL.so.1.2.0
af4b1000-af4b6000 rwxp 000a4000 08:16 135450     /usr/lib/i386-linux-gnu/mesa/libGL.so.1.2.0
af4d5000-af4dc000 r--s 00000000 08:16 133954     /usr/lib/i386-linux-gnu/gconv/gconv-modules.cache
af4dc000-af4df000 ---p 00000000 00:00 0 
af4df000-af52d000 rwxp 00000000 00:00 0          [stack:15663]
af52d000-af530000 ---p 00000000 00:00 0 
af530000-af57e000 rwxp 00000000 00:00 0          [stack:15662]
af57e000-af581000 ---p 00000000 00:00 0 
af581000-af5cf000 rwxp 00000000 00:00 0          [stack:15661]
af5cf000-af5d8000 r-xp 00000000 08:16 136916     /usr/lib/i386-linux-gnu/libXcursor.so.1.0.2
af5d8000-af5d9000 r--p 00008000 08:16 136916     /usr/lib/i386-linux-gnu/libXcursor.so.1.0.2
af5d9000-af5da000 rw-p 00009000 08:16 136916     /usr/lib/i386-linux-gnu/libXcursor.so.1.0.2
af5da000-af5dd000 ---p 00000000 00:00 0 
af5dd000-af62b000 rwxp 00000000 00:00 0          [stack:15660]
af62b000-af67e000 r-xp 00000000 08:16 1440110    /lib/i386-linux-gnu/libdbus-1.so.3.8.7
af67e000-af680000 r--p 00053000 08:16 1440110    /lib/i386-linux-gnu/libdbus-1.so.3.8.7
af680000-af681000 rw-p 00055000 08:16 1440110    /lib/i386-linux-gnu/libdbus-1.so.3.8.7
af681000-af6a5000 r-xp 00000000 08:16 1440214    /lib/i386-linux-gnu/libselinux.so.1
af6a5000-af6a6000 r--p 00023000 08:16 1440214    /lib/i386-linux-gnu/libselinux.so.1
af6a6000-af6a7000 rw-p 00024000 08:16 1440214    /lib/i386-linux-gnu/libselinux.so.1
af6a7000-af6a8000 rw-p 00000000 00:00 0 
af6a8000-af7cd000 r-xp 00000000 08:16 1440202    /lib/i386-linux-gnu/libglib-2.0.so.0.4200.1
af7cd000-af7ce000 r--p 00124000 08:16 1440202    /lib/i386-linux-gnu/libglib-2.0.so.0.4200.1
af7ce000-af7cf000 rw-p 00125000 08:16 1440202    /lib/i386-linux-gnu/libglib-2.0.so.0.4200.1
af7cf000-af7e1000 r-xp 00000000 08:16 137013     /usr/lib/i386-linux-gnu/libavahi-client.so.3.2.9
af7e1000-af7e2000 r--p 00011000 08:16 137013     /usr/lib/i386-linux-gnu/libavahi-client.so.3.2.9
af7e2000-af7e3000 rw-p 00012000 08:16 137013     /usr/lib/i386-linux-gnu/libavahi-client.so.3.2.9
af7e3000-af7ef000 r-xp 00000000 08:16 137015     /usr/lib/i386-linux-gnu/libavahi-common.so.3.5.3
af7ef000-af7f0000 r--p 0000b000 08:16 137015     /usr/lib/i386-linux-gnu/libavahi-common.so.3.5.3
af7f0000-af7f1000 rw-p 0000c000 08:16 137015     /usr/lib/i386-linux-gnu/libavahi-common.so.3.5.3
af7f1000-af84c000 r-xp 00000000 08:16 134149     /usr/lib/i386-linux-gnu/libgobject-2.0.so.0.4200.1
af84c000-af84d000 r--p 0005b000 08:16 134149     /usr/lib/i386-linux-gnu/libgobject-2.0.so.0.4200.1
af84d000-af84e000 rw-p 0005c000 08:16 134149     /usr/lib/i386-linux-gnu/libgobject-2.0.so.0.4200.1
af84e000-af9ff000 r-xp 00000000 08:16 134147     /usr/lib/i386-linux-gnu/libgio-2.0.so.0.4200.1
af9ff000-afa02000 r--p 001b0000 08:16 134147     /usr/lib/i386-linux-gnu/libgio-2.0.so.0.4200.1
afa02000-afa03000 rw-p 001b3000 08:16 134147     /usr/lib/i386-linux-gnu/libgio-2.0.so.0.4200.1
afa03000-afa04000 rw-p 00000000 00:00 0 
afa04000-afa79000 r-xp 00000000 08:16 130941     /usr/lib/i386-linux-gnu/libcups.so.2
afa79000-afa7e000 r--p 00075000 08:16 130941     /usr/lib/i386-linux-gnu/libcups.so.2
afa7e000-afa7f000 rw-p 0007a000 08:16 130941     /usr/lib/i386-linux-gnu/libcups.so.2
afa7f000-afa8f000 r-xp 00000000 08:16 136930     /usr/lib/i386-linux-gnu/libXi.so.6.1.0
afa8f000-afa90000 r--p 00010000 08:16 136930     /usr/lib/i386-linux-gnu/libXi.so.6.1.0
afa90000-afa91000 rw-p 00011000 08:16 136930     /usr/lib/i386-linux-gnu/libXi.so.6.1.0
afa92000-afa96000 r-xp 00000000 08:16 137989     /usr/lib/i386-linux-gnu/libxcb-dri2.so.0.0.0
afa96000-afa97000 r--p 00003000 08:16 137989     /usr/lib/i386-linux-gnu/libxcb-dri2.so.0.0.0
afa97000-afa98000 rw-p 00004000 08:16 137989     /usr/lib/i386-linux-gnu/libxcb-dri2.so.0.0.0
afa98000-afa99000 r-xp 00000000 08:16 136903     /usr/lib/i386-linux-gnu/libX11-xcb.so.1.0.0
afa99000-afa9a000 r--p 00000000 08:16 136903     /usr/lib/i386-linux-gnu/libX11-xcb.so.1.0.0
afa9a000-afa9b000 rw-p 00001000 08:16 136903     /usr/lib/i386-linux-gnu/libX11-xcb.so.1.0.0
afa9b000-afa9d000 r-xp 00000000 08:16 136918     /usr/lib/i386-linux-gnu/libXdamage.so.1.1.0
afa9d000-afa9e000 r--p 00001000 08:16 136918     /usr/lib/i386-linux-gnu/libXdamage.so.1.1.0
afa9e000-afa9f000 rw-p 00002000 08:16 136918     /usr/lib/i386-linux-gnu/libXdamage.so.1.1.0
afa9f000-afaa3000 r-xp 00000000 08:16 136960     /usr/lib/i386-linux-gnu/libXxf86vm.so.1.0.0
afaa3000-afaa4000 r--p 00004000 08:16 136960     /usr/lib/i386-linux-gnu/libXxf86vm.so.1.0.0
afaa4000-afaa5000 rw-p 00005000 08:16 136960     /usr/lib/i386-linux-gnu/libXxf86vm.so.1.0.0
afaa5000-afaab000 r-xp 00000000 08:16 263549     /usr/lib/jni/libnativewindow_x11.so
afaab000-afaac000 r--p 00006000 08:16 263549     /usr/lib/jni/libnativewindow_x11.so
afaac000-afaad000 rw-p 00007000 08:16 263549     /usr/lib/jni/libnativewindow_x11.so
afaad000-afaae000 r-xp 00000000 08:16 263547     /usr/lib/jni/libnativewindow_awt.so
afaae000-afaaf000 r--p 00001000 08:16 263547     /usr/lib/jni/libnativewindow_awt.so
afaaf000-afab0000 rw-p 00002000 08:16 263547     /usr/lib/jni/libnativewindow_awt.so
afab0000-afab1000 r-xp 00000000 08:16 549353     /usr/lib/jvm/java-7-openjdk-i386/jre/lib/i386/libjawt.so
afab1000-afab2000 r--p 00000000 08:16 549353     /usr/lib/jvm/java-7-openjdk-i386/jre/lib/i386/libjawt.so
afab2000-afab3000 rw-p 00001000 08:16 549353     /usr/lib/jvm/java-7-openjdk-i386/jre/lib/i386/libjawt.so
afab3000-afab5000 r-xp 00000000 08:16 263545     /usr/lib/jni/libgluegen2-rt.so
afab5000-afab6000 r--p 00001000 08:16 263545     /usr/lib/jni/libgluegen2-rt.so
afab6000-afab7000 rw-p 00002000 08:16 263545     /usr/lib/jni/libgluegen2-rt.so
afab7000-afafc000 r-xp 00000000 08:16 542272     /usr/lib/jvm/java-7-openjdk-i386/jre/lib/i386/xawt/libmawt.so
afafc000-afafd000 r--p 00044000 08:16 542272     /usr/lib/jvm/java-7-openjdk-i386/jre/lib/i386/xawt/libmawt.so
afafd000-afaff000 rw-p 00045000 08:16 542272     /usr/lib/jvm/java-7-openjdk-i386/jre/lib/i386/xawt/libmawt.so
afaff000-afb00000 rw-p 00000000 00:00 0 
afb00000-afb21000 rw-p 00000000 00:00 0 
afb21000-afc00000 ---p 00000000 00:00 0 
afc01000-afc06000 r-xp 00000000 08:16 136924     /usr/lib/i386-linux-gnu/libXfixes.so.3.1.0
afc06000-afc07000 r--p 00004000 08:16 136924     /usr/lib/i386-linux-gnu/libXfixes.so.3.1.0
afc07000-afc08000 rw-p 00005000 08:16 136924     /usr/lib/i386-linux-gnu/libXfixes.so.3.1.0
afc08000-afc0b000 r-xp 00000000 08:16 134146     /usr/lib/i386-linux-gnu/libgmodule-2.0.so.0.4200.1
afc0b000-afc0c000 r--p 00002000 08:16 134146     /usr/lib/i386-linux-gnu/libgmodule-2.0.so.0.4200.1
afc0c000-afc0d000 rw-p 00003000 08:16 134146     /usr/lib/i386-linux-gnu/libgmodule-2.0.so.0.4200.1
afc0d000-afc12000 r-xp 00000000 08:16 136950     /usr/lib/i386-linux-gnu/libXtst.so.6.1.0
afc12000-afc13000 r--p 00004000 08:16 136950     /usr/lib/i386-linux-gnu/libXtst.so.6.1.0
afc13000-afc14000 rw-p 00005000 08:16 136950     /usr/lib/i386-linux-gnu/libXtst.so.6.1.0
afc14000-afca2000 r-xp 00000000 08:16 548161     /usr/lib/jvm/java-7-openjdk-i386/jre/lib/i386/libawt.so
afca2000-afca3000 r--p 0008e000 08:16 548161     /usr/lib/jvm/java-7-openjdk-i386/jre/lib/i386/libawt.so
afca3000-afcaa000 rw-p 0008f000 08:16 548161     /usr/lib/jvm/java-7-openjdk-i386/jre/lib/i386/libawt.so
afcaa000-afcce000 rw-p 00000000 00:00 0 
afcce000-afcd8000 r--s 000ae000 08:16 544014     /usr/lib/jvm/java-7-openjdk-i386/jre/lib/resources.jar
afcd8000-afcdf000 r--s 00036000 08:16 952420     /usr/share/scilab/modules/ui_data/jar/org.scilab.modules.ui_data.jar
afcdf000-afce7000 r--s 00047000 08:16 953168     /usr/share/scilab/modules/graphic_objects/jar/org.scilab.modules.graphic_objects.jar
afce7000-afd00000 r--s 000cb000 08:16 1072400    /usr/share/scilab/modules/gui/jar/org.scilab.modules.gui.jar
afd00000-afd21000 rw-p 00000000 00:00 0 
afd21000-afe00000 ---p 00000000 00:00 0 
afe00000-afecd000 rw-p 00000000 00:00 0 
afecd000-aff00000 ---p 00000000 00:00 0 
aff00000-aff01000 rwxp 00000000 00:00 0 
aff01000-aff03000 r--s 0000b000 08:16 1186867    /usr/share/scilab/modules/external_objects_java/jar/org.scilab.modules.external_objects_java.jar
aff03000-aff04000 r--s 00007000 08:16 797224     /usr/share/scilab/modules/history_browser/jar/org.scilab.modules.history_browser.jar
aff04000-aff06000 r--s 00002000 08:16 953718     /usr/share/scilab/modules/javasci/jar/org.scilab.modules.javasci.jar
aff06000-aff07000 r--p 00000000 08:16 544606     /usr/share/locale/en_US/LC_MESSAGES/scilab.mo
aff07000-aff08000 r--s 00002000 08:16 1072859    /usr/share/scilab/modules/core/jar/org.scilab.modules.core.jar
aff08000-aff0d000 r--s 00025000 08:16 797403     /usr/share/scilab/modules/renderer/jar/org.scilab.modules.renderer.jar
aff0d000-aff2e000 r--s 002c7000 08:16 544100     /usr/share/java/jogl2.jar
aff2e000-aff2f000 ---p 00000000 00:00 0 
aff2f000-affaf000 rwxp 00000000 00:00 0          [stack:15659]
affaf000-affb2000 ---p 00000000 00:00 0 
affb2000-b0000000 rwxp 00000000 00:00 0          [stack:15658]
b0000000-b00fd000 rw-p 00000000 00:00 0 
b00fd000-b0100000 ---p 00000000 00:00 0 
b0100000-b0102000 r--s 00007000 08:16 953870     /usr/share/scilab/modules/graphic_export/jar/org.scilab.modules.graphic_export.jar
b0102000-b0105000 r--s 00015000 08:16 797255     /usr/share/scilab/modules/preferences/jar/org.scilab.modules.preferences.jar
b0105000-b0106000 r--s 00002000 08:16 954120     /usr/share/scilab/modules/action_binding/jar/org.scilab.modules.action_binding.jar
b0106000-b0108000 r--s 00000000 08:16 1072642    /usr/share/scilab/modules/localization/jar/org.scilab.modules.localization.jar
b0108000-b010b000 r--s 0000f000 08:16 1187548    /usr/share/scilab/modules/console/jar/org.scilab.modules.console.jar
b010b000-b010d000 r--s 00000000 08:16 797234     /usr/share/scilab/modules/history_manager/jar/org.scilab.modules.history_manager.jar
b010d000-b0110000 r--s 0000a000 08:16 1074003    /usr/share/scilab/modules/commons/jar/org.scilab.modules.commons.jar
b0110000-b0112000 r--s 0000a000 08:16 954131     /usr/share/scilab/modules/types/jar/org.scilab.modules.types.jar
b0112000-b0118000 r--s 00041000 08:16 544979     /usr/share/java/gluegen2-2.1.5-rt.jar
b0118000-b011f000 r--s 0002a000 08:16 1187563    /usr/share/scilab/modules/scirenderer/jar/scirenderer.jar
b011f000-b0128000 r--s 0008e000 08:16 544810     /usr/share/java/jhall-2.0.05.ds1.jar
b0128000-b012b000 r--s 00010000 08:16 544701     /usr/share/java/avalon-framework-4.2.0.jar
b012b000-b012c000 r--s 0000d000 08:16 544718     /usr/share/java/commons-logging-1.2.jar
b012c000-b012e000 r--s 00006000 08:16 530448     /usr/share/java/jgoodies-common.jar
b012e000-b0131000 ---p 00000000 00:00 0 
b0131000-b01af000 rwxp 00000000 00:00 0          [stack:15657]
b01af000-b01b2000 ---p 00000000 00:00 0 
b01b2000-b0200000 rwxp 00000000 00:00 0          [stack:15656]
b0200000-b0221000 rw-p 00000000 00:00 0 
b0221000-b0300000 ---p 00000000 00:00 0 
b0300000-b0321000 rw-p 00000000 00:00 0 
b0321000-b0400000 ---p 00000000 00:00 0 
b0400000-b0421000 rw-p 00000000 00:00 0 
b0421000-b0500000 ---p 00000000 00:00 0 
b0500000-b0509000 r--s 00057000 08:16 534333     /usr/share/java/jgoodies-looks.jar
b0509000-b050a000 r--s 00004000 08:16 544184     /usr/share/java/laf-plugin-1.0.jar
b050a000-b0510000 r--s 00044000 08:16 544205     /usr/share/java/skinlf-6.7.jar
b0510000-b0519000 r--s 00062000 08:16 544885     /usr/share/java/flexdock-1.2.4.jar
b0519000-b051d000 r--s 0003c000 08:16 558383     /usr/lib/jvm/java-7-openjdk-i386/jre/lib/ext/sunpkcs11.jar
b051d000-b0520000 ---p 00000000 00:00 0 
b0520000-b056e000 rwxp 00000000 00:00 0          [stack:15655]
b056e000-b0571000 ---p 00000000 00:00 0 
b0571000-b05bf000 rwxp 00000000 00:00 0          [stack:15654]
b05bf000-b05c0000 ---p 00000000 00:00 0 
b05c0000-b0640000 rwxp 00000000 00:00 0          [stack:15653]
b0640000-b0689000 rw-p 00000000 00:00 0 
b0689000-b083a000 r--s 01d27000 08:16 558362     /usr/lib/jvm/java-7-openjdk-i386/jre/lib/rt.jar
b083a000-b0841000 rw-p 00000000 00:00 0 
b0841000-b085b000 rw-p 00000000 00:00 0 
b085b000-b0861000 rw-p 00000000 00:00 0 
b0861000-b08b1000 rw-p 00000000 00:00 0 
b08b1000-b08b4000 rw-p 00000000 00:00 0 
b08b4000-b08db000 rw-p 00000000 00:00 0 
b08db000-b08e1000 rw-p 00000000 00:00 0 
b08e1000-b0931000 rw-p 00000000 00:00 0 
b0931000-b0937000 rw-p 00000000 00:00 0 
b0937000-b0951000 rw-p 00000000 00:00 0 
b0951000-b0962000 rw-p 00000000 00:00 0 
b0962000-b09dd000 rw-p 00000000 00:00 0 
b09dd000-b0af5000 rwxp 00000000 00:00 0 
b0af5000-b29dd000 rw-p 00000000 00:00 0 
b29dd000-b29e8000 r-xp 00000000 08:16 1448814    /lib/i386-linux-gnu/libnss_files-2.19.so
b29e8000-b29e9000 r--p 0000a000 08:16 1448814    /lib/i386-linux-gnu/libnss_files-2.19.so
b29e9000-b29ea000 rw-p 0000b000 08:16 1448814    /lib/i386-linux-gnu/libnss_files-2.19.so
b29ea000-b29ff000 r-xp 00000000 08:16 1448818    /lib/i386-linux-gnu/libnsl-2.19.so
b29ff000-b2a00000 r--p 00015000 08:16 1448818    /lib/i386-linux-gnu/libnsl-2.19.so
b2a00000-b2a01000 rw-p 00016000 08:16 1448818    /lib/i386-linux-gnu/libnsl-2.19.so
b2a01000-b2a03000 rw-p 00000000 00:00 0 
b2a03000-b2a04000 r--s 00001000 08:16 1075689    /usr/share/scilab/modules/jvm/jar/org.scilab.modules.jvm.jar
b2a04000-b2a06000 r--s 00012000 08:16 558370     /usr/lib/jvm/java-7-openjdk-i386/jre/lib/ext/zipfs.jar
b2a06000-b2a09000 r--s 00086000 08:16 558369     /usr/lib/jvm/java-7-openjdk-i386/jre/lib/ext/localedata.jar
b2a09000-b2a0b000 r--s 00006000 08:16 544031     /usr/share/java/java-atk-wrapper.jar
b2a0b000-b2a0f000 r--s 00034000 08:16 558382     /usr/lib/jvm/java-7-openjdk-i386/jre/lib/ext/sunjce_provider.jar
b2a0f000-b2a12000 r--s 0000f000 08:16 558364     /usr/lib/jvm/java-7-openjdk-i386/jre/lib/ext/icedtea-sound.jar
b2a12000-b2a1f000 rw-p 00000000 00:00 0 
b2a1f000-b2a27000 r-xp 00000000 08:16 544146     /usr/lib/jvm/java-7-openjdk-i386/jre/lib/i386/libzip.so
b2a27000-b2a28000 r--p 00007000 08:16 544146     /usr/lib/jvm/java-7-openjdk-i386/jre/lib/i386/libzip.so
b2a28000-b2a29000 rw-p 00008000 08:16 544146     /usr/lib/jvm/java-7-openjdk-i386/jre/lib/i386/libzip.so
b2a29000-b2c29000 r--p 00000000 08:16 140341     /usr/lib/locale/locale-archive
b2c29000-b2c32000 rw-p 00000000 00:00 0 
b2c32000-b2c3a000 r-xp 00000000 08:16 1448833    /lib/i386-linux-gnu/libcrypt-2.19.so
b2c3a000-b2c3b000 r--p 00008000 08:16 1448833    /lib/i386-linux-gnu/libcrypt-2.19.so
b2c3b000-b2c3c000 rw-p 00009000 08:16 1448833    /lib/i386-linux-gnu/libcrypt-2.19.so
b2c3c000-b2c63000 rw-p 00000000 00:00 0 
b2c63000-b2d34000 r-xp 00000000 08:16 137845     /usr/lib/i386-linux-gnu/libsqlite3.so.0.8.6
b2d34000-b2d37000 r--p 000d0000 08:16 137845     /usr/lib/i386-linux-gnu/libsqlite3.so.0.8.6
b2d37000-b2d39000 rw-p 000d3000 08:16 137845     /usr/lib/i386-linux-gnu/libsqlite3.so.0.8.6
b2d39000-b2d3a000 rw-p 00000000 00:00 0 
b2d3a000-b2d7d000 r-xp 00000000 08:16 137485     /usr/lib/i386-linux-gnu/libhx509.so.5.0.0
b2d7d000-b2d7f000 r--p 00043000 08:16 137485     /usr/lib/i386-linux-gnu/libhx509.so.5.0.0
b2d7f000-b2d80000 rw-p 00045000 08:16 137485     /usr/lib/i386-linux-gnu/libhx509.so.5.0.0
b2d80000-b2d81000 rw-p 00000000 00:00 0 
b2d81000-b2d8e000 r-xp 00000000 08:16 137475     /usr/lib/i386-linux-gnu/libheimbase.so.1.0.0
b2d8e000-b2d8f000 r--p 0000c000 08:16 137475     /usr/lib/i386-linux-gnu/libheimbase.so.1.0.0
b2d8f000-b2d90000 rw-p 0000d000 08:16 137475     /usr/lib/i386-linux-gnu/libheimbase.so.1.0.0
b2d90000-b2db7000 r-xp 00000000 08:16 137979     /usr/lib/i386-linux-gnu/libwind.so.0.0.0
b2db7000-b2db8000 r--p 00027000 08:16 137979     /usr/lib/i386-linux-gnu/libwind.so.0.0.0
b2db8000-b2db9000 rw-p 00028000 08:16 137979     /usr/lib/i386-linux-gnu/libwind.so.0.0.0
b2db9000-b2dbf000 r-xp 00000000 08:16 137209     /usr/lib/i386-linux-gnu/libffi.so.6.0.2
b2dbf000-b2dc1000 r--p 00005000 08:16 137209     /usr/lib/i386-linux-gnu/libffi.so.6.0.2
b2dc1000-b2dc2000 rw-p 00007000 08:16 137209     /usr/lib/i386-linux-gnu/libffi.so.6.0.2
b2dc2000-b2dc6000 r-xp 00000000 08:16 1440113    /lib/i386-linux-gnu/libgpg-error.so.0.11.0
b2dc6000-b2dc7000 r--p 00003000 08:16 1440113    /lib/i386-linux-gnu/libgpg-error.so.0.11.0
b2dc7000-b2dc8000 rw-p 00004000 08:16 1440113    /lib/i386-linux-gnu/libgpg-error.so.0.11.0
b2dc8000-b2dc9000 rw-p 00000000 00:00 0 
b2dc9000-b2ddd000 r-xp 00000000 08:16 137765     /usr/lib/i386-linux-gnu/libroken.so.18.1.0
b2ddd000-b2dde000 r--p 00013000 08:16 137765     /usr/lib/i386-linux-gnu/libroken.so.18.1.0
b2dde000-b2ddf000 rw-p 00014000 08:16 137765     /usr/lib/i386-linux-gnu/libroken.so.18.1.0
b2ddf000-b2e11000 r-xp 00000000 08:16 137473     /usr/lib/i386-linux-gnu/libhcrypto.so.4.1.0
b2e11000-b2e12000 r--p 00031000 08:16 137473     /usr/lib/i386-linux-gnu/libhcrypto.so.4.1.0
b2e12000-b2e13000 rw-p 00032000 08:16 137473     /usr/lib/i386-linux-gnu/libhcrypto.so.4.1.0
b2e13000-b2e14000 rw-p 00000000 00:00 0 
b2e14000-b2eb7000 r-xp 00000000 08:16 136989     /usr/lib/i386-linux-gnu/libasn1.so.8.0.0
b2eb7000-b2eb8000 r--p 000a3000 08:16 136989     /usr/lib/i386-linux-gnu/libasn1.so.8.0.0
b2eb8000-b2eba000 rw-p 000a4000 08:16 136989     /usr/lib/i386-linux-gnu/libasn1.so.8.0.0
b2eba000-b2f3c000 r-xp 00000000 08:16 137540     /usr/lib/i386-linux-gnu/libkrb5.so.26.0.0
b2f3c000-b2f3e000 r--p 00081000 08:16 137540     /usr/lib/i386-linux-gnu/libkrb5.so.26.0.0
b2f3e000-b2f40000 rw-p 00083000 08:16 137540     /usr/lib/i386-linux-gnu/libkrb5.so.26.0.0
b2f40000-b2f47000 r-xp 00000000 08:16 137477     /usr/lib/i386-linux-gnu/libheimntlm.so.0.1.0
b2f47000-b2f48000 r--p 00007000 08:16 137477     /usr/lib/i386-linux-gnu/libheimntlm.so.0.1.0
b2f48000-b2f49000 rw-p 00008000 08:16 137477     /usr/lib/i386-linux-gnu/libheimntlm.so.0.1.0
b2f49000-b2f4a000 rw-p 00000000 00:00 0 
b2f4a000-b2f4d000 r-xp 00000000 08:16 1440123    /lib/i386-linux-gnu/libkeyutils.so.1.5
b2f4d000-b2f4e000 r--p 00002000 08:16 1440123    /lib/i386-linux-gnu/libkeyutils.so.1.5
b2f4e000-b2f4f000 rw-p 00003000 08:16 1440123    /lib/i386-linux-gnu/libkeyutils.so.1.5
b2f4f000-b2f61000 r-xp 00000000 08:16 131150     /usr/lib/i386-linux-gnu/libtasn1.so.6.3.0
b2f61000-b2f62000 r--p 00011000 08:16 131150     /usr/lib/i386-linux-gnu/libtasn1.so.6.3.0
b2f62000-b2f63000 rw-p 00012000 08:16 131150     /usr/lib/i386-linux-gnu/libtasn1.so.6.3.0
b2f63000-b2f9a000 r-xp 00000000 08:16 137662     /usr/lib/i386-linux-gnu/libp11-kit.so.0.0.0
b2f9a000-b2f9e000 r--p 00037000 08:16 137662     /usr/lib/i386-linux-gnu/libp11-kit.so.0.0.0
b2f9e000-b2f9f000 rw-p 0003b000 08:16 137662     /usr/lib/i386-linux-gnu/libp11-kit.so.0.0.0
b2f9f000-b2fc9000 r-xp 00000000 08:16 1440199    /lib/i386-linux-gnu/libpng12.so.0.51.0
b2fc9000-b2fca000 r--p 00029000 08:16 1440199    /lib/i386-linux-gnu/libpng12.so.0.51.0
b2fca000-b2fcb000 rw-p 0002a000 08:16 1440199    /lib/i386-linux-gnu/libpng12.so.0.51.0
b2fcb000-b2fd5000 r-xp 00000000 08:16 145545     /usr/lib/i386-linux-gnu/libccolamd.so.2.8.0
b2fd5000-b2fd6000 r--p 00009000 08:16 145545     /usr/lib/i386-linux-gnu/libccolamd.so.2.8.0
b2fd6000-b2fd7000 rw-p 0000a000 08:16 145545     /usr/lib/i386-linux-gnu/libccolamd.so.2.8.0
b2fd7000-b2fd8000 rw-p 00000000 00:00 0 
b2fd8000-b2fe0000 r-xp 00000000 08:16 145544     /usr/lib/i386-linux-gnu/libcamd.so.2.3.1
b2fe0000-b2fe1000 r--p 00007000 08:16 145544     /usr/lib/i386-linux-gnu/libcamd.so.2.3.1
b2fe1000-b2fe2000 rw-p 00008000 08:16 145544     /usr/lib/i386-linux-gnu/libcamd.so.2.3.1
b2fe2000-b2fe8000 r-xp 00000000 08:16 137097     /usr/lib/i386-linux-gnu/libcolamd.so.2.8.0
b2fe8000-b2fe9000 r--p 00005000 08:16 137097     /usr/lib/i386-linux-gnu/libcolamd.so.2.8.0
b2fe9000-b2fea000 rw-p 00006000 08:16 137097     /usr/lib/i386-linux-gnu/libcolamd.so.2.8.0
b2fea000-b3096000 r-xp 00000000 08:16 1440106    /lib/i386-linux-gnu/libgcrypt.so.20.0.1
b3096000-b3097000 r--p 000ab000 08:16 1440106    /lib/i386-linux-gnu/libgcrypt.so.20.0.1
b3097000-b309a000 rw-p 000ac000 08:16 1440106    /lib/i386-linux-gnu/libgcrypt.so.20.0.1
b309a000-b30d3000 r-xp 00000000 08:16 137365     /usr/lib/i386-linux-gnu/libgssapi.so.3.0.0
b30d3000-b30d5000 r--p 00038000 08:16 137365     /usr/lib/i386-linux-gnu/libgssapi.so.3.0.0
b30d5000-b30d6000 rw-p 0003a000 08:16 137365     /usr/lib/i386-linux-gnu/libgssapi.so.3.0.0
b30d6000-b30d7000 rw-p 00000000 00:00 0 
b30d7000-b30f0000 r-xp 00000000 08:16 137792     /usr/lib/i386-linux-gnu/libsasl2.so.2.0.25
b30f0000-b30f1000 r--p 00019000 08:16 137792     /usr/lib/i386-linux-gnu/libsasl2.so.2.0.25
b30f1000-b30f2000 rw-p 0001a000 08:16 137792     /usr/lib/i386-linux-gnu/libsasl2.so.2.0.25
b30f2000-b30f3000 rw-p 00000000 00:00 0 
b30f3000-b3106000 r-xp 00000000 08:16 1448820    /lib/i386-linux-gnu/libresolv-2.19.so
b3106000-b3107000 r--p 00013000 08:16 1448820    /lib/i386-linux-gnu/libresolv-2.19.so
b3107000-b3108000 rw-p 00014000 08:16 1448820    /lib/i386-linux-gnu/libresolv-2.19.so
b3108000-b310a000 rw-p 00000000 00:00 0 
b310a000-b3115000 r-xp 00000000 08:16 134186     /usr/lib/i386-linux-gnu/libkrb5support.so.0.1
b3115000-b3116000 r--p 0000a000 08:16 134186     /usr/lib/i386-linux-gnu/libkrb5support.so.0.1
b3116000-b3117000 rw-p 0000b000 08:16 134186     /usr/lib/i386-linux-gnu/libkrb5support.so.0.1
b3117000-b311a000 r-xp 00000000 08:16 1440057    /lib/i386-linux-gnu/libcom_err.so.2.1
b311a000-b311b000 r--p 00002000 08:16 1440057    /lib/i386-linux-gnu/libcom_err.so.2.1
b311b000-b311c000 rw-p 00003000 08:16 1440057    /lib/i386-linux-gnu/libcom_err.so.2.1
b311c000-b314c000 r-xp 00000000 08:16 134180     /usr/lib/i386-linux-gnu/libk5crypto.so.3.1
b314c000-b314d000 r--p 0002f000 08:16 134180     /usr/lib/i386-linux-gnu/libk5crypto.so.3.1
b314d000-b314e000 rw-p 00030000 08:16 134180     /usr/lib/i386-linux-gnu/libk5crypto.so.3.1
b314e000-b321a000 r-xp 00000000 08:16 134184     /usr/lib/i386-linux-gnu/libkrb5.so.3.3
b321a000-b3221000 r--p 000cc000 08:16 134184     /usr/lib/i386-linux-gnu/libkrb5.so.3.3
b3221000-b3222000 rw-p 000d3000 08:16 134184     /usr/lib/i386-linux-gnu/libkrb5.so.3.3
b3222000-b3223000 rw-p 00000000 00:00 0 
b3223000-b32ac000 r-xp 00000000 08:16 137322     /usr/lib/i386-linux-gnu/libgmp.so.10.2.0
b32ac000-b32ad000 r--p 00088000 08:16 137322     /usr/lib/i386-linux-gnu/libgmp.so.10.2.0
b32ad000-b32ae000 rw-p 00089000 08:16 137322     /usr/lib/i386-linux-gnu/libgmp.so.10.2.0
b32ae000-b32e0000 r-xp 00000000 08:16 137614     /usr/lib/i386-linux-gnu/libnettle.so.4.7
b32e0000-b32e2000 r--p 00031000 08:16 137614     /usr/lib/i386-linux-gnu/libnettle.so.4.7
b32e2000-b32e3000 rw-p 00033000 08:16 137614     /usr/lib/i386-linux-gnu/libnettle.so.4.7
b32e3000-b3310000 r-xp 00000000 08:16 137479     /usr/lib/i386-linux-gnu/libhogweed.so.2.5
b3310000-b3311000 r--p 0002c000 08:16 137479     /usr/lib/i386-linux-gnu/libhogweed.so.2.5
b3311000-b3312000 rw-p 0002d000 08:16 137479     /usr/lib/i386-linux-gnu/libhogweed.so.2.5
b3312000-b3436000 r-xp 00000000 08:16 134178     /usr/lib/i386-linux-gnu/libgnutls-deb0.so.28.30.7
b3436000-b343d000 r--p 00123000 08:16 134178     /usr/lib/i386-linux-gnu/libgnutls-deb0.so.28.30.7
b343d000-b343e000 rw-p 0012a000 08:16 134178     /usr/lib/i386-linux-gnu/libgnutls-deb0.so.28.30.7
b343e000-b343f000 rw-p 00000000 00:00 0 
b343f000-b3452000 r-xp 00000000 08:16 131480     /usr/lib/i386-linux-gnu/libXext.so.6.4.0
b3452000-b3453000 r--p 00012000 08:16 131480     /usr/lib/i386-linux-gnu/libXext.so.6.4.0
b3453000-b3454000 rw-p 00013000 08:16 131480     /usr/lib/i386-linux-gnu/libXext.so.6.4.0
b3454000-b3455000 rw-p 00000000 00:00 0 
b3455000-b347b000 r-xp 00000000 08:16 1440100    /lib/i386-linux-gnu/libexpat.so.1.6.0
b347b000-b347d000 r--p 00026000 08:16 1440100    /lib/i386-linux-gnu/libexpat.so.1.6.0
b347d000-b347e000 rw-p 00028000 08:16 1440100    /lib/i386-linux-gnu/libexpat.so.1.6.0
b347e000-b3488000 r-xp 00000000 08:16 137703     /usr/lib/i386-linux-gnu/libXrender.so.1.3.0
b3488000-b3489000 r--p 00009000 08:16 137703     /usr/lib/i386-linux-gnu/libXrender.so.1.3.0
b3489000-b348a000 rw-p 0000a000 08:16 137703     /usr/lib/i386-linux-gnu/libXrender.so.1.3.0
b348a000-b3535000 r-xp 00000000 08:16 134163     /usr/lib/i386-linux-gnu/libfreetype.so.6.11.1
b3535000-b3539000 r--p 000ab000 08:16 134163     /usr/lib/i386-linux-gnu/libfreetype.so.6.11.1
b3539000-b353a000 rw-p 000af000 08:16 134163     /usr/lib/i386-linux-gnu/libfreetype.so.6.11.1
b353a000-b353f000 r-xp 00000000 08:16 136920     /usr/lib/i386-linux-gnu/libXdmcp.so.6.0.0
b353f000-b3540000 r--p 00004000 08:16 136920     /usr/lib/i386-linux-gnu/libXdmcp.so.6.0.0
b3540000-b3541000 rw-p 00005000 08:16 136920     /usr/lib/i386-linux-gnu/libXdmcp.so.6.0.0
b3541000-b3543000 r-xp 00000000 08:16 136909     /usr/lib/i386-linux-gnu/libXau.so.6.0.0
b3543000-b3544000 r--p 00001000 08:16 136909     /usr/lib/i386-linux-gnu/libXau.so.6.0.0
b3544000-b3545000 rw-p 00002000 08:16 136909     /usr/lib/i386-linux-gnu/libXau.so.6.0.0
b3545000-b3546000 rw-p 00000000 00:00 0 
b3546000-b3606000 r-xp 00000000 08:16 145548     /usr/lib/i386-linux-gnu/libcholmod.so.2.1.2
b3606000-b3607000 r--p 000bf000 08:16 145548     /usr/lib/i386-linux-gnu/libcholmod.so.2.1.2
b3607000-b3608000 rw-p 000c0000 08:16 145548     /usr/lib/i386-linux-gnu/libcholmod.so.2.1.2
b3608000-b365f000 r-xp 00000000 08:16 137551     /usr/lib/i386-linux-gnu/libldap_r-2.4.so.2.8.3
b365f000-b3660000 r--p 00057000 08:16 137551     /usr/lib/i386-linux-gnu/libldap_r-2.4.so.2.8.3
b3660000-b3661000 rw-p 00058000 08:16 137551     /usr/lib/i386-linux-gnu/libldap_r-2.4.so.2.8.3
b3661000-b3662000 rw-p 00000000 00:00 0 
b3662000-b3670000 r-xp 00000000 08:16 137546     /usr/lib/i386-linux-gnu/liblber-2.4.so.2.8.3
b3670000-b3671000 r--p 0000d000 08:16 137546     /usr/lib/i386-linux-gnu/liblber-2.4.so.2.8.3
b3671000-b3672000 rw-p 0000e000 08:16 137546     /usr/lib/i386-linux-gnu/liblber-2.4.so.2.8.3
b3672000-b3673000 rw-p 00000000 00:00 0 
b3673000-b36c0000 r-xp 00000000 08:16 134182     /usr/lib/i386-linux-gnu/libgssapi_krb5.so.2.2
b36c0000-b36c2000 r--p 0004d000 08:16 134182     /usr/lib/i386-linux-gnu/libgssapi_krb5.so.2.2
b36c2000-b36c3000 rw-p 0004f000 08:16 134182     /usr/lib/i386-linux-gnu/libgssapi_krb5.so.2.2
b36c3000-b387c000 r-xp 00000000 08:16 1443558    /lib/i386-linux-gnu/libcrypto.so.1.0.0
b387c000-b388c000 r--p 001b8000 08:16 1443558    /lib/i386-linux-gnu/libcrypto.so.1.0.0
b388c000-b3893000 rw-p 001c8000 08:16 1443558    /lib/i386-linux-gnu/libcrypto.so.1.0.0
b3893000-b3896000 rw-p 00000000 00:00 0 
b3896000-b38f0000 r-xp 00000000 08:16 1440225    /lib/i386-linux-gnu/libssl.so.1.0.0
b38f0000-b38f2000 r--p 00059000 08:16 1440225    /lib/i386-linux-gnu/libssl.so.1.0.0
b38f2000-b38f6000 rw-p 0005b000 08:16 1440225    /lib/i386-linux-gnu/libssl.so.1.0.0
b38f6000-b3911000 r-xp 00000000 08:16 137775     /usr/lib/i386-linux-gnu/librtmp.so.1
b3911000-b3912000 r--p 0001a000 08:16 137775     /usr/lib/i386-linux-gnu/librtmp.so.1
b3912000-b3913000 rw-p 0001b000 08:16 137775     /usr/lib/i386-linux-gnu/librtmp.so.1
b3913000-b3944000 r-xp 00000000 08:16 137505     /usr/lib/i386-linux-gnu/libidn.so.11.6.11
b3944000-b3945000 r--p 00030000 08:16 137505     /usr/lib/i386-linux-gnu/libidn.so.11.6.11
b3945000-b3946000 rw-p 00031000 08:16 137505     /usr/lib/i386-linux-gnu/libidn.so.11.6.11
b3946000-b3947000 rw-p 00000000 00:00 0 
b3947000-b3949000 r-xp 00000000 08:16 136946     /usr/lib/i386-linux-gnu/libXss.so.1.0.0
b3949000-b394a000 r--p 00001000 08:16 136946     /usr/lib/i386-linux-gnu/libXss.so.1.0.0
b394a000-b394b000 rw-p 00002000 08:16 136946     /usr/lib/i386-linux-gnu/libXss.so.1.0.0
b394b000-b3985000 r-xp 00000000 08:16 137223     /usr/lib/i386-linux-gnu/libfontconfig.so.1.8.0
b3985000-b3986000 r--p 0003a000 08:16 137223     /usr/lib/i386-linux-gnu/libfontconfig.so.1.8.0
b3986000-b3987000 rw-p 0003b000 08:16 137223     /usr/lib/i386-linux-gnu/libfontconfig.so.1.8.0
b3987000-b399b000 r-xp 00000000 08:16 136928     /usr/lib/i386-linux-gnu/libXft.so.2.3.2
b399b000-b399c000 r--p 00013000 08:16 136928     /usr/lib/i386-linux-gnu/libXft.so.2.3.2
b399c000-b399d000 rw-p 00014000 08:16 136928     /usr/lib/i386-linux-gnu/libXft.so.2.3.2
b399d000-b39bd000 r-xp 00000000 08:16 138021     /usr/lib/i386-linux-gnu/libxcb.so.1.1.0
b39bd000-b39be000 r--p 0001f000 08:16 138021     /usr/lib/i386-linux-gnu/libxcb.so.1.1.0
b39be000-b39bf000 rw-p 00020000 08:16 138021     /usr/lib/i386-linux-gnu/libxcb.so.1.1.0
b39bf000-b39c0000 rw-p 00000000 00:00 0 
b39c0000-b39c8000 r-xp 00000000 08:16 145532     /usr/lib/i386-linux-gnu/libamd.so.2.3.1
b39c8000-b39c9000 r--p 00007000 08:16 145532     /usr/lib/i386-linux-gnu/libamd.so.2.3.1
b39c9000-b39ca000 rw-p 00008000 08:16 145532     /usr/lib/i386-linux-gnu/libamd.so.2.3.1
b39ca000-b3a6e000 r-xp 00000000 08:16 145568     /usr/lib/i386-linux-gnu/libumfpack.so.5.6.2
b3a6e000-b3a6f000 r--p 000a3000 08:16 145568     /usr/lib/i386-linux-gnu/libumfpack.so.5.6.2
b3a6f000-b3a70000 rw-p 000a4000 08:16 145568     /usr/lib/i386-linux-gnu/libumfpack.so.5.6.2
b3a70000-b3a77000 r-xp 00000000 08:16 1448813    /lib/i386-linux-gnu/librt-2.19.so
b3a77000-b3a78000 r--p 00006000 08:16 1448813    /lib/i386-linux-gnu/librt-2.19.so
b3a78000-b3a79000 rw-p 00007000 08:16 1448813    /lib/i386-linux-gnu/librt-2.19.so
b3a79000-b3a91000 r-xp 00000000 08:16 137336     /usr/lib/i386-linux-gnu/libgomp.so.1.0.0
b3a91000-b3a92000 r--p 00017000 08:16 137336     /usr/lib/i386-linux-gnu/libgomp.so.1.0.0
b3a92000-b3a93000 rw-p 00018000 08:16 137336     /usr/lib/i386-linux-gnu/libgomp.so.1.0.0
b3a93000-b3a94000 rw-p 00000000 00:00 0 
b3a94000-b3ad5000 r-xp 00000000 08:16 145562     /usr/lib/i386-linux-gnu/libmatio.so.2.0.2
b3ad5000-b3ad6000 r--p 00040000 08:16 145562     /usr/lib/i386-linux-gnu/libmatio.so.2.0.2
b3ad6000-b3ad7000 rw-p 00041000 08:16 145562     /usr/lib/i386-linux-gnu/libmatio.so.2.0.2
b3ad7000-b3b65000 r-xp 00000000 08:16 137743     /usr/lib/i386-linux-gnu/libquadmath.so.0.0.0
b3b65000-b3b66000 r--p 0008d000 08:16 137743     /usr/lib/i386-linux-gnu/libquadmath.so.0.0.0
b3b66000-b3b67000 rw-p 0008e000 08:16 137743     /usr/lib/i386-linux-gnu/libquadmath.so.0.0.0
b3b67000-b3c72000 r-xp 00000000 08:16 145546     /usr/lib/i386-linux-gnu/libgfortran.so.3.0.0
b3c72000-b3c73000 r--p 0010a000 08:16 145546     /usr/lib/i386-linux-gnu/libgfortran.so.3.0.0
b3c73000-b3c74000 rw-p 0010b000 08:16 145546     /usr/lib/i386-linux-gnu/libgfortran.so.3.0.0
b3c74000-b3cc0000 r-xp 00000000 08:16 145579     /usr/lib/libarpack.so.2.0.0
b3cc0000-b3cc1000 r--p 0004b000 08:16 145579     /usr/lib/libarpack.so.2.0.0
b3cc1000-b3cc2000 rw-p 0004c000 08:16 145579     /usr/lib/libarpack.so.2.0.0
b3cc2000-b3cc3000 rw-p 00000000 00:00 0 
b3cc3000-b3ce7000 r-xp 00000000 08:16 1440127    /lib/i386-linux-gnu/liblzma.so.5.0.0
b3ce7000-b3ce8000 r--p 00023000 08:16 1440127    /lib/i386-linux-gnu/liblzma.so.5.0.0
b3ce8000-b3ce9000 rw-p 00024000 08:16 1440127    /lib/i386-linux-gnu/liblzma.so.5.0.0
b3ce9000-b3d6a000 r-xp 00000000 08:16 544141     /usr/lib/libblas/libblas.so.3.0
b3d6a000-b3d6b000 r--p 00080000 08:16 544141     /usr/lib/libblas/libblas.so.3.0
b3d6b000-b3d6c000 rw-p 00081000 08:16 544141     /usr/lib/libblas/libblas.so.3.0
b3d6c000-b4312000 r-xp 00000000 08:16 544152     /usr/lib/lapack/liblapack.so.3.0
b4312000-b4313000 r--p 005a5000 08:16 544152     /usr/lib/lapack/liblapack.so.3.0
b4313000-b4316000 rw-p 005a6000 08:16 544152     /usr/lib/lapack/liblapack.so.3.0
b4316000-b4317000 r-xp 00000000 08:16 263606     /usr/lib/scilab/libscicommons-disable.so.5.5.0
b4317000-b4318000 r--p 00000000 08:16 263606     /usr/lib/scilab/libscicommons-disable.so.5.5.0
b4318000-b4319000 rw-p 00001000 08:16 263606     /usr/lib/scilab/libscicommons-disable.so.5.5.0
b4319000-b431a000 rw-p 00000000 00:00 0 
b431a000-b431b000 r-xp 00000000 08:16 263591     /usr/lib/scilab/libscihistory_browser-disable.so.5.5.0
b431b000-b431c000 r--p 00000000 08:16 263591     /usr/lib/scilab/libscihistory_browser-disable.so.5.5.0
b431c000-b431d000 rw-p 00001000 08:16 263591     /usr/lib/scilab/libscihistory_browser-disable.so.5.5.0
b431d000-b431e000 r-xp 00000000 08:16 263598     /usr/lib/scilab/libsciui_data-disable.so.5.5.0
b431e000-b431f000 r--p 00000000 08:16 263598     /usr/lib/scilab/libsciui_data-disable.so.5.5.0
b431f000-b4320000 rw-p 00001000 08:16 263598     /usr/lib/scilab/libsciui_data-disable.so.5.5.0
b4320000-b4321000 r-xp 00000000 08:16 263588     /usr/lib/scilab/libsciscinotes-disable.so.5.5.0
b4321000-b4322000 r--p 00000000 08:16 263588     /usr/lib/scilab/libsciscinotes-disable.so.5.5.0
b4322000-b4323000 rw-p 00001000 08:16 263588     /usr/lib/scilab/libsciscinotes-disable.so.5.5.0
b4323000-b4324000 r-xp 00000000 08:16 263571     /usr/lib/scilab/libscigraphic_objects-disable.so.5.5.0
b4324000-b4325000 r--p 00000000 08:16 263571     /usr/lib/scilab/libscigraphic_objects-disable.so.5.5.0
b4325000-b4326000 rw-p 00001000 08:16 263571     /usr/lib/scilab/libscigraphic_objects-disable.so.5.5.0
b4326000-b4327000 r-xp 00000000 08:16 263572     /usr/lib/scilab/libscixcos-disable.so.5.5.0
b4327000-b4328000 r--p 00000000 08:16 263572     /usr/lib/scilab/libscixcos-disable.so.5.5.0
b4328000-b4329000 rw-p 00001000 08:16 263572     /usr/lib/scilab/libscixcos-disable.so.5.5.0
b4329000-b432a000 rw-p 00000000 00:00 0 
b432a000-b432b000 r-xp 00000000 08:16 263582     /usr/lib/scilab/libscijvm-disable.so.5.5.0
b432b000-b432c000 r--p 00000000 08:16 263582     /usr/lib/scilab/libscijvm-disable.so.5.5.0
b432c000-b432d000 rw-p 00001000 08:16 263582     /usr/lib/scilab/libscijvm-disable.so.5.5.0
b432d000-b432e000 r-xp 00000000 08:16 263581     /usr/lib/scilab/libsciaction_binding-disable.so.5.5.0
b432e000-b432f000 r--p 00000000 08:16 263581     /usr/lib/scilab/libsciaction_binding-disable.so.5.5.0
b432f000-b4330000 rw-p 00001000 08:16 263581     /usr/lib/scilab/libsciaction_binding-disable.so.5.5.0
b4330000-b4331000 r-xp 00000000 08:16 263593     /usr/lib/scilab/libscigraphic_export-disable.so.5.5.0
b4331000-b4332000 r--p 00000000 08:16 263593     /usr/lib/scilab/libscigraphic_export-disable.so.5.5.0
b4332000-b4333000 rw-p 00001000 08:16 263593     /usr/lib/scilab/libscigraphic_export-disable.so.5.5.0
b4333000-b4335000 r-xp 00000000 08:16 263605     /usr/lib/scilab/libscigraphics-disable.so.5.5.0
b4335000-b4336000 r--p 00001000 08:16 263605     /usr/lib/scilab/libscigraphics-disable.so.5.5.0
b4336000-b4337000 rw-p 00002000 08:16 263605     /usr/lib/scilab/libscigraphics-disable.so.5.5.0
b4337000-b4339000 r-xp 00000000 08:16 263602     /usr/lib/scilab/libscigui-disable.so.5.5.0
b4339000-b433a000 r--p 00001000 08:16 263602     /usr/lib/scilab/libscigui-disable.so.5.5.0
b433a000-b433b000 rw-p 00002000 08:16 263602     /usr/lib/scilab/libscigui-disable.so.5.5.0
b433b000-b433c000 rw-p 00000000 00:00 0 
b433c000-b450c000 r-xp 00000000 08:16 141550     /usr/lib/i386-linux-gnu/libfftw3.so.3.4.4
b450c000-b4518000 r--p 001cf000 08:16 141550     /usr/lib/i386-linux-gnu/libfftw3.so.3.4.4
b4518000-b4519000 rw-p 001db000 08:16 141550     /usr/lib/i386-linux-gnu/libfftw3.so.3.4.4
b4519000-b4539000 r-xp 00000000 08:16 145557     /usr/lib/i386-linux-gnu/libhdf5_hl.so.7.1.1
b4539000-b453a000 r--p 0001f000 08:16 145557     /usr/lib/i386-linux-gnu/libhdf5_hl.so.7.1.1
b453a000-b453b000 rw-p 00020000 08:16 145557     /usr/lib/i386-linux-gnu/libhdf5_hl.so.7.1.1
b453b000-b454c000 rw-p 00000000 00:00 0 
b454c000-b4811000 r-xp 00000000 08:16 145556     /usr/lib/i386-linux-gnu/libhdf5.so.7.1.1
b4811000-b4814000 r--p 002c4000 08:16 145556     /usr/lib/i386-linux-gnu/libhdf5.so.7.1.1
b4814000-b4817000 rw-p 002c7000 08:16 145556     /usr/lib/i386-linux-gnu/libhdf5.so.7.1.1
b4817000-b4818000 rw-p 00000000 00:00 0 
b4818000-b481a000 r-xp 00000000 08:16 137688     /usr/lib/i386-linux-gnu/libpcreposix.so.3.13.1
b481a000-b481b000 r--p 00001000 08:16 137688     /usr/lib/i386-linux-gnu/libpcreposix.so.3.13.1
b481b000-b481c000 rw-p 00002000 08:16 137688     /usr/lib/i386-linux-gnu/libpcreposix.so.3.13.1
b481c000-b4890000 r-xp 00000000 08:16 135414     /usr/lib/i386-linux-gnu/libcurl.so.4.3.0
b4890000-b4892000 r--p 00074000 08:16 135414     /usr/lib/i386-linux-gnu/libcurl.so.4.3.0
b4892000-b4893000 rw-p 00076000 08:16 135414     /usr/lib/i386-linux-gnu/libcurl.so.4.3.0
b4893000-b4894000 rw-p 00000000 00:00 0 
b4894000-b4f9d000 r-xp 00000000 08:16 548160     /usr/lib/jvm/java-7-openjdk-i386/jre/lib/i386/client/libjvm.so
b4f9d000-b4fb5000 r--p 00708000 08:16 548160     /usr/lib/jvm/java-7-openjdk-i386/jre/lib/i386/client/libjvm.so
b4fb5000-b4fc4000 rw-p 00720000 08:16 548160     /usr/lib/jvm/java-7-openjdk-i386/jre/lib/i386/client/libjvm.so
b4fc4000-b53de000 rw-p 00000000 00:00 0 
b53de000-b53ec000 r-xp 00000000 08:16 548158     /usr/lib/jvm/java-7-openjdk-i386/jre/lib/i386/libverify.so
b53ec000-b53ee000 r--p 0000d000 08:16 548158     /usr/lib/jvm/java-7-openjdk-i386/jre/lib/i386/libverify.so
b53ee000-b53ef000 rw-p 0000f000 08:16 548158     /usr/lib/jvm/java-7-openjdk-i386/jre/lib/i386/libverify.so
b53ef000-b5415000 r-xp 00000000 08:16 544018     /usr/lib/jvm/java-7-openjdk-i386/jre/lib/i386/libjava.so
b5415000-b5416000 r--p 00025000 08:16 544018     /usr/lib/jvm/java-7-openjdk-i386/jre/lib/i386/libjava.so
b5416000-b5417000 rw-p 00026000 08:16 544018     /usr/lib/jvm/java-7-openjdk-i386/jre/lib/i386/libjava.so
b5417000-b5555000 r-xp 00000000 08:16 145564     /usr/lib/i386-linux-gnu/libtcl8.5.so
b5555000-b5559000 r--p 0013d000 08:16 145564     /usr/lib/i386-linux-gnu/libtcl8.5.so
b5559000-b555d000 rw-p 00141000 08:16 145564     /usr/lib/i386-linux-gnu/libtcl8.5.so
b555d000-b555e000 rw-p 00000000 00:00 0 
b555e000-b567f000 r-xp 00000000 08:16 145566     /usr/lib/i386-linux-gnu/libtk8.5.so
b567f000-b5687000 r--p 00121000 08:16 145566     /usr/lib/i386-linux-gnu/libtk8.5.so
b5687000-b5690000 rw-p 00129000 08:16 145566     /usr/lib/i386-linux-gnu/libtk8.5.so
b5690000-b5692000 rw-p 00000000 00:00 0 
b5692000-b56aa000 r-xp 00000000 08:16 1448822    /lib/i386-linux-gnu/libpthread-2.19.so
b56aa000-b56ac000 r--p 00017000 08:16 1448822    /lib/i386-linux-gnu/libpthread-2.19.so
b56ac000-b56ad000 rw-p 00019000 08:16 1448822    /lib/i386-linux-gnu/libpthread-2.19.so
b56ad000-b56af000 rw-p 00000000 00:00 0 
b56af000-b57f6000 r-xp 00000000 08:16 136905     /usr/lib/i386-linux-gnu/libX11.so.6.3.0
b57f6000-b57f7000 r--p 00146000 08:16 136905     /usr/lib/i386-linux-gnu/libX11.so.6.3.0
b57f7000-b57f9000 rw-p 00147000 08:16 136905     /usr/lib/i386-linux-gnu/libX11.so.6.3.0
b57f9000-b57fa000 rw-p 00000000 00:00 0 
b57fa000-b57fe000 r-xp 00000000 08:16 1443608    /lib/i386-linux-gnu/libuuid.so.1.3.0
b57fe000-b57ff000 r--p 00003000 08:16 1443608    /lib/i386-linux-gnu/libuuid.so.1.3.0
b57ff000-b5800000 rw-p 00004000 08:16 1443608    /lib/i386-linux-gnu/libuuid.so.1.3.0
b5800000-b5816000 r-xp 00000000 08:16 136783     /usr/lib/i386-linux-gnu/libICE.so.6.3.0
b5816000-b5817000 r--p 00015000 08:16 136783     /usr/lib/i386-linux-gnu/libICE.so.6.3.0
b5817000-b5818000 rw-p 00016000 08:16 136783     /usr/lib/i386-linux-gnu/libICE.so.6.3.0
b5818000-b581a000 rw-p 00000000 00:00 0 
b581a000-b59c1000 r-xp 00000000 08:16 1448825    /lib/i386-linux-gnu/libc-2.19.so
b59c1000-b59c3000 r--p 001a7000 08:16 1448825    /lib/i386-linux-gnu/libc-2.19.so
b59c3000-b59c4000 rw-p 001a9000 08:16 1448825    /lib/i386-linux-gnu/libc-2.19.so
b59c4000-b59c8000 rw-p 00000000 00:00 0 
b59c8000-b59e4000 r-xp 00000000 08:16 1440105    /lib/i386-linux-gnu/libgcc_s.so.1
b59e4000-b59e5000 r--p 0001b000 08:16 1440105    /lib/i386-linux-gnu/libgcc_s.so.1
b59e5000-b59e6000 rw-p 0001c000 08:16 1440105    /lib/i386-linux-gnu/libgcc_s.so.1
b59e6000-b5a2a000 r-xp 00000000 08:16 1448819    /lib/i386-linux-gnu/libm-2.19.so
b5a2a000-b5a2b000 r--p 00043000 08:16 1448819    /lib/i386-linux-gnu/libm-2.19.so
b5a2b000-b5a2c000 rw-p 00044000 08:16 1448819    /lib/i386-linux-gnu/libm-2.19.so
b5a2c000-b5b15000 r-xp 00000000 08:16 137855     /usr/lib/i386-linux-gnu/libstdc++.so.6.0.20
b5b15000-b5b19000 r--p 000e9000 08:16 137855     /usr/lib/i386-linux-gnu/libstdc++.so.6.0.20
b5b19000-b5b1a000 rw-p 000ed000 08:16 137855     /usr/lib/i386-linux-gnu/libstdc++.so.6.0.20
b5b1a000-b5b21000 rw-p 00000000 00:00 0 
b5b21000-b5dd8000 r-xp 00000000 08:16 145236     /usr/lib/i386-linux-gnu/libmysqlclient.so.18.0.0
b5dd8000-b5ddc000 r--p 002b7000 08:16 145236     /usr/lib/i386-linux-gnu/libmysqlclient.so.18.0.0
b5ddc000-b5e52000 rw-p 002bb000 08:16 145236     /usr/lib/i386-linux-gnu/libmysqlclient.so.18.0.0
b5e52000-b5e55000 rw-p 00000000 00:00 0 
b5e55000-b5e6d000 r-xp 00000000 08:16 1440109    /lib/i386-linux-gnu/libz.so.1.2.8_sav
b5e6d000-b5e6e000 r--p 00017000 08:16 1440109    /lib/i386-linux-gnu/libz.so.1.2.8_sav
b5e6e000-b5e6f000 rw-p 00018000 08:16 1440109    /lib/i386-linux-gnu/libz.so.1.2.8_sav
b5e6f000-b5e70000 rw-p 00000000 00:00 0 
b5e70000-b5ea8000 r-xp 00000000 08:16 263590     /usr/lib/scilab/libscixml.so.5.5.0
b5ea8000-b5ea9000 r--p 00037000 08:16 263590     /usr/lib/scilab/libscixml.so.5.5.0
b5ea9000-b5eaa000 rw-p 00038000 08:16 263590     /usr/lib/scilab/libscixml.so.5.5.0
b5eaa000-b5eb9000 r-xp 00000000 08:16 263831     /usr/lib/scilab/libscixcos.so.5.5.0
b5eb9000-b5eba000 r--p 0000e000 08:16 263831     /usr/lib/scilab/libscixcos.so.5.5.0
b5eba000-b5ebb000 rw-p 0000f000 08:16 263831     /usr/lib/scilab/libscixcos.so.5.5.0
b5ebb000-b5ecc000 r-xp 00000000 08:16 263577     /usr/lib/scilab/libsciumfpack.so.5.5.0
b5ecc000-b5ecd000 r--p 00011000 08:16 263577     /usr/lib/scilab/libsciumfpack.so.5.5.0
b5ecd000-b5ece000 rw-p 00012000 08:16 263577     /usr/lib/scilab/libsciumfpack.so.5.5.0
b5ece000-b5ee7000 r-xp 00000000 08:16 263826     /usr/lib/scilab/libsciui_data.so.5.5.0
b5ee7000-b5ee9000 r--p 00018000 08:16 263826     /usr/lib/scilab/libsciui_data.so.5.5.0
b5ee9000-b5eea000 rw-p 0001a000 08:16 263826     /usr/lib/scilab/libsciui_data.so.5.5.0
b5eea000-b5f04000 r-xp 00000000 08:16 263828     /usr/lib/scilab/libscitypes.so.5.5.0
b5f04000-b5f05000 r--p 00019000 08:16 263828     /usr/lib/scilab/libscitypes.so.5.5.0
b5f05000-b5f06000 rw-p 0001a000 08:16 263828     /usr/lib/scilab/libscitypes.so.5.5.0
b5f06000-b5f07000 rw-p 00000000 00:00 0 
b5f07000-b5f12000 r-xp 00000000 08:16 263595     /usr/lib/scilab/libscitclsci.so.5.5.0
b5f12000-b5f13000 r--p 0000a000 08:16 263595     /usr/lib/scilab/libscitclsci.so.5.5.0
b5f13000-b5f14000 rw-p 0000b000 08:16 263595     /usr/lib/scilab/libscitclsci.so.5.5.0
b5f14000-b5f19000 r-xp 00000000 08:16 263601     /usr/lib/scilab/libscisymbolic.so.5.5.0
b5f19000-b5f1a000 r--p 00004000 08:16 263601     /usr/lib/scilab/libscisymbolic.so.5.5.0
b5f1a000-b5f1b000 rw-p 00005000 08:16 263601     /usr/lib/scilab/libscisymbolic.so.5.5.0
b5f1b000-b5fd5000 rw-p 00000000 00:00 0 
b5fd5000-b6002000 r-xp 00000000 08:16 263570     /usr/lib/scilab/libscisundials.so.5.5.0
b6002000-b6003000 r--p 0002c000 08:16 263570     /usr/lib/scilab/libscisundials.so.5.5.0
b6003000-b6004000 rw-p 0002d000 08:16 263570     /usr/lib/scilab/libscisundials.so.5.5.0
b6004000-b6021000 r-xp 00000000 08:16 263585     /usr/lib/scilab/libscistatistics.so.5.5.0
b6021000-b6022000 r--p 0001c000 08:16 263585     /usr/lib/scilab/libscistatistics.so.5.5.0
b6022000-b6023000 rw-p 0001d000 08:16 263585     /usr/lib/scilab/libscistatistics.so.5.5.0
b6023000-b60dd000 rw-p 00000000 00:00 0 
b60dd000-b60f9000 r-xp 00000000 08:16 263587     /usr/lib/scilab/libscispreadsheet.so.5.5.0
b60f9000-b60fa000 r--p 0001b000 08:16 263587     /usr/lib/scilab/libscispreadsheet.so.5.5.0
b60fa000-b60fb000 rw-p 0001c000 08:16 263587     /usr/lib/scilab/libscispreadsheet.so.5.5.0
b60fb000-b60fc000 rw-p 00000000 00:00 0 
b60fc000-b611b000 r-xp 00000000 08:16 263603     /usr/lib/scilab/libscispecial_functions.so.5.5.0
b611b000-b611c000 r--p 0001e000 08:16 263603     /usr/lib/scilab/libscispecial_functions.so.5.5.0
b611c000-b611d000 rw-p 0001f000 08:16 263603     /usr/lib/scilab/libscispecial_functions.so.5.5.0
b611d000-b611f000 r-xp 00000000 08:16 263578     /usr/lib/scilab/libscisound.so.5.5.0
b611f000-b6120000 r--p 00001000 08:16 263578     /usr/lib/scilab/libscisound.so.5.5.0
b6120000-b6121000 rw-p 00002000 08:16 263578     /usr/lib/scilab/libscisound.so.5.5.0
b6121000-b613d000 r-xp 00000000 08:16 263592     /usr/lib/scilab/libscisignal_processing.so.5.5.0
b613d000-b613e000 r--p 0001b000 08:16 263592     /usr/lib/scilab/libscisignal_processing.so.5.5.0
b613e000-b613f000 rw-p 0001c000 08:16 263592     /usr/lib/scilab/libscisignal_processing.so.5.5.0
b613f000-b61f9000 rw-p 00000000 00:00 0 
b61f9000-b6200000 r-xp 00000000 08:16 263838     /usr/lib/scilab/libsciscinotes.so.5.5.0
b6200000-b6201000 r--p 00006000 08:16 263838     /usr/lib/scilab/libsciscinotes.so.5.5.0
b6201000-b6202000 rw-p 00007000 08:16 263838     /usr/lib/scilab/libsciscinotes.so.5.5.0
b6202000-b6252000 r-xp 00000000 08:16 263844     /usr/lib/scilab/libsciscicos-cli.so.5.5.0
b6252000-b6254000 r--p 00050000 08:16 263844     /usr/lib/scilab/libsciscicos-cli.so.5.5.0
b6254000-b6256000 rw-p 00052000 08:16 263844     /usr/lib/scilab/libsciscicos-cli.so.5.5.0
b6256000-b6313000 rw-p 00000000 00:00 0 
b6313000-b6365000 r-xp 00000000 08:16 263836     /usr/lib/scilab/libsciscicos_blocks-cli.so.5.5.0
b6365000-b6366000 r--p 00051000 08:16 263836     /usr/lib/scilab/libsciscicos_blocks-cli.so.5.5.0
b6366000-b6367000 rw-p 00052000 08:16 263836     /usr/lib/scilab/libsciscicos_blocks-cli.so.5.5.0
b6367000-b6423000 rw-p 00000000 00:00 0 
b6423000-b6477000 r-xp 00000000 08:16 263839     /usr/lib/scilab/libsciscicos_blocks.so.5.5.0
b6477000-b6478000 r--p 00053000 08:16 263839     /usr/lib/scilab/libsciscicos_blocks.so.5.5.0
b6478000-b6479000 rw-p 00054000 08:16 263839     /usr/lib/scilab/libsciscicos_blocks.so.5.5.0
b6479000-b6535000 rw-p 00000000 00:00 0 
b6535000-b6585000 r-xp 00000000 08:16 263840     /usr/lib/scilab/libsciscicos.so.5.5.0
b6585000-b6587000 r--p 00050000 08:16 263840     /usr/lib/scilab/libsciscicos.so.5.5.0
b6587000-b6589000 rw-p 00052000 08:16 263840     /usr/lib/scilab/libsciscicos.so.5.5.0
b6589000-b6645000 rw-p 00000000 00:00 0 
b6645000-b664f000 r-xp 00000000 08:16 263835     /usr/lib/scilab/libscirenderer.so.5.5.0
b664f000-b6650000 r--p 00009000 08:16 263835     /usr/lib/scilab/libscirenderer.so.5.5.0
b6650000-b6651000 rw-p 0000a000 08:16 263835     /usr/lib/scilab/libscirenderer.so.5.5.0
b6651000-b6663000 r-xp 00000000 08:16 263573     /usr/lib/scilab/libscirandlib.so.5.5.0
b6663000-b6664000 r--p 00011000 08:16 263573     /usr/lib/scilab/libscirandlib.so.5.5.0
b6664000-b6665000 rw-p 00012000 08:16 263573     /usr/lib/scilab/libscirandlib.so.5.5.0
b6665000-b6722000 rw-p 00000000 00:00 0 
b6722000-b6724000 r-xp 00000000 08:16 263589     /usr/lib/scilab/libscipreferences-cli.so.5.5.0
b6724000-b6725000 r--p 00002000 08:16 263589     /usr/lib/scilab/libscipreferences-cli.so.5.5.0
b6725000-b6726000 rw-p 00003000 08:16 263589     /usr/lib/scilab/libscipreferences-cli.so.5.5.0
b6726000-b672c000 r-xp 00000000 08:16 263851     /usr/lib/scilab/libscipreferences.so.5.5.0
b672c000-b672d000 r--p 00005000 08:16 263851     /usr/lib/scilab/libscipreferences.so.5.5.0
b672d000-b672e000 rw-p 00006000 08:16 263851     /usr/lib/scilab/libscipreferences.so.5.5.0
b672e000-b6735000 r-xp 00000000 08:16 263580     /usr/lib/scilab/libsciparallel.so.5.5.0
b6735000-b6736000 r--p 00006000 08:16 263580     /usr/lib/scilab/libsciparallel.so.5.5.0
b6736000-b6737000 rw-p 00007000 08:16 263580     /usr/lib/scilab/libsciparallel.so.5.5.0
b6737000-b6793000 r-xp 00000000 08:16 263575     /usr/lib/scilab/libscioptimization.so.5.5.0
b6793000-b6794000 r--p 0005b000 08:16 263575     /usr/lib/scilab/libscioptimization.so.5.5.0
b6794000-b6795000 rw-p 0005c000 08:16 263575     /usr/lib/scilab/libscioptimization.so.5.5.0
b6795000-b684f000 rw-p 00000000 00:00 0 
b684f000-b685d000 r-xp 00000000 08:16 263599     /usr/lib/scilab/libscimatio.so.5.5.0
b685d000-b685e000 r--p 0000d000 08:16 263599     /usr/lib/scilab/libscimatio.so.5.5.0
b685e000-b685f000 rw-p 0000e000 08:16 263599     /usr/lib/scilab/libscimatio.so.5.5.0
b685f000-b6860000 rw-p 00000000 00:00 0 
b6860000-b6866000 r-xp 00000000 08:16 263597     /usr/lib/scilab/libscilocalization.so.5.5.0
b6866000-b6867000 r--p 00005000 08:16 263597     /usr/lib/scilab/libscilocalization.so.5.5.0
b6867000-b686e000 rw-p 00006000 08:16 263597     /usr/lib/scilab/libscilocalization.so.5.5.0
b686e000-b6ce0000 r-xp 00000000 08:16 263574     /usr/lib/scilab/libscilab-cli.so.0.0.0
b6ce0000-b6ce1000 r--p 00472000 08:16 263574     /usr/lib/scilab/libscilab-cli.so.0.0.0
b6ce1000-b6ce9000 rw-p 00473000 08:16 263574     /usr/lib/scilab/libscilab-cli.so.0.0.0
b6ce9000-b6e38000 rw-p 00000000 00:00 0 
b6e38000-b6e41000 r-xp 00000000 08:16 263845     /usr/lib/scilab/libscijvm.so.5.5.0
b6e41000-b6e42000 r--p 00008000 08:16 263845     /usr/lib/scilab/libscijvm.so.5.5.0
b6e42000-b6e43000 rw-p 00009000 08:16 263845     /usr/lib/scilab/libscijvm.so.5.5.0
b6e43000-b6e59000 r-xp 00000000 08:16 263594     /usr/lib/scilab/libsciinterpolation.so.5.5.0
b6e59000-b6e5a000 r--p 00015000 08:16 263594     /usr/lib/scilab/libsciinterpolation.so.5.5.0
b6e5a000-b6e5b000 rw-p 00016000 08:16 263594     /usr/lib/scilab/libsciinterpolation.so.5.5.0
b6e5b000-b6e6b000 r-xp 00000000 08:16 263583     /usr/lib/scilab/libscihistory_manager.so.5.5.0
b6e6b000-b6e6c000 r--p 0000f000 08:16 263583     /usr/lib/scilab/libscihistory_manager.so.5.5.0
b6e6c000-b6e6d000 rw-p 00010000 08:16 263583     /usr/lib/scilab/libscihistory_manager.so.5.5.0
b6e6d000-b6e6e000 rw-p 00000000 00:00 0 
b6e6e000-b6e73000 r-xp 00000000 08:16 263834     /usr/lib/scilab/libscihistory_browser.so.5.5.0
b6e73000-b6e74000 r--p 00004000 08:16 263834     /usr/lib/scilab/libscihistory_browser.so.5.5.0
b6e74000-b6e75000 rw-p 00005000 08:16 263834     /usr/lib/scilab/libscihistory_browser.so.5.5.0
b6e75000-b6e7e000 r-xp 00000000 08:16 263827     /usr/lib/scilab/libscihelptools.so.5.5.0
b6e7e000-b6e7f000 r--p 00008000 08:16 263827     /usr/lib/scilab/libscihelptools.so.5.5.0
b6e7f000-b6e80000 rw-p 00009000 08:16 263827     /usr/lib/scilab/libscihelptools.so.5.5.0
b6e80000-b6f40000 r-xp 00000000 08:16 263579     /usr/lib/scilab/libscihdf5.so.5.5.0
b6f40000-b6f44000 r--p 000bf000 08:16 263579     /usr/lib/scilab/libscihdf5.so.5.5.0
b6f44000-b6f45000 rw-p 000c3000 08:16 263579     /usr/lib/scilab/libscihdf5.so.5.5.0
b6f45000-b6fb1000 r-xp 00000000 08:16 263852     /usr/lib/scilab/libscigui.so.5.5.0
b6fb1000-b6fb2000 r--p 0006c000 08:16 263852     /usr/lib/scilab/libscigui.so.5.5.0
b6fb2000-b6fb3000 rw-p 0006d000 08:16 263852     /usr/lib/scilab/libscigui.so.5.5.0
b6fb3000-b7046000 r-xp 00000000 08:16 263850     /usr/lib/scilab/libscigraphics.so.5.5.0
b7046000-b7048000 r--p 00092000 08:16 263850     /usr/lib/scilab/libscigraphics.so.5.5.0
b7048000-b704a000 rw-p 00094000 08:16 263850     /usr/lib/scilab/libscigraphics.so.5.5.0
b704a000-b704b000 rw-p 00000000 00:00 0 
b704b000-b70cd000 r-xp 00000000 08:16 263837     /usr/lib/scilab/libscigraphic_objects.so.5.5.0
b70cd000-b70cf000 r--p 00081000 08:16 263837     /usr/lib/scilab/libscigraphic_objects.so.5.5.0
b70cf000-b70d0000 rw-p 00083000 08:16 263837     /usr/lib/scilab/libscigraphic_objects.so.5.5.0
b70d0000-b718e000 rw-p 00000000 00:00 0 
b718e000-b7197000 r-xp 00000000 08:16 263833     /usr/lib/scilab/libscigraphic_export.so.5.5.0
b7197000-b7198000 r--p 00008000 08:16 263833     /usr/lib/scilab/libscigraphic_export.so.5.5.0
b7198000-b7199000 rw-p 00009000 08:16 263833     /usr/lib/scilab/libscigraphic_export.so.5.5.0
b7199000-b71a3000 r-xp 00000000 08:16 263604     /usr/lib/scilab/libscifunctions.so.5.5.0
b71a3000-b71a4000 r--p 00009000 08:16 263604     /usr/lib/scilab/libscifunctions.so.5.5.0
b71a4000-b71a5000 rw-p 0000a000 08:16 263604     /usr/lib/scilab/libscifunctions.so.5.5.0
b71a5000-b725f000 rw-p 00000000 00:00 0 
b725f000-b7298000 r-xp 00000000 08:16 263846     /usr/lib/scilab/libsciexternal_objects_java.so.5.5.0
b7298000-b7299000 r--p 00038000 08:16 263846     /usr/lib/scilab/libsciexternal_objects_java.so.5.5.0
b7299000-b729a000 rw-p 00039000 08:16 263846     /usr/lib/scilab/libsciexternal_objects_java.so.5.5.0
b729a000-b72c3000 r-xp 00000000 08:16 263600     /usr/lib/scilab/libsciexternal_objects.so.5.5.0
b72c3000-b72c4000 r--p 00028000 08:16 263600     /usr/lib/scilab/libsciexternal_objects.so.5.5.0
b72c4000-b72c5000 rw-p 00029000 08:16 263600     /usr/lib/scilab/libsciexternal_objects.so.5.5.0
b72c5000-b72c6000 rw-p 00000000 00:00 0 
b72c6000-b72d1000 r-xp 00000000 08:16 263586     /usr/lib/scilab/libsciconsole-minimal.so.5.5.0
b72d1000-b72d2000 r--p 0000a000 08:16 263586     /usr/lib/scilab/libsciconsole-minimal.so.5.5.0
b72d2000-b72d3000 rw-p 0000b000 08:16 263586     /usr/lib/scilab/libsciconsole-minimal.so.5.5.0
b72d3000-b72dc000 r-xp 00000000 08:16 263832     /usr/lib/scilab/libsciconsole.so.5.5.0
b72dc000-b72dd000 r--p 00008000 08:16 263832     /usr/lib/scilab/libsciconsole.so.5.5.0
b72dd000-b72de000 rw-p 00009000 08:16 263832     /usr/lib/scilab/libsciconsole.so.5.5.0
b72de000-b72ef000 r-xp 00000000 08:16 263576     /usr/lib/scilab/libscicompletion.so.5.5.0
b72ef000-b72f0000 r--p 00010000 08:16 263576     /usr/lib/scilab/libscicompletion.so.5.5.0
b72f0000-b72f1000 rw-p 00011000 08:16 263576     /usr/lib/scilab/libscicompletion.so.5.5.0
b72f1000-b72fa000 r-xp 00000000 08:16 263829     /usr/lib/scilab/libscicommons.so.5.5.0
b72fa000-b72fb000 r--p 00008000 08:16 263829     /usr/lib/scilab/libscicommons.so.5.5.0
b72fb000-b72fc000 rw-p 00009000 08:16 263829     /usr/lib/scilab/libscicommons.so.5.5.0
b72fc000-b7300000 r-xp 00000000 08:16 263584     /usr/lib/scilab/libscicall_scilab.so.5.5.0
b7300000-b7301000 r--p 00003000 08:16 263584     /usr/lib/scilab/libscicall_scilab.so.5.5.0
b7301000-b7302000 rw-p 00004000 08:16 263584     /usr/lib/scilab/libscicall_scilab.so.5.5.0
b7302000-b7303000 rw-p 00000000 00:00 0 
b7303000-b7317000 r-xp 00000000 08:16 263596     /usr/lib/scilab/libsciarnoldi.so.5.5.0
b7317000-b7318000 r--p 00013000 08:16 263596     /usr/lib/scilab/libsciarnoldi.so.5.5.0
b7318000-b7319000 rw-p 00014000 08:16 263596     /usr/lib/scilab/libsciarnoldi.so.5.5.0
b7319000-b731d000 r-xp 00000000 08:16 263830     /usr/lib/scilab/libsciaction_binding.so.5.5.0
b731d000-b731e000 r--p 00003000 08:16 263830     /usr/lib/scilab/libsciaction_binding.so.5.5.0
b731e000-b731f000 rw-p 00004000 08:16 263830     /usr/lib/scilab/libsciaction_binding.so.5.5.0
b731f000-b738e000 r-xp 00000000 08:16 1440187    /lib/i386-linux-gnu/libpcre.so.3.13.1
b738e000-b738f000 r--p 0006e000 08:16 1440187    /lib/i386-linux-gnu/libpcre.so.3.13.1
b738f000-b7390000 rw-p 0006f000 08:16 1440187    /lib/i386-linux-gnu/libpcre.so.3.13.1
b7390000-b7509000 r-xp 00000000 08:16 138029     /usr/lib/i386-linux-gnu/libxml2.so.2.9.1
b7509000-b750f000 r--p 00179000 08:16 138029     /usr/lib/i386-linux-gnu/libxml2.so.2.9.1
b750f000-b7510000 rw-p 0017f000 08:16 138029     /usr/lib/i386-linux-gnu/libxml2.so.2.9.1
b7510000-b7511000 rw-p 00000000 00:00 0 
b7511000-b7512000 r-xp 00000000 08:16 263825     /usr/lib/scilab/libscilab.so.0.0.0
b7512000-b7513000 r--p 00000000 08:16 263825     /usr/lib/scilab/libscilab.so.0.0.0
b7513000-b7514000 rw-p 00001000 08:16 263825     /usr/lib/scilab/libscilab.so.0.0.0
b7514000-b7515000 rw-p 00000000 00:00 0 
b7515000-b7518000 r-xp 00000000 08:16 1448831    /lib/i386-linux-gnu/libdl-2.19.so
b7518000-b7519000 r--p 00002000 08:16 1448831    /lib/i386-linux-gnu/libdl-2.19.so
b7519000-b751a000 rw-p 00003000 08:16 1448831    /lib/i386-linux-gnu/libdl-2.19.so
b751a000-b75d8000 r-xp 00000000 08:16 221633     /usr/lib/i386-linux-gnu/libtcl8.4.so
b75d8000-b75d9000 ---p 000be000 08:16 221633     /usr/lib/i386-linux-gnu/libtcl8.4.so
b75d9000-b75db000 r--p 000be000 08:16 221633     /usr/lib/i386-linux-gnu/libtcl8.4.so
b75db000-b75df000 rw-p 000c0000 08:16 221633     /usr/lib/i386-linux-gnu/libtcl8.4.so
b75df000-b76c3000 r-xp 00000000 08:16 221635     /usr/lib/i386-linux-gnu/libtk8.4.so
b76c3000-b76c9000 r--p 000e3000 08:16 221635     /usr/lib/i386-linux-gnu/libtk8.4.so
b76c9000-b76cf000 rw-p 000e9000 08:16 221635     /usr/lib/i386-linux-gnu/libtk8.4.so
b76cf000-b76d0000 rw-p 00000000 00:00 0 
b76d0000-b76f0000 r-xp 00000000 08:16 1440232    /lib/i386-linux-gnu/libtinfo.so.5.9
b76f0000-b76f2000 r--p 00020000 08:16 1440232    /lib/i386-linux-gnu/libtinfo.so.5.9
b76f2000-b76f3000 rw-p 00022000 08:16 1440232    /lib/i386-linux-gnu/libtinfo.so.5.9
b76f3000-b7719000 r-xp 00000000 08:16 1440138    /lib/i386-linux-gnu/libncurses.so.5.9
b7719000-b771a000 r--p 00025000 08:16 1440138    /lib/i386-linux-gnu/libncurses.so.5.9
b771a000-b771b000 rw-p 00026000 08:16 1440138    /lib/i386-linux-gnu/libncurses.so.5.9
b771b000-b771c000 rw-p 00000000 00:00 0 
b771c000-b7723000 r-xp 00000000 08:16 136901     /usr/lib/i386-linux-gnu/libSM.so.6.0.1
b7723000-b7724000 r--p 00006000 08:16 136901     /usr/lib/i386-linux-gnu/libSM.so.6.0.1
b7724000-b7725000 rw-p 00007000 08:16 136901     /usr/lib/i386-linux-gnu/libSM.so.6.0.1
b7725000-b7726000 r--s 00002000 08:16 558363     /usr/lib/jvm/java-7-openjdk-i386/jre/lib/ext/dnsns.jar
b7726000-b7727000 r--p 00859000 08:16 140341     /usr/lib/locale/locale-archive
b7727000-b772f000 rw-s 00000000 08:16 1329600    /tmp/hsperfdata_frederickerdraon/15652
b772f000-b7739000 r-xp 00000000 08:16 1448812    /lib/i386-linux-gnu/libnss_nis-2.19.so
b7739000-b773a000 r--p 00009000 08:16 1448812    /lib/i386-linux-gnu/libnss_nis-2.19.so
b773a000-b773b000 rw-p 0000a000 08:16 1448812    /lib/i386-linux-gnu/libnss_nis-2.19.so
b773b000-b7742000 r-xp 00000000 08:16 1448826    /lib/i386-linux-gnu/libnss_compat-2.19.so
b7742000-b7743000 r--p 00006000 08:16 1448826    /lib/i386-linux-gnu/libnss_compat-2.19.so
b7743000-b7744000 rw-p 00007000 08:16 1448826    /lib/i386-linux-gnu/libnss_compat-2.19.so
b7744000-b7745000 rw-p 00000000 00:00 0 
b7745000-b7746000 r--p 00000000 00:00 0 
b7746000-b7747000 r--p 00855000 08:16 140341     /usr/lib/locale/locale-archive
b7747000-b7748000 rw-s 00000000 00:04 68638      /dev/zero (deleted)
b7748000-b7749000 rw-p 00000000 00:00 0 
b7749000-b774a000 rw-s 00000000 00:04 68637      /dev/zero (deleted)
b774a000-b774b000 rw-s 00000000 00:04 68636      /dev/zero (deleted)
b774b000-b774d000 rw-p 00000000 00:00 0 
b774d000-b774e000 r-xp 00000000 00:00 0          [vdso]
b774e000-b7750000 r--p 00000000 00:00 0          [vvar]
b7750000-b7770000 r-xp 00000000 08:16 1448817    /lib/i386-linux-gnu/ld-2.19.so
b7770000-b7771000 r--p 0001f000 08:16 1448817    /lib/i386-linux-gnu/ld-2.19.so
b7771000-b7772000 rw-p 00020000 08:16 1448817    /lib/i386-linux-gnu/ld-2.19.so
bfbf1000-bfbf2000 rwxp 00000000 00:00 0 
bfbf5000-bfbf8000 ---p 00000000 00:00 0 
bfbf9000-bfc45000 rwxp 00000000 00:00 0          [stack]
bfc45000-bfc47000 rw-p 00000000 00:00 0 

VM Arguments:
jvm_args: -Djava.library.path= -Djava.util.logging.config.file=/usr/share/scilab/etc/logging.properties -Djava.compiler=JIT -Xmx256m -Xrs -Dawt.useSystemAAFontSettings=on -Djogamp.gluegen.UseTempJarCache=false 
java_command: <unknown>
Launcher Type: generic

Environment Variables:
JAVA_HOME=/usr/lib/jvm/java-7-openjdk-i386/
PATH=/usr/local/sbin:/usr/local/bin:/usr/sbin:/usr/bin:/sbin:/bin:/usr/games:/usr/local/games:/home/frederickerdraon/Downloads/jdk1.8.0_77/:/home/frederickerdraon/bin:/home/frederickerdraon/Downloads/jdk1.8.0_77/:/home/frederickerdraon/bin
LD_LIBRARY_PATH=:/usr/lib/scilab/:/usr/lib/jvm/java-7-openjdk-i386/jre/lib/i386/:/usr/lib/jvm/java-7-openjdk-i386/jre/lib/i386/client/:/usr/lib/scilab/:/usr/lib/jvm/java-7-openjdk-i386/jre/lib/i386/:/usr/lib/jvm/java-7-openjdk-i386/jre/lib/i386/client/
SHELL=/bin/bash
DISPLAY=:0
HOSTTYPE=i686-linux
OSTYPE=linux
MACHTYPE=i686

Signal Handlers:
SIGSEGV: [libjvm.so+0x4cf9a0], sa_mask[0]=0x7ffbfeff, sa_flags=0x10000004
SIGBUS: [libjvm.so+0x4cf9a0], sa_mask[0]=0x7ffbfeff, sa_flags=0x10000004
SIGFPE: [libjvm.so+0x3bc380], sa_mask[0]=0x7ffbfeff, sa_flags=0x10000004
SIGPIPE: SIG_IGN, sa_mask[0]=0x00001000, sa_flags=0x10000000
SIGXFSZ: [libjvm.so+0x3bc380], sa_mask[0]=0x7ffbfeff, sa_flags=0x10000004
SIGILL: [libjvm.so+0x3bc380], sa_mask[0]=0x7ffbfeff, sa_flags=0x10000004
SIGUSR1: SIG_DFL, sa_mask[0]=0x00000000, sa_flags=0x00000000
SIGUSR2: [libjvm.so+0x3bc1d0], sa_mask[0]=0x00000000, sa_flags=0x10000004
SIGHUP: SIG_DFL, sa_mask[0]=0x00000000, sa_flags=0x00000000
SIGINT: SIG_DFL, sa_mask[0]=0x00000000, sa_flags=0x00000000
SIGTERM: SIG_DFL, sa_mask[0]=0x00000000, sa_flags=0x00000000
SIGQUIT: SIG_DFL, sa_mask[0]=0x00000000, sa_flags=0x00000000
SIGTRAP: SIG_DFL, sa_mask[0]=0x00000000, sa_flags=0x00000000


---------------  S Y S T E M  ---------------

OS:Ubuntu 14.10 (utopic)
uname:Linux 3.16.0-37-generic #51-Ubuntu SMP Tue May 5 13:46:54 UTC 2015 i686
libc:glibc 2.19 NPTL 2.19 
rlimit: STACK 8192k, CORE 0k, NPROC 64071, NOFILE 4096, AS infinity
load average:1.11 1.28 1.07

/proc/meminfo:
MemTotal:        8221572 kB
MemFree:         5391224 kB
MemAvailable:    6493312 kB
Buffers:          202220 kB
Cached:          1178564 kB
SwapCached:            0 kB
Active:          2082284 kB
Inactive:         580780 kB
Active(anon):    1283480 kB
Inactive(anon):    30980 kB
Active(file):     798804 kB
Inactive(file):   549800 kB
Unevictable:          32 kB
Mlocked:              32 kB
HighTotal:       7395004 kB
HighFree:        5066464 kB
LowTotal:         826568 kB
LowFree:          324760 kB
SwapTotal:       2257096 kB
SwapFree:        2257096 kB
Dirty:              2056 kB
Writeback:             0 kB
AnonPages:       1282300 kB
Mapped:           356932 kB
Shmem:             32192 kB
Slab:             105560 kB
SReclaimable:      82004 kB
SUnreclaim:        23556 kB
KernelStack:        4120 kB
PageTables:        12684 kB
NFS_Unstable:          0 kB
Bounce:                0 kB
WritebackTmp:          0 kB
CommitLimit:     6367880 kB
Committed_AS:    4853264 kB
VmallocTotal:     122880 kB
VmallocUsed:       13020 kB
VmallocChunk:     106336 kB
AnonHugePages:    495616 kB
HugePages_Total:       0
HugePages_Free:        0
HugePages_Rsvd:        0
HugePages_Surp:        0
Hugepagesize:       2048 kB
DirectMap4k:       28664 kB
DirectMap2M:      880640 kB


CPU:total 4 (2 cores per cpu, 2 threads per core) family 6 model 60 stepping 3, cmov, cx8, fxsr, mmx, sse, sse2, sse3, ssse3, sse4.1, sse4.2, popcnt, avx, avx2, aes, erms, ht, tsc, tscinvbit

/proc/cpuinfo:
processor	: 0
vendor_id	: GenuineIntel
cpu family	: 6
model		: 60
model name	: Intel(R) Core(TM) i5-4210H CPU @ 2.90GHz
stepping	: 3
microcode	: 0x1c
cpu MHz		: 3457.003
cache size	: 3072 KB
physical id	: 0
siblings	: 4
core id		: 0
cpu cores	: 2
apicid		: 0
initial apicid	: 0
fdiv_bug	: no
f00f_bug	: no
coma_bug	: no
fpu		: yes
fpu_exception	: yes
cpuid level	: 13
wp		: yes
flags		: fpu vme de pse tsc msr pae mce cx8 apic sep mtrr pge mca cmov pat pse36 clflush dts acpi mmx fxsr sse sse2 ss ht tm pbe nx pdpe1gb rdtscp lm constant_tsc arch_perfmon pebs bts xtopology nonstop_tsc aperfmperf eagerfpu pni pclmulqdq dtes64 monitor ds_cpl vmx est tm2 ssse3 fma cx16 xtpr pdcm pcid sse4_1 sse4_2 x2apic movbe popcnt tsc_deadline_timer aes xsave avx f16c rdrand lahf_lm abm ida arat epb xsaveopt pln pts dtherm tpr_shadow vnmi flexpriority ept vpid fsgsbase tsc_adjust bmi1 avx2 smep bmi2 erms invpcid
bogomips	: 5786.35
clflush size	: 64
cache_alignment	: 64
address sizes	: 39 bits physical, 48 bits virtual
power management:

processor	: 1
vendor_id	: GenuineIntel
cpu family	: 6
model		: 60
model name	: Intel(R) Core(TM) i5-4210H CPU @ 2.90GHz
stepping	: 3
microcode	: 0x1c
cpu MHz		: 3313.703
cache size	: 3072 KB
physical id	: 0
siblings	: 4
core id		: 1
cpu cores	: 2
apicid		: 2
initial apicid	: 2
fdiv_bug	: no
f00f_bug	: no
coma_bug	: no
fpu		: yes
fpu_exception	: yes
cpuid level	: 13
wp		: yes
flags		: fpu vme de pse tsc msr pae mce cx8 apic sep mtrr pge mca cmov pat pse36 clflush dts acpi mmx fxsr sse sse2 ss ht tm pbe nx pdpe1gb rdtscp lm constant_tsc arch_perfmon pebs bts xtopology nonstop_tsc aperfmperf eagerfpu pni pclmulqdq dtes64 monitor ds_cpl vmx est tm2 ssse3 fma cx16 xtpr pdcm pcid sse4_1 sse4_2 x2apic movbe popcnt tsc_deadline_timer aes xsave avx f16c rdrand lahf_lm abm ida arat epb xsaveopt pln pts dtherm tpr_shadow vnmi flexpriority ept vpid fsgsbase tsc_adjust bmi1 avx2 smep bmi2 erms invpcid
bogomips	: 5786.35
clflush size	: 64
cache_alignment	: 64
address sizes	: 39 bits physical, 48 bits virtual
power management:

processor	: 2
vendor_id	: GenuineIntel
cpu family	: 6
model		: 60
model name	: Intel(R) Core(TM) i5-4210H CPU @ 2.90GHz
stepping	: 3
microcode	: 0x1c
cpu MHz		: 3255.589
cache size	: 3072 KB
physical id	: 0
siblings	: 4
core id		: 0
cpu cores	: 2
apicid		: 1
initial apicid	: 1
fdiv_bug	: no
f00f_bug	: no
coma_bug	: no
fpu		: yes
fpu_exception	: yes
cpuid level	: 13
wp		: yes
flags		: fpu vme de pse tsc msr pae mce cx8 apic sep mtrr pge mca cmov pat pse36 clflush dts acpi mmx fxsr sse sse2 ss ht tm pbe nx pdpe1gb rdtscp lm constant_tsc arch_perfmon pebs bts xtopology nonstop_tsc aperfmperf eagerfpu pni pclmulqdq dtes64 monitor ds_cpl vmx est tm2 ssse3 fma cx16 xtpr pdcm pcid sse4_1 sse4_2 x2apic movbe popcnt tsc_deadline_timer aes xsave avx f16c rdrand lahf_lm abm ida arat epb xsaveopt pln pts dtherm tpr_shadow vnmi flexpriority ept vpid fsgsbase tsc_adjust bmi1 avx2 smep bmi2 erms invpcid
bogomips	: 5786.35
clflush size	: 64
cache_alignment	: 64
address sizes	: 39 bits physical, 48 bits virtual
power management:

processor	: 3
vendor_id	: GenuineIntel
cpu family	: 6
model		: 60
model name	: Intel(R) Core(TM) i5-4210H CPU @ 2.90GHz
stepping	: 3
microcode	: 0x1c
cpu MHz		: 3286.175
cache size	: 3072 KB
physical id	: 0
siblings	: 4
core id		: 1
cpu cores	: 2
apicid		: 3
initial apicid	: 3
fdiv_bug	: no
f00f_bug	: no
coma_bug	: no
fpu		: yes
fpu_exception	: yes
cpuid level	: 13
wp		: yes
flags		: fpu vme de pse tsc msr pae mce cx8 apic sep mtrr pge mca cmov pat pse36 clflush dts acpi mmx fxsr sse sse2 ss ht tm pbe nx pdpe1gb rdtscp lm constant_tsc arch_perfmon pebs bts xtopology nonstop_tsc aperfmperf eagerfpu pni pclmulqdq dtes64 monitor ds_cpl vmx est tm2 ssse3 fma cx16 xtpr pdcm pcid sse4_1 sse4_2 x2apic movbe popcnt tsc_deadline_timer aes xsave avx f16c rdrand lahf_lm abm ida arat epb xsaveopt pln pts dtherm tpr_shadow vnmi flexpriority ept vpid fsgsbase tsc_adjust bmi1 avx2 smep bmi2 erms invpcid
bogomips	: 5786.35
clflush size	: 64
cache_alignment	: 64
address sizes	: 39 bits physical, 48 bits virtual
power management:



Memory: 4k page, physical 8221572k(5391224k free), swap 2257096k(2257096k free)

vm_info: OpenJDK Client VM (24.79-b02) for linux-x86 JRE (1.7.0_79-b14), built on Apr 16 2015 08:36:30 by "buildd" with gcc 4.9.1

time: Sun Oct  9 20:51:55 2016
elapsed time: 0 seconds

