#
# A fatal error has been detected by the Java Runtime Environment:
#
#  SIGSEGV (0xb) at pc=0xb5b44034, pid=1909, tid=2999105408
#
# JRE version: OpenJDK Runtime Environment (7.0_79-b14) (build 1.7.0_79-b14)
# Java VM: OpenJDK Client VM (24.79-b02 mixed mode, sharing linux-x86 )
# Derivative: IcedTea 2.5.5
# Distribution: Ubuntu 14.10, package 7u79-2.5.5-0ubuntu0.14.10.2
# Problematic frame:
# C  [libmysqlclient.so.18+0x22034]  mysql_num_rows+0x4
#
# Failed to write core dump. Core dumps have been disabled. To enable core dumping, try "ulimit -c unlimited" before starting Java again
#
# If you would like to submit a bug report, please include
# instructions on how to reproduce the bug and visit:
#   http://icedtea.classpath.org/bugzilla
# The crash happened outside the Java Virtual Machine in native code.
# See problematic frame for where to report the bug.
#

---------------  T H R E A D  ---------------

Current thread (0x088d4400):  JavaThread "main" [_thread_in_native, id=1909, stack(0xbfe51000,0xbfea1000)]

siginfo:si_signo=SIGSEGV: si_errno=0, si_code=1 (SEGV_MAPERR), si_addr=0x00000004

Registers:
EAX=0x00000000, EBX=0x09052220, ECX=0x00000000, EDX=0x00000001
ESP=0xbfea052c, EBP=0xbfea05b8, ESI=0x08049f2d, EDI=0x00000000
EIP=0xb5b44034, EFLAGS=0x00010246, CR2=0x00000004

Top of Stack: (sp=0xbfea052c)
0xbfea052c:   080496ce 00000000 08ff2274 08ff2274
0xbfea053c:   00000000 bfea05a0 b5822508 bfea0540
0xbfea054c:   09052220 00000002 00000001 00000004
0xbfea055c:   b584c77d b59c43c4 b77654b0 00000000
0xbfea056c:   b584c760 00000135 08ff2274 0804c000
0xbfea057c:   080499d4 080492b0 0804c195 0804c0b8
0xbfea058c:   08049181 b731f100 00000002 0804c000
0xbfea059c:   a6c2a100 00000004 bfea0664 bfea05d0 

Instructions: (pc=0xb5b44034)
0xb5b44014:   6a 30 6a 0c e8 a3 de 01 00 83 c4 10 89 86 7c 03
0xb5b44024:   00 00 e9 2b fe ff ff 90 8d 74 26 00 8b 44 24 04
0xb5b44034:   8b 50 04 8b 00 c3 8d b6 00 00 00 00 8b 44 24 04
0xb5b44044:   8b 40 48 c3 90 8d b4 26 00 00 00 00 8b 44 24 04 

Register to memory mapping:

EAX=0x00000000 is an unknown value
EBX=0x09052220 is an unknown value
ECX=0x00000000 is an unknown value
EDX=0x00000001 is an unknown value
ESP=0xbfea052c is pointing into the stack for thread: 0x088d4400
EBP=0xbfea05b8 is pointing into the stack for thread: 0x088d4400
ESI=0x08049f2d: <offset 0x1f2d> in ./run-stocks at 0x08048000
EDI=0x00000000 is an unknown value


Stack: [0xbfe51000,0xbfea1000],  sp=0xbfea052c,  free space=317k
Native frames: (J=compiled Java code, j=interpreted, Vv=VM code, C=native code)
C  [libmysqlclient.so.18+0x22034]  mysql_num_rows+0x4


---------------  P R O C E S S  ---------------

Java Threads: ( => current thread )
  0x08cd7c00 JavaThread "main-SharedResourceRunner" daemon [_thread_blocked, id=1922, stack(0xaf2c9000,0xaf31a000)]
  0x08b2d800 JavaThread "AWT-EventQueue-0" [_thread_blocked, id=1920, stack(0xaf4de000,0xaf52f000)]
  0x08b2bc00 JavaThread "AWT-Shutdown" [_thread_blocked, id=1919, stack(0xaf52f000,0xaf580000)]
  0x08b29800 JavaThread "AWT-XAWT" daemon [_thread_in_native, id=1918, stack(0xaf580000,0xaf5d1000)]
  0x08b1b400 JavaThread "Java2D Disposer" daemon [_thread_blocked, id=1917, stack(0xaf5e3000,0xaf634000)]
  0x0892d800 JavaThread "Service Thread" daemon [_thread_blocked, id=1915, stack(0xaffaf000,0xb0000000)]
  0x0891a400 JavaThread "C1 CompilerThread0" daemon [_thread_blocked, id=1914, stack(0xb012e000,0xb01af000)]
  0x08918800 JavaThread "Attach Listener" daemon [_thread_blocked, id=1913, stack(0xb01af000,0xb0200000)]
  0x08912800 JavaThread "Finalizer" daemon [_thread_blocked, id=1912, stack(0xb051e000,0xb056f000)]
  0x08910c00 JavaThread "Reference Handler" daemon [_thread_blocked, id=1911, stack(0xb056f000,0xb05c0000)]
=>0x088d4400 JavaThread "main" [_thread_in_native, id=1909, stack(0xbfe51000,0xbfea1000)]

Other Threads:
  0x0890f400 VMThread [stack: 0xb05c0000,0xb0641000] [id=1910]
  0x08930000 WatcherThread [stack: 0xaff2e000,0xaffaf000] [id=1916]

VM state:not at safepoint (normal execution)

VM Mutex/Monitor currently owned by a thread: None

Heap
 def new generation   total 4928K, used 3141K [0x7e800000, 0x7ed50000, 0x83d50000)
  eden space 4416K,  59% used [0x7e800000, 0x7ea91648, 0x7ec50000)
  from space 512K, 100% used [0x7ecd0000, 0x7ed50000, 0x7ed50000)
  to   space 512K,   0% used [0x7ec50000, 0x7ec50000, 0x7ecd0000)
 tenured generation   total 10944K, used 4331K [0x83d50000, 0x84800000, 0x8e800000)
   the space 10944K,  39% used [0x83d50000, 0x8418af88, 0x8418b000, 0x84800000)
 compacting perm gen  total 12288K, used 5965K [0x8e800000, 0x8f400000, 0x92800000)
   the space 12288K,  48% used [0x8e800000, 0x8edd3440, 0x8edd3600, 0x8f400000)
    ro space 10240K,  58% used [0x92800000, 0x92de1558, 0x92de1600, 0x93200000)
    rw space 12288K,  59% used [0x93200000, 0x939164e8, 0x93916600, 0x93e00000)

Card table byte_map: [0xb08b2000,0xb095e000] byte_map_base: 0xb04be000

Polling page: 0xb7746000

Code Cache  [0xb09de000, 0xb0af6000, 0xb29de000)
 total_blobs=690 nmethods=265 adapters=362 free_code_cache=31671Kb largest_free_block=32431936

Compilation events (10 events):
Event: 0.673 Thread 0x0891a400  261             java.util.HashMap$HashIterator::<init> (63 bytes)
Event: 0.673 Thread 0x0891a400 nmethod 261 0xb0aee788 code [0xb0aee880, 0xb0aee970]
Event: 0.674 Thread 0x0891a400  262             java.util.Vector::elementData (7 bytes)
Event: 0.674 Thread 0x0891a400 nmethod 262 0xb0aeea48 code [0xb0aeeb40, 0xb0aeebe0]
Event: 0.675 Thread 0x0891a400  263             java.util.BitSet::wordIndex (5 bytes)
Event: 0.675 Thread 0x0891a400 nmethod 263 0xb0aeec88 code [0xb0aeed80, 0xb0aeedf0]
Event: 0.675 Thread 0x0891a400  264             java.util.BitSet::checkInvariants (111 bytes)
Event: 0.675 Thread 0x0891a400 nmethod 264 0xb0aeee48 code [0xb0aeef40, 0xb0aeefc0]
Event: 0.677 Thread 0x0891a400  265             java.util.BitSet::get (69 bytes)
Event: 0.678 Thread 0x0891a400 nmethod 265 0xb0aef008 code [0xb0aef170, 0xb0aef4ac]

GC Heap History (10 events):
Event: 0.186 GC heap before
{Heap before GC invocations=0 (full 0):
 def new generation   total 4928K, used 4416K [0x7e800000, 0x7ed50000, 0x83d50000)
  eden space 4416K, 100% used [0x7e800000, 0x7ec50000, 0x7ec50000)
  from space 512K,   0% used [0x7ec50000, 0x7ec50000, 0x7ecd0000)
  to   space 512K,   0% used [0x7ecd0000, 0x7ecd0000, 0x7ed50000)
 tenured generation   total 10944K, used 0K [0x83d50000, 0x84800000, 0x8e800000)
   the space 10944K,   0% used [0x83d50000, 0x83d50000, 0x83d50200, 0x84800000)
 compacting perm gen  total 12288K, used 1541K [0x8e800000, 0x8f400000, 0x92800000)
   the space 12288K,  12% used [0x8e800000, 0x8e981560, 0x8e981600, 0x8f400000)
    ro space 10240K,  58% used [0x92800000, 0x92de1558, 0x92de1600, 0x93200000)
    rw space 12288K,  59% used [0x93200000, 0x939164e8, 0x93916600, 0x93e00000)
Event: 0.190 GC heap after
Heap after GC invocations=1 (full 0):
 def new generation   total 4928K, used 512K [0x7e800000, 0x7ed50000, 0x83d50000)
  eden space 4416K,   0% used [0x7e800000, 0x7e800000, 0x7ec50000)
  from space 512K, 100% used [0x7ecd0000, 0x7ed50000, 0x7ed50000)
  to   space 512K,   0% used [0x7ec50000, 0x7ec50000, 0x7ecd0000)
 tenured generation   total 10944K, used 687K [0x83d50000, 0x84800000, 0x8e800000)
   the space 10944K,   6% used [0x83d50000, 0x83dfbc28, 0x83dfbe00, 0x84800000)
 compacting perm gen  total 12288K, used 1541K [0x8e800000, 0x8f400000, 0x92800000)
   the space 12288K,  12% used [0x8e800000, 0x8e981560, 0x8e981600, 0x8f400000)
    ro space 10240K,  58% used [0x92800000, 0x92de1558, 0x92de1600, 0x93200000)
    rw space 12288K,  59% used [0x93200000, 0x939164e8, 0x93916600, 0x93e00000)
}
Event: 0.260 GC heap before
{Heap before GC invocations=1 (full 0):
 def new generation   total 4928K, used 4928K [0x7e800000, 0x7ed50000, 0x83d50000)
  eden space 4416K, 100% used [0x7e800000, 0x7ec50000, 0x7ec50000)
  from space 512K, 100% used [0x7ecd0000, 0x7ed50000, 0x7ed50000)
  to   space 512K,   0% used [0x7ec50000, 0x7ec50000, 0x7ecd0000)
 tenured generation   total 10944K, used 687K [0x83d50000, 0x84800000, 0x8e800000)
   the space 10944K,   6% used [0x83d50000, 0x83dfbc28, 0x83dfbe00, 0x84800000)
 compacting perm gen  total 12288K, used 2549K [0x8e800000, 0x8f400000, 0x92800000)
   the space 12288K,  20% used [0x8e800000, 0x8ea7d5d0, 0x8ea7d600, 0x8f400000)
    ro space 10240K,  58% used [0x92800000, 0x92de1558, 0x92de1600, 0x93200000)
    rw space 12288K,  59% used [0x93200000, 0x939164e8, 0x93916600, 0x93e00000)
Event: 0.263 GC heap after
Heap after GC invocations=2 (full 0):
 def new generation   total 4928K, used 511K [0x7e800000, 0x7ed50000, 0x83d50000)
  eden space 4416K,   0% used [0x7e800000, 0x7e800000, 0x7ec50000)
  from space 512K,  99% used [0x7ec50000, 0x7eccfff8, 0x7ecd0000)
  to   space 512K,   0% used [0x7ecd0000, 0x7ecd0000, 0x7ed50000)
 tenured generation   total 10944K, used 1676K [0x83d50000, 0x84800000, 0x8e800000)
   the space 10944K,  15% used [0x83d50000, 0x83ef3358, 0x83ef3400, 0x84800000)
 compacting perm gen  total 12288K, used 2549K [0x8e800000, 0x8f400000, 0x92800000)
   the space 12288K,  20% used [0x8e800000, 0x8ea7d5d0, 0x8ea7d600, 0x8f400000)
    ro space 10240K,  58% used [0x92800000, 0x92de1558, 0x92de1600, 0x93200000)
    rw space 12288K,  59% used [0x93200000, 0x939164e8, 0x93916600, 0x93e00000)
}
Event: 0.473 GC heap before
{Heap before GC invocations=2 (full 0):
 def new generation   total 4928K, used 4927K [0x7e800000, 0x7ed50000, 0x83d50000)
  eden space 4416K, 100% used [0x7e800000, 0x7ec50000, 0x7ec50000)
  from space 512K,  99% used [0x7ec50000, 0x7eccfff8, 0x7ecd0000)
  to   space 512K,   0% used [0x7ecd0000, 0x7ecd0000, 0x7ed50000)
 tenured generation   total 10944K, used 1676K [0x83d50000, 0x84800000, 0x8e800000)
   the space 10944K,  15% used [0x83d50000, 0x83ef3358, 0x83ef3400, 0x84800000)
 compacting perm gen  total 12288K, used 4786K [0x8e800000, 0x8f400000, 0x92800000)
   the space 12288K,  38% used [0x8e800000, 0x8ecacb90, 0x8ecacc00, 0x8f400000)
    ro space 10240K,  58% used [0x92800000, 0x92de1558, 0x92de1600, 0x93200000)
    rw space 12288K,  59% used [0x93200000, 0x939164e8, 0x93916600, 0x93e00000)
Event: 0.476 GC heap after
Heap after GC invocations=3 (full 0):
 def new generation   total 4928K, used 417K [0x7e800000, 0x7ed50000, 0x83d50000)
  eden space 4416K,   0% used [0x7e800000, 0x7e800000, 0x7ec50000)
  from space 512K,  81% used [0x7ecd0000, 0x7ed38540, 0x7ed50000)
  to   space 512K,   0% used [0x7ec50000, 0x7ec50000, 0x7ecd0000)
 tenured generation   total 10944K, used 1892K [0x83d50000, 0x84800000, 0x8e800000)
   the space 10944K,  17% used [0x83d50000, 0x83f293a8, 0x83f29400, 0x84800000)
 compacting perm gen  total 12288K, used 4786K [0x8e800000, 0x8f400000, 0x92800000)
   the space 12288K,  38% used [0x8e800000, 0x8ecacb90, 0x8ecacc00, 0x8f400000)
    ro space 10240K,  58% used [0x92800000, 0x92de1558, 0x92de1600, 0x93200000)
    rw space 12288K,  59% used [0x93200000, 0x939164e8, 0x93916600, 0x93e00000)
}
Event: 0.605 GC heap before
{Heap before GC invocations=3 (full 0):
 def new generation   total 4928K, used 4833K [0x7e800000, 0x7ed50000, 0x83d50000)
  eden space 4416K, 100% used [0x7e800000, 0x7ec50000, 0x7ec50000)
  from space 512K,  81% used [0x7ecd0000, 0x7ed38540, 0x7ed50000)
  to   space 512K,   0% used [0x7ec50000, 0x7ec50000, 0x7ecd0000)
 tenured generation   total 10944K, used 1892K [0x83d50000, 0x84800000, 0x8e800000)
   the space 10944K,  17% used [0x83d50000, 0x83f293a8, 0x83f29400, 0x84800000)
 compacting perm gen  total 12288K, used 5253K [0x8e800000, 0x8f400000, 0x92800000)
   the space 12288K,  42% used [0x8e800000, 0x8ed215e8, 0x8ed21600, 0x8f400000)
    ro space 10240K,  58% used [0x92800000, 0x92de1558, 0x92de1600, 0x93200000)
    rw space 12288K,  59% used [0x93200000, 0x939164e8, 0x93916600, 0x93e00000)
Event: 0.609 GC heap after
Heap after GC invocations=4 (full 0):
 def new generation   total 4928K, used 512K [0x7e800000, 0x7ed50000, 0x83d50000)
  eden space 4416K,   0% used [0x7e800000, 0x7e800000, 0x7ec50000)
  from space 512K, 100% used [0x7ec50000, 0x7ecd0000, 0x7ecd0000)
  to   space 512K,   0% used [0x7ecd0000, 0x7ecd0000, 0x7ed50000)
 tenured generation   total 10944K, used 3206K [0x83d50000, 0x84800000, 0x8e800000)
   the space 10944K,  29% used [0x83d50000, 0x840718f8, 0x84071a00, 0x84800000)
 compacting perm gen  total 12288K, used 5253K [0x8e800000, 0x8f400000, 0x92800000)
   the space 12288K,  42% used [0x8e800000, 0x8ed215e8, 0x8ed21600, 0x8f400000)
    ro space 10240K,  58% used [0x92800000, 0x92de1558, 0x92de1600, 0x93200000)
    rw space 12288K,  59% used [0x93200000, 0x939164e8, 0x93916600, 0x93e00000)
}
Event: 0.650 GC heap before
{Heap before GC invocations=4 (full 0):
 def new generation   total 4928K, used 4928K [0x7e800000, 0x7ed50000, 0x83d50000)
  eden space 4416K, 100% used [0x7e800000, 0x7ec50000, 0x7ec50000)
  from space 512K, 100% used [0x7ec50000, 0x7ecd0000, 0x7ecd0000)
  to   space 512K,   0% used [0x7ecd0000, 0x7ecd0000, 0x7ed50000)
 tenured generation   total 10944K, used 3206K [0x83d50000, 0x84800000, 0x8e800000)
   the space 10944K,  29% used [0x83d50000, 0x840718f8, 0x84071a00, 0x84800000)
 compacting perm gen  total 12288K, used 5667K [0x8e800000, 0x8f400000, 0x92800000)
   the space 12288K,  46% used [0x8e800000, 0x8ed88df8, 0x8ed88e00, 0x8f400000)
    ro space 10240K,  58% used [0x92800000, 0x92de1558, 0x92de1600, 0x93200000)
    rw space 12288K,  59% used [0x93200000, 0x939164e8, 0x93916600, 0x93e00000)
Event: 0.654 GC heap after
Heap after GC invocations=5 (full 0):
 def new generation   total 4928K, used 512K [0x7e800000, 0x7ed50000, 0x83d50000)
  eden space 4416K,   0% used [0x7e800000, 0x7e800000, 0x7ec50000)
  from space 512K, 100% used [0x7ecd0000, 0x7ed50000, 0x7ed50000)
  to   space 512K,   0% used [0x7ec50000, 0x7ec50000, 0x7ecd0000)
 tenured generation   total 10944K, used 4331K [0x83d50000, 0x84800000, 0x8e800000)
   the space 10944K,  39% used [0x83d50000, 0x8418af88, 0x8418b000, 0x84800000)
 compacting perm gen  total 12288K, used 5667K [0x8e800000, 0x8f400000, 0x92800000)
   the space 12288K,  46% used [0x8e800000, 0x8ed88df8, 0x8ed88e00, 0x8f400000)
    ro space 10240K,  58% used [0x92800000, 0x92de1558, 0x92de1600, 0x93200000)
    rw space 12288K,  59% used [0x93200000, 0x939164e8, 0x93916600, 0x93e00000)
}

Deoptimization events (0 events):
No events

Internal exceptions (10 events):
Event: 0.684 Thread 0x088d4400 Threw 0x7ea1b370 at /build/buildd/openjdk-7-7u79-2.5.5/build/openjdk/hotspot/src/share/vm/prims/jvm.cpp:1284
Event: 0.684 Thread 0x088d4400 Threw 0x7ea246a8 at /build/buildd/openjdk-7-7u79-2.5.5/build/openjdk/hotspot/src/share/vm/prims/jvm.cpp:1284
Event: 0.684 Thread 0x088d4400 Threw 0x7ea2cc18 at /build/buildd/openjdk-7-7u79-2.5.5/build/openjdk/hotspot/src/share/vm/prims/jvm.cpp:1284
Event: 0.685 Thread 0x088d4400 Threw 0x7ea36870 at /build/buildd/openjdk-7-7u79-2.5.5/build/openjdk/hotspot/src/share/vm/prims/jvm.cpp:1284
Event: 0.686 Thread 0x088d4400 Threw 0x7ea4f988 at /build/buildd/openjdk-7-7u79-2.5.5/build/openjdk/hotspot/src/share/vm/prims/jvm.cpp:1284
Event: 0.686 Thread 0x088d4400 Threw 0x7ea56f28 at /build/buildd/openjdk-7-7u79-2.5.5/build/openjdk/hotspot/src/share/vm/prims/jvm.cpp:1284
Event: 0.707 Thread 0x088d4400 Threw 0x7ea5dbf8 at /build/buildd/openjdk-7-7u79-2.5.5/build/openjdk/hotspot/src/share/vm/prims/jvm.cpp:1284
Event: 0.708 Thread 0x08b2d800 Threw 0x7ea6b870 at /build/buildd/openjdk-7-7u79-2.5.5/build/openjdk/hotspot/src/share/vm/prims/jvm.cpp:1284
Event: 0.708 Thread 0x08b2d800 Threw 0x7ea7df10 at /build/buildd/openjdk-7-7u79-2.5.5/build/openjdk/hotspot/src/share/vm/prims/jvm.cpp:1284
Event: 0.708 Thread 0x08b2d800 Threw 0x7ea89da8 at /build/buildd/openjdk-7-7u79-2.5.5/build/openjdk/hotspot/src/share/vm/prims/jvm.cpp:1284

Events (10 events):
Event: 0.687 Thread 0x08ff2400 Thread added: 0x08ff2400
Event: 0.687 Thread 0x08ff2400 Thread exited: 0x08ff2400
Event: 0.707 loading class 0x08a86bc8
Event: 0.707 loading class 0x08a86bc8 done
Event: 0.708 loading class 0x08ad7a58
Event: 0.708 loading class 0x08ad7a58 done
Event: 0.708 loading class 0x08a86b18
Event: 0.708 loading class 0x08a86b18 done
Event: 0.708 loading class 0xafec9308
Event: 0.708 loading class 0xafec9308 done


Dynamic libraries:
08048000-0804b000 r-xp 00000000 08:16 2093444    /home/frederickerdraon/Documents/researchwork/Maths/run-stocks
0804b000-0804c000 r--p 00002000 08:16 2093444    /home/frederickerdraon/Documents/researchwork/Maths/run-stocks
0804c000-0804d000 rw-p 00003000 08:16 2093444    /home/frederickerdraon/Documents/researchwork/Maths/run-stocks
088a3000-09098000 rw-p 00000000 00:00 0          [heap]
7e800000-7ed50000 rw-p 00000000 00:00 0 
7ed50000-83d50000 rw-p 00000000 00:00 0 
83d50000-84800000 rw-p 00000000 00:00 0 
84800000-8e800000 rw-p 00000000 00:00 0 
8e800000-8f400000 rw-p 00000000 00:00 0 
8f400000-92800000 rw-p 00000000 00:00 0 
92800000-92de2000 r--p 00001000 08:16 534362     /usr/lib/jvm/java-7-openjdk-i386/jre/lib/i386/client/classes.jsa
92de2000-93200000 rw-p 00000000 00:00 0 
93200000-93917000 rw-p 005e3000 08:16 534362     /usr/lib/jvm/java-7-openjdk-i386/jre/lib/i386/client/classes.jsa
93917000-93e00000 rw-p 00000000 00:00 0 
93e00000-94112000 rw-p 00cfa000 08:16 534362     /usr/lib/jvm/java-7-openjdk-i386/jre/lib/i386/client/classes.jsa
94112000-94200000 rw-p 00000000 00:00 0 
94200000-94209000 r-xp 0100c000 08:16 534362     /usr/lib/jvm/java-7-openjdk-i386/jre/lib/i386/client/classes.jsa
94209000-94600000 rw-p 00000000 00:00 0 
a1d66000-a69b6000 rw-p 00000000 00:00 0 
a70ff000-a7100000 ---p 00000000 00:00 0 
a7100000-a7900000 rwxp 00000000 00:00 0 
a7900000-a79f5000 rw-p 00000000 00:00 0 
a79f5000-a7a00000 ---p 00000000 00:00 0 
a7b00000-a7bf5000 rw-p 00000000 00:00 0 
a7bf5000-a7c00000 ---p 00000000 00:00 0 
a7c79000-a7c7c000 ---p 00000000 00:00 0 
a7c7c000-a7cca000 rwxp 00000000 00:00 0 
a7cca000-a7ccb000 ---p 00000000 00:00 0 
a7ccb000-a84cb000 rwxp 00000000 00:00 0          [stack:1930]
a84cb000-a84cc000 ---p 00000000 00:00 0 
a84cc000-a8ccc000 rwxp 00000000 00:00 0          [stack:1929]
a8ccc000-a8ccd000 ---p 00000000 00:00 0 
a8ccd000-a94cd000 rwxp 00000000 00:00 0          [stack:1928]
a94cd000-a94ce000 ---p 00000000 00:00 0 
a94ce000-a9cce000 rwxp 00000000 00:00 0          [stack:1927]
a9cce000-a9cd0000 r-xp 00000000 08:16 136932     /usr/lib/i386-linux-gnu/libXinerama.so.1.0.0
a9cd0000-a9cd1000 r--p 00001000 08:16 136932     /usr/lib/i386-linux-gnu/libXinerama.so.1.0.0
a9cd1000-a9cd2000 rw-p 00002000 08:16 136932     /usr/lib/i386-linux-gnu/libXinerama.so.1.0.0
a9cd2000-a9d07000 r-xp 00000000 08:16 137897     /usr/lib/i386-linux-gnu/libtxc_dxtn_s2tc.so.0.0.0
a9d07000-a9d08000 r--p 00034000 08:16 137897     /usr/lib/i386-linux-gnu/libtxc_dxtn_s2tc.so.0.0.0
a9d08000-a9d09000 rw-p 00035000 08:16 137897     /usr/lib/i386-linux-gnu/libtxc_dxtn_s2tc.so.0.0.0
a9d09000-a9d0a000 ---p 00000000 00:00 0 
a9d0a000-aa50a000 rwxp 00000000 00:00 0          [stack:1926]
aa50a000-aa50b000 ---p 00000000 00:00 0 
aa50b000-aad0b000 rwxp 00000000 00:00 0          [stack:1925]
aad0b000-aad0c000 ---p 00000000 00:00 0 
aad0c000-ab50c000 rwxp 00000000 00:00 0          [stack:1924]
ab50c000-ab50d000 ---p 00000000 00:00 0 
ab50d000-abd0d000 rwxp 00000000 00:00 0          [stack:1923]
abd0d000-ac517000 r-xp 00000000 08:16 135447     /usr/lib/i386-linux-gnu/dri/swrast_dri.so
ac517000-ac554000 r--p 0080a000 08:16 135447     /usr/lib/i386-linux-gnu/dri/swrast_dri.so
ac554000-ac55c000 rw-p 00847000 08:16 135447     /usr/lib/i386-linux-gnu/dri/swrast_dri.so
ac55c000-ac741000 rw-p 00000000 00:00 0 
ac741000-ac768000 r-xp 00000000 08:16 137177     /usr/lib/i386-linux-gnu/libedit.so.2.0.51
ac768000-ac76a000 r--p 00027000 08:16 137177     /usr/lib/i386-linux-gnu/libedit.so.2.0.51
ac76a000-ac76b000 rw-p 00029000 08:16 137177     /usr/lib/i386-linux-gnu/libedit.so.2.0.51
ac76b000-ac76c000 rw-p 00000000 00:00 0 
ac76c000-ae60e000 r-xp 00000000 08:16 136784     /usr/lib/i386-linux-gnu/libLLVM-3.5.so.1
ae60e000-ae74e000 r--p 01ea1000 08:16 136784     /usr/lib/i386-linux-gnu/libLLVM-3.5.so.1
ae74e000-ae752000 rw-p 01fe1000 08:16 136784     /usr/lib/i386-linux-gnu/libLLVM-3.5.so.1
ae752000-ae75f000 rw-p 00000000 00:00 0 
ae75f000-ae76c000 r-xp 00000000 08:16 137173     /usr/lib/i386-linux-gnu/libdrm_radeon.so.1.0.1
ae76c000-ae76d000 r--p 0000c000 08:16 137173     /usr/lib/i386-linux-gnu/libdrm_radeon.so.1.0.1
ae76d000-ae76e000 rw-p 0000d000 08:16 137173     /usr/lib/i386-linux-gnu/libdrm_radeon.so.1.0.1
ae76e000-ae785000 r-xp 00000000 08:16 135413     /usr/lib/i386-linux-gnu/libelf-0.160.so
ae785000-ae786000 r--p 00016000 08:16 135413     /usr/lib/i386-linux-gnu/libelf-0.160.so
ae786000-ae787000 rw-p 00017000 08:16 135413     /usr/lib/i386-linux-gnu/libelf-0.160.so
ae787000-ae78d000 r-xp 00000000 08:16 137171     /usr/lib/i386-linux-gnu/libdrm_nouveau.so.2.0.0
ae78d000-ae78e000 r--p 00005000 08:16 137171     /usr/lib/i386-linux-gnu/libdrm_nouveau.so.2.0.0
ae78e000-ae78f000 rw-p 00006000 08:16 137171     /usr/lib/i386-linux-gnu/libdrm_nouveau.so.2.0.0
ae78f000-ae793000 r-xp 00000000 08:16 135456     /usr/lib/i386-linux-gnu/mesa-egl/libOpenVG.so.1.0.0
ae793000-ae794000 r--p 00004000 08:16 135456     /usr/lib/i386-linux-gnu/mesa-egl/libOpenVG.so.1.0.0
ae794000-ae795000 rwxp 00005000 08:16 135456     /usr/lib/i386-linux-gnu/mesa-egl/libOpenVG.so.1.0.0
ae795000-ae796000 rwxp 00000000 00:00 0 
ae796000-aefef000 r-xp 00000000 08:16 135441     /usr/lib/i386-linux-gnu/egl/egl_gallium.so
aefef000-af02e000 r--p 00858000 08:16 135441     /usr/lib/i386-linux-gnu/egl/egl_gallium.so
af02e000-af036000 rw-p 00897000 08:16 135441     /usr/lib/i386-linux-gnu/egl/egl_gallium.so
af036000-af21b000 rw-p 00000000 00:00 0 
af21b000-af21e000 r-xp 00000000 08:16 138648     /usr/lib/i386-linux-gnu/mesa-egl/libGLESv2.so.2.0.0
af21e000-af21f000 r--p 00003000 08:16 138648     /usr/lib/i386-linux-gnu/mesa-egl/libGLESv2.so.2.0.0
af21f000-af220000 rwxp 00004000 08:16 138648     /usr/lib/i386-linux-gnu/mesa-egl/libGLESv2.so.2.0.0
af220000-af264000 r-xp 00000000 08:16 263546     /usr/lib/jni/libjogl_mobile.so
af264000-af265000 r--p 00043000 08:16 263546     /usr/lib/jni/libjogl_mobile.so
af265000-af266000 rw-p 00044000 08:16 263546     /usr/lib/jni/libjogl_mobile.so
af266000-af273000 r-xp 00000000 08:16 131004     /usr/lib/i386-linux-gnu/libgbm.so.1.0.0
af273000-af275000 r--p 0000d000 08:16 131004     /usr/lib/i386-linux-gnu/libgbm.so.1.0.0
af275000-af276000 rw-p 0000f000 08:16 131004     /usr/lib/i386-linux-gnu/libgbm.so.1.0.0
af276000-af283000 r-xp 00000000 08:16 137967     /usr/lib/i386-linux-gnu/libwayland-server.so.0.1.0
af283000-af284000 r--p 0000c000 08:16 137967     /usr/lib/i386-linux-gnu/libwayland-server.so.0.1.0
af284000-af285000 rw-p 0000d000 08:16 137967     /usr/lib/i386-linux-gnu/libwayland-server.so.0.1.0
af285000-af28f000 r-xp 00000000 08:16 137961     /usr/lib/i386-linux-gnu/libwayland-client.so.0.2.0
af28f000-af290000 r--p 00009000 08:16 137961     /usr/lib/i386-linux-gnu/libwayland-client.so.0.2.0
af290000-af291000 rw-p 0000a000 08:16 137961     /usr/lib/i386-linux-gnu/libwayland-client.so.0.2.0
af291000-af297000 r-xp 00000000 08:16 138017     /usr/lib/i386-linux-gnu/libxcb-xfixes.so.0.0.0
af297000-af298000 r--p 00005000 08:16 138017     /usr/lib/i386-linux-gnu/libxcb-xfixes.so.0.0.0
af298000-af299000 rw-p 00006000 08:16 138017     /usr/lib/i386-linux-gnu/libxcb-xfixes.so.0.0.0
af299000-af2c6000 r-xp 00000000 08:16 135444     /usr/lib/i386-linux-gnu/mesa-egl/libEGL.so.1.0.0
af2c6000-af2c8000 r--p 0002c000 08:16 135444     /usr/lib/i386-linux-gnu/mesa-egl/libEGL.so.1.0.0
af2c8000-af2c9000 rw-p 0002e000 08:16 135444     /usr/lib/i386-linux-gnu/mesa-egl/libEGL.so.1.0.0
af2c9000-af2cc000 ---p 00000000 00:00 0 
af2cc000-af31a000 rwxp 00000000 00:00 0          [stack:1922]
af31a000-af3bb000 r-xp 00000000 08:16 263568     /usr/lib/jni/libjogl_desktop.so
af3bb000-af3bc000 r--p 000a0000 08:16 263568     /usr/lib/jni/libjogl_desktop.so
af3bc000-af3bd000 rw-p 000a1000 08:16 263568     /usr/lib/jni/libjogl_desktop.so
af3bd000-af3c9000 r-xp 00000000 08:16 137167     /usr/lib/i386-linux-gnu/libdrm.so.2.4.0
af3c9000-af3ca000 r--p 0000b000 08:16 137167     /usr/lib/i386-linux-gnu/libdrm.so.2.4.0
af3ca000-af3cb000 rw-p 0000c000 08:16 137167     /usr/lib/i386-linux-gnu/libdrm.so.2.4.0
af3cb000-af3cc000 r-xp 00000000 08:16 138031     /usr/lib/i386-linux-gnu/libxshmfence.so.1.0.0
af3cc000-af3cd000 r--p 00000000 08:16 138031     /usr/lib/i386-linux-gnu/libxshmfence.so.1.0.0
af3cd000-af3ce000 rw-p 00001000 08:16 138031     /usr/lib/i386-linux-gnu/libxshmfence.so.1.0.0
af3ce000-af3d3000 r-xp 00000000 08:16 138013     /usr/lib/i386-linux-gnu/libxcb-sync.so.1.0.0
af3d3000-af3d4000 r--p 00004000 08:16 138013     /usr/lib/i386-linux-gnu/libxcb-sync.so.1.0.0
af3d4000-af3d5000 rw-p 00005000 08:16 138013     /usr/lib/i386-linux-gnu/libxcb-sync.so.1.0.0
af3d5000-af3d7000 r-xp 00000000 08:16 138001     /usr/lib/i386-linux-gnu/libxcb-present.so.0.0.0
af3d7000-af3d8000 r--p 00001000 08:16 138001     /usr/lib/i386-linux-gnu/libxcb-present.so.0.0.0
af3d8000-af3d9000 rw-p 00002000 08:16 138001     /usr/lib/i386-linux-gnu/libxcb-present.so.0.0.0
af3d9000-af3db000 r-xp 00000000 08:16 137991     /usr/lib/i386-linux-gnu/libxcb-dri3.so.0.0.0
af3db000-af3dc000 r--p 00001000 08:16 137991     /usr/lib/i386-linux-gnu/libxcb-dri3.so.0.0.0
af3dc000-af3dd000 rw-p 00002000 08:16 137991     /usr/lib/i386-linux-gnu/libxcb-dri3.so.0.0.0
af3dd000-af3f3000 r-xp 00000000 08:16 137993     /usr/lib/i386-linux-gnu/libxcb-glx.so.0.0.0
af3f3000-af3f4000 r--p 00016000 08:16 137993     /usr/lib/i386-linux-gnu/libxcb-glx.so.0.0.0
af3f4000-af3f5000 rw-p 00017000 08:16 137993     /usr/lib/i386-linux-gnu/libxcb-glx.so.0.0.0
af3f5000-af406000 r-xp 00000000 08:16 135452     /usr/lib/i386-linux-gnu/libglapi.so.0.0.0
af406000-af408000 r--p 00011000 08:16 135452     /usr/lib/i386-linux-gnu/libglapi.so.0.0.0
af408000-af40d000 rwxp 00013000 08:16 135452     /usr/lib/i386-linux-gnu/libglapi.so.0.0.0
af40d000-af40e000 rwxp 00000000 00:00 0 
af40e000-af4b1000 r-xp 00000000 08:16 135450     /usr/lib/i386-linux-gnu/mesa/libGL.so.1.2.0
af4b1000-af4b3000 r--p 000a2000 08:16 135450     /usr/lib/i386-linux-gnu/mesa/libGL.so.1.2.0
af4b3000-af4b8000 rwxp 000a4000 08:16 135450     /usr/lib/i386-linux-gnu/mesa/libGL.so.1.2.0
af4d7000-af4de000 r--s 00000000 08:16 133954     /usr/lib/i386-linux-gnu/gconv/gconv-modules.cache
af4de000-af4e1000 ---p 00000000 00:00 0 
af4e1000-af52f000 rwxp 00000000 00:00 0          [stack:1920]
af52f000-af532000 ---p 00000000 00:00 0 
af532000-af580000 rwxp 00000000 00:00 0          [stack:1919]
af580000-af583000 ---p 00000000 00:00 0 
af583000-af5d1000 rwxp 00000000 00:00 0          [stack:1918]
af5d1000-af5d6000 r-xp 00000000 08:16 136924     /usr/lib/i386-linux-gnu/libXfixes.so.3.1.0
af5d6000-af5d7000 r--p 00004000 08:16 136924     /usr/lib/i386-linux-gnu/libXfixes.so.3.1.0
af5d7000-af5d8000 rw-p 00005000 08:16 136924     /usr/lib/i386-linux-gnu/libXfixes.so.3.1.0
af5d8000-af5e1000 r-xp 00000000 08:16 136916     /usr/lib/i386-linux-gnu/libXcursor.so.1.0.2
af5e1000-af5e2000 r--p 00008000 08:16 136916     /usr/lib/i386-linux-gnu/libXcursor.so.1.0.2
af5e2000-af5e3000 rw-p 00009000 08:16 136916     /usr/lib/i386-linux-gnu/libXcursor.so.1.0.2
af5e3000-af5e6000 ---p 00000000 00:00 0 
af5e6000-af634000 rwxp 00000000 00:00 0          [stack:1917]
af634000-af687000 r-xp 00000000 08:16 1440110    /lib/i386-linux-gnu/libdbus-1.so.3.8.7
af687000-af689000 r--p 00053000 08:16 1440110    /lib/i386-linux-gnu/libdbus-1.so.3.8.7
af689000-af68a000 rw-p 00055000 08:16 1440110    /lib/i386-linux-gnu/libdbus-1.so.3.8.7
af68a000-af6ae000 r-xp 00000000 08:16 1440214    /lib/i386-linux-gnu/libselinux.so.1
af6ae000-af6af000 r--p 00023000 08:16 1440214    /lib/i386-linux-gnu/libselinux.so.1
af6af000-af6b0000 rw-p 00024000 08:16 1440214    /lib/i386-linux-gnu/libselinux.so.1
af6b0000-af6b1000 rw-p 00000000 00:00 0 
af6b1000-af7d6000 r-xp 00000000 08:16 1440202    /lib/i386-linux-gnu/libglib-2.0.so.0.4200.1
af7d6000-af7d7000 r--p 00124000 08:16 1440202    /lib/i386-linux-gnu/libglib-2.0.so.0.4200.1
af7d7000-af7d8000 rw-p 00125000 08:16 1440202    /lib/i386-linux-gnu/libglib-2.0.so.0.4200.1
af7d8000-af7db000 r-xp 00000000 08:16 134146     /usr/lib/i386-linux-gnu/libgmodule-2.0.so.0.4200.1
af7db000-af7dc000 r--p 00002000 08:16 134146     /usr/lib/i386-linux-gnu/libgmodule-2.0.so.0.4200.1
af7dc000-af7dd000 rw-p 00003000 08:16 134146     /usr/lib/i386-linux-gnu/libgmodule-2.0.so.0.4200.1
af7dd000-af7ef000 r-xp 00000000 08:16 137013     /usr/lib/i386-linux-gnu/libavahi-client.so.3.2.9
af7ef000-af7f0000 r--p 00011000 08:16 137013     /usr/lib/i386-linux-gnu/libavahi-client.so.3.2.9
af7f0000-af7f1000 rw-p 00012000 08:16 137013     /usr/lib/i386-linux-gnu/libavahi-client.so.3.2.9
af7f1000-af84c000 r-xp 00000000 08:16 134149     /usr/lib/i386-linux-gnu/libgobject-2.0.so.0.4200.1
af84c000-af84d000 r--p 0005b000 08:16 134149     /usr/lib/i386-linux-gnu/libgobject-2.0.so.0.4200.1
af84d000-af84e000 rw-p 0005c000 08:16 134149     /usr/lib/i386-linux-gnu/libgobject-2.0.so.0.4200.1
af84e000-af9ff000 r-xp 00000000 08:16 134147     /usr/lib/i386-linux-gnu/libgio-2.0.so.0.4200.1
af9ff000-afa02000 r--p 001b0000 08:16 134147     /usr/lib/i386-linux-gnu/libgio-2.0.so.0.4200.1
afa02000-afa03000 rw-p 001b3000 08:16 134147     /usr/lib/i386-linux-gnu/libgio-2.0.so.0.4200.1
afa03000-afa04000 rw-p 00000000 00:00 0 
afa04000-afa79000 r-xp 00000000 08:16 130941     /usr/lib/i386-linux-gnu/libcups.so.2
afa79000-afa7e000 r--p 00075000 08:16 130941     /usr/lib/i386-linux-gnu/libcups.so.2
afa7e000-afa7f000 rw-p 0007a000 08:16 130941     /usr/lib/i386-linux-gnu/libcups.so.2
afa7f000-afa8f000 r-xp 00000000 08:16 136930     /usr/lib/i386-linux-gnu/libXi.so.6.1.0
afa8f000-afa90000 r--p 00010000 08:16 136930     /usr/lib/i386-linux-gnu/libXi.so.6.1.0
afa90000-afa91000 rw-p 00011000 08:16 136930     /usr/lib/i386-linux-gnu/libXi.so.6.1.0
afa92000-afa96000 r-xp 00000000 08:16 137989     /usr/lib/i386-linux-gnu/libxcb-dri2.so.0.0.0
afa96000-afa97000 r--p 00003000 08:16 137989     /usr/lib/i386-linux-gnu/libxcb-dri2.so.0.0.0
afa97000-afa98000 rw-p 00004000 08:16 137989     /usr/lib/i386-linux-gnu/libxcb-dri2.so.0.0.0
afa98000-afa99000 r-xp 00000000 08:16 136903     /usr/lib/i386-linux-gnu/libX11-xcb.so.1.0.0
afa99000-afa9a000 r--p 00000000 08:16 136903     /usr/lib/i386-linux-gnu/libX11-xcb.so.1.0.0
afa9a000-afa9b000 rw-p 00001000 08:16 136903     /usr/lib/i386-linux-gnu/libX11-xcb.so.1.0.0
afa9b000-afa9d000 r-xp 00000000 08:16 136918     /usr/lib/i386-linux-gnu/libXdamage.so.1.1.0
afa9d000-afa9e000 r--p 00001000 08:16 136918     /usr/lib/i386-linux-gnu/libXdamage.so.1.1.0
afa9e000-afa9f000 rw-p 00002000 08:16 136918     /usr/lib/i386-linux-gnu/libXdamage.so.1.1.0
afa9f000-afaa3000 r-xp 00000000 08:16 136960     /usr/lib/i386-linux-gnu/libXxf86vm.so.1.0.0
afaa3000-afaa4000 r--p 00004000 08:16 136960     /usr/lib/i386-linux-gnu/libXxf86vm.so.1.0.0
afaa4000-afaa5000 rw-p 00005000 08:16 136960     /usr/lib/i386-linux-gnu/libXxf86vm.so.1.0.0
afaa5000-afaab000 r-xp 00000000 08:16 263549     /usr/lib/jni/libnativewindow_x11.so
afaab000-afaac000 r--p 00006000 08:16 263549     /usr/lib/jni/libnativewindow_x11.so
afaac000-afaad000 rw-p 00007000 08:16 263549     /usr/lib/jni/libnativewindow_x11.so
afaad000-afaae000 r-xp 00000000 08:16 263547     /usr/lib/jni/libnativewindow_awt.so
afaae000-afaaf000 r--p 00001000 08:16 263547     /usr/lib/jni/libnativewindow_awt.so
afaaf000-afab0000 rw-p 00002000 08:16 263547     /usr/lib/jni/libnativewindow_awt.so
afab0000-afab1000 r-xp 00000000 08:16 549353     /usr/lib/jvm/java-7-openjdk-i386/jre/lib/i386/libjawt.so
afab1000-afab2000 r--p 00000000 08:16 549353     /usr/lib/jvm/java-7-openjdk-i386/jre/lib/i386/libjawt.so
afab2000-afab3000 rw-p 00001000 08:16 549353     /usr/lib/jvm/java-7-openjdk-i386/jre/lib/i386/libjawt.so
afab3000-afab5000 r-xp 00000000 08:16 263545     /usr/lib/jni/libgluegen2-rt.so
afab5000-afab6000 r--p 00001000 08:16 263545     /usr/lib/jni/libgluegen2-rt.so
afab6000-afab7000 rw-p 00002000 08:16 263545     /usr/lib/jni/libgluegen2-rt.so
afab7000-afafc000 r-xp 00000000 08:16 542272     /usr/lib/jvm/java-7-openjdk-i386/jre/lib/i386/xawt/libmawt.so
afafc000-afafd000 r--p 00044000 08:16 542272     /usr/lib/jvm/java-7-openjdk-i386/jre/lib/i386/xawt/libmawt.so
afafd000-afaff000 rw-p 00045000 08:16 542272     /usr/lib/jvm/java-7-openjdk-i386/jre/lib/i386/xawt/libmawt.so
afaff000-afb00000 rw-p 00000000 00:00 0 
afb00000-afb21000 rw-p 00000000 00:00 0 
afb21000-afc00000 ---p 00000000 00:00 0 
afc00000-afc01000 rwxp 00000000 00:00 0 
afc01000-afc0d000 r-xp 00000000 08:16 137015     /usr/lib/i386-linux-gnu/libavahi-common.so.3.5.3
afc0d000-afc0e000 r--p 0000b000 08:16 137015     /usr/lib/i386-linux-gnu/libavahi-common.so.3.5.3
afc0e000-afc0f000 rw-p 0000c000 08:16 137015     /usr/lib/i386-linux-gnu/libavahi-common.so.3.5.3
afc0f000-afc14000 r-xp 00000000 08:16 136950     /usr/lib/i386-linux-gnu/libXtst.so.6.1.0
afc14000-afc15000 r--p 00004000 08:16 136950     /usr/lib/i386-linux-gnu/libXtst.so.6.1.0
afc15000-afc16000 rw-p 00005000 08:16 136950     /usr/lib/i386-linux-gnu/libXtst.so.6.1.0
afc16000-afca4000 r-xp 00000000 08:16 548161     /usr/lib/jvm/java-7-openjdk-i386/jre/lib/i386/libawt.so
afca4000-afca5000 r--p 0008e000 08:16 548161     /usr/lib/jvm/java-7-openjdk-i386/jre/lib/i386/libawt.so
afca5000-afcac000 rw-p 0008f000 08:16 548161     /usr/lib/jvm/java-7-openjdk-i386/jre/lib/i386/libawt.so
afcac000-afcd0000 rw-p 00000000 00:00 0 
afcd0000-afcda000 r--s 000ae000 08:16 544014     /usr/lib/jvm/java-7-openjdk-i386/jre/lib/resources.jar
afcda000-afcdc000 r--s 0000b000 08:16 1186867    /usr/share/scilab/modules/external_objects_java/jar/org.scilab.modules.external_objects_java.jar
afcdc000-afcdd000 r--s 00007000 08:16 797224     /usr/share/scilab/modules/history_browser/jar/org.scilab.modules.history_browser.jar
afcdd000-afcdf000 r--s 00002000 08:16 953718     /usr/share/scilab/modules/javasci/jar/org.scilab.modules.javasci.jar
afcdf000-afce7000 r--s 00047000 08:16 953168     /usr/share/scilab/modules/graphic_objects/jar/org.scilab.modules.graphic_objects.jar
afce7000-afd00000 r--s 000cb000 08:16 1072400    /usr/share/scilab/modules/gui/jar/org.scilab.modules.gui.jar
afd00000-afd21000 rw-p 00000000 00:00 0 
afd21000-afe00000 ---p 00000000 00:00 0 
afe00000-afecd000 rw-p 00000000 00:00 0 
afecd000-aff00000 ---p 00000000 00:00 0 
aff00000-aff07000 r--s 00036000 08:16 952420     /usr/share/scilab/modules/ui_data/jar/org.scilab.modules.ui_data.jar
aff07000-aff08000 r--p 00000000 08:16 544606     /usr/share/locale/en_US/LC_MESSAGES/scilab.mo
aff08000-aff0d000 r--s 00025000 08:16 797403     /usr/share/scilab/modules/renderer/jar/org.scilab.modules.renderer.jar
aff0d000-aff2e000 r--s 002c7000 08:16 544100     /usr/share/java/jogl2.jar
aff2e000-aff2f000 ---p 00000000 00:00 0 
aff2f000-affaf000 rwxp 00000000 00:00 0          [stack:1916]
affaf000-affb2000 ---p 00000000 00:00 0 
affb2000-b0000000 rwxp 00000000 00:00 0          [stack:1915]
b0000000-b00fd000 rw-p 00000000 00:00 0 
b00fd000-b0100000 ---p 00000000 00:00 0 
b0100000-b0101000 r--s 00002000 08:16 1072859    /usr/share/scilab/modules/core/jar/org.scilab.modules.core.jar
b0101000-b0103000 r--s 00007000 08:16 953870     /usr/share/scilab/modules/graphic_export/jar/org.scilab.modules.graphic_export.jar
b0103000-b0106000 r--s 00015000 08:16 797255     /usr/share/scilab/modules/preferences/jar/org.scilab.modules.preferences.jar
b0106000-b0107000 r--s 00002000 08:16 954120     /usr/share/scilab/modules/action_binding/jar/org.scilab.modules.action_binding.jar
b0107000-b0109000 r--s 00000000 08:16 1072642    /usr/share/scilab/modules/localization/jar/org.scilab.modules.localization.jar
b0109000-b010c000 r--s 0000f000 08:16 1187548    /usr/share/scilab/modules/console/jar/org.scilab.modules.console.jar
b010c000-b010e000 r--s 00000000 08:16 797234     /usr/share/scilab/modules/history_manager/jar/org.scilab.modules.history_manager.jar
b010e000-b0111000 r--s 0000a000 08:16 1074003    /usr/share/scilab/modules/commons/jar/org.scilab.modules.commons.jar
b0111000-b0113000 r--s 0000a000 08:16 954131     /usr/share/scilab/modules/types/jar/org.scilab.modules.types.jar
b0113000-b0119000 r--s 00041000 08:16 544979     /usr/share/java/gluegen2-2.1.5-rt.jar
b0119000-b0120000 r--s 0002a000 08:16 1187563    /usr/share/scilab/modules/scirenderer/jar/scirenderer.jar
b0120000-b0129000 r--s 0008e000 08:16 544810     /usr/share/java/jhall-2.0.05.ds1.jar
b0129000-b012c000 r--s 00010000 08:16 544701     /usr/share/java/avalon-framework-4.2.0.jar
b012c000-b012e000 r--s 00006000 08:16 530448     /usr/share/java/jgoodies-common.jar
b012e000-b0131000 ---p 00000000 00:00 0 
b0131000-b01af000 rwxp 00000000 00:00 0          [stack:1914]
b01af000-b01b2000 ---p 00000000 00:00 0 
b01b2000-b0200000 rwxp 00000000 00:00 0          [stack:1913]
b0200000-b0221000 rw-p 00000000 00:00 0 
b0221000-b0300000 ---p 00000000 00:00 0 
b0300000-b0321000 rw-p 00000000 00:00 0 
b0321000-b0400000 ---p 00000000 00:00 0 
b0400000-b0421000 rw-p 00000000 00:00 0 
b0421000-b0500000 ---p 00000000 00:00 0 
b0500000-b0501000 r--s 0000d000 08:16 544718     /usr/share/java/commons-logging-1.2.jar
b0501000-b050a000 r--s 00057000 08:16 534333     /usr/share/java/jgoodies-looks.jar
b050a000-b050b000 r--s 00004000 08:16 544184     /usr/share/java/laf-plugin-1.0.jar
b050b000-b0511000 r--s 00044000 08:16 544205     /usr/share/java/skinlf-6.7.jar
b0511000-b051a000 r--s 00062000 08:16 544885     /usr/share/java/flexdock-1.2.4.jar
b051a000-b051e000 r--s 0003c000 08:16 558383     /usr/lib/jvm/java-7-openjdk-i386/jre/lib/ext/sunpkcs11.jar
b051e000-b0521000 ---p 00000000 00:00 0 
b0521000-b056f000 rwxp 00000000 00:00 0          [stack:1912]
b056f000-b0572000 ---p 00000000 00:00 0 
b0572000-b05c0000 rwxp 00000000 00:00 0          [stack:1911]
b05c0000-b05c1000 ---p 00000000 00:00 0 
b05c1000-b0641000 rwxp 00000000 00:00 0          [stack:1910]
b0641000-b068a000 rw-p 00000000 00:00 0 
b068a000-b083b000 r--s 01d27000 08:16 558362     /usr/lib/jvm/java-7-openjdk-i386/jre/lib/rt.jar
b083b000-b0842000 rw-p 00000000 00:00 0 
b0842000-b085c000 rw-p 00000000 00:00 0 
b085c000-b0862000 rw-p 00000000 00:00 0 
b0862000-b08b2000 rw-p 00000000 00:00 0 
b08b2000-b08b5000 rw-p 00000000 00:00 0 
b08b5000-b08dc000 rw-p 00000000 00:00 0 
b08dc000-b08e2000 rw-p 00000000 00:00 0 
b08e2000-b0932000 rw-p 00000000 00:00 0 
b0932000-b0938000 rw-p 00000000 00:00 0 
b0938000-b0952000 rw-p 00000000 00:00 0 
b0952000-b0963000 rw-p 00000000 00:00 0 
b0963000-b09de000 rw-p 00000000 00:00 0 
b09de000-b0af6000 rwxp 00000000 00:00 0 
b0af6000-b29de000 rw-p 00000000 00:00 0 
b29de000-b29e9000 r-xp 00000000 08:16 1448814    /lib/i386-linux-gnu/libnss_files-2.19.so
b29e9000-b29ea000 r--p 0000a000 08:16 1448814    /lib/i386-linux-gnu/libnss_files-2.19.so
b29ea000-b29eb000 rw-p 0000b000 08:16 1448814    /lib/i386-linux-gnu/libnss_files-2.19.so
b29eb000-b2a00000 r-xp 00000000 08:16 1448818    /lib/i386-linux-gnu/libnsl-2.19.so
b2a00000-b2a01000 r--p 00015000 08:16 1448818    /lib/i386-linux-gnu/libnsl-2.19.so
b2a01000-b2a02000 rw-p 00016000 08:16 1448818    /lib/i386-linux-gnu/libnsl-2.19.so
b2a02000-b2a04000 rw-p 00000000 00:00 0 
b2a04000-b2a05000 r--s 00001000 08:16 1075689    /usr/share/scilab/modules/jvm/jar/org.scilab.modules.jvm.jar
b2a05000-b2a07000 r--s 00012000 08:16 558370     /usr/lib/jvm/java-7-openjdk-i386/jre/lib/ext/zipfs.jar
b2a07000-b2a0a000 r--s 00086000 08:16 558369     /usr/lib/jvm/java-7-openjdk-i386/jre/lib/ext/localedata.jar
b2a0a000-b2a0c000 r--s 00006000 08:16 544031     /usr/share/java/java-atk-wrapper.jar
b2a0c000-b2a10000 r--s 00034000 08:16 558382     /usr/lib/jvm/java-7-openjdk-i386/jre/lib/ext/sunjce_provider.jar
b2a10000-b2a13000 r--s 0000f000 08:16 558364     /usr/lib/jvm/java-7-openjdk-i386/jre/lib/ext/icedtea-sound.jar
b2a13000-b2a20000 rw-p 00000000 00:00 0 
b2a20000-b2a28000 r-xp 00000000 08:16 544146     /usr/lib/jvm/java-7-openjdk-i386/jre/lib/i386/libzip.so
b2a28000-b2a29000 r--p 00007000 08:16 544146     /usr/lib/jvm/java-7-openjdk-i386/jre/lib/i386/libzip.so
b2a29000-b2a2a000 rw-p 00008000 08:16 544146     /usr/lib/jvm/java-7-openjdk-i386/jre/lib/i386/libzip.so
b2a2a000-b2c2a000 r--p 00000000 08:16 140341     /usr/lib/locale/locale-archive
b2c2a000-b2c33000 rw-p 00000000 00:00 0 
b2c33000-b2c3b000 r-xp 00000000 08:16 1448833    /lib/i386-linux-gnu/libcrypt-2.19.so
b2c3b000-b2c3c000 r--p 00008000 08:16 1448833    /lib/i386-linux-gnu/libcrypt-2.19.so
b2c3c000-b2c3d000 rw-p 00009000 08:16 1448833    /lib/i386-linux-gnu/libcrypt-2.19.so
b2c3d000-b2c64000 rw-p 00000000 00:00 0 
b2c64000-b2d35000 r-xp 00000000 08:16 137845     /usr/lib/i386-linux-gnu/libsqlite3.so.0.8.6
b2d35000-b2d38000 r--p 000d0000 08:16 137845     /usr/lib/i386-linux-gnu/libsqlite3.so.0.8.6
b2d38000-b2d3a000 rw-p 000d3000 08:16 137845     /usr/lib/i386-linux-gnu/libsqlite3.so.0.8.6
b2d3a000-b2d3b000 rw-p 00000000 00:00 0 
b2d3b000-b2d7e000 r-xp 00000000 08:16 137485     /usr/lib/i386-linux-gnu/libhx509.so.5.0.0
b2d7e000-b2d80000 r--p 00043000 08:16 137485     /usr/lib/i386-linux-gnu/libhx509.so.5.0.0
b2d80000-b2d81000 rw-p 00045000 08:16 137485     /usr/lib/i386-linux-gnu/libhx509.so.5.0.0
b2d81000-b2d82000 rw-p 00000000 00:00 0 
b2d82000-b2d8f000 r-xp 00000000 08:16 137475     /usr/lib/i386-linux-gnu/libheimbase.so.1.0.0
b2d8f000-b2d90000 r--p 0000c000 08:16 137475     /usr/lib/i386-linux-gnu/libheimbase.so.1.0.0
b2d90000-b2d91000 rw-p 0000d000 08:16 137475     /usr/lib/i386-linux-gnu/libheimbase.so.1.0.0
b2d91000-b2db8000 r-xp 00000000 08:16 137979     /usr/lib/i386-linux-gnu/libwind.so.0.0.0
b2db8000-b2db9000 r--p 00027000 08:16 137979     /usr/lib/i386-linux-gnu/libwind.so.0.0.0
b2db9000-b2dba000 rw-p 00028000 08:16 137979     /usr/lib/i386-linux-gnu/libwind.so.0.0.0
b2dba000-b2dc0000 r-xp 00000000 08:16 137209     /usr/lib/i386-linux-gnu/libffi.so.6.0.2
b2dc0000-b2dc2000 r--p 00005000 08:16 137209     /usr/lib/i386-linux-gnu/libffi.so.6.0.2
b2dc2000-b2dc3000 rw-p 00007000 08:16 137209     /usr/lib/i386-linux-gnu/libffi.so.6.0.2
b2dc3000-b2dc7000 r-xp 00000000 08:16 1440113    /lib/i386-linux-gnu/libgpg-error.so.0.11.0
b2dc7000-b2dc8000 r--p 00003000 08:16 1440113    /lib/i386-linux-gnu/libgpg-error.so.0.11.0
b2dc8000-b2dc9000 rw-p 00004000 08:16 1440113    /lib/i386-linux-gnu/libgpg-error.so.0.11.0
b2dc9000-b2dca000 rw-p 00000000 00:00 0 
b2dca000-b2dde000 r-xp 00000000 08:16 137765     /usr/lib/i386-linux-gnu/libroken.so.18.1.0
b2dde000-b2ddf000 r--p 00013000 08:16 137765     /usr/lib/i386-linux-gnu/libroken.so.18.1.0
b2ddf000-b2de0000 rw-p 00014000 08:16 137765     /usr/lib/i386-linux-gnu/libroken.so.18.1.0
b2de0000-b2e12000 r-xp 00000000 08:16 137473     /usr/lib/i386-linux-gnu/libhcrypto.so.4.1.0
b2e12000-b2e13000 r--p 00031000 08:16 137473     /usr/lib/i386-linux-gnu/libhcrypto.so.4.1.0
b2e13000-b2e14000 rw-p 00032000 08:16 137473     /usr/lib/i386-linux-gnu/libhcrypto.so.4.1.0
b2e14000-b2e15000 rw-p 00000000 00:00 0 
b2e15000-b2eb8000 r-xp 00000000 08:16 136989     /usr/lib/i386-linux-gnu/libasn1.so.8.0.0
b2eb8000-b2eb9000 r--p 000a3000 08:16 136989     /usr/lib/i386-linux-gnu/libasn1.so.8.0.0
b2eb9000-b2ebb000 rw-p 000a4000 08:16 136989     /usr/lib/i386-linux-gnu/libasn1.so.8.0.0
b2ebb000-b2f3d000 r-xp 00000000 08:16 137540     /usr/lib/i386-linux-gnu/libkrb5.so.26.0.0
b2f3d000-b2f3f000 r--p 00081000 08:16 137540     /usr/lib/i386-linux-gnu/libkrb5.so.26.0.0
b2f3f000-b2f41000 rw-p 00083000 08:16 137540     /usr/lib/i386-linux-gnu/libkrb5.so.26.0.0
b2f41000-b2f48000 r-xp 00000000 08:16 137477     /usr/lib/i386-linux-gnu/libheimntlm.so.0.1.0
b2f48000-b2f49000 r--p 00007000 08:16 137477     /usr/lib/i386-linux-gnu/libheimntlm.so.0.1.0
b2f49000-b2f4a000 rw-p 00008000 08:16 137477     /usr/lib/i386-linux-gnu/libheimntlm.so.0.1.0
b2f4a000-b2f4b000 rw-p 00000000 00:00 0 
b2f4b000-b2f4e000 r-xp 00000000 08:16 1440123    /lib/i386-linux-gnu/libkeyutils.so.1.5
b2f4e000-b2f4f000 r--p 00002000 08:16 1440123    /lib/i386-linux-gnu/libkeyutils.so.1.5
b2f4f000-b2f50000 rw-p 00003000 08:16 1440123    /lib/i386-linux-gnu/libkeyutils.so.1.5
b2f50000-b2f62000 r-xp 00000000 08:16 131150     /usr/lib/i386-linux-gnu/libtasn1.so.6.3.0
b2f62000-b2f63000 r--p 00011000 08:16 131150     /usr/lib/i386-linux-gnu/libtasn1.so.6.3.0
b2f63000-b2f64000 rw-p 00012000 08:16 131150     /usr/lib/i386-linux-gnu/libtasn1.so.6.3.0
b2f64000-b2f9b000 r-xp 00000000 08:16 137662     /usr/lib/i386-linux-gnu/libp11-kit.so.0.0.0
b2f9b000-b2f9f000 r--p 00037000 08:16 137662     /usr/lib/i386-linux-gnu/libp11-kit.so.0.0.0
b2f9f000-b2fa0000 rw-p 0003b000 08:16 137662     /usr/lib/i386-linux-gnu/libp11-kit.so.0.0.0
b2fa0000-b2fca000 r-xp 00000000 08:16 1440199    /lib/i386-linux-gnu/libpng12.so.0.51.0
b2fca000-b2fcb000 r--p 00029000 08:16 1440199    /lib/i386-linux-gnu/libpng12.so.0.51.0
b2fcb000-b2fcc000 rw-p 0002a000 08:16 1440199    /lib/i386-linux-gnu/libpng12.so.0.51.0
b2fcc000-b2fd6000 r-xp 00000000 08:16 145545     /usr/lib/i386-linux-gnu/libccolamd.so.2.8.0
b2fd6000-b2fd7000 r--p 00009000 08:16 145545     /usr/lib/i386-linux-gnu/libccolamd.so.2.8.0
b2fd7000-b2fd8000 rw-p 0000a000 08:16 145545     /usr/lib/i386-linux-gnu/libccolamd.so.2.8.0
b2fd8000-b2fd9000 rw-p 00000000 00:00 0 
b2fd9000-b2fe1000 r-xp 00000000 08:16 145544     /usr/lib/i386-linux-gnu/libcamd.so.2.3.1
b2fe1000-b2fe2000 r--p 00007000 08:16 145544     /usr/lib/i386-linux-gnu/libcamd.so.2.3.1
b2fe2000-b2fe3000 rw-p 00008000 08:16 145544     /usr/lib/i386-linux-gnu/libcamd.so.2.3.1
b2fe3000-b2fe9000 r-xp 00000000 08:16 137097     /usr/lib/i386-linux-gnu/libcolamd.so.2.8.0
b2fe9000-b2fea000 r--p 00005000 08:16 137097     /usr/lib/i386-linux-gnu/libcolamd.so.2.8.0
b2fea000-b2feb000 rw-p 00006000 08:16 137097     /usr/lib/i386-linux-gnu/libcolamd.so.2.8.0
b2feb000-b3097000 r-xp 00000000 08:16 1440106    /lib/i386-linux-gnu/libgcrypt.so.20.0.1
b3097000-b3098000 r--p 000ab000 08:16 1440106    /lib/i386-linux-gnu/libgcrypt.so.20.0.1
b3098000-b309b000 rw-p 000ac000 08:16 1440106    /lib/i386-linux-gnu/libgcrypt.so.20.0.1
b309b000-b30d4000 r-xp 00000000 08:16 137365     /usr/lib/i386-linux-gnu/libgssapi.so.3.0.0
b30d4000-b30d6000 r--p 00038000 08:16 137365     /usr/lib/i386-linux-gnu/libgssapi.so.3.0.0
b30d6000-b30d7000 rw-p 0003a000 08:16 137365     /usr/lib/i386-linux-gnu/libgssapi.so.3.0.0
b30d7000-b30d8000 rw-p 00000000 00:00 0 
b30d8000-b30f1000 r-xp 00000000 08:16 137792     /usr/lib/i386-linux-gnu/libsasl2.so.2.0.25
b30f1000-b30f2000 r--p 00019000 08:16 137792     /usr/lib/i386-linux-gnu/libsasl2.so.2.0.25
b30f2000-b30f3000 rw-p 0001a000 08:16 137792     /usr/lib/i386-linux-gnu/libsasl2.so.2.0.25
b30f3000-b30f4000 rw-p 00000000 00:00 0 
b30f4000-b3107000 r-xp 00000000 08:16 1448820    /lib/i386-linux-gnu/libresolv-2.19.so
b3107000-b3108000 r--p 00013000 08:16 1448820    /lib/i386-linux-gnu/libresolv-2.19.so
b3108000-b3109000 rw-p 00014000 08:16 1448820    /lib/i386-linux-gnu/libresolv-2.19.so
b3109000-b310b000 rw-p 00000000 00:00 0 
b310b000-b3116000 r-xp 00000000 08:16 134186     /usr/lib/i386-linux-gnu/libkrb5support.so.0.1
b3116000-b3117000 r--p 0000a000 08:16 134186     /usr/lib/i386-linux-gnu/libkrb5support.so.0.1
b3117000-b3118000 rw-p 0000b000 08:16 134186     /usr/lib/i386-linux-gnu/libkrb5support.so.0.1
b3118000-b311b000 r-xp 00000000 08:16 1440057    /lib/i386-linux-gnu/libcom_err.so.2.1
b311b000-b311c000 r--p 00002000 08:16 1440057    /lib/i386-linux-gnu/libcom_err.so.2.1
b311c000-b311d000 rw-p 00003000 08:16 1440057    /lib/i386-linux-gnu/libcom_err.so.2.1
b311d000-b314d000 r-xp 00000000 08:16 134180     /usr/lib/i386-linux-gnu/libk5crypto.so.3.1
b314d000-b314e000 r--p 0002f000 08:16 134180     /usr/lib/i386-linux-gnu/libk5crypto.so.3.1
b314e000-b314f000 rw-p 00030000 08:16 134180     /usr/lib/i386-linux-gnu/libk5crypto.so.3.1
b314f000-b321b000 r-xp 00000000 08:16 134184     /usr/lib/i386-linux-gnu/libkrb5.so.3.3
b321b000-b3222000 r--p 000cc000 08:16 134184     /usr/lib/i386-linux-gnu/libkrb5.so.3.3
b3222000-b3223000 rw-p 000d3000 08:16 134184     /usr/lib/i386-linux-gnu/libkrb5.so.3.3
b3223000-b3224000 rw-p 00000000 00:00 0 
b3224000-b32ad000 r-xp 00000000 08:16 137322     /usr/lib/i386-linux-gnu/libgmp.so.10.2.0
b32ad000-b32ae000 r--p 00088000 08:16 137322     /usr/lib/i386-linux-gnu/libgmp.so.10.2.0
b32ae000-b32af000 rw-p 00089000 08:16 137322     /usr/lib/i386-linux-gnu/libgmp.so.10.2.0
b32af000-b32e1000 r-xp 00000000 08:16 137614     /usr/lib/i386-linux-gnu/libnettle.so.4.7
b32e1000-b32e3000 r--p 00031000 08:16 137614     /usr/lib/i386-linux-gnu/libnettle.so.4.7
b32e3000-b32e4000 rw-p 00033000 08:16 137614     /usr/lib/i386-linux-gnu/libnettle.so.4.7
b32e4000-b3311000 r-xp 00000000 08:16 137479     /usr/lib/i386-linux-gnu/libhogweed.so.2.5
b3311000-b3312000 r--p 0002c000 08:16 137479     /usr/lib/i386-linux-gnu/libhogweed.so.2.5
b3312000-b3313000 rw-p 0002d000 08:16 137479     /usr/lib/i386-linux-gnu/libhogweed.so.2.5
b3313000-b3437000 r-xp 00000000 08:16 134178     /usr/lib/i386-linux-gnu/libgnutls-deb0.so.28.30.7
b3437000-b343e000 r--p 00123000 08:16 134178     /usr/lib/i386-linux-gnu/libgnutls-deb0.so.28.30.7
b343e000-b343f000 rw-p 0012a000 08:16 134178     /usr/lib/i386-linux-gnu/libgnutls-deb0.so.28.30.7
b343f000-b3440000 rw-p 00000000 00:00 0 
b3440000-b3453000 r-xp 00000000 08:16 131480     /usr/lib/i386-linux-gnu/libXext.so.6.4.0
b3453000-b3454000 r--p 00012000 08:16 131480     /usr/lib/i386-linux-gnu/libXext.so.6.4.0
b3454000-b3455000 rw-p 00013000 08:16 131480     /usr/lib/i386-linux-gnu/libXext.so.6.4.0
b3455000-b3456000 rw-p 00000000 00:00 0 
b3456000-b347c000 r-xp 00000000 08:16 1440100    /lib/i386-linux-gnu/libexpat.so.1.6.0
b347c000-b347e000 r--p 00026000 08:16 1440100    /lib/i386-linux-gnu/libexpat.so.1.6.0
b347e000-b347f000 rw-p 00028000 08:16 1440100    /lib/i386-linux-gnu/libexpat.so.1.6.0
b347f000-b3489000 r-xp 00000000 08:16 137703     /usr/lib/i386-linux-gnu/libXrender.so.1.3.0
b3489000-b348a000 r--p 00009000 08:16 137703     /usr/lib/i386-linux-gnu/libXrender.so.1.3.0
b348a000-b348b000 rw-p 0000a000 08:16 137703     /usr/lib/i386-linux-gnu/libXrender.so.1.3.0
b348b000-b3536000 r-xp 00000000 08:16 134163     /usr/lib/i386-linux-gnu/libfreetype.so.6.11.1
b3536000-b353a000 r--p 000ab000 08:16 134163     /usr/lib/i386-linux-gnu/libfreetype.so.6.11.1
b353a000-b353b000 rw-p 000af000 08:16 134163     /usr/lib/i386-linux-gnu/libfreetype.so.6.11.1
b353b000-b3540000 r-xp 00000000 08:16 136920     /usr/lib/i386-linux-gnu/libXdmcp.so.6.0.0
b3540000-b3541000 r--p 00004000 08:16 136920     /usr/lib/i386-linux-gnu/libXdmcp.so.6.0.0
b3541000-b3542000 rw-p 00005000 08:16 136920     /usr/lib/i386-linux-gnu/libXdmcp.so.6.0.0
b3542000-b3544000 r-xp 00000000 08:16 136909     /usr/lib/i386-linux-gnu/libXau.so.6.0.0
b3544000-b3545000 r--p 00001000 08:16 136909     /usr/lib/i386-linux-gnu/libXau.so.6.0.0
b3545000-b3546000 rw-p 00002000 08:16 136909     /usr/lib/i386-linux-gnu/libXau.so.6.0.0
b3546000-b3547000 rw-p 00000000 00:00 0 
b3547000-b3607000 r-xp 00000000 08:16 145548     /usr/lib/i386-linux-gnu/libcholmod.so.2.1.2
b3607000-b3608000 r--p 000bf000 08:16 145548     /usr/lib/i386-linux-gnu/libcholmod.so.2.1.2
b3608000-b3609000 rw-p 000c0000 08:16 145548     /usr/lib/i386-linux-gnu/libcholmod.so.2.1.2
b3609000-b3660000 r-xp 00000000 08:16 137551     /usr/lib/i386-linux-gnu/libldap_r-2.4.so.2.8.3
b3660000-b3661000 r--p 00057000 08:16 137551     /usr/lib/i386-linux-gnu/libldap_r-2.4.so.2.8.3
b3661000-b3662000 rw-p 00058000 08:16 137551     /usr/lib/i386-linux-gnu/libldap_r-2.4.so.2.8.3
b3662000-b3663000 rw-p 00000000 00:00 0 
b3663000-b3671000 r-xp 00000000 08:16 137546     /usr/lib/i386-linux-gnu/liblber-2.4.so.2.8.3
b3671000-b3672000 r--p 0000d000 08:16 137546     /usr/lib/i386-linux-gnu/liblber-2.4.so.2.8.3
b3672000-b3673000 rw-p 0000e000 08:16 137546     /usr/lib/i386-linux-gnu/liblber-2.4.so.2.8.3
b3673000-b3674000 rw-p 00000000 00:00 0 
b3674000-b36c1000 r-xp 00000000 08:16 134182     /usr/lib/i386-linux-gnu/libgssapi_krb5.so.2.2
b36c1000-b36c3000 r--p 0004d000 08:16 134182     /usr/lib/i386-linux-gnu/libgssapi_krb5.so.2.2
b36c3000-b36c4000 rw-p 0004f000 08:16 134182     /usr/lib/i386-linux-gnu/libgssapi_krb5.so.2.2
b36c4000-b387d000 r-xp 00000000 08:16 1443558    /lib/i386-linux-gnu/libcrypto.so.1.0.0
b387d000-b388d000 r--p 001b8000 08:16 1443558    /lib/i386-linux-gnu/libcrypto.so.1.0.0
b388d000-b3894000 rw-p 001c8000 08:16 1443558    /lib/i386-linux-gnu/libcrypto.so.1.0.0
b3894000-b3897000 rw-p 00000000 00:00 0 
b3897000-b38f1000 r-xp 00000000 08:16 1440225    /lib/i386-linux-gnu/libssl.so.1.0.0
b38f1000-b38f3000 r--p 00059000 08:16 1440225    /lib/i386-linux-gnu/libssl.so.1.0.0
b38f3000-b38f7000 rw-p 0005b000 08:16 1440225    /lib/i386-linux-gnu/libssl.so.1.0.0
b38f7000-b3912000 r-xp 00000000 08:16 137775     /usr/lib/i386-linux-gnu/librtmp.so.1
b3912000-b3913000 r--p 0001a000 08:16 137775     /usr/lib/i386-linux-gnu/librtmp.so.1
b3913000-b3914000 rw-p 0001b000 08:16 137775     /usr/lib/i386-linux-gnu/librtmp.so.1
b3914000-b3945000 r-xp 00000000 08:16 137505     /usr/lib/i386-linux-gnu/libidn.so.11.6.11
b3945000-b3946000 r--p 00030000 08:16 137505     /usr/lib/i386-linux-gnu/libidn.so.11.6.11
b3946000-b3947000 rw-p 00031000 08:16 137505     /usr/lib/i386-linux-gnu/libidn.so.11.6.11
b3947000-b3948000 rw-p 00000000 00:00 0 
b3948000-b394a000 r-xp 00000000 08:16 136946     /usr/lib/i386-linux-gnu/libXss.so.1.0.0
b394a000-b394b000 r--p 00001000 08:16 136946     /usr/lib/i386-linux-gnu/libXss.so.1.0.0
b394b000-b394c000 rw-p 00002000 08:16 136946     /usr/lib/i386-linux-gnu/libXss.so.1.0.0
b394c000-b3986000 r-xp 00000000 08:16 137223     /usr/lib/i386-linux-gnu/libfontconfig.so.1.8.0
b3986000-b3987000 r--p 0003a000 08:16 137223     /usr/lib/i386-linux-gnu/libfontconfig.so.1.8.0
b3987000-b3988000 rw-p 0003b000 08:16 137223     /usr/lib/i386-linux-gnu/libfontconfig.so.1.8.0
b3988000-b399c000 r-xp 00000000 08:16 136928     /usr/lib/i386-linux-gnu/libXft.so.2.3.2
b399c000-b399d000 r--p 00013000 08:16 136928     /usr/lib/i386-linux-gnu/libXft.so.2.3.2
b399d000-b399e000 rw-p 00014000 08:16 136928     /usr/lib/i386-linux-gnu/libXft.so.2.3.2
b399e000-b39be000 r-xp 00000000 08:16 138021     /usr/lib/i386-linux-gnu/libxcb.so.1.1.0
b39be000-b39bf000 r--p 0001f000 08:16 138021     /usr/lib/i386-linux-gnu/libxcb.so.1.1.0
b39bf000-b39c0000 rw-p 00020000 08:16 138021     /usr/lib/i386-linux-gnu/libxcb.so.1.1.0
b39c0000-b39c1000 rw-p 00000000 00:00 0 
b39c1000-b39c9000 r-xp 00000000 08:16 145532     /usr/lib/i386-linux-gnu/libamd.so.2.3.1
b39c9000-b39ca000 r--p 00007000 08:16 145532     /usr/lib/i386-linux-gnu/libamd.so.2.3.1
b39ca000-b39cb000 rw-p 00008000 08:16 145532     /usr/lib/i386-linux-gnu/libamd.so.2.3.1
b39cb000-b3a6f000 r-xp 00000000 08:16 145568     /usr/lib/i386-linux-gnu/libumfpack.so.5.6.2
b3a6f000-b3a70000 r--p 000a3000 08:16 145568     /usr/lib/i386-linux-gnu/libumfpack.so.5.6.2
b3a70000-b3a71000 rw-p 000a4000 08:16 145568     /usr/lib/i386-linux-gnu/libumfpack.so.5.6.2
b3a71000-b3a78000 r-xp 00000000 08:16 1448813    /lib/i386-linux-gnu/librt-2.19.so
b3a78000-b3a79000 r--p 00006000 08:16 1448813    /lib/i386-linux-gnu/librt-2.19.so
b3a79000-b3a7a000 rw-p 00007000 08:16 1448813    /lib/i386-linux-gnu/librt-2.19.so
b3a7a000-b3a92000 r-xp 00000000 08:16 137336     /usr/lib/i386-linux-gnu/libgomp.so.1.0.0
b3a92000-b3a93000 r--p 00017000 08:16 137336     /usr/lib/i386-linux-gnu/libgomp.so.1.0.0
b3a93000-b3a94000 rw-p 00018000 08:16 137336     /usr/lib/i386-linux-gnu/libgomp.so.1.0.0
b3a94000-b3a95000 rw-p 00000000 00:00 0 
b3a95000-b3ad6000 r-xp 00000000 08:16 145562     /usr/lib/i386-linux-gnu/libmatio.so.2.0.2
b3ad6000-b3ad7000 r--p 00040000 08:16 145562     /usr/lib/i386-linux-gnu/libmatio.so.2.0.2
b3ad7000-b3ad8000 rw-p 00041000 08:16 145562     /usr/lib/i386-linux-gnu/libmatio.so.2.0.2
b3ad8000-b3b66000 r-xp 00000000 08:16 137743     /usr/lib/i386-linux-gnu/libquadmath.so.0.0.0
b3b66000-b3b67000 r--p 0008d000 08:16 137743     /usr/lib/i386-linux-gnu/libquadmath.so.0.0.0
b3b67000-b3b68000 rw-p 0008e000 08:16 137743     /usr/lib/i386-linux-gnu/libquadmath.so.0.0.0
b3b68000-b3c73000 r-xp 00000000 08:16 145546     /usr/lib/i386-linux-gnu/libgfortran.so.3.0.0
b3c73000-b3c74000 r--p 0010a000 08:16 145546     /usr/lib/i386-linux-gnu/libgfortran.so.3.0.0
b3c74000-b3c75000 rw-p 0010b000 08:16 145546     /usr/lib/i386-linux-gnu/libgfortran.so.3.0.0
b3c75000-b3cc1000 r-xp 00000000 08:16 145579     /usr/lib/libarpack.so.2.0.0
b3cc1000-b3cc2000 r--p 0004b000 08:16 145579     /usr/lib/libarpack.so.2.0.0
b3cc2000-b3cc3000 rw-p 0004c000 08:16 145579     /usr/lib/libarpack.so.2.0.0
b3cc3000-b3cc4000 rw-p 00000000 00:00 0 
b3cc4000-b3ce8000 r-xp 00000000 08:16 1440127    /lib/i386-linux-gnu/liblzma.so.5.0.0
b3ce8000-b3ce9000 r--p 00023000 08:16 1440127    /lib/i386-linux-gnu/liblzma.so.5.0.0
b3ce9000-b3cea000 rw-p 00024000 08:16 1440127    /lib/i386-linux-gnu/liblzma.so.5.0.0
b3cea000-b3d6b000 r-xp 00000000 08:16 544141     /usr/lib/libblas/libblas.so.3.0
b3d6b000-b3d6c000 r--p 00080000 08:16 544141     /usr/lib/libblas/libblas.so.3.0
b3d6c000-b3d6d000 rw-p 00081000 08:16 544141     /usr/lib/libblas/libblas.so.3.0
b3d6d000-b4313000 r-xp 00000000 08:16 544152     /usr/lib/lapack/liblapack.so.3.0
b4313000-b4314000 r--p 005a5000 08:16 544152     /usr/lib/lapack/liblapack.so.3.0
b4314000-b4317000 rw-p 005a6000 08:16 544152     /usr/lib/lapack/liblapack.so.3.0
b4317000-b4318000 r-xp 00000000 08:16 263606     /usr/lib/scilab/libscicommons-disable.so.5.5.0
b4318000-b4319000 r--p 00000000 08:16 263606     /usr/lib/scilab/libscicommons-disable.so.5.5.0
b4319000-b431a000 rw-p 00001000 08:16 263606     /usr/lib/scilab/libscicommons-disable.so.5.5.0
b431a000-b431b000 rw-p 00000000 00:00 0 
b431b000-b431c000 r-xp 00000000 08:16 263591     /usr/lib/scilab/libscihistory_browser-disable.so.5.5.0
b431c000-b431d000 r--p 00000000 08:16 263591     /usr/lib/scilab/libscihistory_browser-disable.so.5.5.0
b431d000-b431e000 rw-p 00001000 08:16 263591     /usr/lib/scilab/libscihistory_browser-disable.so.5.5.0
b431e000-b431f000 r-xp 00000000 08:16 263598     /usr/lib/scilab/libsciui_data-disable.so.5.5.0
b431f000-b4320000 r--p 00000000 08:16 263598     /usr/lib/scilab/libsciui_data-disable.so.5.5.0
b4320000-b4321000 rw-p 00001000 08:16 263598     /usr/lib/scilab/libsciui_data-disable.so.5.5.0
b4321000-b4322000 r-xp 00000000 08:16 263588     /usr/lib/scilab/libsciscinotes-disable.so.5.5.0
b4322000-b4323000 r--p 00000000 08:16 263588     /usr/lib/scilab/libsciscinotes-disable.so.5.5.0
b4323000-b4324000 rw-p 00001000 08:16 263588     /usr/lib/scilab/libsciscinotes-disable.so.5.5.0
b4324000-b4325000 r-xp 00000000 08:16 263571     /usr/lib/scilab/libscigraphic_objects-disable.so.5.5.0
b4325000-b4326000 r--p 00000000 08:16 263571     /usr/lib/scilab/libscigraphic_objects-disable.so.5.5.0
b4326000-b4327000 rw-p 00001000 08:16 263571     /usr/lib/scilab/libscigraphic_objects-disable.so.5.5.0
b4327000-b4328000 r-xp 00000000 08:16 263572     /usr/lib/scilab/libscixcos-disable.so.5.5.0
b4328000-b4329000 r--p 00000000 08:16 263572     /usr/lib/scilab/libscixcos-disable.so.5.5.0
b4329000-b432a000 rw-p 00001000 08:16 263572     /usr/lib/scilab/libscixcos-disable.so.5.5.0
b432a000-b432b000 rw-p 00000000 00:00 0 
b432b000-b432c000 r-xp 00000000 08:16 263582     /usr/lib/scilab/libscijvm-disable.so.5.5.0
b432c000-b432d000 r--p 00000000 08:16 263582     /usr/lib/scilab/libscijvm-disable.so.5.5.0
b432d000-b432e000 rw-p 00001000 08:16 263582     /usr/lib/scilab/libscijvm-disable.so.5.5.0
b432e000-b432f000 r-xp 00000000 08:16 263581     /usr/lib/scilab/libsciaction_binding-disable.so.5.5.0
b432f000-b4330000 r--p 00000000 08:16 263581     /usr/lib/scilab/libsciaction_binding-disable.so.5.5.0
b4330000-b4331000 rw-p 00001000 08:16 263581     /usr/lib/scilab/libsciaction_binding-disable.so.5.5.0
b4331000-b4332000 r-xp 00000000 08:16 263593     /usr/lib/scilab/libscigraphic_export-disable.so.5.5.0
b4332000-b4333000 r--p 00000000 08:16 263593     /usr/lib/scilab/libscigraphic_export-disable.so.5.5.0
b4333000-b4334000 rw-p 00001000 08:16 263593     /usr/lib/scilab/libscigraphic_export-disable.so.5.5.0
b4334000-b4336000 r-xp 00000000 08:16 263605     /usr/lib/scilab/libscigraphics-disable.so.5.5.0
b4336000-b4337000 r--p 00001000 08:16 263605     /usr/lib/scilab/libscigraphics-disable.so.5.5.0
b4337000-b4338000 rw-p 00002000 08:16 263605     /usr/lib/scilab/libscigraphics-disable.so.5.5.0
b4338000-b433a000 r-xp 00000000 08:16 263602     /usr/lib/scilab/libscigui-disable.so.5.5.0
b433a000-b433b000 r--p 00001000 08:16 263602     /usr/lib/scilab/libscigui-disable.so.5.5.0
b433b000-b433c000 rw-p 00002000 08:16 263602     /usr/lib/scilab/libscigui-disable.so.5.5.0
b433c000-b433d000 rw-p 00000000 00:00 0 
b433d000-b450d000 r-xp 00000000 08:16 141550     /usr/lib/i386-linux-gnu/libfftw3.so.3.4.4
b450d000-b4519000 r--p 001cf000 08:16 141550     /usr/lib/i386-linux-gnu/libfftw3.so.3.4.4
b4519000-b451a000 rw-p 001db000 08:16 141550     /usr/lib/i386-linux-gnu/libfftw3.so.3.4.4
b451a000-b453a000 r-xp 00000000 08:16 145557     /usr/lib/i386-linux-gnu/libhdf5_hl.so.7.1.1
b453a000-b453b000 r--p 0001f000 08:16 145557     /usr/lib/i386-linux-gnu/libhdf5_hl.so.7.1.1
b453b000-b453c000 rw-p 00020000 08:16 145557     /usr/lib/i386-linux-gnu/libhdf5_hl.so.7.1.1
b453c000-b454d000 rw-p 00000000 00:00 0 
b454d000-b4812000 r-xp 00000000 08:16 145556     /usr/lib/i386-linux-gnu/libhdf5.so.7.1.1
b4812000-b4815000 r--p 002c4000 08:16 145556     /usr/lib/i386-linux-gnu/libhdf5.so.7.1.1
b4815000-b4818000 rw-p 002c7000 08:16 145556     /usr/lib/i386-linux-gnu/libhdf5.so.7.1.1
b4818000-b4819000 rw-p 00000000 00:00 0 
b4819000-b481b000 r-xp 00000000 08:16 137688     /usr/lib/i386-linux-gnu/libpcreposix.so.3.13.1
b481b000-b481c000 r--p 00001000 08:16 137688     /usr/lib/i386-linux-gnu/libpcreposix.so.3.13.1
b481c000-b481d000 rw-p 00002000 08:16 137688     /usr/lib/i386-linux-gnu/libpcreposix.so.3.13.1
b481d000-b4891000 r-xp 00000000 08:16 135414     /usr/lib/i386-linux-gnu/libcurl.so.4.3.0
b4891000-b4893000 r--p 00074000 08:16 135414     /usr/lib/i386-linux-gnu/libcurl.so.4.3.0
b4893000-b4894000 rw-p 00076000 08:16 135414     /usr/lib/i386-linux-gnu/libcurl.so.4.3.0
b4894000-b4895000 rw-p 00000000 00:00 0 
b4895000-b4f9e000 r-xp 00000000 08:16 548160     /usr/lib/jvm/java-7-openjdk-i386/jre/lib/i386/client/libjvm.so
b4f9e000-b4fb6000 r--p 00708000 08:16 548160     /usr/lib/jvm/java-7-openjdk-i386/jre/lib/i386/client/libjvm.so
b4fb6000-b4fc5000 rw-p 00720000 08:16 548160     /usr/lib/jvm/java-7-openjdk-i386/jre/lib/i386/client/libjvm.so
b4fc5000-b53df000 rw-p 00000000 00:00 0 
b53df000-b53ed000 r-xp 00000000 08:16 548158     /usr/lib/jvm/java-7-openjdk-i386/jre/lib/i386/libverify.so
b53ed000-b53ef000 r--p 0000d000 08:16 548158     /usr/lib/jvm/java-7-openjdk-i386/jre/lib/i386/libverify.so
b53ef000-b53f0000 rw-p 0000f000 08:16 548158     /usr/lib/jvm/java-7-openjdk-i386/jre/lib/i386/libverify.so
b53f0000-b5416000 r-xp 00000000 08:16 544018     /usr/lib/jvm/java-7-openjdk-i386/jre/lib/i386/libjava.so
b5416000-b5417000 r--p 00025000 08:16 544018     /usr/lib/jvm/java-7-openjdk-i386/jre/lib/i386/libjava.so
b5417000-b5418000 rw-p 00026000 08:16 544018     /usr/lib/jvm/java-7-openjdk-i386/jre/lib/i386/libjava.so
b5418000-b5556000 r-xp 00000000 08:16 145564     /usr/lib/i386-linux-gnu/libtcl8.5.so
b5556000-b555a000 r--p 0013d000 08:16 145564     /usr/lib/i386-linux-gnu/libtcl8.5.so
b555a000-b555e000 rw-p 00141000 08:16 145564     /usr/lib/i386-linux-gnu/libtcl8.5.so
b555e000-b555f000 rw-p 00000000 00:00 0 
b555f000-b5680000 r-xp 00000000 08:16 145566     /usr/lib/i386-linux-gnu/libtk8.5.so
b5680000-b5688000 r--p 00121000 08:16 145566     /usr/lib/i386-linux-gnu/libtk8.5.so
b5688000-b5691000 rw-p 00129000 08:16 145566     /usr/lib/i386-linux-gnu/libtk8.5.so
b5691000-b5693000 rw-p 00000000 00:00 0 
b5693000-b56ab000 r-xp 00000000 08:16 1448822    /lib/i386-linux-gnu/libpthread-2.19.so
b56ab000-b56ad000 r--p 00017000 08:16 1448822    /lib/i386-linux-gnu/libpthread-2.19.so
b56ad000-b56ae000 rw-p 00019000 08:16 1448822    /lib/i386-linux-gnu/libpthread-2.19.so
b56ae000-b56b0000 rw-p 00000000 00:00 0 
b56b0000-b57f7000 r-xp 00000000 08:16 136905     /usr/lib/i386-linux-gnu/libX11.so.6.3.0
b57f7000-b57f8000 r--p 00146000 08:16 136905     /usr/lib/i386-linux-gnu/libX11.so.6.3.0
b57f8000-b57fa000 rw-p 00147000 08:16 136905     /usr/lib/i386-linux-gnu/libX11.so.6.3.0
b57fa000-b57fb000 rw-p 00000000 00:00 0 
b57fb000-b57ff000 r-xp 00000000 08:16 1443608    /lib/i386-linux-gnu/libuuid.so.1.3.0
b57ff000-b5800000 r--p 00003000 08:16 1443608    /lib/i386-linux-gnu/libuuid.so.1.3.0
b5800000-b5801000 rw-p 00004000 08:16 1443608    /lib/i386-linux-gnu/libuuid.so.1.3.0
b5801000-b5817000 r-xp 00000000 08:16 136783     /usr/lib/i386-linux-gnu/libICE.so.6.3.0
b5817000-b5818000 r--p 00015000 08:16 136783     /usr/lib/i386-linux-gnu/libICE.so.6.3.0
b5818000-b5819000 rw-p 00016000 08:16 136783     /usr/lib/i386-linux-gnu/libICE.so.6.3.0
b5819000-b581b000 rw-p 00000000 00:00 0 
b581b000-b59c2000 r-xp 00000000 08:16 1448825    /lib/i386-linux-gnu/libc-2.19.so
b59c2000-b59c4000 r--p 001a7000 08:16 1448825    /lib/i386-linux-gnu/libc-2.19.so
b59c4000-b59c5000 rw-p 001a9000 08:16 1448825    /lib/i386-linux-gnu/libc-2.19.so
b59c5000-b59c9000 rw-p 00000000 00:00 0 
b59c9000-b59e5000 r-xp 00000000 08:16 1440105    /lib/i386-linux-gnu/libgcc_s.so.1
b59e5000-b59e6000 r--p 0001b000 08:16 1440105    /lib/i386-linux-gnu/libgcc_s.so.1
b59e6000-b59e7000 rw-p 0001c000 08:16 1440105    /lib/i386-linux-gnu/libgcc_s.so.1
b59e7000-b5a2b000 r-xp 00000000 08:16 1448819    /lib/i386-linux-gnu/libm-2.19.so
b5a2b000-b5a2c000 r--p 00043000 08:16 1448819    /lib/i386-linux-gnu/libm-2.19.so
b5a2c000-b5a2d000 rw-p 00044000 08:16 1448819    /lib/i386-linux-gnu/libm-2.19.so
b5a2d000-b5b16000 r-xp 00000000 08:16 137855     /usr/lib/i386-linux-gnu/libstdc++.so.6.0.20
b5b16000-b5b1a000 r--p 000e9000 08:16 137855     /usr/lib/i386-linux-gnu/libstdc++.so.6.0.20
b5b1a000-b5b1b000 rw-p 000ed000 08:16 137855     /usr/lib/i386-linux-gnu/libstdc++.so.6.0.20
b5b1b000-b5b22000 rw-p 00000000 00:00 0 
b5b22000-b5dd9000 r-xp 00000000 08:16 145236     /usr/lib/i386-linux-gnu/libmysqlclient.so.18.0.0
b5dd9000-b5ddd000 r--p 002b7000 08:16 145236     /usr/lib/i386-linux-gnu/libmysqlclient.so.18.0.0
b5ddd000-b5e53000 rw-p 002bb000 08:16 145236     /usr/lib/i386-linux-gnu/libmysqlclient.so.18.0.0
b5e53000-b5e56000 rw-p 00000000 00:00 0 
b5e56000-b5e6e000 r-xp 00000000 08:16 1440109    /lib/i386-linux-gnu/libz.so.1.2.8_sav
b5e6e000-b5e6f000 r--p 00017000 08:16 1440109    /lib/i386-linux-gnu/libz.so.1.2.8_sav
b5e6f000-b5e70000 rw-p 00018000 08:16 1440109    /lib/i386-linux-gnu/libz.so.1.2.8_sav
b5e70000-b5e71000 rw-p 00000000 00:00 0 
b5e71000-b5ea9000 r-xp 00000000 08:16 263590     /usr/lib/scilab/libscixml.so.5.5.0
b5ea9000-b5eaa000 r--p 00037000 08:16 263590     /usr/lib/scilab/libscixml.so.5.5.0
b5eaa000-b5eab000 rw-p 00038000 08:16 263590     /usr/lib/scilab/libscixml.so.5.5.0
b5eab000-b5eba000 r-xp 00000000 08:16 263831     /usr/lib/scilab/libscixcos.so.5.5.0
b5eba000-b5ebb000 r--p 0000e000 08:16 263831     /usr/lib/scilab/libscixcos.so.5.5.0
b5ebb000-b5ebc000 rw-p 0000f000 08:16 263831     /usr/lib/scilab/libscixcos.so.5.5.0
b5ebc000-b5ecd000 r-xp 00000000 08:16 263577     /usr/lib/scilab/libsciumfpack.so.5.5.0
b5ecd000-b5ece000 r--p 00011000 08:16 263577     /usr/lib/scilab/libsciumfpack.so.5.5.0
b5ece000-b5ecf000 rw-p 00012000 08:16 263577     /usr/lib/scilab/libsciumfpack.so.5.5.0
b5ecf000-b5ee8000 r-xp 00000000 08:16 263826     /usr/lib/scilab/libsciui_data.so.5.5.0
b5ee8000-b5eea000 r--p 00018000 08:16 263826     /usr/lib/scilab/libsciui_data.so.5.5.0
b5eea000-b5eeb000 rw-p 0001a000 08:16 263826     /usr/lib/scilab/libsciui_data.so.5.5.0
b5eeb000-b5f05000 r-xp 00000000 08:16 263828     /usr/lib/scilab/libscitypes.so.5.5.0
b5f05000-b5f06000 r--p 00019000 08:16 263828     /usr/lib/scilab/libscitypes.so.5.5.0
b5f06000-b5f07000 rw-p 0001a000 08:16 263828     /usr/lib/scilab/libscitypes.so.5.5.0
b5f07000-b5f08000 rw-p 00000000 00:00 0 
b5f08000-b5f13000 r-xp 00000000 08:16 263595     /usr/lib/scilab/libscitclsci.so.5.5.0
b5f13000-b5f14000 r--p 0000a000 08:16 263595     /usr/lib/scilab/libscitclsci.so.5.5.0
b5f14000-b5f15000 rw-p 0000b000 08:16 263595     /usr/lib/scilab/libscitclsci.so.5.5.0
b5f15000-b5f1a000 r-xp 00000000 08:16 263601     /usr/lib/scilab/libscisymbolic.so.5.5.0
b5f1a000-b5f1b000 r--p 00004000 08:16 263601     /usr/lib/scilab/libscisymbolic.so.5.5.0
b5f1b000-b5f1c000 rw-p 00005000 08:16 263601     /usr/lib/scilab/libscisymbolic.so.5.5.0
b5f1c000-b5fd6000 rw-p 00000000 00:00 0 
b5fd6000-b6003000 r-xp 00000000 08:16 263570     /usr/lib/scilab/libscisundials.so.5.5.0
b6003000-b6004000 r--p 0002c000 08:16 263570     /usr/lib/scilab/libscisundials.so.5.5.0
b6004000-b6005000 rw-p 0002d000 08:16 263570     /usr/lib/scilab/libscisundials.so.5.5.0
b6005000-b6022000 r-xp 00000000 08:16 263585     /usr/lib/scilab/libscistatistics.so.5.5.0
b6022000-b6023000 r--p 0001c000 08:16 263585     /usr/lib/scilab/libscistatistics.so.5.5.0
b6023000-b6024000 rw-p 0001d000 08:16 263585     /usr/lib/scilab/libscistatistics.so.5.5.0
b6024000-b60de000 rw-p 00000000 00:00 0 
b60de000-b60fa000 r-xp 00000000 08:16 263587     /usr/lib/scilab/libscispreadsheet.so.5.5.0
b60fa000-b60fb000 r--p 0001b000 08:16 263587     /usr/lib/scilab/libscispreadsheet.so.5.5.0
b60fb000-b60fc000 rw-p 0001c000 08:16 263587     /usr/lib/scilab/libscispreadsheet.so.5.5.0
b60fc000-b60fd000 rw-p 00000000 00:00 0 
b60fd000-b611c000 r-xp 00000000 08:16 263603     /usr/lib/scilab/libscispecial_functions.so.5.5.0
b611c000-b611d000 r--p 0001e000 08:16 263603     /usr/lib/scilab/libscispecial_functions.so.5.5.0
b611d000-b611e000 rw-p 0001f000 08:16 263603     /usr/lib/scilab/libscispecial_functions.so.5.5.0
b611e000-b6120000 r-xp 00000000 08:16 263578     /usr/lib/scilab/libscisound.so.5.5.0
b6120000-b6121000 r--p 00001000 08:16 263578     /usr/lib/scilab/libscisound.so.5.5.0
b6121000-b6122000 rw-p 00002000 08:16 263578     /usr/lib/scilab/libscisound.so.5.5.0
b6122000-b613e000 r-xp 00000000 08:16 263592     /usr/lib/scilab/libscisignal_processing.so.5.5.0
b613e000-b613f000 r--p 0001b000 08:16 263592     /usr/lib/scilab/libscisignal_processing.so.5.5.0
b613f000-b6140000 rw-p 0001c000 08:16 263592     /usr/lib/scilab/libscisignal_processing.so.5.5.0
b6140000-b61fa000 rw-p 00000000 00:00 0 
b61fa000-b6201000 r-xp 00000000 08:16 263838     /usr/lib/scilab/libsciscinotes.so.5.5.0
b6201000-b6202000 r--p 00006000 08:16 263838     /usr/lib/scilab/libsciscinotes.so.5.5.0
b6202000-b6203000 rw-p 00007000 08:16 263838     /usr/lib/scilab/libsciscinotes.so.5.5.0
b6203000-b6253000 r-xp 00000000 08:16 263844     /usr/lib/scilab/libsciscicos-cli.so.5.5.0
b6253000-b6255000 r--p 00050000 08:16 263844     /usr/lib/scilab/libsciscicos-cli.so.5.5.0
b6255000-b6257000 rw-p 00052000 08:16 263844     /usr/lib/scilab/libsciscicos-cli.so.5.5.0
b6257000-b6314000 rw-p 00000000 00:00 0 
b6314000-b6366000 r-xp 00000000 08:16 263836     /usr/lib/scilab/libsciscicos_blocks-cli.so.5.5.0
b6366000-b6367000 r--p 00051000 08:16 263836     /usr/lib/scilab/libsciscicos_blocks-cli.so.5.5.0
b6367000-b6368000 rw-p 00052000 08:16 263836     /usr/lib/scilab/libsciscicos_blocks-cli.so.5.5.0
b6368000-b6424000 rw-p 00000000 00:00 0 
b6424000-b6478000 r-xp 00000000 08:16 263839     /usr/lib/scilab/libsciscicos_blocks.so.5.5.0
b6478000-b6479000 r--p 00053000 08:16 263839     /usr/lib/scilab/libsciscicos_blocks.so.5.5.0
b6479000-b647a000 rw-p 00054000 08:16 263839     /usr/lib/scilab/libsciscicos_blocks.so.5.5.0
b647a000-b6536000 rw-p 00000000 00:00 0 
b6536000-b6586000 r-xp 00000000 08:16 263840     /usr/lib/scilab/libsciscicos.so.5.5.0
b6586000-b6588000 r--p 00050000 08:16 263840     /usr/lib/scilab/libsciscicos.so.5.5.0
b6588000-b658a000 rw-p 00052000 08:16 263840     /usr/lib/scilab/libsciscicos.so.5.5.0
b658a000-b6646000 rw-p 00000000 00:00 0 
b6646000-b6650000 r-xp 00000000 08:16 263835     /usr/lib/scilab/libscirenderer.so.5.5.0
b6650000-b6651000 r--p 00009000 08:16 263835     /usr/lib/scilab/libscirenderer.so.5.5.0
b6651000-b6652000 rw-p 0000a000 08:16 263835     /usr/lib/scilab/libscirenderer.so.5.5.0
b6652000-b6664000 r-xp 00000000 08:16 263573     /usr/lib/scilab/libscirandlib.so.5.5.0
b6664000-b6665000 r--p 00011000 08:16 263573     /usr/lib/scilab/libscirandlib.so.5.5.0
b6665000-b6666000 rw-p 00012000 08:16 263573     /usr/lib/scilab/libscirandlib.so.5.5.0
b6666000-b6723000 rw-p 00000000 00:00 0 
b6723000-b6725000 r-xp 00000000 08:16 263589     /usr/lib/scilab/libscipreferences-cli.so.5.5.0
b6725000-b6726000 r--p 00002000 08:16 263589     /usr/lib/scilab/libscipreferences-cli.so.5.5.0
b6726000-b6727000 rw-p 00003000 08:16 263589     /usr/lib/scilab/libscipreferences-cli.so.5.5.0
b6727000-b672d000 r-xp 00000000 08:16 263851     /usr/lib/scilab/libscipreferences.so.5.5.0
b672d000-b672e000 r--p 00005000 08:16 263851     /usr/lib/scilab/libscipreferences.so.5.5.0
b672e000-b672f000 rw-p 00006000 08:16 263851     /usr/lib/scilab/libscipreferences.so.5.5.0
b672f000-b6736000 r-xp 00000000 08:16 263580     /usr/lib/scilab/libsciparallel.so.5.5.0
b6736000-b6737000 r--p 00006000 08:16 263580     /usr/lib/scilab/libsciparallel.so.5.5.0
b6737000-b6738000 rw-p 00007000 08:16 263580     /usr/lib/scilab/libsciparallel.so.5.5.0
b6738000-b6794000 r-xp 00000000 08:16 263575     /usr/lib/scilab/libscioptimization.so.5.5.0
b6794000-b6795000 r--p 0005b000 08:16 263575     /usr/lib/scilab/libscioptimization.so.5.5.0
b6795000-b6796000 rw-p 0005c000 08:16 263575     /usr/lib/scilab/libscioptimization.so.5.5.0
b6796000-b6850000 rw-p 00000000 00:00 0 
b6850000-b685e000 r-xp 00000000 08:16 263599     /usr/lib/scilab/libscimatio.so.5.5.0
b685e000-b685f000 r--p 0000d000 08:16 263599     /usr/lib/scilab/libscimatio.so.5.5.0
b685f000-b6860000 rw-p 0000e000 08:16 263599     /usr/lib/scilab/libscimatio.so.5.5.0
b6860000-b6861000 rw-p 00000000 00:00 0 
b6861000-b6867000 r-xp 00000000 08:16 263597     /usr/lib/scilab/libscilocalization.so.5.5.0
b6867000-b6868000 r--p 00005000 08:16 263597     /usr/lib/scilab/libscilocalization.so.5.5.0
b6868000-b686f000 rw-p 00006000 08:16 263597     /usr/lib/scilab/libscilocalization.so.5.5.0
b686f000-b6ce1000 r-xp 00000000 08:16 263574     /usr/lib/scilab/libscilab-cli.so.0.0.0
b6ce1000-b6ce2000 r--p 00472000 08:16 263574     /usr/lib/scilab/libscilab-cli.so.0.0.0
b6ce2000-b6cea000 rw-p 00473000 08:16 263574     /usr/lib/scilab/libscilab-cli.so.0.0.0
b6cea000-b6e39000 rw-p 00000000 00:00 0 
b6e39000-b6e42000 r-xp 00000000 08:16 263845     /usr/lib/scilab/libscijvm.so.5.5.0
b6e42000-b6e43000 r--p 00008000 08:16 263845     /usr/lib/scilab/libscijvm.so.5.5.0
b6e43000-b6e44000 rw-p 00009000 08:16 263845     /usr/lib/scilab/libscijvm.so.5.5.0
b6e44000-b6e5a000 r-xp 00000000 08:16 263594     /usr/lib/scilab/libsciinterpolation.so.5.5.0
b6e5a000-b6e5b000 r--p 00015000 08:16 263594     /usr/lib/scilab/libsciinterpolation.so.5.5.0
b6e5b000-b6e5c000 rw-p 00016000 08:16 263594     /usr/lib/scilab/libsciinterpolation.so.5.5.0
b6e5c000-b6e6c000 r-xp 00000000 08:16 263583     /usr/lib/scilab/libscihistory_manager.so.5.5.0
b6e6c000-b6e6d000 r--p 0000f000 08:16 263583     /usr/lib/scilab/libscihistory_manager.so.5.5.0
b6e6d000-b6e6e000 rw-p 00010000 08:16 263583     /usr/lib/scilab/libscihistory_manager.so.5.5.0
b6e6e000-b6e6f000 rw-p 00000000 00:00 0 
b6e6f000-b6e74000 r-xp 00000000 08:16 263834     /usr/lib/scilab/libscihistory_browser.so.5.5.0
b6e74000-b6e75000 r--p 00004000 08:16 263834     /usr/lib/scilab/libscihistory_browser.so.5.5.0
b6e75000-b6e76000 rw-p 00005000 08:16 263834     /usr/lib/scilab/libscihistory_browser.so.5.5.0
b6e76000-b6e7f000 r-xp 00000000 08:16 263827     /usr/lib/scilab/libscihelptools.so.5.5.0
b6e7f000-b6e80000 r--p 00008000 08:16 263827     /usr/lib/scilab/libscihelptools.so.5.5.0
b6e80000-b6e81000 rw-p 00009000 08:16 263827     /usr/lib/scilab/libscihelptools.so.5.5.0
b6e81000-b6f41000 r-xp 00000000 08:16 263579     /usr/lib/scilab/libscihdf5.so.5.5.0
b6f41000-b6f45000 r--p 000bf000 08:16 263579     /usr/lib/scilab/libscihdf5.so.5.5.0
b6f45000-b6f46000 rw-p 000c3000 08:16 263579     /usr/lib/scilab/libscihdf5.so.5.5.0
b6f46000-b6fb2000 r-xp 00000000 08:16 263852     /usr/lib/scilab/libscigui.so.5.5.0
b6fb2000-b6fb3000 r--p 0006c000 08:16 263852     /usr/lib/scilab/libscigui.so.5.5.0
b6fb3000-b6fb4000 rw-p 0006d000 08:16 263852     /usr/lib/scilab/libscigui.so.5.5.0
b6fb4000-b7047000 r-xp 00000000 08:16 263850     /usr/lib/scilab/libscigraphics.so.5.5.0
b7047000-b7049000 r--p 00092000 08:16 263850     /usr/lib/scilab/libscigraphics.so.5.5.0
b7049000-b704b000 rw-p 00094000 08:16 263850     /usr/lib/scilab/libscigraphics.so.5.5.0
b704b000-b704c000 rw-p 00000000 00:00 0 
b704c000-b70ce000 r-xp 00000000 08:16 263837     /usr/lib/scilab/libscigraphic_objects.so.5.5.0
b70ce000-b70d0000 r--p 00081000 08:16 263837     /usr/lib/scilab/libscigraphic_objects.so.5.5.0
b70d0000-b70d1000 rw-p 00083000 08:16 263837     /usr/lib/scilab/libscigraphic_objects.so.5.5.0
b70d1000-b718f000 rw-p 00000000 00:00 0 
b718f000-b7198000 r-xp 00000000 08:16 263833     /usr/lib/scilab/libscigraphic_export.so.5.5.0
b7198000-b7199000 r--p 00008000 08:16 263833     /usr/lib/scilab/libscigraphic_export.so.5.5.0
b7199000-b719a000 rw-p 00009000 08:16 263833     /usr/lib/scilab/libscigraphic_export.so.5.5.0
b719a000-b71a4000 r-xp 00000000 08:16 263604     /usr/lib/scilab/libscifunctions.so.5.5.0
b71a4000-b71a5000 r--p 00009000 08:16 263604     /usr/lib/scilab/libscifunctions.so.5.5.0
b71a5000-b71a6000 rw-p 0000a000 08:16 263604     /usr/lib/scilab/libscifunctions.so.5.5.0
b71a6000-b7260000 rw-p 00000000 00:00 0 
b7260000-b7299000 r-xp 00000000 08:16 263846     /usr/lib/scilab/libsciexternal_objects_java.so.5.5.0
b7299000-b729a000 r--p 00038000 08:16 263846     /usr/lib/scilab/libsciexternal_objects_java.so.5.5.0
b729a000-b729b000 rw-p 00039000 08:16 263846     /usr/lib/scilab/libsciexternal_objects_java.so.5.5.0
b729b000-b72c4000 r-xp 00000000 08:16 263600     /usr/lib/scilab/libsciexternal_objects.so.5.5.0
b72c4000-b72c5000 r--p 00028000 08:16 263600     /usr/lib/scilab/libsciexternal_objects.so.5.5.0
b72c5000-b72c6000 rw-p 00029000 08:16 263600     /usr/lib/scilab/libsciexternal_objects.so.5.5.0
b72c6000-b72c7000 rw-p 00000000 00:00 0 
b72c7000-b72d2000 r-xp 00000000 08:16 263586     /usr/lib/scilab/libsciconsole-minimal.so.5.5.0
b72d2000-b72d3000 r--p 0000a000 08:16 263586     /usr/lib/scilab/libsciconsole-minimal.so.5.5.0
b72d3000-b72d4000 rw-p 0000b000 08:16 263586     /usr/lib/scilab/libsciconsole-minimal.so.5.5.0
b72d4000-b72dd000 r-xp 00000000 08:16 263832     /usr/lib/scilab/libsciconsole.so.5.5.0
b72dd000-b72de000 r--p 00008000 08:16 263832     /usr/lib/scilab/libsciconsole.so.5.5.0
b72de000-b72df000 rw-p 00009000 08:16 263832     /usr/lib/scilab/libsciconsole.so.5.5.0
b72df000-b72f0000 r-xp 00000000 08:16 263576     /usr/lib/scilab/libscicompletion.so.5.5.0
b72f0000-b72f1000 r--p 00010000 08:16 263576     /usr/lib/scilab/libscicompletion.so.5.5.0
b72f1000-b72f2000 rw-p 00011000 08:16 263576     /usr/lib/scilab/libscicompletion.so.5.5.0
b72f2000-b72fb000 r-xp 00000000 08:16 263829     /usr/lib/scilab/libscicommons.so.5.5.0
b72fb000-b72fc000 r--p 00008000 08:16 263829     /usr/lib/scilab/libscicommons.so.5.5.0
b72fc000-b72fd000 rw-p 00009000 08:16 263829     /usr/lib/scilab/libscicommons.so.5.5.0
b72fd000-b7301000 r-xp 00000000 08:16 263584     /usr/lib/scilab/libscicall_scilab.so.5.5.0
b7301000-b7302000 r--p 00003000 08:16 263584     /usr/lib/scilab/libscicall_scilab.so.5.5.0
b7302000-b7303000 rw-p 00004000 08:16 263584     /usr/lib/scilab/libscicall_scilab.so.5.5.0
b7303000-b7304000 rw-p 00000000 00:00 0 
b7304000-b7318000 r-xp 00000000 08:16 263596     /usr/lib/scilab/libsciarnoldi.so.5.5.0
b7318000-b7319000 r--p 00013000 08:16 263596     /usr/lib/scilab/libsciarnoldi.so.5.5.0
b7319000-b731a000 rw-p 00014000 08:16 263596     /usr/lib/scilab/libsciarnoldi.so.5.5.0
b731a000-b731e000 r-xp 00000000 08:16 263830     /usr/lib/scilab/libsciaction_binding.so.5.5.0
b731e000-b731f000 r--p 00003000 08:16 263830     /usr/lib/scilab/libsciaction_binding.so.5.5.0
b731f000-b7320000 rw-p 00004000 08:16 263830     /usr/lib/scilab/libsciaction_binding.so.5.5.0
b7320000-b738f000 r-xp 00000000 08:16 1440187    /lib/i386-linux-gnu/libpcre.so.3.13.1
b738f000-b7390000 r--p 0006e000 08:16 1440187    /lib/i386-linux-gnu/libpcre.so.3.13.1
b7390000-b7391000 rw-p 0006f000 08:16 1440187    /lib/i386-linux-gnu/libpcre.so.3.13.1
b7391000-b750a000 r-xp 00000000 08:16 138029     /usr/lib/i386-linux-gnu/libxml2.so.2.9.1
b750a000-b7510000 r--p 00179000 08:16 138029     /usr/lib/i386-linux-gnu/libxml2.so.2.9.1
b7510000-b7511000 rw-p 0017f000 08:16 138029     /usr/lib/i386-linux-gnu/libxml2.so.2.9.1
b7511000-b7512000 rw-p 00000000 00:00 0 
b7512000-b7513000 r-xp 00000000 08:16 263825     /usr/lib/scilab/libscilab.so.0.0.0
b7513000-b7514000 r--p 00000000 08:16 263825     /usr/lib/scilab/libscilab.so.0.0.0
b7514000-b7515000 rw-p 00001000 08:16 263825     /usr/lib/scilab/libscilab.so.0.0.0
b7515000-b7516000 rw-p 00000000 00:00 0 
b7516000-b7519000 r-xp 00000000 08:16 1448831    /lib/i386-linux-gnu/libdl-2.19.so
b7519000-b751a000 r--p 00002000 08:16 1448831    /lib/i386-linux-gnu/libdl-2.19.so
b751a000-b751b000 rw-p 00003000 08:16 1448831    /lib/i386-linux-gnu/libdl-2.19.so
b751b000-b75d9000 r-xp 00000000 08:16 221633     /usr/lib/i386-linux-gnu/libtcl8.4.so
b75d9000-b75da000 ---p 000be000 08:16 221633     /usr/lib/i386-linux-gnu/libtcl8.4.so
b75da000-b75dc000 r--p 000be000 08:16 221633     /usr/lib/i386-linux-gnu/libtcl8.4.so
b75dc000-b75e0000 rw-p 000c0000 08:16 221633     /usr/lib/i386-linux-gnu/libtcl8.4.so
b75e0000-b76c4000 r-xp 00000000 08:16 221635     /usr/lib/i386-linux-gnu/libtk8.4.so
b76c4000-b76ca000 r--p 000e3000 08:16 221635     /usr/lib/i386-linux-gnu/libtk8.4.so
b76ca000-b76d0000 rw-p 000e9000 08:16 221635     /usr/lib/i386-linux-gnu/libtk8.4.so
b76d0000-b76d1000 rw-p 00000000 00:00 0 
b76d1000-b76f1000 r-xp 00000000 08:16 1440232    /lib/i386-linux-gnu/libtinfo.so.5.9
b76f1000-b76f3000 r--p 00020000 08:16 1440232    /lib/i386-linux-gnu/libtinfo.so.5.9
b76f3000-b76f4000 rw-p 00022000 08:16 1440232    /lib/i386-linux-gnu/libtinfo.so.5.9
b76f4000-b771a000 r-xp 00000000 08:16 1440138    /lib/i386-linux-gnu/libncurses.so.5.9
b771a000-b771b000 r--p 00025000 08:16 1440138    /lib/i386-linux-gnu/libncurses.so.5.9
b771b000-b771c000 rw-p 00026000 08:16 1440138    /lib/i386-linux-gnu/libncurses.so.5.9
b771c000-b771d000 rw-p 00000000 00:00 0 
b771d000-b7724000 r-xp 00000000 08:16 136901     /usr/lib/i386-linux-gnu/libSM.so.6.0.1
b7724000-b7725000 r--p 00006000 08:16 136901     /usr/lib/i386-linux-gnu/libSM.so.6.0.1
b7725000-b7726000 rw-p 00007000 08:16 136901     /usr/lib/i386-linux-gnu/libSM.so.6.0.1
b7726000-b7727000 r--s 00002000 08:16 558363     /usr/lib/jvm/java-7-openjdk-i386/jre/lib/ext/dnsns.jar
b7727000-b7728000 r--p 00859000 08:16 140341     /usr/lib/locale/locale-archive
b7728000-b7730000 rw-s 00000000 08:16 1329581    /tmp/hsperfdata_frederickerdraon/1909
b7730000-b773a000 r-xp 00000000 08:16 1448812    /lib/i386-linux-gnu/libnss_nis-2.19.so
b773a000-b773b000 r--p 00009000 08:16 1448812    /lib/i386-linux-gnu/libnss_nis-2.19.so
b773b000-b773c000 rw-p 0000a000 08:16 1448812    /lib/i386-linux-gnu/libnss_nis-2.19.so
b773c000-b7743000 r-xp 00000000 08:16 1448826    /lib/i386-linux-gnu/libnss_compat-2.19.so
b7743000-b7744000 r--p 00006000 08:16 1448826    /lib/i386-linux-gnu/libnss_compat-2.19.so
b7744000-b7745000 rw-p 00007000 08:16 1448826    /lib/i386-linux-gnu/libnss_compat-2.19.so
b7745000-b7746000 rw-p 00000000 00:00 0 
b7746000-b7747000 r--p 00000000 00:00 0 
b7747000-b7748000 r--p 00855000 08:16 140341     /usr/lib/locale/locale-archive
b7748000-b7749000 rw-s 00000000 00:04 128070     /dev/zero (deleted)
b7749000-b774a000 rw-p 00000000 00:00 0 
b774a000-b774b000 rw-s 00000000 00:04 128069     /dev/zero (deleted)
b774b000-b774c000 rw-s 00000000 00:04 128068     /dev/zero (deleted)
b774c000-b774e000 rw-p 00000000 00:00 0 
b774e000-b774f000 r-xp 00000000 00:00 0          [vdso]
b774f000-b7751000 r--p 00000000 00:00 0          [vvar]
b7751000-b7771000 r-xp 00000000 08:16 1448817    /lib/i386-linux-gnu/ld-2.19.so
b7771000-b7772000 r--p 0001f000 08:16 1448817    /lib/i386-linux-gnu/ld-2.19.so
b7772000-b7773000 rw-p 00020000 08:16 1448817    /lib/i386-linux-gnu/ld-2.19.so
bfe4d000-bfe4e000 rwxp 00000000 00:00 0 
bfe51000-bfe54000 ---p 00000000 00:00 0 
bfe55000-bfea1000 rwxp 00000000 00:00 0          [stack]
bfea1000-bfea2000 rw-p 00000000 00:00 0 

VM Arguments:
jvm_args: -Djava.library.path= -Djava.util.logging.config.file=/usr/share/scilab/etc/logging.properties -Djava.compiler=JIT -Xmx256m -Xrs -Dawt.useSystemAAFontSettings=on -Djogamp.gluegen.UseTempJarCache=false 
java_command: <unknown>
Launcher Type: generic

Environment Variables:
PATH=/usr/local/sbin:/usr/local/bin:/usr/sbin:/usr/bin:/sbin:/bin:/usr/games:/usr/local/games:/home/frederickerdraon/Downloads/jdk1.8.0_77/:/home/frederickerdraon/bin:/home/frederickerdraon/Downloads/jdk1.8.0_77/:/home/frederickerdraon/bin
LD_LIBRARY_PATH=:/usr/lib/scilab/:/usr/lib/jvm/java-7-openjdk-i386/jre/lib/i386/:/usr/lib/jvm/java-7-openjdk-i386/jre/lib/i386/client/:/usr/lib/scilab/:/usr/lib/jvm/java-7-openjdk-i386/jre/lib/i386/:/usr/lib/jvm/java-7-openjdk-i386/jre/lib/i386/client/
SHELL=/bin/bash
DISPLAY=:0
HOSTTYPE=i686-linux
OSTYPE=linux
MACHTYPE=i686

Signal Handlers:
SIGSEGV: [libjvm.so+0x4cf9a0], sa_mask[0]=0x7ffbfeff, sa_flags=0x10000004
SIGBUS: [libjvm.so+0x4cf9a0], sa_mask[0]=0x7ffbfeff, sa_flags=0x10000004
SIGFPE: [libjvm.so+0x3bc380], sa_mask[0]=0x7ffbfeff, sa_flags=0x10000004
SIGPIPE: SIG_IGN, sa_mask[0]=0x00001000, sa_flags=0x10000000
SIGXFSZ: [libjvm.so+0x3bc380], sa_mask[0]=0x7ffbfeff, sa_flags=0x10000004
SIGILL: [libjvm.so+0x3bc380], sa_mask[0]=0x7ffbfeff, sa_flags=0x10000004
SIGUSR1: SIG_DFL, sa_mask[0]=0x00000000, sa_flags=0x00000000
SIGUSR2: [libjvm.so+0x3bc1d0], sa_mask[0]=0x00000000, sa_flags=0x10000004
SIGHUP: SIG_DFL, sa_mask[0]=0x00000000, sa_flags=0x00000000
SIGINT: SIG_DFL, sa_mask[0]=0x00000000, sa_flags=0x00000000
SIGTERM: SIG_DFL, sa_mask[0]=0x00000000, sa_flags=0x00000000
SIGQUIT: SIG_DFL, sa_mask[0]=0x00000000, sa_flags=0x00000000
SIGTRAP: SIG_DFL, sa_mask[0]=0x00000000, sa_flags=0x00000000


---------------  S Y S T E M  ---------------

OS:Ubuntu 14.10 (utopic)
uname:Linux 3.16.0-37-generic #51-Ubuntu SMP Tue May 5 13:46:54 UTC 2015 i686
libc:glibc 2.19 NPTL 2.19 
rlimit: STACK 8192k, CORE 0k, NPROC 64071, NOFILE 4096, AS infinity
load average:1.18 1.25 1.27

/proc/meminfo:
MemTotal:        8221572 kB
MemFree:         5183024 kB
MemAvailable:    6398264 kB
Buffers:          226644 kB
Cached:          1278652 kB
SwapCached:            0 kB
Active:          2326580 kB
Inactive:         549484 kB
Active(anon):    1378380 kB
Inactive(anon):    32968 kB
Active(file):     948200 kB
Inactive(file):   516516 kB
Unevictable:          32 kB
Mlocked:              32 kB
HighTotal:       7395004 kB
HighFree:        4839320 kB
LowTotal:         826568 kB
LowFree:          343704 kB
SwapTotal:       2257096 kB
SwapFree:        2257096 kB
Dirty:              1300 kB
Writeback:             0 kB
AnonPages:       1370732 kB
Mapped:           371216 kB
Shmem:             40592 kB
Slab:             101588 kB
SReclaimable:      76088 kB
SUnreclaim:        25500 kB
KernelStack:        4720 kB
PageTables:        13576 kB
NFS_Unstable:          0 kB
Bounce:                0 kB
WritebackTmp:          0 kB
CommitLimit:     6367880 kB
Committed_AS:    5663592 kB
VmallocTotal:     122880 kB
VmallocUsed:       12500 kB
VmallocChunk:     104068 kB
AnonHugePages:    489472 kB
HugePages_Total:       0
HugePages_Free:        0
HugePages_Rsvd:        0
HugePages_Surp:        0
Hugepagesize:       2048 kB
DirectMap4k:       22520 kB
DirectMap2M:      886784 kB


CPU:total 4 (2 cores per cpu, 2 threads per core) family 6 model 60 stepping 3, cmov, cx8, fxsr, mmx, sse, sse2, sse3, ssse3, sse4.1, sse4.2, popcnt, avx, avx2, aes, erms, ht, tsc, tscinvbit

/proc/cpuinfo:
processor	: 0
vendor_id	: GenuineIntel
cpu family	: 6
model		: 60
model name	: Intel(R) Core(TM) i5-4210H CPU @ 2.90GHz
stepping	: 3
microcode	: 0x1c
cpu MHz		: 3402.062
cache size	: 3072 KB
physical id	: 0
siblings	: 4
core id		: 0
cpu cores	: 2
apicid		: 0
initial apicid	: 0
fdiv_bug	: no
f00f_bug	: no
coma_bug	: no
fpu		: yes
fpu_exception	: yes
cpuid level	: 13
wp		: yes
flags		: fpu vme de pse tsc msr pae mce cx8 apic sep mtrr pge mca cmov pat pse36 clflush dts acpi mmx fxsr sse sse2 ss ht tm pbe nx pdpe1gb rdtscp lm constant_tsc arch_perfmon pebs bts xtopology nonstop_tsc aperfmperf eagerfpu pni pclmulqdq dtes64 monitor ds_cpl vmx est tm2 ssse3 fma cx16 xtpr pdcm pcid sse4_1 sse4_2 x2apic movbe popcnt tsc_deadline_timer aes xsave avx f16c rdrand lahf_lm abm ida arat epb xsaveopt pln pts dtherm tpr_shadow vnmi flexpriority ept vpid fsgsbase tsc_adjust bmi1 avx2 smep bmi2 erms invpcid
bogomips	: 5787.01
clflush size	: 64
cache_alignment	: 64
address sizes	: 39 bits physical, 48 bits virtual
power management:

processor	: 1
vendor_id	: GenuineIntel
cpu family	: 6
model		: 60
model name	: Intel(R) Core(TM) i5-4210H CPU @ 2.90GHz
stepping	: 3
microcode	: 0x1c
cpu MHz		: 3412.824
cache size	: 3072 KB
physical id	: 0
siblings	: 4
core id		: 1
cpu cores	: 2
apicid		: 2
initial apicid	: 2
fdiv_bug	: no
f00f_bug	: no
coma_bug	: no
fpu		: yes
fpu_exception	: yes
cpuid level	: 13
wp		: yes
flags		: fpu vme de pse tsc msr pae mce cx8 apic sep mtrr pge mca cmov pat pse36 clflush dts acpi mmx fxsr sse sse2 ss ht tm pbe nx pdpe1gb rdtscp lm constant_tsc arch_perfmon pebs bts xtopology nonstop_tsc aperfmperf eagerfpu pni pclmulqdq dtes64 monitor ds_cpl vmx est tm2 ssse3 fma cx16 xtpr pdcm pcid sse4_1 sse4_2 x2apic movbe popcnt tsc_deadline_timer aes xsave avx f16c rdrand lahf_lm abm ida arat epb xsaveopt pln pts dtherm tpr_shadow vnmi flexpriority ept vpid fsgsbase tsc_adjust bmi1 avx2 smep bmi2 erms invpcid
bogomips	: 5787.01
clflush size	: 64
cache_alignment	: 64
address sizes	: 39 bits physical, 48 bits virtual
power management:

processor	: 2
vendor_id	: GenuineIntel
cpu family	: 6
model		: 60
model name	: Intel(R) Core(TM) i5-4210H CPU @ 2.90GHz
stepping	: 3
microcode	: 0x1c
cpu MHz		: 3342.929
cache size	: 3072 KB
physical id	: 0
siblings	: 4
core id		: 0
cpu cores	: 2
apicid		: 1
initial apicid	: 1
fdiv_bug	: no
f00f_bug	: no
coma_bug	: no
fpu		: yes
fpu_exception	: yes
cpuid level	: 13
wp		: yes
flags		: fpu vme de pse tsc msr pae mce cx8 apic sep mtrr pge mca cmov pat pse36 clflush dts acpi mmx fxsr sse sse2 ss ht tm pbe nx pdpe1gb rdtscp lm constant_tsc arch_perfmon pebs bts xtopology nonstop_tsc aperfmperf eagerfpu pni pclmulqdq dtes64 monitor ds_cpl vmx est tm2 ssse3 fma cx16 xtpr pdcm pcid sse4_1 sse4_2 x2apic movbe popcnt tsc_deadline_timer aes xsave avx f16c rdrand lahf_lm abm ida arat epb xsaveopt pln pts dtherm tpr_shadow vnmi flexpriority ept vpid fsgsbase tsc_adjust bmi1 avx2 smep bmi2 erms invpcid
bogomips	: 5787.01
clflush size	: 64
cache_alignment	: 64
address sizes	: 39 bits physical, 48 bits virtual
power management:

processor	: 3
vendor_id	: GenuineIntel
cpu family	: 6
model		: 60
model name	: Intel(R) Core(TM) i5-4210H CPU @ 2.90GHz
stepping	: 3
microcode	: 0x1c
cpu MHz		: 3421.773
cache size	: 3072 KB
physical id	: 0
siblings	: 4
core id		: 1
cpu cores	: 2
apicid		: 3
initial apicid	: 3
fdiv_bug	: no
f00f_bug	: no
coma_bug	: no
fpu		: yes
fpu_exception	: yes
cpuid level	: 13
wp		: yes
flags		: fpu vme de pse tsc msr pae mce cx8 apic sep mtrr pge mca cmov pat pse36 clflush dts acpi mmx fxsr sse sse2 ss ht tm pbe nx pdpe1gb rdtscp lm constant_tsc arch_perfmon pebs bts xtopology nonstop_tsc aperfmperf eagerfpu pni pclmulqdq dtes64 monitor ds_cpl vmx est tm2 ssse3 fma cx16 xtpr pdcm pcid sse4_1 sse4_2 x2apic movbe popcnt tsc_deadline_timer aes xsave avx f16c rdrand lahf_lm abm ida arat epb xsaveopt pln pts dtherm tpr_shadow vnmi flexpriority ept vpid fsgsbase tsc_adjust bmi1 avx2 smep bmi2 erms invpcid
bogomips	: 5787.01
clflush size	: 64
cache_alignment	: 64
address sizes	: 39 bits physical, 48 bits virtual
power management:



Memory: 4k page, physical 8221572k(5183024k free), swap 2257096k(2257096k free)

vm_info: OpenJDK Client VM (24.79-b02) for linux-x86 JRE (1.7.0_79-b14), built on Apr 16 2015 08:36:30 by "buildd" with gcc 4.9.1

time: Sat Apr  9 17:59:22 2016
elapsed time: 0 seconds

