\BOOKMARK [1][-]{section.1}{Introduction}{}% 1
\BOOKMARK [1][-]{section.2}{Management summary}{}% 2
\BOOKMARK [2][-]{subsection.2.1}{PnL Projections}{section.2}% 3
\BOOKMARK [3][-]{subsubsection.2.1.1}{Latex Graph of the scenarios}{subsection.2.1}% 4
\BOOKMARK [3][-]{subsubsection.2.1.2}{Plot of an example}{subsection.2.1}% 5
\BOOKMARK [3][-]{subsubsection.2.1.3}{Plot of an example}{subsection.2.1}% 6
\BOOKMARK [3][-]{subsubsection.2.1.4}{Graph}{subsection.2.1}% 7
\BOOKMARK [3][-]{subsubsection.2.1.5}{Surface}{subsection.2.1}% 8
\BOOKMARK [3][-]{subsubsection.2.1.6}{Table}{subsection.2.1}% 9
\BOOKMARK [2][-]{subsection.2.2}{History and extrapolations}{section.2}% 10
\BOOKMARK [3][-]{subsubsection.2.2.1}{Kapital curve}{subsection.2.2}% 11
\BOOKMARK [3][-]{subsubsection.2.2.2}{PnL curve}{subsection.2.2}% 12
\BOOKMARK [3][-]{subsubsection.2.2.3}{Cash curve}{subsection.2.2}% 13
\BOOKMARK [1][-]{section.3}{Cash Balance Management}{}% 14
\BOOKMARK [2][-]{subsection.3.1}{Monthly drift}{section.3}% 15
\BOOKMARK [3][-]{subsubsection.3.1.1}{Table}{subsection.3.1}% 16
\BOOKMARK [3][-]{subsubsection.3.1.2}{Table}{subsection.3.1}% 17
\BOOKMARK [3][-]{subsubsection.3.1.3}{Graph}{subsection.3.1}% 18
\BOOKMARK [2][-]{subsection.3.2}{Incomes}{section.3}% 19
\BOOKMARK [3][-]{subsubsection.3.2.1}{Table}{subsection.3.2}% 20
\BOOKMARK [3][-]{subsubsection.3.2.2}{Graph}{subsection.3.2}% 21
\BOOKMARK [3][-]{subsubsection.3.2.3}{Chart}{subsection.3.2}% 22
\BOOKMARK [2][-]{subsection.3.3}{Charges}{section.3}% 23
\BOOKMARK [3][-]{subsubsection.3.3.1}{Charges plot}{subsection.3.3}% 24
\BOOKMARK [3][-]{subsubsection.3.3.2}{Charges kiviat}{subsection.3.3}% 25
\BOOKMARK [3][-]{subsubsection.3.3.3}{Table}{subsection.3.3}% 26
\BOOKMARK [3][-]{subsubsection.3.3.4}{Graph}{subsection.3.3}% 27
\BOOKMARK [3][-]{subsubsection.3.3.5}{Chart}{subsection.3.3}% 28
\BOOKMARK [3][-]{subsubsection.3.3.6}{Cheese}{subsection.3.3}% 29
\BOOKMARK [1][-]{section.4}{Asset Liability Management}{}% 30
\BOOKMARK [2][-]{subsection.4.1}{Kapital}{section.4}% 31
\BOOKMARK [3][-]{subsubsection.4.1.1}{Table}{subsection.4.1}% 32
\BOOKMARK [3][-]{subsubsection.4.1.2}{Graph}{subsection.4.1}% 33
\BOOKMARK [3][-]{subsubsection.4.1.3}{History}{subsection.4.1}% 34
\BOOKMARK [3][-]{subsubsection.4.1.4}{Definitions}{subsection.4.1}% 35
\BOOKMARK [3][-]{subsubsection.4.1.5}{Ratios}{subsection.4.1}% 36
\BOOKMARK [3][-]{subsubsection.4.1.6}{Formulas}{subsection.4.1}% 37
\BOOKMARK [2][-]{subsection.4.2}{Assets}{section.4}% 38
\BOOKMARK [3][-]{subsubsection.4.2.1}{Data}{subsection.4.2}% 39
\BOOKMARK [3][-]{subsubsection.4.2.2}{Graph}{subsection.4.2}% 40
\BOOKMARK [3][-]{subsubsection.4.2.3}{Cheese}{subsection.4.2}% 41
\BOOKMARK [3][-]{subsubsection.4.2.4}{Kiviat}{subsection.4.2}% 42
\BOOKMARK [2][-]{subsection.4.3}{Liabilities}{section.4}% 43
\BOOKMARK [3][-]{subsubsection.4.3.1}{Table}{subsection.4.3}% 44
\BOOKMARK [3][-]{subsubsection.4.3.2}{Graph}{subsection.4.3}% 45
\BOOKMARK [3][-]{subsubsection.4.3.3}{Chart}{subsection.4.3}% 46
\BOOKMARK [3][-]{subsubsection.4.3.4}{Cheese}{subsection.4.3}% 47
\BOOKMARK [1][-]{section.5}{Cashflows}{}% 48
\BOOKMARK [2][-]{subsubsection.5.0.5}{Table}{section.5}% 49
\BOOKMARK [3][-]{subsubsection.5.0.6}{Graph}{subsubsection.5.0.5}% 50
\BOOKMARK [1][-]{section.6}{Stocks}{}% 51
\BOOKMARK [2][-]{subsubsection.6.0.7}{Table}{section.6}% 52
\BOOKMARK [3][-]{subsubsection.6.0.8}{Graph}{subsubsection.6.0.7}% 53
