This is pdfTeX, Version 3.14159265-2.6-1.40.16 (TeX Live 2015/W32TeX) (preloaded format=pdflatex 2015.12.16)  29 DEC 2015 10:57
entering extended mode
 restricted \write18 enabled.
 %&-line parsing enabled.
**./GaussianCurve
(./GaussianCurve
LaTeX2e <2015/10/01> patch level 2
Babel <3.9m> and hyphenation patterns for 79 languages loaded.
(c:/texlive/2015/texmf-dist/tex/latex/beamer/beamer.cls
(c:/texlive/2015/texmf-dist/tex/latex/beamer/beamerbasercs.sty
Package: beamerbasercs 2015/03/08 (rcs-revision 368aa9ba9d38)
)
Document Class: beamer 2015/01/05 3.36 A class for typesetting presentations (r
cs-revision 8a39122e1f63)
(c:/texlive/2015/texmf-dist/tex/latex/beamer/beamerbasemodes.sty
Package: beamerbasemodes 2013/09/03 (rcs-revision 768f2d98ca64)
\beamer@tempbox=\box26
\beamer@tempcount=\count79
\c@beamerpauses=\count80

(c:/texlive/2015/texmf-dist/tex/latex/beamer/beamerbasedecode.sty
Package: beamerbasedecode 2010/05/01 (rcs-revision efa082c6111d)
\beamer@slideinframe=\count81
\beamer@minimum=\count82
)
\beamer@commentbox=\box27
\beamer@modecount=\count83
)
(c:/texlive/2015/texmf-dist/tex/generic/oberdiek/ifpdf.sty
Package: ifpdf 2011/01/30 v2.3 Provides the ifpdf switch (HO)
Package ifpdf Info: pdfTeX in PDF mode is detected.
)
\headheight=\dimen102
\headdp=\dimen103
\footheight=\dimen104
\sidebarheight=\dimen105
\beamer@tempdim=\dimen106
\beamer@finalheight=\dimen107
\beamer@animht=\dimen108
\beamer@animdp=\dimen109
\beamer@animwd=\dimen110
\beamer@leftmargin=\dimen111
\beamer@rightmargin=\dimen112
\beamer@leftsidebar=\dimen113
\beamer@rightsidebar=\dimen114
\beamer@boxsize=\dimen115
\beamer@vboxoffset=\dimen116
\beamer@descdefault=\dimen117
\beamer@descriptionwidth=\dimen118
\beamer@lastskip=\skip41
\beamer@areabox=\box28
\beamer@animcurrent=\box29
\beamer@animshowbox=\box30
\beamer@sectionbox=\box31
\beamer@logobox=\box32
\beamer@linebox=\box33
\beamer@sectioncount=\count84
\beamer@subsubsectionmax=\count85
\beamer@subsectionmax=\count86
\beamer@sectionmax=\count87
\beamer@totalheads=\count88
\beamer@headcounter=\count89
\beamer@partstartpage=\count90
\beamer@sectionstartpage=\count91
\beamer@subsectionstartpage=\count92
\beamer@animationtempa=\count93
\beamer@animationtempb=\count94
\beamer@xpos=\count95
\beamer@ypos=\count96
\beamer@showpartnumber=\count97
\beamer@currentsubsection=\count98
\beamer@coveringdepth=\count99
\beamer@sectionadjust=\count100
\beamer@tocsectionnumber=\count101

(c:/texlive/2015/texmf-dist/tex/latex/beamer/beamerbaseoptions.sty
Package: beamerbaseoptions 2013/03/10 (rcs-revision 47431932db0d)

(c:/texlive/2015/texmf-dist/tex/latex/graphics/keyval.sty
Package: keyval 2014/10/28 v1.15 key=value parser (DPC)
\KV@toks@=\toks14
))
\beamer@paperwidth=\skip42
\beamer@paperheight=\skip43

(c:/texlive/2015/texmf-dist/tex/latex/geometry/geometry.sty
Package: geometry 2010/09/12 v5.6 Page Geometry

(c:/texlive/2015/texmf-dist/tex/generic/oberdiek/ifvtex.sty
Package: ifvtex 2010/03/01 v1.5 Detect VTeX and its facilities (HO)
Package ifvtex Info: VTeX not detected.
)
(c:/texlive/2015/texmf-dist/tex/generic/ifxetex/ifxetex.sty
Package: ifxetex 2010/09/12 v0.6 Provides ifxetex conditional
)
\Gm@cnth=\count102
\Gm@cntv=\count103
\c@Gm@tempcnt=\count104
\Gm@bindingoffset=\dimen119
\Gm@wd@mp=\dimen120
\Gm@odd@mp=\dimen121
\Gm@even@mp=\dimen122
\Gm@layoutwidth=\dimen123
\Gm@layoutheight=\dimen124
\Gm@layouthoffset=\dimen125
\Gm@layoutvoffset=\dimen126
\Gm@dimlist=\toks15
)
(c:/texlive/2015/texmf-dist/tex/latex/base/size11.clo
File: size11.clo 2014/09/29 v1.4h Standard LaTeX file (size option)
)
(c:/texlive/2015/texmf-dist/tex/latex/pgf/basiclayer/pgfcore.sty
(c:/texlive/2015/texmf-dist/tex/latex/graphics/graphicx.sty
Package: graphicx 2014/10/28 v1.0g Enhanced LaTeX Graphics (DPC,SPQR)

(c:/texlive/2015/texmf-dist/tex/latex/graphics/graphics.sty
Package: graphics 2014/10/28 v1.0p Standard LaTeX Graphics (DPC,SPQR)

(c:/texlive/2015/texmf-dist/tex/latex/graphics/trig.sty
Package: trig 1999/03/16 v1.09 sin cos tan (DPC)
)
(c:/texlive/2015/texmf-dist/tex/latex/latexconfig/graphics.cfg
File: graphics.cfg 2010/04/23 v1.9 graphics configuration of TeX Live
)
Package graphics Info: Driver file: pdftex.def on input line 94.

(c:/texlive/2015/texmf-dist/tex/latex/pdftex-def/pdftex.def
File: pdftex.def 2011/05/27 v0.06d Graphics/color for pdfTeX

(c:/texlive/2015/texmf-dist/tex/generic/oberdiek/infwarerr.sty
Package: infwarerr 2010/04/08 v1.3 Providing info/warning/error messages (HO)
)
(c:/texlive/2015/texmf-dist/tex/generic/oberdiek/ltxcmds.sty
Package: ltxcmds 2011/11/09 v1.22 LaTeX kernel commands for general use (HO)
)
\Gread@gobject=\count105
))
\Gin@req@height=\dimen127
\Gin@req@width=\dimen128
)
(c:/texlive/2015/texmf-dist/tex/latex/pgf/systemlayer/pgfsys.sty
(c:/texlive/2015/texmf-dist/tex/latex/pgf/utilities/pgfrcs.sty
(c:/texlive/2015/texmf-dist/tex/generic/pgf/utilities/pgfutil-common.tex
\pgfutil@everybye=\toks16
\pgfutil@tempdima=\dimen129
\pgfutil@tempdimb=\dimen130

(c:/texlive/2015/texmf-dist/tex/generic/pgf/utilities/pgfutil-common-lists.tex)
) (c:/texlive/2015/texmf-dist/tex/generic/pgf/utilities/pgfutil-latex.def
\pgfutil@abb=\box34

(c:/texlive/2015/texmf-dist/tex/latex/ms/everyshi.sty
Package: everyshi 2001/05/15 v3.00 EveryShipout Package (MS)
))
(c:/texlive/2015/texmf-dist/tex/generic/pgf/utilities/pgfrcs.code.tex
Package: pgfrcs 2015/08/07 v3.0.1a (rcs-revision 1.31)
))
(c:/texlive/2015/texmf-dist/tex/generic/pgf/systemlayer/pgfsys.code.tex
Package: pgfsys 2014/07/09 v3.0.1a (rcs-revision 1.48)

(c:/texlive/2015/texmf-dist/tex/generic/pgf/utilities/pgfkeys.code.tex
\pgfkeys@pathtoks=\toks17
\pgfkeys@temptoks=\toks18

(c:/texlive/2015/texmf-dist/tex/generic/pgf/utilities/pgfkeysfiltered.code.tex
\pgfkeys@tmptoks=\toks19
))
\pgf@x=\dimen131
\pgf@y=\dimen132
\pgf@xa=\dimen133
\pgf@ya=\dimen134
\pgf@xb=\dimen135
\pgf@yb=\dimen136
\pgf@xc=\dimen137
\pgf@yc=\dimen138
\w@pgf@writea=\write3
\r@pgf@reada=\read1
\c@pgf@counta=\count106
\c@pgf@countb=\count107
\c@pgf@countc=\count108
\c@pgf@countd=\count109
\t@pgf@toka=\toks20
\t@pgf@tokb=\toks21
\t@pgf@tokc=\toks22
 (c:/texlive/2015/texmf-dist/tex/generic/pgf/systemlayer/pgf.cfg
File: pgf.cfg 2008/05/14  (rcs-revision 1.7)
)
Driver file for pgf: pgfsys-pdftex.def

(c:/texlive/2015/texmf-dist/tex/generic/pgf/systemlayer/pgfsys-pdftex.def
File: pgfsys-pdftex.def 2014/10/11  (rcs-revision 1.35)

(c:/texlive/2015/texmf-dist/tex/generic/pgf/systemlayer/pgfsys-common-pdf.def
File: pgfsys-common-pdf.def 2013/10/10  (rcs-revision 1.13)
)))
(c:/texlive/2015/texmf-dist/tex/generic/pgf/systemlayer/pgfsyssoftpath.code.tex
File: pgfsyssoftpath.code.tex 2013/09/09  (rcs-revision 1.9)
\pgfsyssoftpath@smallbuffer@items=\count110
\pgfsyssoftpath@bigbuffer@items=\count111
)
(c:/texlive/2015/texmf-dist/tex/generic/pgf/systemlayer/pgfsysprotocol.code.tex
File: pgfsysprotocol.code.tex 2006/10/16  (rcs-revision 1.4)
)) (c:/texlive/2015/texmf-dist/tex/latex/xcolor/xcolor.sty
Package: xcolor 2007/01/21 v2.11 LaTeX color extensions (UK)

(c:/texlive/2015/texmf-dist/tex/latex/latexconfig/color.cfg
File: color.cfg 2007/01/18 v1.5 color configuration of teTeX/TeXLive
)
Package xcolor Info: Driver file: pdftex.def on input line 225.
Package xcolor Info: Model `cmy' substituted by `cmy0' on input line 1337.
Package xcolor Info: Model `hsb' substituted by `rgb' on input line 1341.
Package xcolor Info: Model `RGB' extended on input line 1353.
Package xcolor Info: Model `HTML' substituted by `rgb' on input line 1355.
Package xcolor Info: Model `Hsb' substituted by `hsb' on input line 1356.
Package xcolor Info: Model `tHsb' substituted by `hsb' on input line 1357.
Package xcolor Info: Model `HSB' substituted by `hsb' on input line 1358.
Package xcolor Info: Model `Gray' substituted by `gray' on input line 1359.
Package xcolor Info: Model `wave' substituted by `hsb' on input line 1360.
)
(c:/texlive/2015/texmf-dist/tex/generic/pgf/basiclayer/pgfcore.code.tex
Package: pgfcore 2010/04/11 v3.0.1a (rcs-revision 1.7)

(c:/texlive/2015/texmf-dist/tex/generic/pgf/math/pgfmath.code.tex
(c:/texlive/2015/texmf-dist/tex/generic/pgf/math/pgfmathcalc.code.tex
(c:/texlive/2015/texmf-dist/tex/generic/pgf/math/pgfmathutil.code.tex)
(c:/texlive/2015/texmf-dist/tex/generic/pgf/math/pgfmathparser.code.tex
\pgfmath@dimen=\dimen139
\pgfmath@count=\count112
\pgfmath@box=\box35
\pgfmath@toks=\toks23
\pgfmath@stack@operand=\toks24
\pgfmath@stack@operation=\toks25
)
(c:/texlive/2015/texmf-dist/tex/generic/pgf/math/pgfmathfunctions.code.tex
(c:/texlive/2015/texmf-dist/tex/generic/pgf/math/pgfmathfunctions.basic.code.te
x)
(c:/texlive/2015/texmf-dist/tex/generic/pgf/math/pgfmathfunctions.trigonometric
.code.tex)
(c:/texlive/2015/texmf-dist/tex/generic/pgf/math/pgfmathfunctions.random.code.t
ex)
(c:/texlive/2015/texmf-dist/tex/generic/pgf/math/pgfmathfunctions.comparison.co
de.tex)
(c:/texlive/2015/texmf-dist/tex/generic/pgf/math/pgfmathfunctions.base.code.tex
)
(c:/texlive/2015/texmf-dist/tex/generic/pgf/math/pgfmathfunctions.round.code.te
x)
(c:/texlive/2015/texmf-dist/tex/generic/pgf/math/pgfmathfunctions.misc.code.tex
)
(c:/texlive/2015/texmf-dist/tex/generic/pgf/math/pgfmathfunctions.integerarithm
etics.code.tex)))
(c:/texlive/2015/texmf-dist/tex/generic/pgf/math/pgfmathfloat.code.tex
\c@pgfmathroundto@lastzeros=\count113
))
(c:/texlive/2015/texmf-dist/tex/generic/pgf/basiclayer/pgfcorepoints.code.tex
File: pgfcorepoints.code.tex 2013/10/07  (rcs-revision 1.27)
\pgf@picminx=\dimen140
\pgf@picmaxx=\dimen141
\pgf@picminy=\dimen142
\pgf@picmaxy=\dimen143
\pgf@pathminx=\dimen144
\pgf@pathmaxx=\dimen145
\pgf@pathminy=\dimen146
\pgf@pathmaxy=\dimen147
\pgf@xx=\dimen148
\pgf@xy=\dimen149
\pgf@yx=\dimen150
\pgf@yy=\dimen151
\pgf@zx=\dimen152
\pgf@zy=\dimen153
)
(c:/texlive/2015/texmf-dist/tex/generic/pgf/basiclayer/pgfcorepathconstruct.cod
e.tex
File: pgfcorepathconstruct.code.tex 2013/10/07  (rcs-revision 1.29)
\pgf@path@lastx=\dimen154
\pgf@path@lasty=\dimen155
)
(c:/texlive/2015/texmf-dist/tex/generic/pgf/basiclayer/pgfcorepathusage.code.te
x
File: pgfcorepathusage.code.tex 2014/11/02  (rcs-revision 1.24)
\pgf@shorten@end@additional=\dimen156
\pgf@shorten@start@additional=\dimen157
)
(c:/texlive/2015/texmf-dist/tex/generic/pgf/basiclayer/pgfcorescopes.code.tex
File: pgfcorescopes.code.tex 2015/05/08  (rcs-revision 1.46)
\pgfpic=\box36
\pgf@hbox=\box37
\pgf@layerbox@main=\box38
\pgf@picture@serial@count=\count114
)
(c:/texlive/2015/texmf-dist/tex/generic/pgf/basiclayer/pgfcoregraphicstate.code
.tex
File: pgfcoregraphicstate.code.tex 2014/11/02  (rcs-revision 1.12)
\pgflinewidth=\dimen158
)
(c:/texlive/2015/texmf-dist/tex/generic/pgf/basiclayer/pgfcoretransformations.c
ode.tex
File: pgfcoretransformations.code.tex 2015/08/07  (rcs-revision 1.20)
\pgf@pt@x=\dimen159
\pgf@pt@y=\dimen160
\pgf@pt@temp=\dimen161
)
(c:/texlive/2015/texmf-dist/tex/generic/pgf/basiclayer/pgfcorequick.code.tex
File: pgfcorequick.code.tex 2008/10/09  (rcs-revision 1.3)
)
(c:/texlive/2015/texmf-dist/tex/generic/pgf/basiclayer/pgfcoreobjects.code.tex
File: pgfcoreobjects.code.tex 2006/10/11  (rcs-revision 1.2)
)
(c:/texlive/2015/texmf-dist/tex/generic/pgf/basiclayer/pgfcorepathprocessing.co
de.tex
File: pgfcorepathprocessing.code.tex 2013/09/09  (rcs-revision 1.9)
)
(c:/texlive/2015/texmf-dist/tex/generic/pgf/basiclayer/pgfcorearrows.code.tex
File: pgfcorearrows.code.tex 2015/05/14  (rcs-revision 1.43)
\pgfarrowsep=\dimen162
)
(c:/texlive/2015/texmf-dist/tex/generic/pgf/basiclayer/pgfcoreshade.code.tex
File: pgfcoreshade.code.tex 2013/07/15  (rcs-revision 1.15)
\pgf@max=\dimen163
\pgf@sys@shading@range@num=\count115
)
(c:/texlive/2015/texmf-dist/tex/generic/pgf/basiclayer/pgfcoreimage.code.tex
File: pgfcoreimage.code.tex 2013/07/15  (rcs-revision 1.18)

(c:/texlive/2015/texmf-dist/tex/generic/pgf/basiclayer/pgfcoreexternal.code.tex
File: pgfcoreexternal.code.tex 2014/07/09  (rcs-revision 1.21)
\pgfexternal@startupbox=\box39
))
(c:/texlive/2015/texmf-dist/tex/generic/pgf/basiclayer/pgfcorelayers.code.tex
File: pgfcorelayers.code.tex 2013/07/18  (rcs-revision 1.7)
)
(c:/texlive/2015/texmf-dist/tex/generic/pgf/basiclayer/pgfcoretransparency.code
.tex
File: pgfcoretransparency.code.tex 2013/09/30  (rcs-revision 1.5)
)
(c:/texlive/2015/texmf-dist/tex/generic/pgf/basiclayer/pgfcorepatterns.code.tex
File: pgfcorepatterns.code.tex 2013/11/07  (rcs-revision 1.5)
))) (c:/texlive/2015/texmf-dist/tex/latex/pgf/utilities/xxcolor.sty
Package: xxcolor 2003/10/24 ver 0.1
\XC@nummixins=\count116
\XC@countmixins=\count117
)
(c:/texlive/2015/texmf-dist/tex/generic/oberdiek/atbegshi.sty
Package: atbegshi 2011/10/05 v1.16 At begin shipout hook (HO)
)
(c:/texlive/2015/texmf-dist/tex/latex/hyperref/hyperref.sty
Package: hyperref 2012/11/06 v6.83m Hypertext links for LaTeX

(c:/texlive/2015/texmf-dist/tex/generic/oberdiek/hobsub-hyperref.sty
Package: hobsub-hyperref 2012/05/28 v1.13 Bundle oberdiek, subset hyperref (HO)


(c:/texlive/2015/texmf-dist/tex/generic/oberdiek/hobsub-generic.sty
Package: hobsub-generic 2012/05/28 v1.13 Bundle oberdiek, subset generic (HO)
Package: hobsub 2012/05/28 v1.13 Construct package bundles (HO)
Package hobsub Info: Skipping package `infwarerr' (already loaded).
Package hobsub Info: Skipping package `ltxcmds' (already loaded).
Package: ifluatex 2010/03/01 v1.3 Provides the ifluatex switch (HO)
Package ifluatex Info: LuaTeX not detected.
Package hobsub Info: Skipping package `ifvtex' (already loaded).
Package: intcalc 2007/09/27 v1.1 Expandable calculations with integers (HO)
Package hobsub Info: Skipping package `ifpdf' (already loaded).
Package: etexcmds 2011/02/16 v1.5 Avoid name clashes with e-TeX commands (HO)
Package etexcmds Info: Could not find \expanded.
(etexcmds)             That can mean that you are not using pdfTeX 1.50 or
(etexcmds)             that some package has redefined \expanded.
(etexcmds)             In the latter case, load this package earlier.
Package: kvsetkeys 2012/04/25 v1.16 Key value parser (HO)
Package: kvdefinekeys 2011/04/07 v1.3 Define keys (HO)
Package: pdftexcmds 2011/11/29 v0.20 Utility functions of pdfTeX for LuaTeX (HO
)
Package pdftexcmds Info: LuaTeX not detected.
Package pdftexcmds Info: \pdf@primitive is available.
Package pdftexcmds Info: \pdf@ifprimitive is available.
Package pdftexcmds Info: \pdfdraftmode found.
Package: pdfescape 2011/11/25 v1.13 Implements pdfTeX's escape features (HO)
Package: bigintcalc 2012/04/08 v1.3 Expandable calculations on big integers (HO
)
Package: bitset 2011/01/30 v1.1 Handle bit-vector datatype (HO)
Package: uniquecounter 2011/01/30 v1.2 Provide unlimited unique counter (HO)
)
Package hobsub Info: Skipping package `hobsub' (already loaded).
Package: letltxmacro 2010/09/02 v1.4 Let assignment for LaTeX macros (HO)
Package: hopatch 2012/05/28 v1.2 Wrapper for package hooks (HO)
Package: xcolor-patch 2011/01/30 xcolor patch
Package: atveryend 2011/06/30 v1.8 Hooks at the very end of document (HO)
Package atveryend Info: \enddocument detected (standard20110627).
Package hobsub Info: Skipping package `atbegshi' (already loaded).
Package: refcount 2011/10/16 v3.4 Data extraction from label references (HO)
Package: hycolor 2011/01/30 v1.7 Color options for hyperref/bookmark (HO)
)
(c:/texlive/2015/texmf-dist/tex/latex/oberdiek/auxhook.sty
Package: auxhook 2011/03/04 v1.3 Hooks for auxiliary files (HO)
)
(c:/texlive/2015/texmf-dist/tex/latex/oberdiek/kvoptions.sty
Package: kvoptions 2011/06/30 v3.11 Key value format for package options (HO)
)
\@linkdim=\dimen164
\Hy@linkcounter=\count118
\Hy@pagecounter=\count119

(c:/texlive/2015/texmf-dist/tex/latex/hyperref/pd1enc.def
File: pd1enc.def 2012/11/06 v6.83m Hyperref: PDFDocEncoding definition (HO)
)
\Hy@SavedSpaceFactor=\count120

(c:/texlive/2015/texmf-dist/tex/latex/latexconfig/hyperref.cfg
File: hyperref.cfg 2002/06/06 v1.2 hyperref configuration of TeXLive
)
Package hyperref Info: Option `bookmarks' set `true' on input line 4319.
Package hyperref Info: Option `bookmarksopen' set `true' on input line 4319.
Package hyperref Info: Option `implicit' set `false' on input line 4319.
Package hyperref Info: Hyper figures OFF on input line 4443.
Package hyperref Info: Link nesting OFF on input line 4448.
Package hyperref Info: Hyper index ON on input line 4451.
Package hyperref Info: Plain pages OFF on input line 4458.
Package hyperref Info: Backreferencing OFF on input line 4463.
Package hyperref Info: Implicit mode OFF; no redefinition of LaTeX internals.
Package hyperref Info: Bookmarks ON on input line 4688.
\c@Hy@tempcnt=\count121

(c:/texlive/2015/texmf-dist/tex/latex/url/url.sty
\Urlmuskip=\muskip10
Package: url 2013/09/16  ver 3.4  Verb mode for urls, etc.
)
LaTeX Info: Redefining \url on input line 5041.
\XeTeXLinkMargin=\dimen165
\Fld@menulength=\count122
\Field@Width=\dimen166
\Fld@charsize=\dimen167
Package hyperref Info: Hyper figures OFF on input line 6295.
Package hyperref Info: Link nesting OFF on input line 6300.
Package hyperref Info: Hyper index ON on input line 6303.
Package hyperref Info: backreferencing OFF on input line 6310.
Package hyperref Info: Link coloring OFF on input line 6315.
Package hyperref Info: Link coloring with OCG OFF on input line 6320.
Package hyperref Info: PDF/A mode OFF on input line 6325.
LaTeX Info: Redefining \ref on input line 6365.
LaTeX Info: Redefining \pageref on input line 6369.
\Hy@abspage=\count123


Package hyperref Message: Stopped early.

)

Package hyperref Message: Driver (autodetected): hpdftex.

(c:/texlive/2015/texmf-dist/tex/latex/hyperref/hpdftex.def
File: hpdftex.def 2012/11/06 v6.83m Hyperref driver for pdfTeX
\Fld@listcount=\count124
\c@bookmark@seq@number=\count125

(c:/texlive/2015/texmf-dist/tex/latex/oberdiek/rerunfilecheck.sty
Package: rerunfilecheck 2011/04/15 v1.7 Rerun checks for auxiliary files (HO)
Package uniquecounter Info: New unique counter `rerunfilecheck' on input line 2
82.
))
(c:/texlive/2015/texmf-dist/tex/latex/beamer/beamerbaserequires.sty
Package: beamerbaserequires 2010/05/01  (rcs-revision efa082c6111d)

(c:/texlive/2015/texmf-dist/tex/latex/beamer/beamerbasecompatibility.sty
Package: beamerbasecompatibility 2012/05/01  (rcs-revision 67c48b3b652d)
)
(c:/texlive/2015/texmf-dist/tex/latex/beamer/beamerbasefont.sty
Package: beamerbasefont 2015/01/05  (rcs-revision b4b4bee242e2)

(c:/texlive/2015/texmf-dist/tex/latex/amsfonts/amssymb.sty
Package: amssymb 2013/01/14 v3.01 AMS font symbols

(c:/texlive/2015/texmf-dist/tex/latex/amsfonts/amsfonts.sty
Package: amsfonts 2013/01/14 v3.01 Basic AMSFonts support
\@emptytoks=\toks26
\symAMSa=\mathgroup4
\symAMSb=\mathgroup5
LaTeX Font Info:    Overwriting math alphabet `\mathfrak' in version `bold'
(Font)                  U/euf/m/n --> U/euf/b/n on input line 106.
))
(c:/texlive/2015/texmf-dist/tex/latex/sansmathaccent/sansmathaccent.sty
Package: sansmathaccent 2013/03/28

(c:/texlive/2015/texmf-dist/tex/latex/filehook/filehook.sty
Package: filehook 2011/10/12 v0.5d Hooks for input files
)))
(c:/texlive/2015/texmf-dist/tex/latex/beamer/beamerbasetranslator.sty
Package: beamerbasetranslator 2010/06/11  (rcs-revision 85fd1cc7fc42)

(c:/texlive/2015/texmf-dist/tex/latex/beamer/translator/translator.sty
Package: translator 2010/06/12 ver 1.10

(c:/texlive/2015/texmf-dist/tex/latex/beamer/translator/translator-language-map
pings.tex))) (c:/texlive/2015/texmf-dist/tex/latex/beamer/beamerbasemisc.sty
Package: beamerbasemisc 2013/09/03  (rcs-revision a55719c41d85)
)
(c:/texlive/2015/texmf-dist/tex/latex/beamer/beamerbasetwoscreens.sty
Package: beamerbasetwoscreens 2010/05/01  (rcs-revision efa082c6111d)
)
(c:/texlive/2015/texmf-dist/tex/latex/beamer/beamerbaseoverlay.sty
Package: beamerbaseoverlay 2013/12/25  (rcs-revision f6bd5e3805da)
\beamer@argscount=\count126
\beamer@lastskipcover=\skip44
\beamer@trivlistdepth=\count127
)
(c:/texlive/2015/texmf-dist/tex/latex/beamer/beamerbasetitle.sty
Package: beamerbasetitle 2010/09/21  (rcs-revision f0446ed0b6ae)
)
(c:/texlive/2015/texmf-dist/tex/latex/beamer/beamerbasesection.sty
Package: beamerbasesection 2013/06/07  (rcs-revision 60b9fe0f342f)
\c@lecture=\count128
\c@part=\count129
\c@section=\count130
\c@subsection=\count131
\c@subsubsection=\count132
)
(c:/texlive/2015/texmf-dist/tex/latex/beamer/beamerbaseframe.sty
Package: beamerbaseframe 2014/02/20  (rcs-revision 4b8ceeeff434)
\beamer@framebox=\box40
\beamer@frametitlebox=\box41
\beamer@zoombox=\box42
\beamer@zoomcount=\count133
\beamer@zoomframecount=\count134
\beamer@frametextheight=\dimen168
\c@subsectionslide=\count135
\beamer@frametopskip=\skip45
\beamer@framebottomskip=\skip46
\beamer@frametopskipautobreak=\skip47
\beamer@framebottomskipautobreak=\skip48
\beamer@envbody=\toks27
\framewidth=\dimen169
\c@framenumber=\count136
)
(c:/texlive/2015/texmf-dist/tex/latex/beamer/beamerbaseverbatim.sty
Package: beamerbaseverbatim 2015/01/05  (rcs-revision 431510bb5890)
\beamer@verbatimfileout=\write4
)
(c:/texlive/2015/texmf-dist/tex/latex/beamer/beamerbaseframesize.sty
Package: beamerbaseframesize 2011/09/12  (rcs-revision 70f9d8411e54)
\beamer@splitbox=\box43
\beamer@autobreakcount=\count137
\beamer@autobreaklastheight=\dimen170
\beamer@frametitletoks=\toks28
\beamer@framesubtitletoks=\toks29
)
(c:/texlive/2015/texmf-dist/tex/latex/beamer/beamerbaseframecomponents.sty
Package: beamerbaseframecomponents 2013/10/18  (rcs-revision 5cf6c5555a45)
\beamer@footins=\box44
)
(c:/texlive/2015/texmf-dist/tex/latex/beamer/beamerbasecolor.sty
Package: beamerbasecolor 2015/02/21  (rcs-revision d944b04ee2d5)
)
(c:/texlive/2015/texmf-dist/tex/latex/beamer/beamerbasenotes.sty
Package: beamerbasenotes 2012/12/19  (rcs-revision 1686da3db3c9)
\beamer@frameboxcopy=\box45
)
(c:/texlive/2015/texmf-dist/tex/latex/beamer/beamerbasetoc.sty
Package: beamerbasetoc 2015/03/08  (rcs-revision 7270298bbaae)
)
(c:/texlive/2015/texmf-dist/tex/latex/beamer/beamerbasetemplates.sty
Package: beamerbasetemplates 2010/05/01  (rcs-revision efa082c6111d)
\beamer@sbttoks=\toks30

(c:/texlive/2015/texmf-dist/tex/latex/beamer/beamerbaseauxtemplates.sty
Package: beamerbaseauxtemplates 2014/06/30  (rcs-revision 580088513a67)

(c:/texlive/2015/texmf-dist/tex/latex/beamer/beamerbaseboxes.sty
Package: beamerbaseboxes 2012/05/13  (rcs-revision 56972908a390)
\bmb@box=\box46
\bmb@colorbox=\box47
\bmb@boxshadow=\box48
\bmb@boxshadowball=\box49
\bmb@boxshadowballlarge=\box50
\bmb@temp=\dimen171
\bmb@dima=\dimen172
\bmb@dimb=\dimen173
\bmb@prevheight=\dimen174
)
\beamer@blockheadheight=\dimen175
))
(c:/texlive/2015/texmf-dist/tex/latex/beamer/beamerbaselocalstructure.sty
Package: beamerbaselocalstructure 2014/09/10  (rcs-revision 393f6dcff371)

(c:/texlive/2015/texmf-dist/tex/latex/tools/enumerate.sty
Package: enumerate 2015/07/23 v3.00 enumerate extensions (DPC)
\@enLab=\toks31
)
\c@figure=\count138
\c@table=\count139
\abovecaptionskip=\skip49
\belowcaptionskip=\skip50
)
(c:/texlive/2015/texmf-dist/tex/latex/beamer/beamerbasenavigation.sty
Package: beamerbasenavigation 2015/02/27  (rcs-revision 923f4bf87efa)
\beamer@section@min@dim=\dimen176
)
(c:/texlive/2015/texmf-dist/tex/latex/beamer/beamerbasetheorems.sty
Package: beamerbasetheorems 2010/06/06  (rcs-revision 7e7cc5e53e9d)

(c:/texlive/2015/texmf-dist/tex/latex/amsmath/amsmath.sty
Package: amsmath 2013/01/14 v2.14 AMS math features
\@mathmargin=\skip51

For additional information on amsmath, use the `?' option.
(c:/texlive/2015/texmf-dist/tex/latex/amsmath/amstext.sty
Package: amstext 2000/06/29 v2.01

(c:/texlive/2015/texmf-dist/tex/latex/amsmath/amsgen.sty
File: amsgen.sty 1999/11/30 v2.0
\@emptytoks=\toks32
\ex@=\dimen177
))
(c:/texlive/2015/texmf-dist/tex/latex/amsmath/amsbsy.sty
Package: amsbsy 1999/11/29 v1.2d
\pmbraise@=\dimen178
)
(c:/texlive/2015/texmf-dist/tex/latex/amsmath/amsopn.sty
Package: amsopn 1999/12/14 v2.01 operator names
)
\inf@bad=\count140
LaTeX Info: Redefining \frac on input line 210.
\uproot@=\count141
\leftroot@=\count142
LaTeX Info: Redefining \overline on input line 306.
\classnum@=\count143
\DOTSCASE@=\count144
LaTeX Info: Redefining \ldots on input line 378.
LaTeX Info: Redefining \dots on input line 381.
LaTeX Info: Redefining \cdots on input line 466.
\Mathstrutbox@=\box51
\strutbox@=\box52
\big@size=\dimen179
LaTeX Font Info:    Redeclaring font encoding OML on input line 566.
LaTeX Font Info:    Redeclaring font encoding OMS on input line 567.
\macc@depth=\count145
\c@MaxMatrixCols=\count146
\dotsspace@=\muskip11
\c@parentequation=\count147
\dspbrk@lvl=\count148
\tag@help=\toks33
\row@=\count149
\column@=\count150
\maxfields@=\count151
\andhelp@=\toks34
\eqnshift@=\dimen180
\alignsep@=\dimen181
\tagshift@=\dimen182
\tagwidth@=\dimen183
\totwidth@=\dimen184
\lineht@=\dimen185
\@envbody=\toks35
\multlinegap=\skip52
\multlinetaggap=\skip53
\mathdisplay@stack=\toks36
LaTeX Info: Redefining \[ on input line 2665.
LaTeX Info: Redefining \] on input line 2666.
)
(c:/texlive/2015/texmf-dist/tex/latex/amscls/amsthm.sty
Package: amsthm 2015/03/04 v2.20.2
\thm@style=\toks37
\thm@bodyfont=\toks38
\thm@headfont=\toks39
\thm@notefont=\toks40
\thm@headpunct=\toks41
\thm@preskip=\skip54
\thm@postskip=\skip55
\thm@headsep=\skip56
\dth@everypar=\toks42
)
\c@theorem=\count152
)
(c:/texlive/2015/texmf-dist/tex/latex/beamer/beamerbasethemes.sty
Package: beamerbasethemes 2010/05/01  (rcs-revision efa082c6111d)
))
(c:/texlive/2015/texmf-dist/tex/latex/beamer/themes/theme/beamerthemedefault.st
y
Package: beamerthemedefault 2010/06/17  (rcs-revision d02a7cf4d8ae)

(c:/texlive/2015/texmf-dist/tex/latex/beamer/themes/font/beamerfontthemedefault
.sty
Package: beamerfontthemedefault 2012/12/19  (rcs-revision 1686da3db3c9)
)
(c:/texlive/2015/texmf-dist/tex/latex/beamer/themes/color/beamercolorthemedefau
lt.sty
Package: beamercolorthemedefault 2012/12/19  (rcs-revision 1686da3db3c9)
)
(c:/texlive/2015/texmf-dist/tex/latex/beamer/themes/inner/beamerinnerthemedefau
lt.sty
Package: beamerinnerthemedefault 2014/06/30  (rcs-revision 580088513a67)
\beamer@dima=\dimen186
\beamer@dimb=\dimen187
)
(c:/texlive/2015/texmf-dist/tex/latex/beamer/themes/outer/beamerouterthemedefau
lt.sty
Package: beamerouterthemedefault 2012/12/19  (rcs-revision 1686da3db3c9)
))) (c:/texlive/2015/texmf-dist/tex/latex/pgf/frontendlayer/tikz.sty
(c:/texlive/2015/texmf-dist/tex/latex/pgf/basiclayer/pgf.sty
Package: pgf 2015/08/07 v3.0.1a (rcs-revision 1.15)

(c:/texlive/2015/texmf-dist/tex/generic/pgf/modules/pgfmoduleshapes.code.tex
File: pgfmoduleshapes.code.tex 2014/03/21  (rcs-revision 1.35)
\pgfnodeparttextbox=\box53
)
(c:/texlive/2015/texmf-dist/tex/generic/pgf/modules/pgfmoduleplot.code.tex
File: pgfmoduleplot.code.tex 2015/08/03  (rcs-revision 1.13)
)
(c:/texlive/2015/texmf-dist/tex/latex/pgf/compatibility/pgfcomp-version-0-65.st
y
Package: pgfcomp-version-0-65 2007/07/03 v3.0.1a (rcs-revision 1.7)
\pgf@nodesepstart=\dimen188
\pgf@nodesepend=\dimen189
)
(c:/texlive/2015/texmf-dist/tex/latex/pgf/compatibility/pgfcomp-version-1-18.st
y
Package: pgfcomp-version-1-18 2007/07/23 v3.0.1a (rcs-revision 1.1)
)) (c:/texlive/2015/texmf-dist/tex/latex/pgf/utilities/pgffor.sty
(c:/texlive/2015/texmf-dist/tex/latex/pgf/utilities/pgfkeys.sty
(c:/texlive/2015/texmf-dist/tex/generic/pgf/utilities/pgfkeys.code.tex))
(c:/texlive/2015/texmf-dist/tex/latex/pgf/math/pgfmath.sty
(c:/texlive/2015/texmf-dist/tex/generic/pgf/math/pgfmath.code.tex))
(c:/texlive/2015/texmf-dist/tex/generic/pgf/utilities/pgffor.code.tex
Package: pgffor 2013/12/13 v3.0.1a (rcs-revision 1.25)

(c:/texlive/2015/texmf-dist/tex/generic/pgf/math/pgfmath.code.tex)
\pgffor@iter=\dimen190
\pgffor@skip=\dimen191
\pgffor@stack=\toks43
\pgffor@toks=\toks44
))
(c:/texlive/2015/texmf-dist/tex/generic/pgf/frontendlayer/tikz/tikz.code.tex
Package: tikz 2015/08/07 v3.0.1a (rcs-revision 1.151)

(c:/texlive/2015/texmf-dist/tex/generic/pgf/libraries/pgflibraryplothandlers.co
de.tex
File: pgflibraryplothandlers.code.tex 2013/08/31 v3.0.1a (rcs-revision 1.20)
\pgf@plot@mark@count=\count153
\pgfplotmarksize=\dimen192
)
\tikz@lastx=\dimen193
\tikz@lasty=\dimen194
\tikz@lastxsaved=\dimen195
\tikz@lastysaved=\dimen196
\tikzleveldistance=\dimen197
\tikzsiblingdistance=\dimen198
\tikz@figbox=\box54
\tikz@figbox@bg=\box55
\tikz@tempbox=\box56
\tikz@tempbox@bg=\box57
\tikztreelevel=\count154
\tikznumberofchildren=\count155
\tikznumberofcurrentchild=\count156
\tikz@fig@count=\count157

(c:/texlive/2015/texmf-dist/tex/generic/pgf/modules/pgfmodulematrix.code.tex
File: pgfmodulematrix.code.tex 2013/09/17  (rcs-revision 1.8)
\pgfmatrixcurrentrow=\count158
\pgfmatrixcurrentcolumn=\count159
\pgf@matrix@numberofcolumns=\count160
)
\tikz@expandcount=\count161

(c:/texlive/2015/texmf-dist/tex/generic/pgf/frontendlayer/tikz/libraries/tikzli
brarytopaths.code.tex
File: tikzlibrarytopaths.code.tex 2008/06/17 v3.0.1a (rcs-revision 1.2)
))) (./animate.sty
Package: animate 2015/11/02 PDF animations from files and inline graphics

(c:/texlive/2015/texmf-dist/tex/latex/base/ifthen.sty
Package: ifthen 2014/09/29 v1.1c Standard LaTeX ifthen package (DPC)
)
(c:/texlive/2015/texmf-dist/tex/latex/oberdiek/ifdraft.sty
Package: ifdraft 2008/08/11 v1.3 Detect class options draft and final (HO)
)
(c:/texlive/2015/texmf-dist/tex/latex/tools/calc.sty
Package: calc 2014/10/28 v4.3 Infix arithmetic (KKT,FJ)
\calc@Acount=\count162
\calc@Bcount=\count163
\calc@Adimen=\dimen199
\calc@Bdimen=\dimen256
\calc@Askip=\skip57
\calc@Bskip=\skip58
LaTeX Info: Redefining \setlength on input line 80.
LaTeX Info: Redefining \addtolength on input line 81.
\calc@Ccount=\count164
\calc@Cskip=\skip59
)
(c:/texlive/2015/texmf-dist/tex/latex/oberdiek/atenddvi.sty
Package: atenddvi 2007/04/17 v1.1 At end DVI hook (HO)

(c:/texlive/2015/texmf-dist/tex/latex/oberdiek/zref-abspage.sty
Package: zref-abspage 2012/04/04 v2.24 Module abspage for zref (HO)

(c:/texlive/2015/texmf-dist/tex/latex/oberdiek/zref-base.sty
Package: zref-base 2012/04/04 v2.24 Module base for zref (HO)
Package zref Info: New property list: main on input line 759.
Package zref Info: New property: default on input line 760.
Package zref Info: New property: page on input line 761.
)
\c@abspage=\count165
Package zref Info: New property: abspage on input line 62.
)
(c:/texlive/2015/texmf-dist/tex/latex/oberdiek/zref-lastpage.sty
Package: zref-lastpage 2012/04/04 v2.24 Module lastpage for zref (HO)
Package zref Info: New property list: LastPage on input line 55.
))
(./animfp.sty
Package: animfp 2009/07/23 fixed point addition for animate.sty
\afp@xs=\count166
\afp@xia=\count167
\afp@xib=\count168
\afp@xfa=\count169
\afp@xfb=\count170
\afp@rega=\count171
\afp@regb=\count172
\afp@regs=\count173
) (c:/texlive/2015/texmf-dist/tex/latex/ocgx2/ocgbase.sty
(c:/texlive/2015/texmf-dist/tex/latex/l3kernel/expl3.sty
Package: expl3 2015/11/04 v6224 L3 programming layer (loader) 

(c:/texlive/2015/texmf-dist/tex/latex/l3kernel/expl3-code.tex
Package: expl3 2015/11/04 v6224 L3 programming layer (code) 
L3 Module: l3bootstrap 2015/10/18 v6213 L3 Bootstrap code
L3 Module: l3names 2015/11/03 v6220 L3 Namespace for primitives
L3 Module: l3basics 2015/09/22 v6033 L3 Basic definitions
L3 Module: l3expan 2015/09/10 v5983 L3 Argument expansion
L3 Module: l3tl 2015/09/29 v6121 L3 Token lists
L3 Module: l3str 2015/09/20 v6021 L3 Strings
L3 Module: l3seq 2015/08/05 v5777 L3 Sequences and stacks
L3 Module: l3int 2015/09/25 v6089 L3 Integers
\c_max_int=\count174
\l_tmpa_int=\count175
\l_tmpb_int=\count176
\g_tmpa_int=\count177
\g_tmpb_int=\count178
L3 Module: l3quark 2015/08/17 v5855 L3 Quarks
L3 Module: l3prg 2015/11/01 v6216 L3 Control structures
\g__prg_map_int=\count179
L3 Module: l3clist 2015/09/02 v5901 L3 Comma separated lists
L3 Module: l3token 2015/09/28 v6114 L3 Experimental token manipulation
L3 Module: l3prop 2015/08/05 v5777 L3 Property lists
L3 Module: l3msg 2015/09/28 v6113 L3 Messages
L3 Module: l3file 2015/09/23 v6037 L3 File and I/O operations
\l_iow_line_count_int=\count180
\l__iow_target_count_int=\count181
\l__iow_current_line_int=\count182
\l__iow_current_word_int=\count183
\l__iow_current_indentation_int=\count184
L3 Module: l3skip 2015/09/25 v6089 L3 Dimensions and skips
\c_zero_dim=\dimen257
\c_max_dim=\dimen258
\l_tmpa_dim=\dimen259
\l_tmpb_dim=\dimen260
\g_tmpa_dim=\dimen261
\g_tmpb_dim=\dimen262
\c_zero_skip=\skip60
\c_max_skip=\skip61
\l_tmpa_skip=\skip62
\l_tmpb_skip=\skip63
\g_tmpa_skip=\skip64
\g_tmpb_skip=\skip65
\c_zero_muskip=\muskip12
\c_max_muskip=\muskip13
\l_tmpa_muskip=\muskip14
\l_tmpb_muskip=\muskip15
\g_tmpa_muskip=\muskip16
\g_tmpb_muskip=\muskip17
L3 Module: l3keys 2015/09/23 v6037 L3 Key-value interfaces
\g__keyval_level_int=\count185
\l_keys_choice_int=\count186
L3 Module: l3fp 2015/08/25 v5890 L3 Floating points
\c__fp_leading_shift_int=\count187
\c__fp_middle_shift_int=\count188
\c__fp_trailing_shift_int=\count189
\c__fp_big_leading_shift_int=\count190
\c__fp_big_middle_shift_int=\count191
\c__fp_big_trailing_shift_int=\count192
\c__fp_Bigg_leading_shift_int=\count193
\c__fp_Bigg_middle_shift_int=\count194
\c__fp_Bigg_trailing_shift_int=\count195
L3 Module: l3box 2015/08/09 v5822 L3 Experimental boxes
\c_empty_box=\box58
\l_tmpa_box=\box59
\l_tmpb_box=\box60
\g_tmpa_box=\box61
\g_tmpb_box=\box62
L3 Module: l3coffins 2015/08/06 v5789 L3 Coffin code layer
\l__coffin_internal_box=\box63
\l__coffin_internal_dim=\dimen263
\l__coffin_offset_x_dim=\dimen264
\l__coffin_offset_y_dim=\dimen265
\l__coffin_x_dim=\dimen266
\l__coffin_y_dim=\dimen267
\l__coffin_x_prime_dim=\dimen268
\l__coffin_y_prime_dim=\dimen269
\c_empty_coffin=\box64
\l__coffin_aligned_coffin=\box65
\l__coffin_aligned_internal_coffin=\box66
\l_tmpa_coffin=\box67
\l_tmpb_coffin=\box68
\l__coffin_display_coffin=\box69
\l__coffin_display_coord_coffin=\box70
\l__coffin_display_pole_coffin=\box71
\l__coffin_display_offset_dim=\dimen270
\l__coffin_display_x_dim=\dimen271
\l__coffin_display_y_dim=\dimen272
L3 Module: l3color 2014/08/23 v5354 L3 Experimental color support
L3 Module: l3candidates 2015/11/01 v6216 L3 Experimental additions to l3kernel
\l__box_top_dim=\dimen273
\l__box_bottom_dim=\dimen274
\l__box_left_dim=\dimen275
\l__box_right_dim=\dimen276
\l__box_top_new_dim=\dimen277
\l__box_bottom_new_dim=\dimen278
\l__box_left_new_dim=\dimen279
\l__box_right_new_dim=\dimen280
\l__box_internal_box=\box72
\l__coffin_bounding_shift_dim=\dimen281
\l__coffin_left_corner_dim=\dimen282
\l__coffin_right_corner_dim=\dimen283
\l__coffin_bottom_corner_dim=\dimen284
\l__coffin_top_corner_dim=\dimen285
\l__coffin_scaled_total_height_dim=\dimen286
\l__coffin_scaled_width_dim=\dimen287
L3 Module: l3sys 2015/09/25 v6087 L3 Experimental system/runtime functions
L3 Module: l3luatex 2015/09/10 v5983 L3 Experimental LuaTeX-specific functions
)
(c:/texlive/2015/texmf-dist/tex/latex/l3kernel/l3unicode-data.def
File: l3unicode-data.def 2015/07/20 v5676 L3 Unicode data
)
(c:/texlive/2015/texmf-dist/tex/latex/l3kernel/l3pdfmode.def
File: l3pdfmode.def 2015/09/10 v5983 L3 Experimental driver: PDF mode
\l__driver_color_stack_int=\count196
))
(c:/texlive/2015/texmf-dist/tex/latex/l3packages/l3keys2e/l3keys2e.sty
Package: l3keys2e 2015/11/04 v6224 LaTeX2e option processing using LaTeX3 keys
)
Package: ocgbase 2015/12/07 v0.5 support package for ocgx2.sty

(c:/texlive/2015/texmf-dist/tex/latex/media9/pdfbase.sty
(c:/texlive/2015/texmf-dist/tex/latex/l3experimental/l3str/l3regex.sty
Package: l3regex 2015/11/04 v6224 L3 Experimental regular expressions

(c:/texlive/2015/texmf-dist/tex/latex/l3experimental/l3str/l3tl-build.sty
Package: l3tl-build 2015/11/04 v6224 L3 Experimental token list construction
\l__tl_build_start_index_int=\count197
\l__tl_build_index_int=\count198
)
(c:/texlive/2015/texmf-dist/tex/latex/l3experimental/l3str/l3tl-analysis.sty
Package: l3tl-analysis 2015/09/26 v6106 L3 Experimental token lists analysis
\l__tl_analysis_normal_int=\count199
\l__tl_analysis_index_int=\count266
\l__tl_analysis_nesting_int=\count267
\l__tl_analysis_type_int=\count268
)
(c:/texlive/2015/texmf-dist/tex/latex/l3experimental/l3str/l3flag.sty
Package: l3flag 2015/11/04 v6224 L3 Experimental flags
)
(c:/texlive/2015/texmf-dist/tex/latex/l3experimental/l3str/l3str-convert.sty
Package: l3str-convert 2015/09/26 v6106 L3 Experimental string encoding convers
ions
\l__str_internal_int=\count269
\c__str_replacement_char_int=\count270
)
\l__regex_internal_a_int=\count271
\l__regex_internal_b_int=\count272
\l__regex_internal_c_int=\count273
\l__regex_balance_int=\count274
\l__regex_group_level_int=\count275
\l__regex_mode_int=\count276
\l__regex_catcodes_int=\count277
\l__regex_default_catcodes_int=\count278
\c__regex_catcode_D_int=\count279
\c__regex_catcode_S_int=\count280
\c__regex_catcode_L_int=\count281
\c__regex_catcode_O_int=\count282
\c__regex_catcode_A_int=\count283
\c__regex_all_catcodes_int=\count284
\l__regex_show_lines_int=\count285
\l__regex_min_state_int=\count286
\l__regex_max_state_int=\count287
\l__regex_left_state_int=\count288
\l__regex_right_state_int=\count289
\l__regex_capturing_group_int=\count290
\l__regex_min_pos_int=\count291
\l__regex_max_pos_int=\count292
\l__regex_current_pos_int=\count293
\l__regex_start_pos_int=\count294
\l__regex_success_pos_int=\count295
\l__regex_current_char_int=\count296
\l__regex_current_catcode_int=\count297
\l__regex_last_char_int=\count298
\l__regex_case_changed_char_int=\count299
\l__regex_current_state_int=\count300
\l__regex_step_int=\count301
\l__regex_min_active_int=\count302
\l__regex_max_active_int=\count303
\l__regex_replacement_csnames_int=\count304
\l__regex_match_count_int=\count305
\l__regex_submatch_int=\count306
\l__regex_zeroth_submatch_int=\count307
)
Package: pdfbase 2015/11/23 v0.3 driver independent access to low-level PDF fea
tures
\g_pbs_oc_int=\count308
)) (c:/texlive/2015/texmf-dist/tex/context/base/supp-pdf.mkii
[Loading MPS to PDF converter (version 2006.09.02).]
\scratchcounter=\count309
\scratchdimen=\dimen288
\scratchbox=\box73
\nofMPsegments=\count310
\nofMParguments=\count311
\everyMPshowfont=\toks45
\MPscratchCnt=\count312
\MPscratchDim=\dimen289
\MPnumerator=\count313
\makeMPintoPDFobject=\count314
\everyMPtoPDFconversion=\toks46
)
\@anim@box=\box74
\@anim@measbox=\box75
\@anim@tmpdima=\dimen290
\@anim@tmpdimb=\dimen291
\@anim@num=\count315
\@anim@curframe=\count316
\@anim@curframe@zb=\count317
\@anim@resizeflags=\count318
\@anim@skipfram=\count319
\@anim@mulframecnt=\count320
\@anim@@tmlnfile=\read2
\@anim@tmpcnt=\count321
\c@@anim@ltxcnt=\count322
\@anim@curlayer=\count323
\@anim@lineno=\count324
\@anim@curfield=\count325
\@anim@@resizeflags=\count326
)
\c@cnt=\count327
 (./GaussianCurve.aux)
\openout1 = `GaussianCurve.aux'.

LaTeX Font Info:    Checking defaults for OML/cmm/m/it on input line 125.
LaTeX Font Info:    ... okay on input line 125.
LaTeX Font Info:    Checking defaults for T1/cmr/m/n on input line 125.
LaTeX Font Info:    ... okay on input line 125.
LaTeX Font Info:    Checking defaults for OT1/cmr/m/n on input line 125.
LaTeX Font Info:    ... okay on input line 125.
LaTeX Font Info:    Checking defaults for OMS/cmsy/m/n on input line 125.
LaTeX Font Info:    ... okay on input line 125.
LaTeX Font Info:    Checking defaults for OMX/cmex/m/n on input line 125.
LaTeX Font Info:    ... okay on input line 125.
LaTeX Font Info:    Checking defaults for U/cmr/m/n on input line 125.
LaTeX Font Info:    ... okay on input line 125.
LaTeX Font Info:    Checking defaults for PD1/pdf/m/n on input line 125.
LaTeX Font Info:    ... okay on input line 125.

*geometry* driver: auto-detecting
*geometry* detected driver: pdftex
*geometry* verbose mode - [ preamble ] result:
* driver: pdftex
* paper: custom
* layout: <same size as paper>
* layoutoffset:(h,v)=(0.0pt,0.0pt)
* modes: includehead includefoot 
* h-part:(L,W,R)=(28.45274pt, 307.28987pt, 28.45274pt)
* v-part:(T,H,B)=(0.0pt, 273.14662pt, 0.0pt)
* \paperwidth=364.19536pt
* \paperheight=273.14662pt
* \textwidth=307.28987pt
* \textheight=244.6939pt
* \oddsidemargin=-43.81725pt
* \evensidemargin=-43.81725pt
* \topmargin=-72.26999pt
* \headheight=14.22636pt
* \headsep=0.0pt
* \topskip=11.0pt
* \footskip=14.22636pt
* \marginparwidth=4.0pt
* \marginparsep=10.0pt
* \columnsep=10.0pt
* \skip\footins=10.0pt plus 4.0pt minus 2.0pt
* \hoffset=0.0pt
* \voffset=0.0pt
* \mag=1000
* \@twocolumnfalse
* \@twosidefalse
* \@mparswitchfalse
* \@reversemarginfalse
* (1in=72.27pt=25.4mm, 1cm=28.453pt)

(c:/texlive/2015/texmf-dist/tex/latex/oberdiek/epstopdf-base.sty
Package: epstopdf-base 2010/02/09 v2.5 Base part for package epstopdf

(c:/texlive/2015/texmf-dist/tex/latex/oberdiek/grfext.sty
Package: grfext 2010/08/19 v1.1 Manage graphics extensions (HO)
)
Package grfext Info: Graphics extension search list:
(grfext)             [.png,.pdf,.jpg,.mps,.jpeg,.jbig2,.jb2,.PNG,.PDF,.JPG,.JPE
G,.JBIG2,.JB2,.eps]
(grfext)             \AppendGraphicsExtensions on input line 452.

(c:/texlive/2015/texmf-dist/tex/latex/latexconfig/epstopdf-sys.cfg
File: epstopdf-sys.cfg 2010/07/13 v1.3 Configuration of (r)epstopdf for TeX Liv
e
))
ABD: EveryShipout initializing macros
\AtBeginShipoutBox=\box76
Package hyperref Info: Link coloring OFF on input line 125.

(c:/texlive/2015/texmf-dist/tex/latex/hyperref/nameref.sty
Package: nameref 2012/10/27 v2.43 Cross-referencing by name of section

(c:/texlive/2015/texmf-dist/tex/generic/oberdiek/gettitlestring.sty
Package: gettitlestring 2010/12/03 v1.4 Cleanup title references (HO)
)
\c@section@level=\count328
)
LaTeX Info: Redefining \ref on input line 125.
LaTeX Info: Redefining \pageref on input line 125.
LaTeX Info: Redefining \nameref on input line 125.

(./GaussianCurve.out) (./GaussianCurve.out)
\@outlinefile=\write5
\openout5 = `GaussianCurve.out'.

LaTeX Font Info:    Overwriting symbol font `operators' in version `normal'
(Font)                  OT1/cmr/m/n --> OT1/cmss/m/n on input line 125.
LaTeX Font Info:    Overwriting symbol font `operators' in version `bold'
(Font)                  OT1/cmr/bx/n --> OT1/cmss/bx/n on input line 125.
\symnumbers=\mathgroup6
\sympureletters=\mathgroup7
LaTeX Font Info:    Overwriting math alphabet `\mathrm' in version `normal'
(Font)                  OT1/cmss/m/n --> OT1/cmr/m/n on input line 125.
LaTeX Font Info:    Redeclaring math alphabet \mathbf on input line 125.
LaTeX Font Info:    Overwriting math alphabet `\mathbf' in version `normal'
(Font)                  OT1/cmr/bx/n --> OT1/cmss/bx/n on input line 125.
LaTeX Font Info:    Overwriting math alphabet `\mathbf' in version `bold'
(Font)                  OT1/cmr/bx/n --> OT1/cmss/bx/n on input line 125.
LaTeX Font Info:    Redeclaring math alphabet \mathsf on input line 125.
LaTeX Font Info:    Overwriting math alphabet `\mathsf' in version `normal'
(Font)                  OT1/cmss/m/n --> OT1/cmss/m/n on input line 125.
LaTeX Font Info:    Overwriting math alphabet `\mathsf' in version `bold'
(Font)                  OT1/cmss/bx/n --> OT1/cmss/m/n on input line 125.
LaTeX Font Info:    Redeclaring math alphabet \mathit on input line 125.
LaTeX Font Info:    Overwriting math alphabet `\mathit' in version `normal'
(Font)                  OT1/cmr/m/it --> OT1/cmss/m/it on input line 125.
LaTeX Font Info:    Overwriting math alphabet `\mathit' in version `bold'
(Font)                  OT1/cmr/bx/it --> OT1/cmss/m/it on input line 125.
LaTeX Font Info:    Redeclaring math alphabet \mathtt on input line 125.
LaTeX Font Info:    Overwriting math alphabet `\mathtt' in version `normal'
(Font)                  OT1/cmtt/m/n --> OT1/cmtt/m/n on input line 125.
LaTeX Font Info:    Overwriting math alphabet `\mathtt' in version `bold'
(Font)                  OT1/cmtt/m/n --> OT1/cmtt/m/n on input line 125.
LaTeX Font Info:    Overwriting symbol font `numbers' in version `bold'
(Font)                  OT1/cmss/m/n --> OT1/cmss/bx/n on input line 125.
LaTeX Font Info:    Overwriting symbol font `pureletters' in version `bold'
(Font)                  OT1/cmss/m/it --> OT1/cmss/bx/it on input line 125.
LaTeX Font Info:    Overwriting math alphabet `\mathrm' in version `bold'
(Font)                  OT1/cmss/bx/n --> OT1/cmr/bx/n on input line 125.
LaTeX Font Info:    Overwriting math alphabet `\mathbf' in version `bold'
(Font)                  OT1/cmss/bx/n --> OT1/cmss/bx/n on input line 125.
LaTeX Font Info:    Overwriting math alphabet `\mathsf' in version `bold'
(Font)                  OT1/cmss/m/n --> OT1/cmss/bx/n on input line 125.
LaTeX Font Info:    Overwriting math alphabet `\mathit' in version `bold'
(Font)                  OT1/cmss/m/it --> OT1/cmss/bx/it on input line 125.
LaTeX Font Info:    Overwriting math alphabet `\mathtt' in version `bold'
(Font)                  OT1/cmtt/m/n --> OT1/cmtt/bx/n on input line 125.
LaTeX Font Info:    Redeclaring symbol font `pureletters' on input line 125.
LaTeX Font Info:    Overwriting symbol font `pureletters' in version `normal'
(Font)                  OT1/cmss/m/it --> OT1/mathkerncmss/m/sl on input line 1
25.
LaTeX Font Info:    Overwriting symbol font `pureletters' in version `bold'
(Font)                  OT1/cmss/bx/it --> OT1/mathkerncmss/m/sl on input line 
125.
LaTeX Font Info:    Overwriting symbol font `pureletters' in version `bold'
(Font)                  OT1/mathkerncmss/m/sl --> OT1/mathkerncmss/bx/sl on inp
ut line 125.

(c:/texlive/2015/texmf-dist/tex/latex/beamer/translator/dicts/translator-basic-
dictionary/translator-basic-dictionary-English.dict
Dictionary: translator-basic-dictionary, Language: English 
)
(c:/texlive/2015/texmf-dist/tex/latex/beamer/translator/dicts/translator-biblio
graphy-dictionary/translator-bibliography-dictionary-English.dict
Dictionary: translator-bibliography-dictionary, Language: English 
)
(c:/texlive/2015/texmf-dist/tex/latex/beamer/translator/dicts/translator-enviro
nment-dictionary/translator-environment-dictionary-English.dict
Dictionary: translator-environment-dictionary, Language: English 
)
(c:/texlive/2015/texmf-dist/tex/latex/beamer/translator/dicts/translator-months
-dictionary/translator-months-dictionary-English.dict
Dictionary: translator-months-dictionary, Language: English 
)
(c:/texlive/2015/texmf-dist/tex/latex/beamer/translator/dicts/translator-number
s-dictionary/translator-numbers-dictionary-English.dict
Dictionary: translator-numbers-dictionary, Language: English 
)
(c:/texlive/2015/texmf-dist/tex/latex/beamer/translator/dicts/translator-theore
m-dictionary/translator-theorem-dictionary-English.dict
Dictionary: translator-theorem-dictionary, Language: English 
)
LaTeX Info: Redefining \includegraphics on input line 125.
 (./GaussianCurve.nav)
LaTeX Font Info:    Try loading font information for U+msa on input line 196.

(c:/texlive/2015/texmf-dist/tex/latex/amsfonts/umsa.fd
File: umsa.fd 2013/01/14 v3.01 AMS symbols A
)
LaTeX Font Info:    Try loading font information for U+msb on input line 196.

(c:/texlive/2015/texmf-dist/tex/latex/amsfonts/umsb.fd
File: umsb.fd 2013/01/14 v3.01 AMS symbols B
)
LaTeX Font Info:    Try loading font information for OT1+mathkerncmss on input 
line 196.

(c:/texlive/2015/texmf-dist/tex/latex/sansmathaccent/ot1mathkerncmss.fd
File: ot1mathkerncmss.fd 2013/03/27 Fontinst v1.933 font definitions for OT1/ma
thkerncmss.
)
\openout3 = `GaussianCurve.50.gnuplot'.

runsystem(gnuplot GaussianCurve.50.gnuplot)...disabled (restricted).



Package pgf Warning: Plot data file `GaussianCurve.50.table' not found. on inpu
t line 196.

\openout3 = `GaussianCurve.f40.gnuplot'.

runsystem(gnuplot GaussianCurve.f40.gnuplot)...disabled (restricted).


Package pgf Warning: Plot data file `GaussianCurve.f40.table' not found. on inp
ut line 196.

Missing character: There is no ; in font nullfont!
{c:/texlive/2015/texmf-var/fonts/map/pdftex/updmap/pdftex.map} <a0,fr0>
\openout3 = `GaussianCurve.51.gnuplot'.

runsystem(gnuplot GaussianCurve.51.gnuplot)...disabled (restricted).



Package pgf Warning: Plot data file `GaussianCurve.51.table' not found. on inpu
t line 196.

\openout3 = `GaussianCurve.f41.gnuplot'.

runsystem(gnuplot GaussianCurve.f41.gnuplot)...disabled (restricted).


Package pgf Warning: Plot data file `GaussianCurve.f41.table' not found. on inp
ut line 196.

Missing character: There is no ; in font nullfont!
<a0,fr1>
\openout3 = `GaussianCurve.52.gnuplot'.

runsystem(gnuplot GaussianCurve.52.gnuplot)...disabled (restricted).



Package pgf Warning: Plot data file `GaussianCurve.52.table' not found. on inpu
t line 196.

\openout3 = `GaussianCurve.f42.gnuplot'.

runsystem(gnuplot GaussianCurve.f42.gnuplot)...disabled (restricted).


Package pgf Warning: Plot data file `GaussianCurve.f42.table' not found. on inp
ut line 196.

Missing character: There is no ; in font nullfont!
<a0,fr2>
\openout3 = `GaussianCurve.53.gnuplot'.

runsystem(gnuplot GaussianCurve.53.gnuplot)...disabled (restricted).



Package pgf Warning: Plot data file `GaussianCurve.53.table' not found. on inpu
t line 196.

\openout3 = `GaussianCurve.f43.gnuplot'.

runsystem(gnuplot GaussianCurve.f43.gnuplot)...disabled (restricted).


Package pgf Warning: Plot data file `GaussianCurve.f43.table' not found. on inp
ut line 196.

Missing character: There is no ; in font nullfont!
<a0,fr3>
\openout3 = `GaussianCurve.54.gnuplot'.

runsystem(gnuplot GaussianCurve.54.gnuplot)...disabled (restricted).



Package pgf Warning: Plot data file `GaussianCurve.54.table' not found. on inpu
t line 196.

\openout3 = `GaussianCurve.f44.gnuplot'.

runsystem(gnuplot GaussianCurve.f44.gnuplot)...disabled (restricted).


Package pgf Warning: Plot data file `GaussianCurve.f44.table' not found. on inp
ut line 196.

Missing character: There is no ; in font nullfont!
<a0,fr4>
\openout3 = `GaussianCurve.55.gnuplot'.

runsystem(gnuplot GaussianCurve.55.gnuplot)...disabled (restricted).



Package pgf Warning: Plot data file `GaussianCurve.55.table' not found. on inpu
t line 196.

\openout3 = `GaussianCurve.f45.gnuplot'.

runsystem(gnuplot GaussianCurve.f45.gnuplot)...disabled (restricted).


Package pgf Warning: Plot data file `GaussianCurve.f45.table' not found. on inp
ut line 196.

Missing character: There is no ; in font nullfont!
<a0,fr5>
\openout3 = `GaussianCurve.56.gnuplot'.

runsystem(gnuplot GaussianCurve.56.gnuplot)...disabled (restricted).



Package pgf Warning: Plot data file `GaussianCurve.56.table' not found. on inpu
t line 196.

\openout3 = `GaussianCurve.f46.gnuplot'.

runsystem(gnuplot GaussianCurve.f46.gnuplot)...disabled (restricted).


Package pgf Warning: Plot data file `GaussianCurve.f46.table' not found. on inp
ut line 196.

Missing character: There is no ; in font nullfont!
<a0,fr6>
\openout3 = `GaussianCurve.57.gnuplot'.

runsystem(gnuplot GaussianCurve.57.gnuplot)...disabled (restricted).



Package pgf Warning: Plot data file `GaussianCurve.57.table' not found. on inpu
t line 196.

\openout3 = `GaussianCurve.f47.gnuplot'.

runsystem(gnuplot GaussianCurve.f47.gnuplot)...disabled (restricted).


Package pgf Warning: Plot data file `GaussianCurve.f47.table' not found. on inp
ut line 196.

Missing character: There is no ; in font nullfont!
<a0,fr7>
\openout3 = `GaussianCurve.58.gnuplot'.

runsystem(gnuplot GaussianCurve.58.gnuplot)...disabled (restricted).



Package pgf Warning: Plot data file `GaussianCurve.58.table' not found. on inpu
t line 196.

\openout3 = `GaussianCurve.f48.gnuplot'.

runsystem(gnuplot GaussianCurve.f48.gnuplot)...disabled (restricted).


Package pgf Warning: Plot data file `GaussianCurve.f48.table' not found. on inp
ut line 196.

Missing character: There is no ; in font nullfont!
<a0,fr8>
\openout3 = `GaussianCurve.59.gnuplot'.

runsystem(gnuplot GaussianCurve.59.gnuplot)...disabled (restricted).



Package pgf Warning: Plot data file `GaussianCurve.59.table' not found. on inpu
t line 196.

\openout3 = `GaussianCurve.f49.gnuplot'.

runsystem(gnuplot GaussianCurve.f49.gnuplot)...disabled (restricted).


Package pgf Warning: Plot data file `GaussianCurve.f49.table' not found. on inp
ut line 196.

Missing character: There is no ; in font nullfont!
<a0,fr9>
\openout3 = `GaussianCurve.510.gnuplot'.

runsystem(gnuplot GaussianCurve.510.gnuplot)...disabled (restricted).



Package pgf Warning: Plot data file `GaussianCurve.510.table' not found. on inp
ut line 196.

\openout3 = `GaussianCurve.f410.gnuplot'.

runsystem(gnuplot GaussianCurve.f410.gnuplot)...disabled (restricted).


Package pgf Warning: Plot data file `GaussianCurve.f410.table' not found. on in
put line 196.

Missing character: There is no ; in font nullfont!
<a0,fr10>
\openout3 = `GaussianCurve.511.gnuplot'.

runsystem(gnuplot GaussianCurve.511.gnuplot)...disabled (restricted).



Package pgf Warning: Plot data file `GaussianCurve.511.table' not found. on inp
ut line 196.

\openout3 = `GaussianCurve.f411.gnuplot'.

runsystem(gnuplot GaussianCurve.f411.gnuplot)...disabled (restricted).


Package pgf Warning: Plot data file `GaussianCurve.f411.table' not found. on in
put line 196.

Missing character: There is no ; in font nullfont!
<a0,fr11>
\openout3 = `GaussianCurve.512.gnuplot'.

runsystem(gnuplot GaussianCurve.512.gnuplot)...disabled (restricted).



Package pgf Warning: Plot data file `GaussianCurve.512.table' not found. on inp
ut line 196.

\openout3 = `GaussianCurve.f412.gnuplot'.

runsystem(gnuplot GaussianCurve.f412.gnuplot)...disabled (restricted).


Package pgf Warning: Plot data file `GaussianCurve.f412.table' not found. on in
put line 196.

Missing character: There is no ; in font nullfont!
<a0,fr12>
\openout3 = `GaussianCurve.513.gnuplot'.

runsystem(gnuplot GaussianCurve.513.gnuplot)...disabled (restricted).



Package pgf Warning: Plot data file `GaussianCurve.513.table' not found. on inp
ut line 196.

\openout3 = `GaussianCurve.f413.gnuplot'.

runsystem(gnuplot GaussianCurve.f413.gnuplot)...disabled (restricted).


Package pgf Warning: Plot data file `GaussianCurve.f413.table' not found. on in
put line 196.

Missing character: There is no ; in font nullfont!
<a0,fr13>
\openout3 = `GaussianCurve.514.gnuplot'.

runsystem(gnuplot GaussianCurve.514.gnuplot)...disabled (restricted).



Package pgf Warning: Plot data file `GaussianCurve.514.table' not found. on inp
ut line 196.

\openout3 = `GaussianCurve.f414.gnuplot'.

runsystem(gnuplot GaussianCurve.f414.gnuplot)...disabled (restricted).


Package pgf Warning: Plot data file `GaussianCurve.f414.table' not found. on in
put line 196.

Missing character: There is no ; in font nullfont!
<a0,fr14>
\openout3 = `GaussianCurve.515.gnuplot'.

runsystem(gnuplot GaussianCurve.515.gnuplot)...disabled (restricted).



Package pgf Warning: Plot data file `GaussianCurve.515.table' not found. on inp
ut line 196.

\openout3 = `GaussianCurve.f415.gnuplot'.

runsystem(gnuplot GaussianCurve.f415.gnuplot)...disabled (restricted).


Package pgf Warning: Plot data file `GaussianCurve.f415.table' not found. on in
put line 196.

Missing character: There is no ; in font nullfont!
<a0,fr15>
\openout3 = `GaussianCurve.516.gnuplot'.

runsystem(gnuplot GaussianCurve.516.gnuplot)...disabled (restricted).



Package pgf Warning: Plot data file `GaussianCurve.516.table' not found. on inp
ut line 196.

\openout3 = `GaussianCurve.f416.gnuplot'.

runsystem(gnuplot GaussianCurve.f416.gnuplot)...disabled (restricted).


Package pgf Warning: Plot data file `GaussianCurve.f416.table' not found. on in
put line 196.

Missing character: There is no ; in font nullfont!
<a0,fr16>
\openout3 = `GaussianCurve.517.gnuplot'.

runsystem(gnuplot GaussianCurve.517.gnuplot)...disabled (restricted).



Package pgf Warning: Plot data file `GaussianCurve.517.table' not found. on inp
ut line 196.

\openout3 = `GaussianCurve.f417.gnuplot'.

runsystem(gnuplot GaussianCurve.f417.gnuplot)...disabled (restricted).


Package pgf Warning: Plot data file `GaussianCurve.f417.table' not found. on in
put line 196.

Missing character: There is no ; in font nullfont!
<a0,fr17>
\openout3 = `GaussianCurve.518.gnuplot'.

runsystem(gnuplot GaussianCurve.518.gnuplot)...disabled (restricted).



Package pgf Warning: Plot data file `GaussianCurve.518.table' not found. on inp
ut line 196.

\openout3 = `GaussianCurve.f418.gnuplot'.

runsystem(gnuplot GaussianCurve.f418.gnuplot)...disabled (restricted).


Package pgf Warning: Plot data file `GaussianCurve.f418.table' not found. on in
put line 196.

Missing character: There is no ; in font nullfont!
<a0,fr18>
\openout3 = `GaussianCurve.519.gnuplot'.

runsystem(gnuplot GaussianCurve.519.gnuplot)...disabled (restricted).



Package pgf Warning: Plot data file `GaussianCurve.519.table' not found. on inp
ut line 196.

\openout3 = `GaussianCurve.f419.gnuplot'.

runsystem(gnuplot GaussianCurve.f419.gnuplot)...disabled (restricted).


Package pgf Warning: Plot data file `GaussianCurve.f419.table' not found. on in
put line 196.

Missing character: There is no ; in font nullfont!
<a0,fr19>
\openout3 = `GaussianCurve.520.gnuplot'.

runsystem(gnuplot GaussianCurve.520.gnuplot)...disabled (restricted).



Package pgf Warning: Plot data file `GaussianCurve.520.table' not found. on inp
ut line 196.

\openout3 = `GaussianCurve.f420.gnuplot'.

runsystem(gnuplot GaussianCurve.f420.gnuplot)...disabled (restricted).


Package pgf Warning: Plot data file `GaussianCurve.f420.table' not found. on in
put line 196.

Missing character: There is no ; in font nullfont!
<a0,fr20>
\openout3 = `GaussianCurve.521.gnuplot'.

runsystem(gnuplot GaussianCurve.521.gnuplot)...disabled (restricted).



Package pgf Warning: Plot data file `GaussianCurve.521.table' not found. on inp
ut line 196.

\openout3 = `GaussianCurve.f421.gnuplot'.

runsystem(gnuplot GaussianCurve.f421.gnuplot)...disabled (restricted).


Package pgf Warning: Plot data file `GaussianCurve.f421.table' not found. on in
put line 196.

Missing character: There is no ; in font nullfont!
<a0,fr21>
\openout3 = `GaussianCurve.522.gnuplot'.

runsystem(gnuplot GaussianCurve.522.gnuplot)...disabled (restricted).



Package pgf Warning: Plot data file `GaussianCurve.522.table' not found. on inp
ut line 196.

\openout3 = `GaussianCurve.f422.gnuplot'.

runsystem(gnuplot GaussianCurve.f422.gnuplot)...disabled (restricted).


Package pgf Warning: Plot data file `GaussianCurve.f422.table' not found. on in
put line 196.

Missing character: There is no ; in font nullfont!
<a0,fr22>
\openout3 = `GaussianCurve.523.gnuplot'.

runsystem(gnuplot GaussianCurve.523.gnuplot)...disabled (restricted).



Package pgf Warning: Plot data file `GaussianCurve.523.table' not found. on inp
ut line 196.

\openout3 = `GaussianCurve.f423.gnuplot'.

runsystem(gnuplot GaussianCurve.f423.gnuplot)...disabled (restricted).


Package pgf Warning: Plot data file `GaussianCurve.f423.table' not found. on in
put line 196.

Missing character: There is no ; in font nullfont!
<a0,fr23>
\openout3 = `GaussianCurve.524.gnuplot'.

runsystem(gnuplot GaussianCurve.524.gnuplot)...disabled (restricted).



Package pgf Warning: Plot data file `GaussianCurve.524.table' not found. on inp
ut line 196.

\openout3 = `GaussianCurve.f424.gnuplot'.

runsystem(gnuplot GaussianCurve.f424.gnuplot)...disabled (restricted).


Package pgf Warning: Plot data file `GaussianCurve.f424.table' not found. on in
put line 196.

Missing character: There is no ; in font nullfont!
<a0,fr24>
\openout3 = `GaussianCurve.525.gnuplot'.

runsystem(gnuplot GaussianCurve.525.gnuplot)...disabled (restricted).



Package pgf Warning: Plot data file `GaussianCurve.525.table' not found. on inp
ut line 196.

\openout3 = `GaussianCurve.f425.gnuplot'.

runsystem(gnuplot GaussianCurve.f425.gnuplot)...disabled (restricted).


Package pgf Warning: Plot data file `GaussianCurve.f425.table' not found. on in
put line 196.

Missing character: There is no ; in font nullfont!
<a0,fr25>
\openout3 = `GaussianCurve.526.gnuplot'.

runsystem(gnuplot GaussianCurve.526.gnuplot)...disabled (restricted).



Package pgf Warning: Plot data file `GaussianCurve.526.table' not found. on inp
ut line 196.

\openout3 = `GaussianCurve.f426.gnuplot'.

runsystem(gnuplot GaussianCurve.f426.gnuplot)...disabled (restricted).


Package pgf Warning: Plot data file `GaussianCurve.f426.table' not found. on in
put line 196.

Missing character: There is no ; in font nullfont!
<a0,fr26>
\openout3 = `GaussianCurve.527.gnuplot'.

runsystem(gnuplot GaussianCurve.527.gnuplot)...disabled (restricted).



Package pgf Warning: Plot data file `GaussianCurve.527.table' not found. on inp
ut line 196.

\openout3 = `GaussianCurve.f427.gnuplot'.

runsystem(gnuplot GaussianCurve.f427.gnuplot)...disabled (restricted).


Package pgf Warning: Plot data file `GaussianCurve.f427.table' not found. on in
put line 196.

Missing character: There is no ; in font nullfont!
<a0,fr27>
\openout3 = `GaussianCurve.528.gnuplot'.

runsystem(gnuplot GaussianCurve.528.gnuplot)...disabled (restricted).



Package pgf Warning: Plot data file `GaussianCurve.528.table' not found. on inp
ut line 196.

\openout3 = `GaussianCurve.f428.gnuplot'.

runsystem(gnuplot GaussianCurve.f428.gnuplot)...disabled (restricted).


Package pgf Warning: Plot data file `GaussianCurve.f428.table' not found. on in
put line 196.

Missing character: There is no ; in font nullfont!
<a0,fr28>
\openout3 = `GaussianCurve.529.gnuplot'.

runsystem(gnuplot GaussianCurve.529.gnuplot)...disabled (restricted).



Package pgf Warning: Plot data file `GaussianCurve.529.table' not found. on inp
ut line 196.

\openout3 = `GaussianCurve.f429.gnuplot'.

runsystem(gnuplot GaussianCurve.f429.gnuplot)...disabled (restricted).


Package pgf Warning: Plot data file `GaussianCurve.f429.table' not found. on in
put line 196.

Missing character: There is no ; in font nullfont!
<a0,fr29>
\openout3 = `GaussianCurve.530.gnuplot'.

runsystem(gnuplot GaussianCurve.530.gnuplot)...disabled (restricted).



Package pgf Warning: Plot data file `GaussianCurve.530.table' not found. on inp
ut line 196.

\openout3 = `GaussianCurve.f430.gnuplot'.

runsystem(gnuplot GaussianCurve.f430.gnuplot)...disabled (restricted).


Package pgf Warning: Plot data file `GaussianCurve.f430.table' not found. on in
put line 196.

Missing character: There is no ; in font nullfont!
<a0,fr30>
\openout3 = `GaussianCurve.531.gnuplot'.

runsystem(gnuplot GaussianCurve.531.gnuplot)...disabled (restricted).



Package pgf Warning: Plot data file `GaussianCurve.531.table' not found. on inp
ut line 196.

\openout3 = `GaussianCurve.f431.gnuplot'.

runsystem(gnuplot GaussianCurve.f431.gnuplot)...disabled (restricted).


Package pgf Warning: Plot data file `GaussianCurve.f431.table' not found. on in
put line 196.

Missing character: There is no ; in font nullfont!
<a0,fr31>
\openout3 = `GaussianCurve.532.gnuplot'.

runsystem(gnuplot GaussianCurve.532.gnuplot)...disabled (restricted).



Package pgf Warning: Plot data file `GaussianCurve.532.table' not found. on inp
ut line 196.

\openout3 = `GaussianCurve.f432.gnuplot'.

runsystem(gnuplot GaussianCurve.f432.gnuplot)...disabled (restricted).


Package pgf Warning: Plot data file `GaussianCurve.f432.table' not found. on in
put line 196.

Missing character: There is no ; in font nullfont!
<a0,fr32>
\openout3 = `GaussianCurve.533.gnuplot'.

runsystem(gnuplot GaussianCurve.533.gnuplot)...disabled (restricted).



Package pgf Warning: Plot data file `GaussianCurve.533.table' not found. on inp
ut line 196.

\openout3 = `GaussianCurve.f433.gnuplot'.

runsystem(gnuplot GaussianCurve.f433.gnuplot)...disabled (restricted).


Package pgf Warning: Plot data file `GaussianCurve.f433.table' not found. on in
put line 196.

Missing character: There is no ; in font nullfont!
<a0,fr33>
\openout3 = `GaussianCurve.534.gnuplot'.

runsystem(gnuplot GaussianCurve.534.gnuplot)...disabled (restricted).



Package pgf Warning: Plot data file `GaussianCurve.534.table' not found. on inp
ut line 196.

\openout3 = `GaussianCurve.f434.gnuplot'.

runsystem(gnuplot GaussianCurve.f434.gnuplot)...disabled (restricted).


Package pgf Warning: Plot data file `GaussianCurve.f434.table' not found. on in
put line 196.

Missing character: There is no ; in font nullfont!
<a0,fr34>
\openout3 = `GaussianCurve.535.gnuplot'.

runsystem(gnuplot GaussianCurve.535.gnuplot)...disabled (restricted).



Package pgf Warning: Plot data file `GaussianCurve.535.table' not found. on inp
ut line 196.

\openout3 = `GaussianCurve.f435.gnuplot'.

runsystem(gnuplot GaussianCurve.f435.gnuplot)...disabled (restricted).


Package pgf Warning: Plot data file `GaussianCurve.f435.table' not found. on in
put line 196.

Missing character: There is no ; in font nullfont!
<a0,fr35>
\openout3 = `GaussianCurve.536.gnuplot'.

runsystem(gnuplot GaussianCurve.536.gnuplot)...disabled (restricted).



Package pgf Warning: Plot data file `GaussianCurve.536.table' not found. on inp
ut line 196.

\openout3 = `GaussianCurve.f436.gnuplot'.

runsystem(gnuplot GaussianCurve.f436.gnuplot)...disabled (restricted).


Package pgf Warning: Plot data file `GaussianCurve.f436.table' not found. on in
put line 196.

Missing character: There is no ; in font nullfont!
<a0,fr36>
\openout3 = `GaussianCurve.537.gnuplot'.

runsystem(gnuplot GaussianCurve.537.gnuplot)...disabled (restricted).



Package pgf Warning: Plot data file `GaussianCurve.537.table' not found. on inp
ut line 196.

\openout3 = `GaussianCurve.f437.gnuplot'.

runsystem(gnuplot GaussianCurve.f437.gnuplot)...disabled (restricted).


Package pgf Warning: Plot data file `GaussianCurve.f437.table' not found. on in
put line 196.

Missing character: There is no ; in font nullfont!
<a0,fr37>
\openout3 = `GaussianCurve.538.gnuplot'.

runsystem(gnuplot GaussianCurve.538.gnuplot)...disabled (restricted).



Package pgf Warning: Plot data file `GaussianCurve.538.table' not found. on inp
ut line 196.

\openout3 = `GaussianCurve.f438.gnuplot'.

runsystem(gnuplot GaussianCurve.f438.gnuplot)...disabled (restricted).


Package pgf Warning: Plot data file `GaussianCurve.f438.table' not found. on in
put line 196.

Missing character: There is no ; in font nullfont!
<a0,fr38>
\openout3 = `GaussianCurve.539.gnuplot'.

runsystem(gnuplot GaussianCurve.539.gnuplot)...disabled (restricted).



Package pgf Warning: Plot data file `GaussianCurve.539.table' not found. on inp
ut line 196.

\openout3 = `GaussianCurve.f439.gnuplot'.

runsystem(gnuplot GaussianCurve.f439.gnuplot)...disabled (restricted).


Package pgf Warning: Plot data file `GaussianCurve.f439.table' not found. on in
put line 196.

Missing character: There is no ; in font nullfont!
<a0,fr39>
\openout3 = `GaussianCurve.540.gnuplot'.

runsystem(gnuplot GaussianCurve.540.gnuplot)...disabled (restricted).



Package pgf Warning: Plot data file `GaussianCurve.540.table' not found. on inp
ut line 196.

\openout3 = `GaussianCurve.f440.gnuplot'.

runsystem(gnuplot GaussianCurve.f440.gnuplot)...disabled (restricted).


Package pgf Warning: Plot data file `GaussianCurve.f440.table' not found. on in
put line 196.

Missing character: There is no ; in font nullfont!
<a0,fr40>
\openout3 = `GaussianCurve.541.gnuplot'.

runsystem(gnuplot GaussianCurve.541.gnuplot)...disabled (restricted).



Package pgf Warning: Plot data file `GaussianCurve.541.table' not found. on inp
ut line 196.

\openout3 = `GaussianCurve.f441.gnuplot'.

runsystem(gnuplot GaussianCurve.f441.gnuplot)...disabled (restricted).


Package pgf Warning: Plot data file `GaussianCurve.f441.table' not found. on in
put line 196.

Missing character: There is no ; in font nullfont!
<a0,fr41>
\openout3 = `GaussianCurve.542.gnuplot'.

runsystem(gnuplot GaussianCurve.542.gnuplot)...disabled (restricted).



Package pgf Warning: Plot data file `GaussianCurve.542.table' not found. on inp
ut line 196.

\openout3 = `GaussianCurve.f442.gnuplot'.

runsystem(gnuplot GaussianCurve.f442.gnuplot)...disabled (restricted).


Package pgf Warning: Plot data file `GaussianCurve.f442.table' not found. on in
put line 196.

Missing character: There is no ; in font nullfont!
<a0,fr42>
\openout3 = `GaussianCurve.543.gnuplot'.

runsystem(gnuplot GaussianCurve.543.gnuplot)...disabled (restricted).



Package pgf Warning: Plot data file `GaussianCurve.543.table' not found. on inp
ut line 196.

\openout3 = `GaussianCurve.f443.gnuplot'.

runsystem(gnuplot GaussianCurve.f443.gnuplot)...disabled (restricted).


Package pgf Warning: Plot data file `GaussianCurve.f443.table' not found. on in
put line 196.

Missing character: There is no ; in font nullfont!
<a0,fr43>
\openout3 = `GaussianCurve.544.gnuplot'.

runsystem(gnuplot GaussianCurve.544.gnuplot)...disabled (restricted).



Package pgf Warning: Plot data file `GaussianCurve.544.table' not found. on inp
ut line 196.

\openout3 = `GaussianCurve.f444.gnuplot'.

runsystem(gnuplot GaussianCurve.f444.gnuplot)...disabled (restricted).


Package pgf Warning: Plot data file `GaussianCurve.f444.table' not found. on in
put line 196.

Missing character: There is no ; in font nullfont!
<a0,fr44>
\openout3 = `GaussianCurve.545.gnuplot'.

runsystem(gnuplot GaussianCurve.545.gnuplot)...disabled (restricted).



Package pgf Warning: Plot data file `GaussianCurve.545.table' not found. on inp
ut line 196.

\openout3 = `GaussianCurve.f445.gnuplot'.

runsystem(gnuplot GaussianCurve.f445.gnuplot)...disabled (restricted).


Package pgf Warning: Plot data file `GaussianCurve.f445.table' not found. on in
put line 196.

Missing character: There is no ; in font nullfont!
<a0,fr45>
\openout3 = `GaussianCurve.546.gnuplot'.

runsystem(gnuplot GaussianCurve.546.gnuplot)...disabled (restricted).



Package pgf Warning: Plot data file `GaussianCurve.546.table' not found. on inp
ut line 196.

\openout3 = `GaussianCurve.f446.gnuplot'.

runsystem(gnuplot GaussianCurve.f446.gnuplot)...disabled (restricted).


Package pgf Warning: Plot data file `GaussianCurve.f446.table' not found. on in
put line 196.

Missing character: There is no ; in font nullfont!
<a0,fr46>
\openout3 = `GaussianCurve.547.gnuplot'.

runsystem(gnuplot GaussianCurve.547.gnuplot)...disabled (restricted).



Package pgf Warning: Plot data file `GaussianCurve.547.table' not found. on inp
ut line 196.

\openout3 = `GaussianCurve.f447.gnuplot'.

runsystem(gnuplot GaussianCurve.f447.gnuplot)...disabled (restricted).


Package pgf Warning: Plot data file `GaussianCurve.f447.table' not found. on in
put line 196.

Missing character: There is no ; in font nullfont!
<a0,fr47>

LaTeX Font Warning: Font shape `OT1/cmss/m/n' in size <4> not available
(Font)              size <5> substituted on input line 196.

[1

]
\openout3 = `GaussianCurve.f3.gnuplot'.

runsystem(gnuplot GaussianCurve.f3.gnuplot)...disabled (restricted).



Package pgf Warning: Plot data file `GaussianCurve.f3.table' not found. on inpu
t line 214.

\openout3 = `GaussianCurve.f1.gnuplot'.

runsystem(gnuplot GaussianCurve.f1.gnuplot)...disabled (restricted).


Package pgf Warning: Plot data file `GaussianCurve.f1.table' not found. on inpu
t line 214.

\openout3 = `GaussianCurve.f348.gnuplot'.

runsystem(gnuplot GaussianCurve.f348.gnuplot)...disabled (restricted).


Package pgf Warning: Plot data file `GaussianCurve.f348.table' not found. on in
put line 214.

\openout3 = `GaussianCurve.f448.gnuplot'.

runsystem(gnuplot GaussianCurve.f448.gnuplot)...disabled (restricted).


Package pgf Warning: Plot data file `GaussianCurve.f448.table' not found. on in
put line 214.

\openout3 = `GaussianCurve.f148.gnuplot'.

runsystem(gnuplot GaussianCurve.f148.gnuplot)...disabled (restricted).


Package pgf Warning: Plot data file `GaussianCurve.f148.table' not found. on in
put line 214.

<a1,fr0>
\openout3 = `GaussianCurve.f3.gnuplot'.

runsystem(gnuplot GaussianCurve.f3.gnuplot)...disabled (restricted).



Package pgf Warning: Plot data file `GaussianCurve.f3.table' not found. on inpu
t line 214.

\openout3 = `GaussianCurve.f1.gnuplot'.

runsystem(gnuplot GaussianCurve.f1.gnuplot)...disabled (restricted).


Package pgf Warning: Plot data file `GaussianCurve.f1.table' not found. on inpu
t line 214.

\openout3 = `GaussianCurve.f349.gnuplot'.

runsystem(gnuplot GaussianCurve.f349.gnuplot)...disabled (restricted).


Package pgf Warning: Plot data file `GaussianCurve.f349.table' not found. on in
put line 214.

\openout3 = `GaussianCurve.f449.gnuplot'.

runsystem(gnuplot GaussianCurve.f449.gnuplot)...disabled (restricted).


Package pgf Warning: Plot data file `GaussianCurve.f449.table' not found. on in
put line 214.

\openout3 = `GaussianCurve.f149.gnuplot'.

runsystem(gnuplot GaussianCurve.f149.gnuplot)...disabled (restricted).


Package pgf Warning: Plot data file `GaussianCurve.f149.table' not found. on in
put line 214.

<a1,fr1>
\openout3 = `GaussianCurve.f3.gnuplot'.

runsystem(gnuplot GaussianCurve.f3.gnuplot)...disabled (restricted).



Package pgf Warning: Plot data file `GaussianCurve.f3.table' not found. on inpu
t line 214.

\openout3 = `GaussianCurve.f1.gnuplot'.

runsystem(gnuplot GaussianCurve.f1.gnuplot)...disabled (restricted).


Package pgf Warning: Plot data file `GaussianCurve.f1.table' not found. on inpu
t line 214.

\openout3 = `GaussianCurve.f350.gnuplot'.

runsystem(gnuplot GaussianCurve.f350.gnuplot)...disabled (restricted).


Package pgf Warning: Plot data file `GaussianCurve.f350.table' not found. on in
put line 214.

\openout3 = `GaussianCurve.f450.gnuplot'.

runsystem(gnuplot GaussianCurve.f450.gnuplot)...disabled (restricted).


Package pgf Warning: Plot data file `GaussianCurve.f450.table' not found. on in
put line 214.

\openout3 = `GaussianCurve.f150.gnuplot'.

runsystem(gnuplot GaussianCurve.f150.gnuplot)...disabled (restricted).


Package pgf Warning: Plot data file `GaussianCurve.f150.table' not found. on in
put line 214.

<a1,fr2>
\openout3 = `GaussianCurve.f3.gnuplot'.

runsystem(gnuplot GaussianCurve.f3.gnuplot)...disabled (restricted).



Package pgf Warning: Plot data file `GaussianCurve.f3.table' not found. on inpu
t line 214.

\openout3 = `GaussianCurve.f1.gnuplot'.

runsystem(gnuplot GaussianCurve.f1.gnuplot)...disabled (restricted).


Package pgf Warning: Plot data file `GaussianCurve.f1.table' not found. on inpu
t line 214.

\openout3 = `GaussianCurve.f351.gnuplot'.

runsystem(gnuplot GaussianCurve.f351.gnuplot)...disabled (restricted).


Package pgf Warning: Plot data file `GaussianCurve.f351.table' not found. on in
put line 214.

\openout3 = `GaussianCurve.f451.gnuplot'.

runsystem(gnuplot GaussianCurve.f451.gnuplot)...disabled (restricted).


Package pgf Warning: Plot data file `GaussianCurve.f451.table' not found. on in
put line 214.

\openout3 = `GaussianCurve.f151.gnuplot'.

runsystem(gnuplot GaussianCurve.f151.gnuplot)...disabled (restricted).


Package pgf Warning: Plot data file `GaussianCurve.f151.table' not found. on in
put line 214.

<a1,fr3>
\openout3 = `GaussianCurve.f3.gnuplot'.

runsystem(gnuplot GaussianCurve.f3.gnuplot)...disabled (restricted).



Package pgf Warning: Plot data file `GaussianCurve.f3.table' not found. on inpu
t line 214.

\openout3 = `GaussianCurve.f1.gnuplot'.

runsystem(gnuplot GaussianCurve.f1.gnuplot)...disabled (restricted).


Package pgf Warning: Plot data file `GaussianCurve.f1.table' not found. on inpu
t line 214.

\openout3 = `GaussianCurve.f352.gnuplot'.

runsystem(gnuplot GaussianCurve.f352.gnuplot)...disabled (restricted).


Package pgf Warning: Plot data file `GaussianCurve.f352.table' not found. on in
put line 214.

\openout3 = `GaussianCurve.f452.gnuplot'.

runsystem(gnuplot GaussianCurve.f452.gnuplot)...disabled (restricted).


Package pgf Warning: Plot data file `GaussianCurve.f452.table' not found. on in
put line 214.

\openout3 = `GaussianCurve.f152.gnuplot'.

runsystem(gnuplot GaussianCurve.f152.gnuplot)...disabled (restricted).


Package pgf Warning: Plot data file `GaussianCurve.f152.table' not found. on in
put line 214.

<a1,fr4>
\openout3 = `GaussianCurve.f3.gnuplot'.

runsystem(gnuplot GaussianCurve.f3.gnuplot)...disabled (restricted).



Package pgf Warning: Plot data file `GaussianCurve.f3.table' not found. on inpu
t line 214.

\openout3 = `GaussianCurve.f1.gnuplot'.

runsystem(gnuplot GaussianCurve.f1.gnuplot)...disabled (restricted).


Package pgf Warning: Plot data file `GaussianCurve.f1.table' not found. on inpu
t line 214.

\openout3 = `GaussianCurve.f353.gnuplot'.

runsystem(gnuplot GaussianCurve.f353.gnuplot)...disabled (restricted).


Package pgf Warning: Plot data file `GaussianCurve.f353.table' not found. on in
put line 214.

\openout3 = `GaussianCurve.f453.gnuplot'.

runsystem(gnuplot GaussianCurve.f453.gnuplot)...disabled (restricted).


Package pgf Warning: Plot data file `GaussianCurve.f453.table' not found. on in
put line 214.

\openout3 = `GaussianCurve.f153.gnuplot'.

runsystem(gnuplot GaussianCurve.f153.gnuplot)...disabled (restricted).


Package pgf Warning: Plot data file `GaussianCurve.f153.table' not found. on in
put line 214.

<a1,fr5>
\openout3 = `GaussianCurve.f3.gnuplot'.

runsystem(gnuplot GaussianCurve.f3.gnuplot)...disabled (restricted).



Package pgf Warning: Plot data file `GaussianCurve.f3.table' not found. on inpu
t line 214.

\openout3 = `GaussianCurve.f1.gnuplot'.

runsystem(gnuplot GaussianCurve.f1.gnuplot)...disabled (restricted).


Package pgf Warning: Plot data file `GaussianCurve.f1.table' not found. on inpu
t line 214.

\openout3 = `GaussianCurve.f354.gnuplot'.

runsystem(gnuplot GaussianCurve.f354.gnuplot)...disabled (restricted).


Package pgf Warning: Plot data file `GaussianCurve.f354.table' not found. on in
put line 214.

\openout3 = `GaussianCurve.f454.gnuplot'.

runsystem(gnuplot GaussianCurve.f454.gnuplot)...disabled (restricted).


Package pgf Warning: Plot data file `GaussianCurve.f454.table' not found. on in
put line 214.

\openout3 = `GaussianCurve.f154.gnuplot'.

runsystem(gnuplot GaussianCurve.f154.gnuplot)...disabled (restricted).


Package pgf Warning: Plot data file `GaussianCurve.f154.table' not found. on in
put line 214.

<a1,fr6>
\openout3 = `GaussianCurve.f3.gnuplot'.

runsystem(gnuplot GaussianCurve.f3.gnuplot)...disabled (restricted).



Package pgf Warning: Plot data file `GaussianCurve.f3.table' not found. on inpu
t line 214.

\openout3 = `GaussianCurve.f1.gnuplot'.

runsystem(gnuplot GaussianCurve.f1.gnuplot)...disabled (restricted).


Package pgf Warning: Plot data file `GaussianCurve.f1.table' not found. on inpu
t line 214.

\openout3 = `GaussianCurve.f355.gnuplot'.

runsystem(gnuplot GaussianCurve.f355.gnuplot)...disabled (restricted).


Package pgf Warning: Plot data file `GaussianCurve.f355.table' not found. on in
put line 214.

\openout3 = `GaussianCurve.f455.gnuplot'.

runsystem(gnuplot GaussianCurve.f455.gnuplot)...disabled (restricted).


Package pgf Warning: Plot data file `GaussianCurve.f455.table' not found. on in
put line 214.

\openout3 = `GaussianCurve.f155.gnuplot'.

runsystem(gnuplot GaussianCurve.f155.gnuplot)...disabled (restricted).


Package pgf Warning: Plot data file `GaussianCurve.f155.table' not found. on in
put line 214.

<a1,fr7>
Overfull \hbox (19.77414pt too wide) in paragraph at lines 214--214
[][]  
 []

Package atenddvi Info: Last page = 2.
[2

]
\tf@nav=\write6
\openout6 = `GaussianCurve.nav'.

\tf@toc=\write7
\openout7 = `GaussianCurve.toc'.

\tf@snm=\write8
\openout8 = `GaussianCurve.snm'.

Package atveryend Info: Empty hook `BeforeClearDocument' on input line 216.
Package atveryend Info: Executing hook `AfterLastShipout' on input line 216.
 (./GaussianCurve.aux)
Package atveryend Info: Executing hook `AtVeryEndDocument' on input line 216.
Package atveryend Info: Executing hook `AtEndAfterFileList' on input line 216.
Package rerunfilecheck Info: File `GaussianCurve.out' has not changed.
(rerunfilecheck)             Checksum: D41D8CD98F00B204E9800998ECF8427E;0.


LaTeX Font Warning: Size substitutions with differences
(Font)              up to 1.0pt have occurred.

Package atveryend Info: Empty hook `AtVeryVeryEnd' on input line 216.
 ) 
Here is how much of TeX's memory you used:
 28702 strings out of 493054
 565668 string characters out of 6138326
 611932 words of memory out of 5000000
 31596 multiletter control sequences out of 15000+600000
 10390 words of font info for 38 fonts, out of 8000000 for 9000
 1141 hyphenation exceptions out of 8191
 60i,14n,59p,10354b,880s stack positions out of 5000i,500n,10000p,200000b,80000s
<c:/texlive/2015/texmf-dist/fonts/type1/public/amsfonts/cm/cmex10.pfb><c:/tex
live/2015/texmf-dist/fonts/type1/public/amsfonts/cm/cmmi10.pfb><c:/texlive/2015
/texmf-dist/fonts/type1/public/amsfonts/cm/cmmi6.pfb><c:/texlive/2015/texmf-dis
t/fonts/type1/public/amsfonts/cm/cmmi8.pfb><c:/texlive/2015/texmf-dist/fonts/ty
pe1/public/amsfonts/cm/cmss10.pfb><c:/texlive/2015/texmf-dist/fonts/type1/publi
c/amsfonts/cm/cmss12.pfb><c:/texlive/2015/texmf-dist/fonts/type1/public/amsfont
s/cm/cmss8.pfb><c:/texlive/2015/texmf-dist/fonts/type1/public/amsfonts/cm/cmssi
10.pfb><c:/texlive/2015/texmf-dist/fonts/type1/public/amsfonts/cm/cmssi8.pfb><c
:/texlive/2015/texmf-dist/fonts/type1/public/amsfonts/cm/cmsy10.pfb><c:/texlive
/2015/texmf-dist/fonts/type1/public/amsfonts/cm/cmsy6.pfb>
Output written on GaussianCurve.pdf (2 pages, 170672 bytes).
PDF statistics:
 344 PDF objects out of 1000 (max. 8388607)
 206 compressed objects within 3 object streams
 5 named destinations out of 1000 (max. 500000)
 731 words of extra memory for PDF output out of 10000 (max. 10000000)

