\BOOKMARK [1][-]{section.1}{Introduction}{}% 1
\BOOKMARK [1][-]{section.2}{Communication and administration}{}% 2
\BOOKMARK [1][-]{section.3}{Calendars}{}% 3
\BOOKMARK [2][-]{subsection.3.1}{Yearly calendar}{section.3}% 4
\BOOKMARK [2][-]{subsection.3.2}{Weekly calendar}{section.3}% 5
\BOOKMARK [1][-]{section.4}{Crew}{}% 6
\BOOKMARK [1][-]{section.5}{Receipes}{}% 7
\BOOKMARK [1][-]{section.6}{References}{}% 8
\BOOKMARK [1][-]{section.7}{Tasks}{}% 9
\BOOKMARK [1][-]{section.8}{Skills}{}% 10
\BOOKMARK [1][-]{section.9}{Rate}{}% 11
\BOOKMARK [1][-]{section.10}{Health}{}% 12
\BOOKMARK [1][-]{section.11}{Loss}{}% 13
\BOOKMARK [1][-]{section.12}{Checklists}{}% 14
\BOOKMARK [2][-]{subsection.12.1}{Daily Morning}{section.12}% 15
\BOOKMARK [2][-]{subsection.12.2}{2 weeks trip}{section.12}% 16
\BOOKMARK [2][-]{subsection.12.3}{Week-end trip}{section.12}% 17
\BOOKMARK [2][-]{subsection.12.4}{Sailing trip}{section.12}% 18
\BOOKMARK [2][-]{subsection.12.5}{Complete relocation}{section.12}% 19
\BOOKMARK [2][-]{subsection.12.6}{Two weeks trip}{section.12}% 20
\BOOKMARK [2][-]{subsection.12.7}{Week-end trip}{section.12}% 21
\BOOKMARK [2][-]{subsection.12.8}{Sailing trip}{section.12}% 22
\BOOKMARK [1][-]{section.13}{Management}{}% 23
\BOOKMARK [2][-]{subsection.13.1}{Ludo}{section.13}% 24
\BOOKMARK [2][-]{subsection.13.2}{Karima}{section.13}% 25
\BOOKMARK [2][-]{subsection.13.3}{Aymeric}{section.13}% 26
\BOOKMARK [2][-]{subsection.13.4}{Francois}{section.13}% 27
\BOOKMARK [2][-]{subsection.13.5}{Nicolas}{section.13}% 28
\BOOKMARK [2][-]{subsection.13.6}{Jean Alexandre}{section.13}% 29
\BOOKMARK [2][-]{subsection.13.7}{Zaz}{section.13}% 30
\BOOKMARK [2][-]{subsection.13.8}{Rico}{section.13}% 31
\BOOKMARK [2][-]{subsection.13.9}{Yann}{section.13}% 32
\BOOKMARK [2][-]{subsection.13.10}{Maeva}{section.13}% 33
\BOOKMARK [2][-]{subsection.13.11}{Maman}{section.13}% 34
\BOOKMARK [2][-]{subsection.13.12}{Elise}{section.13}% 35
\BOOKMARK [2][-]{subsection.13.13}{Lionel}{section.13}% 36
\BOOKMARK [2][-]{subsection.13.14}{Flo}{section.13}% 37
\BOOKMARK [2][-]{subsection.13.15}{Nicole}{section.13}% 38
\BOOKMARK [2][-]{subsection.13.16}{Laurent}{section.13}% 39
\BOOKMARK [2][-]{subsection.13.17}{Julien}{section.13}% 40
\BOOKMARK [2][-]{subsection.13.18}{Christian}{section.13}% 41
\BOOKMARK [2][-]{subsection.13.19}{Guillaume}{section.13}% 42
\BOOKMARK [2][-]{subsection.13.20}{Phil}{section.13}% 43
\BOOKMARK [2][-]{subsection.13.21}{Wing}{section.13}% 44
\BOOKMARK [1][-]{section.14}{Friends origins}{}% 45
\BOOKMARK [1][-]{section.15}{Diplomas}{}% 46
\BOOKMARK [1][-]{section.16}{Mis behaviour}{}% 47
\BOOKMARK [1][-]{section.17}{Plijadur Credits}{}% 48
\BOOKMARK [1][-]{section.18}{Curriculum vitae}{}% 49
\BOOKMARK [1][-]{section.19}{Climate camp}{}% 50
\BOOKMARK [1][-]{section.20}{Culture}{}% 51
\BOOKMARK [1][-]{section.21}{Finance}{}% 52
\BOOKMARK [2][-]{subsection.21.1}{Transactions}{section.21}% 53
\BOOKMARK [2][-]{subsection.21.2}{Liabilities}{section.21}% 54
\BOOKMARK [2][-]{subsection.21.3}{Assets}{section.21}% 55
\BOOKMARK [2][-]{subsection.21.4}{Kapital}{section.21}% 56
\BOOKMARK [2][-]{subsection.21.5}{Value At Risk}{section.21}% 57
\BOOKMARK [2][-]{subsection.21.6}{Sensitivities}{section.21}% 58
\BOOKMARK [1][-]{section.22}{Options}{}% 59
\BOOKMARK [1][-]{section.23}{Projects}{}% 60
\BOOKMARK [2][-]{subsection.23.1}{Tools}{section.23}% 61
\BOOKMARK [2][-]{subsection.23.2}{Deliverables}{section.23}% 62
\BOOKMARK [2][-]{subsection.23.3}{Document templates}{section.23}% 63
\BOOKMARK [2][-]{subsection.23.4}{Steps}{section.23}% 64
\BOOKMARK [2][-]{subsection.23.5}{ROI}{section.23}% 65
\BOOKMARK [2][-]{subsection.23.6}{Budget}{section.23}% 66
\BOOKMARK [2][-]{subsection.23.7}{Gantt}{section.23}% 67
\BOOKMARK [2][-]{subsection.23.8}{Resources}{section.23}% 68
\BOOKMARK [2][-]{subsection.23.9}{Burn down}{section.23}% 69
\BOOKMARK [2][-]{subsection.23.10}{Tasks}{section.23}% 70
\BOOKMARK [2][-]{subsection.23.11}{Risks}{section.23}% 71
\BOOKMARK [2][-]{subsection.23.12}{Meetings}{section.23}% 72
\BOOKMARK [2][-]{subsection.23.13}{Sponsors}{section.23}% 73
\BOOKMARK [2][-]{subsection.23.14}{Stakeholders}{section.23}% 74
\BOOKMARK [1][-]{section.24}{Research documents}{}% 75
\BOOKMARK [2][-]{subsection.24.1}{FX vanilla}{section.24}% 76
\BOOKMARK [2][-]{subsection.24.2}{Fx Options}{section.24}% 77
\BOOKMARK [2][-]{subsection.24.3}{Siv}{section.24}% 78
\BOOKMARK [2][-]{subsection.24.4}{Fixed income}{section.24}% 79
\BOOKMARK [2][-]{subsection.24.5}{IR derivatives}{section.24}% 80
\BOOKMARK [2][-]{subsection.24.6}{Equities}{section.24}% 81
\BOOKMARK [2][-]{subsection.24.7}{Credit}{section.24}% 82
\BOOKMARK [1][-]{section.25}{Sports}{}% 83
\BOOKMARK [2][-]{subsection.25.1}{Football}{section.25}% 84
\BOOKMARK [2][-]{subsection.25.2}{Sailing}{section.25}% 85
\BOOKMARK [2][-]{subsection.25.3}{Wakeboard}{section.25}% 86
\BOOKMARK [2][-]{subsection.25.4}{Canyoning}{section.25}% 87
\BOOKMARK [2][-]{subsection.25.5}{Piloting}{section.25}% 88
