\BOOKMARK [1][-]{section.1}{Introduction}{}% 1
\BOOKMARK [1][-]{section.2}{Management summary}{}% 2
\BOOKMARK [2][-]{subsection.2.1}{Personal}{section.2}% 3
\BOOKMARK [2][-]{subsection.2.2}{Weekly calendar}{section.2}% 4
\BOOKMARK [2][-]{subsection.2.3}{Communication}{section.2}% 5
\BOOKMARK [1][-]{section.3}{Calendar}{}% 6
\BOOKMARK [2][-]{subsection.3.1}{Events}{section.3}% 7
\BOOKMARK [2][-]{subsection.3.2}{Contacts for the events}{section.3}% 8
\BOOKMARK [1][-]{section.4}{Resume}{}% 9
\BOOKMARK [2][-]{subsection.4.1}{Skills}{section.4}% 10
\BOOKMARK [3][-]{subsubsection.4.1.1}{Data}{subsection.4.1}% 11
\BOOKMARK [3][-]{subsubsection.4.1.2}{Graph}{subsection.4.1}% 12
\BOOKMARK [3][-]{subsubsection.4.1.3}{Cheese}{subsection.4.1}% 13
\BOOKMARK [2][-]{subsection.4.2}{Acheivements}{section.4}% 14
\BOOKMARK [2][-]{subsection.4.3}{Curriculum}{section.4}% 15
\BOOKMARK [2][-]{subsection.4.4}{Contacts}{section.4}% 16
\BOOKMARK [3][-]{subsubsection.4.4.1}{Data}{subsection.4.4}% 17
\BOOKMARK [3][-]{subsubsection.4.4.2}{Graph}{subsection.4.4}% 18
\BOOKMARK [3][-]{subsubsection.4.4.3}{Cheese}{subsection.4.4}% 19
\BOOKMARK [1][-]{section.5}{Annexes}{}% 20
\BOOKMARK [2][-]{subsection.5.1}{Receipes}{section.5}% 21
\BOOKMARK [2][-]{subsection.5.2}{Trips}{section.5}% 22
\BOOKMARK [2][-]{subsection.5.3}{References}{section.5}% 23
\BOOKMARK [2][-]{subsection.5.4}{Checklists}{section.5}% 24
\BOOKMARK [2][-]{subsection.5.5}{Stats}{section.5}% 25
