\BOOKMARK [1][-]{section.1}{Introduction}{}% 1
\BOOKMARK [1][-]{section.2}{Management summary}{}% 2
\BOOKMARK [2][-]{subsection.2.1}{Summary}{section.2}% 3
\BOOKMARK [3][-]{subsubsection.2.1.1}{The green side first !}{subsection.2.1}% 4
\BOOKMARK [3][-]{subsubsection.2.1.2}{The new challenges ahead !}{subsection.2.1}% 5
\BOOKMARK [2][-]{subsection.2.2}{Events}{section.2}% 6
\BOOKMARK [3][-]{subsubsection.2.2.1}{Tasks aggregated}{subsection.2.2}% 7
\BOOKMARK [3][-]{subsubsection.2.2.2}{Tasks 3D burndown}{subsection.2.2}% 8
\BOOKMARK [3][-]{subsubsection.2.2.3}{Tasks detailed}{subsection.2.2}% 9
\BOOKMARK [3][-]{subsubsection.2.2.4}{Sponsors}{subsection.2.2}% 10
\BOOKMARK [3][-]{subsubsection.2.2.5}{Risks}{subsection.2.2}% 11
\BOOKMARK [3][-]{subsubsection.2.2.6}{Targets}{subsection.2.2}% 12
\BOOKMARK [3][-]{subsubsection.2.2.7}{Propositions from Artificial Intelligence}{subsection.2.2}% 13
\BOOKMARK [1][-]{section.3}{Associated Project Management}{}% 14
\BOOKMARK [2][-]{subsection.3.1}{Deliverables}{section.3}% 15
\BOOKMARK [2][-]{subsection.3.2}{Gantt}{section.3}% 16
\BOOKMARK [2][-]{subsection.3.3}{Burn down}{section.3}% 17
\BOOKMARK [2][-]{subsection.3.4}{Resources}{section.3}% 18
\BOOKMARK [3][-]{subsubsection.3.4.1}{Data}{subsection.3.4}% 19
\BOOKMARK [3][-]{subsubsection.3.4.2}{Cheese}{subsection.3.4}% 20
\BOOKMARK [3][-]{subsubsection.3.4.3}{Kiviat}{subsection.3.4}% 21
\BOOKMARK [3][-]{subsubsection.3.4.4}{Star diagram}{subsection.3.4}% 22
\BOOKMARK [2][-]{subsection.3.5}{Tasks}{section.3}% 23
\BOOKMARK [1][-]{section.4}{Annexes}{}% 24
\BOOKMARK [2][-]{subsection.4.1}{Tools}{section.4}% 25
\BOOKMARK [3][-]{subsubsection.4.1.1}{Data}{subsection.4.1}% 26
\BOOKMARK [3][-]{subsubsection.4.1.2}{Cheese}{subsection.4.1}% 27
\BOOKMARK [3][-]{subsubsection.4.1.3}{Architecture}{subsection.4.1}% 28
\BOOKMARK [2][-]{subsection.4.2}{Documentations and links}{section.4}% 29
