This is pdfTeX, Version 3.14159265-2.6-1.40.15 (TeX Live 2014/Debian) (preloaded format=pdflatex 2015.3.29)  18 DEC 2015 01:11
entering extended mode
 restricted \write18 enabled.
 %&-line parsing enabled.
**/home/frederickerdraon/Documents/researchwork//Latex/Weekly.tex
(/home/frederickerdraon/Documents/researchwork//Latex/Weekly.tex
LaTeX2e <2014/05/01>
Babel <3.9k> and hyphenation patterns for 2 languages loaded.

! LaTeX Error: Environment calendar undefined.

See the LaTeX manual or LaTeX Companion for explanation.
Type  H <return>  for immediate help.
 ...                                              
                                                  
l.12 \begin{calendar}
                     {\hsize}
? 
! Missing number, treated as zero.
<to be read again> 
                   }
l.12 \begin{calendar}{\hsize}
                             
? 
! Illegal unit of measure (pt inserted).
<to be read again> 
                   }
l.12 \begin{calendar}{\hsize}
                             
? 
! Missing number, treated as zero.
<to be read again> 
                   {
l.24 \day{
          }{
? 

! LaTeX Error: Missing \begin{document}.

See the LaTeX manual or LaTeX Companion for explanation.
Type  H <return>  for immediate help.
 ...                                              
                                                  
l.26 0
      9:15-10:15 \daysep \textbf{Messe}\\[3pt]
? 
Missing character: There is no 0 in font nullfont!
Missing character: There is no 9 in font nullfont!
Missing character: There is no : in font nullfont!
Missing character: There is no 1 in font nullfont!
Missing character: There is no 5 in font nullfont!
Missing character: There is no - in font nullfont!
Missing character: There is no 1 in font nullfont!
Missing character: There is no 0 in font nullfont!
Missing character: There is no : in font nullfont!
Missing character: There is no 1 in font nullfont!
Missing character: There is no 5 in font nullfont!
! Undefined control sequence.
l.26 09:15-10:15 \daysep
                         \textbf{Messe}\\[3pt]
? 

Overfull \hbox (20.0pt too wide) in paragraph at lines 26--27
[]
 []


Overfull \hbox (30.53038pt too wide) in paragraph at lines 26--27
\OT1/cmr/bx/n/10 Messe 
 []


! LaTeX Error: Missing \begin{document}.

See the LaTeX manual or LaTeX Companion for explanation.
Type  H <return>  for immediate help.
 ...                                              
                                                  
l.28 \textbf{10am-12am}
                        \daysep Marche\\[3pt]
? 
! Undefined control sequence.
l.28 \textbf{10am-12am} \daysep
                                Marche\\[3pt]
? 
Missing character: There is no M in font nullfont!
Missing character: There is no a in font nullfont!
Missing character: There is no r in font nullfont!
Missing character: There is no c in font nullfont!
Missing character: There is no h in font nullfont!
Missing character: There is no e in font nullfont!

Overfull \hbox (50.50676pt too wide) in paragraph at lines 28--29
[]\OT1/cmr/bx/n/10 10am-
 []


Overfull \hbox (26.67345pt too wide) in paragraph at lines 28--29
\OT1/cmr/bx/n/10 12am 
 []


! LaTeX Error: Missing \begin{document}.

See the LaTeX manual or LaTeX Companion for explanation.
Type  H <return>  for immediate help.
 ...                                              
                                                  
l.30 \textbf{12am-2pm}
                       \daysep Dejeuner maison\\[3pt]
? 
! Undefined control sequence.
l.30 \textbf{12am-2pm} \daysep
                               Dejeuner maison\\[3pt]
? 
Missing character: There is no D in font nullfont!
Missing character: There is no e in font nullfont!
Missing character: There is no j in font nullfont!
Missing character: There is no e in font nullfont!
Missing character: There is no u in font nullfont!
Missing character: There is no n in font nullfont!
Missing character: There is no e in font nullfont!
Missing character: There is no r in font nullfont!
Missing character: There is no m in font nullfont!
Missing character: There is no a in font nullfont!
Missing character: There is no i in font nullfont!
Missing character: There is no s in font nullfont!
Missing character: There is no o in font nullfont!
Missing character: There is no n in font nullfont!

Overfull \hbox (50.50676pt too wide) in paragraph at lines 30--31
[]\OT1/cmr/bx/n/10 12am-
 []


Overfull \hbox (21.7221pt too wide) in paragraph at lines 30--31
\OT1/cmr/bx/n/10 2pm
 []


! LaTeX Error: Missing \begin{document}.

See the LaTeX manual or LaTeX Companion for explanation.
Type  H <return>  for immediate help.
 ...                                              
                                                  
l.32 \textbf{7pm-9pm}
                      \daysep Canal football club\\[3pt]
? 
! Undefined control sequence.
l.32 \textbf{7pm-9pm} \daysep
                              Canal football club\\[3pt]
? 
Missing character: There is no C in font nullfont!
Missing character: There is no a in font nullfont!
Missing character: There is no n in font nullfont!
Missing character: There is no a in font nullfont!
Missing character: There is no l in font nullfont!
Missing character: There is no f in font nullfont!
Missing character: There is no o in font nullfont!
Missing character: There is no o in font nullfont!
Missing character: There is no t in font nullfont!
Missing character: There is no b in font nullfont!
Missing character: There is no a in font nullfont!
Missing character: There is no l in font nullfont!
Missing character: There is no l in font nullfont!
Missing character: There is no c in font nullfont!
Missing character: There is no l in font nullfont!
Missing character: There is no u in font nullfont!
Missing character: There is no b in font nullfont!

Overfull \hbox (45.55542pt too wide) in paragraph at lines 32--33
[]\OT1/cmr/bx/n/10 7pm-
 []


Overfull \hbox (21.7221pt too wide) in paragraph at lines 32--33
\OT1/cmr/bx/n/10 9pm
 []


! LaTeX Error: Missing \begin{document}.

See the LaTeX manual or LaTeX Companion for explanation.
Type  H <return>  for immediate help.
 ...                                              
                                                  
l.34 \textbf{9pm-11pm}
                       \daysep Guitar\\[3pt]
? 
! Undefined control sequence.
l.34 \textbf{9pm-11pm} \daysep
                               Guitar\\[3pt]
? 
Missing character: There is no G in font nullfont!
Missing character: There is no u in font nullfont!
Missing character: There is no i in font nullfont!
Missing character: There is no t in font nullfont!
Missing character: There is no a in font nullfont!
Missing character: There is no r in font nullfont!

Overfull \hbox (45.55542pt too wide) in paragraph at lines 34--35
[]\OT1/cmr/bx/n/10 9pm-
 []


Overfull \hbox (27.47208pt too wide) in paragraph at lines 34--35
\OT1/cmr/bx/n/10 11pm 
 []


! LaTeX Error: Missing \begin{document}.

See the LaTeX manual or LaTeX Companion for explanation.
Type  H <return>  for immediate help.
 ...                                              
                                                  
l.36 \textbf{12am-2pm}
                       \daysep Muscu\\[3pt]
? 
! Undefined control sequence.
l.36 \textbf{12am-2pm} \daysep
                               Muscu\\[3pt]
? 
Missing character: There is no M in font nullfont!
Missing character: There is no u in font nullfont!
Missing character: There is no s in font nullfont!
Missing character: There is no c in font nullfont!
Missing character: There is no u in font nullfont!

Overfull \hbox (50.50676pt too wide) in paragraph at lines 36--37
[]\OT1/cmr/bx/n/10 12am-
 []


Overfull \hbox (21.7221pt too wide) in paragraph at lines 36--37
\OT1/cmr/bx/n/10 2pm 
 []

! Missing number, treated as zero.
<to be read again> 
                   {
l.52 \day{
          }{
? 

! LaTeX Error: Missing \begin{document}.

See the LaTeX manual or LaTeX Companion for explanation.
Type  H <return>  for immediate help.
 ...                                              
                                                  
l.54 \textbf{9am-10am}
                       \daysep Preparation cours de math \\[3pt]
? 
! Undefined control sequence.
l.54 \textbf{9am-10am} \daysep
                               Preparation cours de math \\[3pt]
? 
Missing character: There is no P in font nullfont!
Missing character: There is no r in font nullfont!
Missing character: There is no e in font nullfont!
Missing character: There is no p in font nullfont!
Missing character: There is no a in font nullfont!
Missing character: There is no r in font nullfont!
Missing character: There is no a in font nullfont!
Missing character: There is no t in font nullfont!
Missing character: There is no i in font nullfont!
Missing character: There is no o in font nullfont!
Missing character: There is no n in font nullfont!
Missing character: There is no c in font nullfont!
Missing character: There is no o in font nullfont!
Missing character: There is no u in font nullfont!
Missing character: There is no r in font nullfont!
Missing character: There is no s in font nullfont!
Missing character: There is no d in font nullfont!
Missing character: There is no e in font nullfont!
Missing character: There is no m in font nullfont!
Missing character: There is no a in font nullfont!
Missing character: There is no t in font nullfont!
Missing character: There is no h in font nullfont!

Overfull \hbox (44.75679pt too wide) in paragraph at lines 54--55
[]\OT1/cmr/bx/n/10 9am-
 []


Overfull \hbox (26.67345pt too wide) in paragraph at lines 54--55
\OT1/cmr/bx/n/10 10am
 []


! LaTeX Error: Missing \begin{document}.

See the LaTeX manual or LaTeX Companion for explanation.
Type  H <return>  for immediate help.
 ...                                              
                                                  
l.56 \textbf{10am-12am}
                        \daysep Preparation presentation finance \\[3pt]
? 
! Undefined control sequence.
l.56 \textbf{10am-12am} \daysep
                                Preparation presentation finance \\[3pt]
? 
Missing character: There is no P in font nullfont!
Missing character: There is no r in font nullfont!
Missing character: There is no e in font nullfont!
Missing character: There is no p in font nullfont!
Missing character: There is no a in font nullfont!
Missing character: There is no r in font nullfont!
Missing character: There is no a in font nullfont!
Missing character: There is no t in font nullfont!
Missing character: There is no i in font nullfont!
Missing character: There is no o in font nullfont!
Missing character: There is no n in font nullfont!
Missing character: There is no p in font nullfont!
Missing character: There is no r in font nullfont!
Missing character: There is no e in font nullfont!
Missing character: There is no s in font nullfont!
Missing character: There is no e in font nullfont!
Missing character: There is no n in font nullfont!
Missing character: There is no t in font nullfont!
Missing character: There is no a in font nullfont!
Missing character: There is no t in font nullfont!
Missing character: There is no i in font nullfont!
Missing character: There is no o in font nullfont!
Missing character: There is no n in font nullfont!
Missing character: There is no f in font nullfont!
Missing character: There is no i in font nullfont!
Missing character: There is no n in font nullfont!
Missing character: There is no a in font nullfont!
Missing character: There is no n in font nullfont!
Missing character: There is no c in font nullfont!
Missing character: There is no e in font nullfont!

Overfull \hbox (50.50676pt too wide) in paragraph at lines 56--57
[]\OT1/cmr/bx/n/10 10am-
 []


Overfull \hbox (26.67345pt too wide) in paragraph at lines 56--57
\OT1/cmr/bx/n/10 12am
 []


! LaTeX Error: Missing \begin{document}.

See the LaTeX manual or LaTeX Companion for explanation.
Type  H <return>  for immediate help.
 ...                                              
                                                  
l.58 \textbf{1pm-2pm}
                      \daysep Manage my weekly \\[3pt]
? 
! Undefined control sequence.
l.58 \textbf{1pm-2pm} \daysep
                              Manage my weekly \\[3pt]
? 
Missing character: There is no M in font nullfont!
Missing character: There is no a in font nullfont!
Missing character: There is no n in font nullfont!
Missing character: There is no a in font nullfont!
Missing character: There is no g in font nullfont!
Missing character: There is no e in font nullfont!
Missing character: There is no m in font nullfont!
Missing character: There is no y in font nullfont!
Missing character: There is no w in font nullfont!
Missing character: There is no e in font nullfont!
Missing character: There is no e in font nullfont!
Missing character: There is no k in font nullfont!
Missing character: There is no l in font nullfont!
Missing character: There is no y in font nullfont!

Overfull \hbox (45.55542pt too wide) in paragraph at lines 58--59
[]\OT1/cmr/bx/n/10 1pm-
 []


Overfull \hbox (21.7221pt too wide) in paragraph at lines 58--59
\OT1/cmr/bx/n/10 2pm
 []


! LaTeX Error: Missing \begin{document}.

See the LaTeX manual or LaTeX Companion for explanation.
Type  H <return>  for immediate help.
 ...                                              
                                                  
l.60 \textbf{2pm-4pm}
                      \daysep Administration \\[3pt]
? 
! Undefined control sequence.
l.60 \textbf{2pm-4pm} \daysep
                              Administration \\[3pt]
? 
Missing character: There is no A in font nullfont!
Missing character: There is no d in font nullfont!
Missing character: There is no m in font nullfont!
Missing character: There is no i in font nullfont!
Missing character: There is no n in font nullfont!
Missing character: There is no i in font nullfont!
Missing character: There is no s in font nullfont!
Missing character: There is no t in font nullfont!
Missing character: There is no r in font nullfont!
Missing character: There is no a in font nullfont!
Missing character: There is no t in font nullfont!
Missing character: There is no i in font nullfont!
Missing character: There is no o in font nullfont!
Missing character: There is no n in font nullfont!

Overfull \hbox (45.55542pt too wide) in paragraph at lines 60--61
[]\OT1/cmr/bx/n/10 2pm-
 []


Overfull \hbox (21.7221pt too wide) in paragraph at lines 60--61
\OT1/cmr/bx/n/10 4pm
 []


! LaTeX Error: Missing \begin{document}.

See the LaTeX manual or LaTeX Companion for explanation.
Type  H <return>  for immediate help.
 ...                                              
                                                  
l.62 \textbf{4pm-5pm}
                      \daysep Lessive \\[3pt]
? 
! Undefined control sequence.
l.62 \textbf{4pm-5pm} \daysep
                              Lessive \\[3pt]
? 
Missing character: There is no L in font nullfont!
Missing character: There is no e in font nullfont!
Missing character: There is no s in font nullfont!
Missing character: There is no s in font nullfont!
Missing character: There is no i in font nullfont!
Missing character: There is no v in font nullfont!
Missing character: There is no e in font nullfont!

Overfull \hbox (45.55542pt too wide) in paragraph at lines 62--63
[]\OT1/cmr/bx/n/10 4pm-
 []


Overfull \hbox (21.7221pt too wide) in paragraph at lines 62--63
\OT1/cmr/bx/n/10 5pm
 []


! LaTeX Error: Missing \begin{document}.

See the LaTeX manual or LaTeX Companion for explanation.
Type  H <return>  for immediate help.
 ...                                              
                                                  
l.64 \textbf{7pm-10pm}
                       \daysep Cinema \\[3pt]
? 
! Undefined control sequence.
l.64 \textbf{7pm-10pm} \daysep
                               Cinema \\[3pt]
? 
Missing character: There is no C in font nullfont!
Missing character: There is no i in font nullfont!
Missing character: There is no n in font nullfont!
Missing character: There is no e in font nullfont!
Missing character: There is no m in font nullfont!
Missing character: There is no a in font nullfont!

Overfull \hbox (45.55542pt too wide) in paragraph at lines 64--65
[]\OT1/cmr/bx/n/10 7pm-
 []


Overfull \hbox (27.47208pt too wide) in paragraph at lines 64--65
\OT1/cmr/bx/n/10 10pm
 []

! Missing number, treated as zero.
<to be read again> 
                   {
l.94 \day{
          }{ % Tuesday
? 

! LaTeX Error: Missing \begin{document}.

See the LaTeX manual or LaTeX Companion for explanation.
Type  H <return>  for immediate help.
 ...                                              
                                                  
l.96 \textbf{9am-10am}
                       \daysep Preparation cours de math \\[3pt]
? 
! Undefined control sequence.
l.96 \textbf{9am-10am} \daysep
                               Preparation cours de math \\[3pt]
? 
Missing character: There is no P in font nullfont!
Missing character: There is no r in font nullfont!
Missing character: There is no e in font nullfont!
Missing character: There is no p in font nullfont!
Missing character: There is no a in font nullfont!
Missing character: There is no r in font nullfont!
Missing character: There is no a in font nullfont!
Missing character: There is no t in font nullfont!
Missing character: There is no i in font nullfont!
Missing character: There is no o in font nullfont!
Missing character: There is no n in font nullfont!
Missing character: There is no c in font nullfont!
Missing character: There is no o in font nullfont!
Missing character: There is no u in font nullfont!
Missing character: There is no r in font nullfont!
Missing character: There is no s in font nullfont!
Missing character: There is no d in font nullfont!
Missing character: There is no e in font nullfont!
Missing character: There is no m in font nullfont!
Missing character: There is no a in font nullfont!
Missing character: There is no t in font nullfont!
Missing character: There is no h in font nullfont!

Overfull \hbox (44.75679pt too wide) in paragraph at lines 96--97
[]\OT1/cmr/bx/n/10 9am-
 []


Overfull \hbox (26.67345pt too wide) in paragraph at lines 96--97
\OT1/cmr/bx/n/10 10am
 []


! LaTeX Error: Missing \begin{document}.

See the LaTeX manual or LaTeX Companion for explanation.
Type  H <return>  for immediate help.
 ...                                              
                                                  
l.98 \textbf{10am-12am}
                        \daysep Preparation presentation finance \\[3pt]
? 
! Undefined control sequence.
l.98 \textbf{10am-12am} \daysep
                                Preparation presentation finance \\[3pt]
? 
Missing character: There is no P in font nullfont!
Missing character: There is no r in font nullfont!
Missing character: There is no e in font nullfont!
Missing character: There is no p in font nullfont!
Missing character: There is no a in font nullfont!
Missing character: There is no r in font nullfont!
Missing character: There is no a in font nullfont!
Missing character: There is no t in font nullfont!
Missing character: There is no i in font nullfont!
Missing character: There is no o in font nullfont!
Missing character: There is no n in font nullfont!
Missing character: There is no p in font nullfont!
Missing character: There is no r in font nullfont!
Missing character: There is no e in font nullfont!
Missing character: There is no s in font nullfont!
Missing character: There is no e in font nullfont!
Missing character: There is no n in font nullfont!
Missing character: There is no t in font nullfont!
Missing character: There is no a in font nullfont!
Missing character: There is no t in font nullfont!
Missing character: There is no i in font nullfont!
Missing character: There is no o in font nullfont!
Missing character: There is no n in font nullfont!
Missing character: There is no f in font nullfont!
Missing character: There is no i in font nullfont!
Missing character: There is no n in font nullfont!
Missing character: There is no a in font nullfont!
Missing character: There is no n in font nullfont!
Missing character: There is no c in font nullfont!
Missing character: There is no e in font nullfont!

Overfull \hbox (50.50676pt too wide) in paragraph at lines 98--99
[]\OT1/cmr/bx/n/10 10am-
 []


Overfull \hbox (26.67345pt too wide) in paragraph at lines 98--99
\OT1/cmr/bx/n/10 12am
 []


! LaTeX Error: Missing \begin{document}.

See the LaTeX manual or LaTeX Companion for explanation.
Type  H <return>  for immediate help.
 ...                                              
                                                  
l.100 \textbf{10am-12am}
                         \daysep Bibliotheque \\[3pt]
? 
! Undefined control sequence.
l.100 \textbf{10am-12am} \daysep
                                 Bibliotheque \\[3pt]
? 
Missing character: There is no B in font nullfont!
Missing character: There is no i in font nullfont!
Missing character: There is no b in font nullfont!
Missing character: There is no l in font nullfont!
Missing character: There is no i in font nullfont!
Missing character: There is no o in font nullfont!
Missing character: There is no t in font nullfont!
Missing character: There is no h in font nullfont!
Missing character: There is no e in font nullfont!
Missing character: There is no q in font nullfont!
Missing character: There is no u in font nullfont!
Missing character: There is no e in font nullfont!

Overfull \hbox (50.50676pt too wide) in paragraph at lines 100--101
[]\OT1/cmr/bx/n/10 10am-
 []


Overfull \hbox (26.67345pt too wide) in paragraph at lines 100--101
\OT1/cmr/bx/n/10 12am
 []


! LaTeX Error: Missing \begin{document}.

See the LaTeX manual or LaTeX Companion for explanation.
Type  H <return>  for immediate help.
 ...                                              
                                                  
l.102 \textbf{10am-12am}
                         \daysep Validation of finances\\[3pt]
? 
! Undefined control sequence.
l.102 \textbf{10am-12am} \daysep
                                 Validation of finances\\[3pt]
? 
Missing character: There is no V in font nullfont!
Missing character: There is no a in font nullfont!
Missing character: There is no l in font nullfont!
Missing character: There is no i in font nullfont!
Missing character: There is no d in font nullfont!
Missing character: There is no a in font nullfont!
Missing character: There is no t in font nullfont!
Missing character: There is no i in font nullfont!
Missing character: There is no o in font nullfont!
Missing character: There is no n in font nullfont!
Missing character: There is no o in font nullfont!
Missing character: There is no f in font nullfont!
Missing character: There is no f in font nullfont!
Missing character: There is no i in font nullfont!
Missing character: There is no n in font nullfont!
Missing character: There is no a in font nullfont!
Missing character: There is no n in font nullfont!
Missing character: There is no c in font nullfont!
Missing character: There is no e in font nullfont!
Missing character: There is no s in font nullfont!

Overfull \hbox (50.50676pt too wide) in paragraph at lines 102--103
[]\OT1/cmr/bx/n/10 10am-
 []


Overfull \hbox (26.67345pt too wide) in paragraph at lines 102--103
\OT1/cmr/bx/n/10 12am
 []


! LaTeX Error: Missing \begin{document}.

See the LaTeX manual or LaTeX Companion for explanation.
Type  H <return>  for immediate help.
 ...                                              
                                                  
l.104 \textbf{7pm-9pm}
                       \daysep Krav maga \\[3pt]
? 
! Undefined control sequence.
l.104 \textbf{7pm-9pm} \daysep
                               Krav maga \\[3pt]
? 
Missing character: There is no K in font nullfont!
Missing character: There is no r in font nullfont!
Missing character: There is no a in font nullfont!
Missing character: There is no v in font nullfont!
Missing character: There is no m in font nullfont!
Missing character: There is no a in font nullfont!
Missing character: There is no g in font nullfont!
Missing character: There is no a in font nullfont!

Overfull \hbox (45.55542pt too wide) in paragraph at lines 104--105
[]\OT1/cmr/bx/n/10 7pm-
 []


Overfull \hbox (21.7221pt too wide) in paragraph at lines 104--105
\OT1/cmr/bx/n/10 9pm
 []

! Missing number, treated as zero.
<to be read again> 
                   {
l.122 \day{
           }{ % Wednesday
? 

! LaTeX Error: Missing \begin{document}.

See the LaTeX manual or LaTeX Companion for explanation.
Type  H <return>  for immediate help.
 ...                                              
                                                  
l.124 \textbf{9am-10am}
                        \daysep Preparation cours de math \\[3pt]
? 
! Undefined control sequence.
l.124 \textbf{9am-10am} \daysep
                                Preparation cours de math \\[3pt]
? 
Missing character: There is no P in font nullfont!
Missing character: There is no r in font nullfont!
Missing character: There is no e in font nullfont!
Missing character: There is no p in font nullfont!
Missing character: There is no a in font nullfont!
Missing character: There is no r in font nullfont!
Missing character: There is no a in font nullfont!
Missing character: There is no t in font nullfont!
Missing character: There is no i in font nullfont!
Missing character: There is no o in font nullfont!
Missing character: There is no n in font nullfont!
Missing character: There is no c in font nullfont!
Missing character: There is no o in font nullfont!
Missing character: There is no u in font nullfont!
Missing character: There is no r in font nullfont!
Missing character: There is no s in font nullfont!
Missing character: There is no d in font nullfont!
Missing character: There is no e in font nullfont!
Missing character: There is no m in font nullfont!
Missing character: There is no a in font nullfont!
Missing character: There is no t in font nullfont!
Missing character: There is no h in font nullfont!

Overfull \hbox (44.75679pt too wide) in paragraph at lines 124--125
[]\OT1/cmr/bx/n/10 9am-
 []


Overfull \hbox (26.67345pt too wide) in paragraph at lines 124--125
\OT1/cmr/bx/n/10 10am
 []


! LaTeX Error: Missing \begin{document}.

See the LaTeX manual or LaTeX Companion for explanation.
Type  H <return>  for immediate help.
 ...                                              
                                                  
l.126 \textbf{10am-12am}
                         \daysep Preparation presentation finance \\[3pt]
? 
! Undefined control sequence.
l.126 \textbf{10am-12am} \daysep
                                 Preparation presentation finance \\[3pt]
? 
Missing character: There is no P in font nullfont!
Missing character: There is no r in font nullfont!
Missing character: There is no e in font nullfont!
Missing character: There is no p in font nullfont!
Missing character: There is no a in font nullfont!
Missing character: There is no r in font nullfont!
Missing character: There is no a in font nullfont!
Missing character: There is no t in font nullfont!
Missing character: There is no i in font nullfont!
Missing character: There is no o in font nullfont!
Missing character: There is no n in font nullfont!
Missing character: There is no p in font nullfont!
Missing character: There is no r in font nullfont!
Missing character: There is no e in font nullfont!
Missing character: There is no s in font nullfont!
Missing character: There is no e in font nullfont!
Missing character: There is no n in font nullfont!
Missing character: There is no t in font nullfont!
Missing character: There is no a in font nullfont!
Missing character: There is no t in font nullfont!
Missing character: There is no i in font nullfont!
Missing character: There is no o in font nullfont!
Missing character: There is no n in font nullfont!
Missing character: There is no f in font nullfont!
Missing character: There is no i in font nullfont!
Missing character: There is no n in font nullfont!
Missing character: There is no a in font nullfont!
Missing character: There is no n in font nullfont!
Missing character: There is no c in font nullfont!
Missing character: There is no e in font nullfont!

Overfull \hbox (50.50676pt too wide) in paragraph at lines 126--127
[]\OT1/cmr/bx/n/10 10am-
 []


Overfull \hbox (26.67345pt too wide) in paragraph at lines 126--127
\OT1/cmr/bx/n/10 12am
 []


! LaTeX Error: Missing \begin{document}.

See the LaTeX manual or LaTeX Companion for explanation.
Type  H <return>  for immediate help.
 ...                                              
                                                  
l.140 \textbf{7pm-10pm}
                        \daysep Football \\[3pt]
? 
! Undefined control sequence.
l.140 \textbf{7pm-10pm} \daysep
                                Football \\[3pt]
? 
Missing character: There is no F in font nullfont!
Missing character: There is no o in font nullfont!
Missing character: There is no o in font nullfont!
Missing character: There is no t in font nullfont!
Missing character: There is no b in font nullfont!
Missing character: There is no a in font nullfont!
Missing character: There is no l in font nullfont!
Missing character: There is no l in font nullfont!

Overfull \hbox (45.55542pt too wide) in paragraph at lines 140--141
[]\OT1/cmr/bx/n/10 7pm-
 []


Overfull \hbox (27.47208pt too wide) in paragraph at lines 140--141
\OT1/cmr/bx/n/10 10pm
 []

! Missing number, treated as zero.
<to be read again> 
                   {
l.158 \day{
           }{ % Thursday
? 

! LaTeX Error: Missing \begin{document}.

See the LaTeX manual or LaTeX Companion for explanation.
Type  H <return>  for immediate help.
 ...                                              
                                                  
l.160 \textbf{9am-10am}
                        \daysep Preparation cours de math \\[3pt]
? 
! Undefined control sequence.
l.160 \textbf{9am-10am} \daysep
                                Preparation cours de math \\[3pt]
? 
Missing character: There is no P in font nullfont!
Missing character: There is no r in font nullfont!
Missing character: There is no e in font nullfont!
Missing character: There is no p in font nullfont!
Missing character: There is no a in font nullfont!
Missing character: There is no r in font nullfont!
Missing character: There is no a in font nullfont!
Missing character: There is no t in font nullfont!
Missing character: There is no i in font nullfont!
Missing character: There is no o in font nullfont!
Missing character: There is no n in font nullfont!
Missing character: There is no c in font nullfont!
Missing character: There is no o in font nullfont!
Missing character: There is no u in font nullfont!
Missing character: There is no r in font nullfont!
Missing character: There is no s in font nullfont!
Missing character: There is no d in font nullfont!
Missing character: There is no e in font nullfont!
Missing character: There is no m in font nullfont!
Missing character: There is no a in font nullfont!
Missing character: There is no t in font nullfont!
Missing character: There is no h in font nullfont!

Overfull \hbox (44.75679pt too wide) in paragraph at lines 160--161
[]\OT1/cmr/bx/n/10 9am-
 []


Overfull \hbox (26.67345pt too wide) in paragraph at lines 160--161
\OT1/cmr/bx/n/10 10am
 []


! LaTeX Error: Missing \begin{document}.

See the LaTeX manual or LaTeX Companion for explanation.
Type  H <return>  for immediate help.
 ...                                              
                                                  
l.162 \textbf{10am-12am}
                         \daysep Preparation presentation finance \\[3pt]
? 
! Undefined control sequence.
l.162 \textbf{10am-12am} \daysep
                                 Preparation presentation finance \\[3pt]
? 
Missing character: There is no P in font nullfont!
Missing character: There is no r in font nullfont!
Missing character: There is no e in font nullfont!
Missing character: There is no p in font nullfont!
Missing character: There is no a in font nullfont!
Missing character: There is no r in font nullfont!
Missing character: There is no a in font nullfont!
Missing character: There is no t in font nullfont!
Missing character: There is no i in font nullfont!
Missing character: There is no o in font nullfont!
Missing character: There is no n in font nullfont!
Missing character: There is no p in font nullfont!
Missing character: There is no r in font nullfont!
Missing character: There is no e in font nullfont!
Missing character: There is no s in font nullfont!
Missing character: There is no e in font nullfont!
Missing character: There is no n in font nullfont!
Missing character: There is no t in font nullfont!
Missing character: There is no a in font nullfont!
Missing character: There is no t in font nullfont!
Missing character: There is no i in font nullfont!
Missing character: There is no o in font nullfont!
Missing character: There is no n in font nullfont!
Missing character: There is no f in font nullfont!
Missing character: There is no i in font nullfont!
Missing character: There is no n in font nullfont!
Missing character: There is no a in font nullfont!
Missing character: There is no n in font nullfont!
Missing character: There is no c in font nullfont!
Missing character: There is no e in font nullfont!

Overfull \hbox (50.50676pt too wide) in paragraph at lines 162--163
[]\OT1/cmr/bx/n/10 10am-
 []


Overfull \hbox (26.67345pt too wide) in paragraph at lines 162--163
\OT1/cmr/bx/n/10 12am
 []


! LaTeX Error: Missing \begin{document}.

See the LaTeX manual or LaTeX Companion for explanation.
Type  H <return>  for immediate help.
 ...                                              
                                                  
l.164 \textbf{7pm-9pm}
                       \daysep Krav maga \\[3pt]
? 
! Undefined control sequence.
l.164 \textbf{7pm-9pm} \daysep
                               Krav maga \\[3pt]
? 
Missing character: There is no K in font nullfont!
Missing character: There is no r in font nullfont!
Missing character: There is no a in font nullfont!
Missing character: There is no v in font nullfont!
Missing character: There is no m in font nullfont!
Missing character: There is no a in font nullfont!
Missing character: There is no g in font nullfont!
Missing character: There is no a in font nullfont!

Overfull \hbox (45.55542pt too wide) in paragraph at lines 164--165
[]\OT1/cmr/bx/n/10 7pm-
 []


Overfull \hbox (21.7221pt too wide) in paragraph at lines 164--165
\OT1/cmr/bx/n/10 9pm
 []

! Missing number, treated as zero.
<to be read again> 
                   {
l.194 \day{
           }{ % Friday
? 

! LaTeX Error: Missing \begin{document}.

See the LaTeX manual or LaTeX Companion for explanation.
Type  H <return>  for immediate help.
 ...                                              
                                                  
l.196 \textbf{9am-10am}
                        \daysep Preparation cours de math \\[3pt]
? 
! Undefined control sequence.
l.196 \textbf{9am-10am} \daysep
                                Preparation cours de math \\[3pt]
? 
Missing character: There is no P in font nullfont!
Missing character: There is no r in font nullfont!
Missing character: There is no e in font nullfont!
Missing character: There is no p in font nullfont!
Missing character: There is no a in font nullfont!
Missing character: There is no r in font nullfont!
Missing character: There is no a in font nullfont!
Missing character: There is no t in font nullfont!
Missing character: There is no i in font nullfont!
Missing character: There is no o in font nullfont!
Missing character: There is no n in font nullfont!
Missing character: There is no c in font nullfont!
Missing character: There is no o in font nullfont!
Missing character: There is no u in font nullfont!
Missing character: There is no r in font nullfont!
Missing character: There is no s in font nullfont!
Missing character: There is no d in font nullfont!
Missing character: There is no e in font nullfont!
Missing character: There is no m in font nullfont!
Missing character: There is no a in font nullfont!
Missing character: There is no t in font nullfont!
Missing character: There is no h in font nullfont!

Overfull \hbox (44.75679pt too wide) in paragraph at lines 196--197
[]\OT1/cmr/bx/n/10 9am-
 []


Overfull \hbox (26.67345pt too wide) in paragraph at lines 196--197
\OT1/cmr/bx/n/10 10am
 []


! LaTeX Error: Missing \begin{document}.

See the LaTeX manual or LaTeX Companion for explanation.
Type  H <return>  for immediate help.
 ...                                              
                                                  
l.198 \textbf{10am-12am}
                         \daysep Preparation presentation finance \\[3pt]
? 
! Undefined control sequence.
l.198 \textbf{10am-12am} \daysep
                                 Preparation presentation finance \\[3pt]
? 
Missing character: There is no P in font nullfont!
Missing character: There is no r in font nullfont!
Missing character: There is no e in font nullfont!
Missing character: There is no p in font nullfont!
Missing character: There is no a in font nullfont!
Missing character: There is no r in font nullfont!
Missing character: There is no a in font nullfont!
Missing character: There is no t in font nullfont!
Missing character: There is no i in font nullfont!
Missing character: There is no o in font nullfont!
Missing character: There is no n in font nullfont!
Missing character: There is no p in font nullfont!
Missing character: There is no r in font nullfont!
Missing character: There is no e in font nullfont!
Missing character: There is no s in font nullfont!
Missing character: There is no e in font nullfont!
Missing character: There is no n in font nullfont!
Missing character: There is no t in font nullfont!
Missing character: There is no a in font nullfont!
Missing character: There is no t in font nullfont!
Missing character: There is no i in font nullfont!
Missing character: There is no o in font nullfont!
Missing character: There is no n in font nullfont!
Missing character: There is no f in font nullfont!
Missing character: There is no i in font nullfont!
Missing character: There is no n in font nullfont!
Missing character: There is no a in font nullfont!
Missing character: There is no n in font nullfont!
Missing character: There is no c in font nullfont!
Missing character: There is no e in font nullfont!

Overfull \hbox (50.50676pt too wide) in paragraph at lines 198--199
[]\OT1/cmr/bx/n/10 10am-
 []


Overfull \hbox (26.67345pt too wide) in paragraph at lines 198--199
\OT1/cmr/bx/n/10 12am
 []


! LaTeX Error: Missing \begin{document}.

See the LaTeX manual or LaTeX Companion for explanation.
Type  H <return>  for immediate help.
 ...                                              
                                                  
l.200 \textbf{12am-2pm}
                        \daysep Badminton \\[3pt]
? 
! Undefined control sequence.
l.200 \textbf{12am-2pm} \daysep
                                Badminton \\[3pt]
? 
Missing character: There is no B in font nullfont!
Missing character: There is no a in font nullfont!
Missing character: There is no d in font nullfont!
Missing character: There is no m in font nullfont!
Missing character: There is no i in font nullfont!
Missing character: There is no n in font nullfont!
Missing character: There is no t in font nullfont!
Missing character: There is no o in font nullfont!
Missing character: There is no n in font nullfont!

Overfull \hbox (50.50676pt too wide) in paragraph at lines 200--201
[]\OT1/cmr/bx/n/10 12am-
 []


Overfull \hbox (21.7221pt too wide) in paragraph at lines 200--201
\OT1/cmr/bx/n/10 2pm
 []


! LaTeX Error: Missing \begin{document}.

See the LaTeX manual or LaTeX Companion for explanation.
Type  H <return>  for immediate help.
 ...                                              
                                                  
l.202 \textbf{9pm-11pm}
                        \daysep Drinks \\[3pt]
? 
! Undefined control sequence.
l.202 \textbf{9pm-11pm} \daysep
                                Drinks \\[3pt]
? 
Missing character: There is no D in font nullfont!
Missing character: There is no r in font nullfont!
Missing character: There is no i in font nullfont!
Missing character: There is no n in font nullfont!
Missing character: There is no k in font nullfont!
Missing character: There is no s in font nullfont!

Overfull \hbox (45.55542pt too wide) in paragraph at lines 202--203
[]\OT1/cmr/bx/n/10 9pm-
 []


Overfull \hbox (27.47208pt too wide) in paragraph at lines 202--203
\OT1/cmr/bx/n/10 11pm
 []

! Missing number, treated as zero.
<to be read again> 
                   {
l.230 \day{
           }{ % Saturday
? 

! LaTeX Error: Missing \begin{document}.

See the LaTeX manual or LaTeX Companion for explanation.
Type  H <return>  for immediate help.
 ...                                              
                                                  
l.232 \textbf{9am-10am}
                        \daysep Preparation cours de math \\[3pt]
? 
! Undefined control sequence.
l.232 \textbf{9am-10am} \daysep
                                Preparation cours de math \\[3pt]
? 
Missing character: There is no P in font nullfont!
Missing character: There is no r in font nullfont!
Missing character: There is no e in font nullfont!
Missing character: There is no p in font nullfont!
Missing character: There is no a in font nullfont!
Missing character: There is no r in font nullfont!
Missing character: There is no a in font nullfont!
Missing character: There is no t in font nullfont!
Missing character: There is no i in font nullfont!
Missing character: There is no o in font nullfont!
Missing character: There is no n in font nullfont!
Missing character: There is no c in font nullfont!
Missing character: There is no o in font nullfont!
Missing character: There is no u in font nullfont!
Missing character: There is no r in font nullfont!
Missing character: There is no s in font nullfont!
Missing character: There is no d in font nullfont!
Missing character: There is no e in font nullfont!
Missing character: There is no m in font nullfont!
Missing character: There is no a in font nullfont!
Missing character: There is no t in font nullfont!
Missing character: There is no h in font nullfont!

Overfull \hbox (44.75679pt too wide) in paragraph at lines 232--233
[]\OT1/cmr/bx/n/10 9am-
 []


Overfull \hbox (26.67345pt too wide) in paragraph at lines 232--233
\OT1/cmr/bx/n/10 10am
 []


! LaTeX Error: Missing \begin{document}.

See the LaTeX manual or LaTeX Companion for explanation.
Type  H <return>  for immediate help.
 ...                                              
                                                  
l.234 \textbf{10am-12am}
                         \daysep Courses \\[3pt]
? 
! Undefined control sequence.
l.234 \textbf{10am-12am} \daysep
                                 Courses \\[3pt]
? 
Missing character: There is no C in font nullfont!
Missing character: There is no o in font nullfont!
Missing character: There is no u in font nullfont!
Missing character: There is no r in font nullfont!
Missing character: There is no s in font nullfont!
Missing character: There is no e in font nullfont!
Missing character: There is no s in font nullfont!

Overfull \hbox (50.50676pt too wide) in paragraph at lines 234--235
[]\OT1/cmr/bx/n/10 10am-
 []


Overfull \hbox (26.67345pt too wide) in paragraph at lines 234--235
\OT1/cmr/bx/n/10 12am
 []


! LaTeX Error: Missing \begin{document}.

See the LaTeX manual or LaTeX Companion for explanation.
Type  H <return>  for immediate help.
 ...                                              
                                                  
l.236 \textbf{2pm-4pm}
                       \daysep Menage \\[3pt]
? 
! Undefined control sequence.
l.236 \textbf{2pm-4pm} \daysep
                               Menage \\[3pt]
? 
Missing character: There is no M in font nullfont!
Missing character: There is no e in font nullfont!
Missing character: There is no n in font nullfont!
Missing character: There is no a in font nullfont!
Missing character: There is no g in font nullfont!
Missing character: There is no e in font nullfont!

Overfull \hbox (45.55542pt too wide) in paragraph at lines 236--237
[]\OT1/cmr/bx/n/10 2pm-
 []


Overfull \hbox (21.7221pt too wide) in paragraph at lines 236--237
\OT1/cmr/bx/n/10 4pm
 []


! LaTeX Error: Missing \begin{document}.

See the LaTeX manual or LaTeX Companion for explanation.
Type  H <return>  for immediate help.
 ...                                              
                                                  
l.238 \textbf{4pm-9pm}
                       \daysep Get back energy \\[3pt]
? 
! Undefined control sequence.
l.238 \textbf{4pm-9pm} \daysep
                               Get back energy \\[3pt]
? 
Missing character: There is no G in font nullfont!
Missing character: There is no e in font nullfont!
Missing character: There is no t in font nullfont!
Missing character: There is no b in font nullfont!
Missing character: There is no a in font nullfont!
Missing character: There is no c in font nullfont!
Missing character: There is no k in font nullfont!
Missing character: There is no e in font nullfont!
Missing character: There is no n in font nullfont!
Missing character: There is no e in font nullfont!
Missing character: There is no r in font nullfont!
Missing character: There is no g in font nullfont!
Missing character: There is no y in font nullfont!

Overfull \hbox (45.55542pt too wide) in paragraph at lines 238--239
[]\OT1/cmr/bx/n/10 4pm-
 []


Overfull \hbox (21.7221pt too wide) in paragraph at lines 238--239
\OT1/cmr/bx/n/10 9pm
 []


! LaTeX Error: Missing \begin{document}.

See the LaTeX manual or LaTeX Companion for explanation.
Type  H <return>  for immediate help.
 ...                                              
                                                  
l.240 \textbf{9pm-11pm}
                        \daysep Go dancing \\[3pt]
? 
! Undefined control sequence.
l.240 \textbf{9pm-11pm} \daysep
                                Go dancing \\[3pt]
? 
Missing character: There is no G in font nullfont!
Missing character: There is no o in font nullfont!
Missing character: There is no d in font nullfont!
Missing character: There is no a in font nullfont!
Missing character: There is no n in font nullfont!
Missing character: There is no c in font nullfont!
Missing character: There is no i in font nullfont!
Missing character: There is no n in font nullfont!
Missing character: There is no g in font nullfont!

Overfull \hbox (45.55542pt too wide) in paragraph at lines 240--241
[]\OT1/cmr/bx/n/10 9pm-
 []


Overfull \hbox (27.47208pt too wide) in paragraph at lines 240--241
\OT1/cmr/bx/n/10 11pm
 []


! LaTeX Error: Missing \begin{document}.

See the LaTeX manual or LaTeX Companion for explanation.
Type  H <return>  for immediate help.
 ...                                              
                                                  
l.242 \textbf{9pm-11pm}
                        \daysep Go sailing \\[3pt]
? 
! Undefined control sequence.
l.242 \textbf{9pm-11pm} \daysep
                                Go sailing \\[3pt]
? 
Missing character: There is no G in font nullfont!
Missing character: There is no o in font nullfont!
Missing character: There is no s in font nullfont!
Missing character: There is no a in font nullfont!
Missing character: There is no i in font nullfont!
Missing character: There is no l in font nullfont!
Missing character: There is no i in font nullfont!
Missing character: There is no n in font nullfont!
Missing character: There is no g in font nullfont!

Overfull \hbox (45.55542pt too wide) in paragraph at lines 242--243
[]\OT1/cmr/bx/n/10 9pm-
 []


Overfull \hbox (27.47208pt too wide) in paragraph at lines 242--243
\OT1/cmr/bx/n/10 11pm
 []

! Undefined control sequence.
l.250 \finishCalendar
                     
? 

! LaTeX Error: \begin{document} ended by \end{calendar}.

See the LaTeX manual or LaTeX Companion for explanation.
Type  H <return>  for immediate help.
 ...                                              
                                                  
l.252 \end{calendar}
                    
? 
)
*
(Please type a command or say `\end')
*
(Please type a command or say `\end')
*
(Please type a command or say `\end')
*
(Please type a command or say `\end')
*
(Please type a command or say `\end')
*
(Please type a command or say `\end')
*
(Please type a command or say `\end')
*
(Please type a command or say `\end')
*
(Please type a command or say `\end')
*
(Please type a command or say `\end')
*
(Please type a command or say `\end')
*
(Please type a command or say `\end')
*
(Please type a command or say `\end')
*
(Please type a command or say `\end')
*
(Please type a command or say `\end')
*
(Please type a command or say `\end')
*
(Please type a command or say `\end')
*
(Please type a command or say `\end')
*
(Please type a command or say `\end')
*
(Please type a command or say `\end')
*
(Please type a command or say `\end')
*
(Please type a command or say `\end')
*
(Please type a command or say `\end')
*
(Please type a command or say `\end')
*
(Please type a command or say `\end')
*
(Please type a command or say `\end')
*
(Please type a command or say `\end')
*
(Please type a command or say `\end')
*
(Please type a command or say `\end')
*
(Please type a command or say `\end')
*
(Please type a command or say `\end')
*
(Please type a command or say `\end')
*
(Please type a command or say `\end')
*
(Please type a command or say `\end')
*
(Please type a command or say `\end')
*
(Please type a command or say `\end')
*
(Please type a command or say `\end')
*
(Please type a command or say `\end')
*
(Please type a command or say `\end')
*
(Please type a command or say `\end')
*
(Please type a command or say `\end')
*
(Please type a command or say `\end')
*
(Please type a command or say `\end')
*
(Please type a command or say `\end')
*
(Please type a command or say `\end')
*
(Please type a command or say `\end')
*
(Please type a command or say `\end')
*
(Please type a command or say `\end')
*
(Please type a command or say `\end')
*
(Please type a command or say `\end')
*
(Please type a command or say `\end')
*
(Please type a command or say `\end')
*
(Please type a command or say `\end')
*
(Please type a command or say `\end')
*
(Please type a command or say `\end')
*
(Please type a command or say `\end')
*
(Please type a command or say `\end')
*
(Please type a command or say `\end')
*
(Please type a command or say `\end')
*
(Please type a command or say `\end')
*
(Please type a command or say `\end')
*
(Please type a command or say `\end')
*
(Please type a command or say `\end')
*
(Please type a command or say `\end')
*
(Please type a command or say `\end')
*
! Interruption.
<*> 
    
? 
! Emergency stop.
<*> 
    
End of file on the terminal!

 
Here is how much of TeX's memory you used:
 11 strings out of 495021
 331 string characters out of 6181344
 49963 words of memory out of 5000000
 3323 multiletter control sequences out of 15000+600000
 3948 words of font info for 15 fonts, out of 8000000 for 9000
 14 hyphenation exceptions out of 8191
 13i,1n,10p,216b,80s stack positions out of 5000i,500n,10000p,200000b,80000s
!  ==> Fatal error occurred, no output PDF file produced!
